{"timestamp":"2025-06-21T09:41:43.424687","level":"info","event":"DAG bundles loaded: dags-folder, example_dags","logger":"airflow.dag_processing.bundles.manager.DagBundlesManager"}
{"timestamp":"2025-06-21T09:41:43.425535","level":"info","event":"Filling up the DagBag from /opt/airflow/dags/etl_pipeline.py","logger":"airflow.models.dagbag.DagBag"}
{"timestamp":"2025-06-21T09:41:44.240293Z","level":"info","event":"Task instance is in running state","chan":"stdout","logger":"task"}
{"timestamp":"2025-06-21T09:41:44.241322Z","level":"info","event":" Previous state of the Task instance: queued","chan":"stdout","logger":"task"}
{"timestamp":"2025-06-21T09:41:44.241998Z","level":"info","event":"Current task name:dim_customer_group.producer_kafka","chan":"stdout","logger":"task"}
{"timestamp":"2025-06-21T09:41:44.242526Z","level":"info","event":"Dag name:etl_pipeline","chan":"stdout","logger":"task"}
{"timestamp":"2025-06-21T09:41:44.397551Z","level":"error","event":"WARNING: Using incubator modules: jdk.incubator.vector","chan":"stderr","logger":"task"}
{"timestamp":"2025-06-21T09:41:46.258519Z","level":"error","event":":: loading settings :: url = jar:file:/home/airflow/.local/lib/python3.12/site-packages/pyspark/jars/ivy-2.5.3.jar!/org/apache/ivy/core/settings/ivysettings.xml","chan":"stderr","logger":"task"}
{"timestamp":"2025-06-21T09:41:46.383367Z","level":"error","event":"Ivy Default Cache set to: /home/airflow/.ivy2.5.2/cache","chan":"stderr","logger":"task"}
{"timestamp":"2025-06-21T09:41:46.384348Z","level":"error","event":"The jars for the packages stored in: /home/airflow/.ivy2.5.2/jars","chan":"stderr","logger":"task"}
{"timestamp":"2025-06-21T09:41:46.391544Z","level":"error","event":"org.postgresql#postgresql added as a dependency","chan":"stderr","logger":"task"}
{"timestamp":"2025-06-21T09:41:46.392575Z","level":"error","event":"org.apache.spark#spark-sql-kafka-0-10_2.12 added as a dependency","chan":"stderr","logger":"task"}
{"timestamp":"2025-06-21T09:41:46.393704Z","level":"error","event":":: resolving dependencies :: org.apache.spark#spark-submit-parent-e22a2fed-8583-487a-92b5-f3535556e159;1.0","chan":"stderr","logger":"task"}
{"timestamp":"2025-06-21T09:41:46.394228Z","level":"error","event":"\tconfs: [default]","chan":"stderr","logger":"task"}
{"timestamp":"2025-06-21T09:41:46.638791Z","level":"error","event":"\tfound org.postgresql#postgresql;42.7.1 in central","chan":"stderr","logger":"task"}
{"timestamp":"2025-06-21T09:41:46.687546Z","level":"error","event":"\tfound org.checkerframework#checker-qual;3.41.0 in central","chan":"stderr","logger":"task"}
{"timestamp":"2025-06-21T09:41:46.848161Z","level":"error","event":"\tfound org.apache.spark#spark-sql-kafka-0-10_2.12;3.3.0 in central","chan":"stderr","logger":"task"}
{"timestamp":"2025-06-21T09:41:46.930691Z","level":"error","event":"\tfound org.apache.spark#spark-token-provider-kafka-0-10_2.12;3.3.0 in central","chan":"stderr","logger":"task"}
{"timestamp":"2025-06-21T09:41:46.983598Z","level":"error","event":"\tfound org.apache.kafka#kafka-clients;2.8.1 in central","chan":"stderr","logger":"task"}
{"timestamp":"2025-06-21T09:41:47.027358Z","level":"error","event":"\tfound org.lz4#lz4-java;1.8.0 in central","chan":"stderr","logger":"task"}
{"timestamp":"2025-06-21T09:41:47.079866Z","level":"error","event":"\tfound org.xerial.snappy#snappy-java;1.1.8.4 in central","chan":"stderr","logger":"task"}
{"timestamp":"2025-06-21T09:41:47.104032Z","level":"error","event":"\tfound org.slf4j#slf4j-api;1.7.32 in central","chan":"stderr","logger":"task"}
{"timestamp":"2025-06-21T09:41:47.190329Z","level":"error","event":"\tfound org.apache.hadoop#hadoop-client-runtime;3.3.2 in central","chan":"stderr","logger":"task"}
{"timestamp":"2025-06-21T09:41:47.284723Z","level":"error","event":"\tfound org.spark-project.spark#unused;1.0.0 in central","chan":"stderr","logger":"task"}
{"timestamp":"2025-06-21T09:41:47.391403Z","level":"error","event":"\tfound org.apache.hadoop#hadoop-client-api;3.3.2 in central","chan":"stderr","logger":"task"}
{"timestamp":"2025-06-21T09:41:47.463051Z","level":"error","event":"\tfound commons-logging#commons-logging;1.1.3 in central","chan":"stderr","logger":"task"}
{"timestamp":"2025-06-21T09:41:47.502682Z","level":"error","event":"\tfound com.google.code.findbugs#jsr305;3.0.0 in central","chan":"stderr","logger":"task"}
{"timestamp":"2025-06-21T09:41:47.549873Z","level":"error","event":"\tfound org.apache.commons#commons-pool2;2.11.1 in central","chan":"stderr","logger":"task"}
{"timestamp":"2025-06-21T09:41:47.651808Z","level":"error","event":":: resolution report :: resolve 1180ms :: artifacts dl 78ms","chan":"stderr","logger":"task"}
{"timestamp":"2025-06-21T09:41:47.652832Z","level":"error","event":"\t:: modules in use:","chan":"stderr","logger":"task"}
{"timestamp":"2025-06-21T09:41:47.653363Z","level":"error","event":"\tcom.google.code.findbugs#jsr305;3.0.0 from central in [default]","chan":"stderr","logger":"task"}
{"timestamp":"2025-06-21T09:41:47.653794Z","level":"error","event":"\tcommons-logging#commons-logging;1.1.3 from central in [default]","chan":"stderr","logger":"task"}
{"timestamp":"2025-06-21T09:41:47.654282Z","level":"error","event":"\torg.apache.commons#commons-pool2;2.11.1 from central in [default]","chan":"stderr","logger":"task"}
{"timestamp":"2025-06-21T09:41:47.654586Z","level":"error","event":"\torg.apache.hadoop#hadoop-client-api;3.3.2 from central in [default]","chan":"stderr","logger":"task"}
{"timestamp":"2025-06-21T09:41:47.654844Z","level":"error","event":"\torg.apache.hadoop#hadoop-client-runtime;3.3.2 from central in [default]","chan":"stderr","logger":"task"}
{"timestamp":"2025-06-21T09:41:47.655107Z","level":"error","event":"\torg.apache.kafka#kafka-clients;2.8.1 from central in [default]","chan":"stderr","logger":"task"}
{"timestamp":"2025-06-21T09:41:47.655355Z","level":"error","event":"\torg.apache.spark#spark-sql-kafka-0-10_2.12;3.3.0 from central in [default]","chan":"stderr","logger":"task"}
{"timestamp":"2025-06-21T09:41:47.655616Z","level":"error","event":"\torg.apache.spark#spark-token-provider-kafka-0-10_2.12;3.3.0 from central in [default]","chan":"stderr","logger":"task"}
{"timestamp":"2025-06-21T09:41:47.655869Z","level":"error","event":"\torg.checkerframework#checker-qual;3.41.0 from central in [default]","chan":"stderr","logger":"task"}
{"timestamp":"2025-06-21T09:41:47.657179Z","level":"error","event":"\torg.lz4#lz4-java;1.8.0 from central in [default]","chan":"stderr","logger":"task"}
{"timestamp":"2025-06-21T09:41:47.657617Z","level":"error","event":"\torg.postgresql#postgresql;42.7.1 from central in [default]","chan":"stderr","logger":"task"}
{"timestamp":"2025-06-21T09:41:47.657928Z","level":"error","event":"\torg.slf4j#slf4j-api;1.7.32 from central in [default]","chan":"stderr","logger":"task"}
{"timestamp":"2025-06-21T09:41:47.658525Z","level":"error","event":"\torg.spark-project.spark#unused;1.0.0 from central in [default]","chan":"stderr","logger":"task"}
{"timestamp":"2025-06-21T09:41:47.660849Z","level":"error","event":"\torg.xerial.snappy#snappy-java;1.1.8.4 from central in [default]","chan":"stderr","logger":"task"}
{"timestamp":"2025-06-21T09:41:47.664212Z","level":"error","event":"\t---------------------------------------------------------------------","chan":"stderr","logger":"task"}
{"timestamp":"2025-06-21T09:41:47.664898Z","level":"error","event":"\t|                  |            modules            ||   artifacts   |","chan":"stderr","logger":"task"}
{"timestamp":"2025-06-21T09:41:47.665402Z","level":"error","event":"\t|       conf       | number| search|dwnlded|evicted|| number|dwnlded|","chan":"stderr","logger":"task"}
{"timestamp":"2025-06-21T09:41:47.665788Z","level":"error","event":"\t---------------------------------------------------------------------","chan":"stderr","logger":"task"}
{"timestamp":"2025-06-21T09:41:47.666087Z","level":"error","event":"\t|      default     |   14  |   0   |   0   |   0   ||   14  |   0   |","chan":"stderr","logger":"task"}
{"timestamp":"2025-06-21T09:41:47.666340Z","level":"error","event":"\t---------------------------------------------------------------------","chan":"stderr","logger":"task"}
{"timestamp":"2025-06-21T09:41:47.666777Z","level":"error","event":":: retrieving :: org.apache.spark#spark-submit-parent-e22a2fed-8583-487a-92b5-f3535556e159","chan":"stderr","logger":"task"}
{"timestamp":"2025-06-21T09:41:47.667096Z","level":"error","event":"\tconfs: [default]","chan":"stderr","logger":"task"}
{"timestamp":"2025-06-21T09:41:47.683237Z","level":"error","event":"\t0 artifacts copied, 14 already retrieved (0kB/16ms)","chan":"stderr","logger":"task"}
{"timestamp":"2025-06-21T09:41:48.193874Z","level":"error","event":"25/06/21 09:41:48 WARN NativeCodeLoader: Unable to load native-hadoop library for your platform... using builtin-java classes where applicable","chan":"stderr","logger":"task"}
{"timestamp":"2025-06-21T09:41:48.646988Z","level":"error","event":"Using Spark's default log4j profile: org/apache/spark/log4j2-defaults.properties","chan":"stderr","logger":"task"}
{"timestamp":"2025-06-21T09:41:48.703004Z","level":"error","event":"Setting default log level to \"WARN\".","chan":"stderr","logger":"task"}
{"timestamp":"2025-06-21T09:41:48.704507Z","level":"error","event":"To adjust logging level use sc.setLogLevel(newLevel). For SparkR, use setLogLevel(newLevel).","chan":"stderr","logger":"task"}
{"timestamp":"2025-06-21T09:41:51.720033Z","level":"error","event":"25/06/21 09:41:51 WARN Utils: Service 'SparkUI' could not bind on port 4050. Attempting port 4051.","chan":"stderr","logger":"task"}
{"timestamp":"2025-06-21T09:41:51.722398Z","level":"error","event":"25/06/21 09:41:51 WARN Utils: Service 'SparkUI' could not bind on port 4051. Attempting port 4052.","chan":"stderr","logger":"task"}
{"timestamp":"2025-06-21T09:42:01.200031","level":"info","event":"Thử lần 1/5 kiểm tra topic 'dim_customer'...","logger":"kafka.build_kafka"}
{"timestamp":"2025-06-21T09:42:06.202815","level":"warning","event":"⚠Lỗi khi kiểm tra/tạo topic 'dim_customer': KafkaError{code=_TRANSPORT,val=-195,str=\"Failed to get metadata: Local: Broker transport failure\"}","logger":"kafka.build_kafka"}
{"timestamp":"2025-06-21T09:42:06.202993","level":"info","event":"Đợi 3 giây rồi thử lại...","logger":"kafka.build_kafka"}
{"timestamp":"2025-06-21T09:42:09.203985","level":"info","event":"Thử lần 2/5 kiểm tra topic 'dim_customer'...","logger":"kafka.build_kafka"}
{"timestamp":"2025-06-21T09:42:09.213566Z","level":"error","event":"%3|1750498929.213|FAIL|rdkafka#producer-1| [thrd:kafka:9092/bootstrap]: kafka:9092/bootstrap: Failed to resolve 'kafka:9092': Temporary failure in name resolution (after 8006ms in state CONNECT)","chan":"stderr","logger":"task"}
{"timestamp":"2025-06-21T09:42:09.214506Z","level":"error","event":"%3|1750498929.213|FAIL|rdkafka#producer-2| [thrd:kafka:9092/bootstrap]: kafka:9092/bootstrap: Failed to resolve 'kafka:9092': Temporary failure in name resolution (after 8004ms in state CONNECT)","chan":"stderr","logger":"task"}
{"timestamp":"2025-06-21T09:42:14.204913","level":"warning","event":"⚠Lỗi khi kiểm tra/tạo topic 'dim_customer': KafkaError{code=_TRANSPORT,val=-195,str=\"Failed to get metadata: Local: Broker transport failure\"}","logger":"kafka.build_kafka"}
{"timestamp":"2025-06-21T09:42:14.205205","level":"info","event":"Đợi 3 giây rồi thử lại...","logger":"kafka.build_kafka"}
{"timestamp":"2025-06-21T09:42:17.205630","level":"info","event":"Thử lần 3/5 kiểm tra topic 'dim_customer'...","logger":"kafka.build_kafka"}
{"timestamp":"2025-06-21T09:42:18.259299Z","level":"error","event":"%3|1750498938.259|FAIL|rdkafka#producer-2| [thrd:kafka:9092/bootstrap]: kafka:9092/bootstrap: Failed to resolve 'kafka:9092': Temporary failure in name resolution (after 8004ms in state CONNECT, 1 identical error(s) suppressed)","chan":"stderr","logger":"task"}
{"timestamp":"2025-06-21T09:42:18.268085Z","level":"error","event":"%3|1750498938.267|FAIL|rdkafka#producer-1| [thrd:kafka:9092/bootstrap]: kafka:9092/bootstrap: Failed to resolve 'kafka:9092': Temporary failure in name resolution (after 8002ms in state CONNECT, 1 identical error(s) suppressed)","chan":"stderr","logger":"task"}
{"timestamp":"2025-06-21T09:42:22.207585","level":"warning","event":"⚠Lỗi khi kiểm tra/tạo topic 'dim_customer': KafkaError{code=_TRANSPORT,val=-195,str=\"Failed to get metadata: Local: Broker transport failure\"}","logger":"kafka.build_kafka"}
{"timestamp":"2025-06-21T09:42:22.207764","level":"info","event":"Đợi 3 giây rồi thử lại...","logger":"kafka.build_kafka"}
{"timestamp":"2025-06-21T09:42:25.208211","level":"info","event":"Thử lần 4/5 kiểm tra topic 'dim_customer'...","logger":"kafka.build_kafka"}
{"timestamp":"2025-06-21T09:42:28.627400","level":"warning","event":"⚠Lỗi khi kiểm tra/tạo topic 'dim_customer': KafkaError{code=_TRANSPORT,val=-195,str=\"Failed to get metadata: Local: Broker transport failure\"}","logger":"kafka.build_kafka"}
{"timestamp":"2025-06-21T09:42:28.627583","level":"info","event":"Đợi 3 giây rồi thử lại...","logger":"kafka.build_kafka"}
{"timestamp":"2025-06-21T09:42:31.628126","level":"info","event":"Thử lần 5/5 kiểm tra topic 'dim_customer'...","logger":"kafka.build_kafka"}
{"timestamp":"2025-06-21T09:42:36.629044","level":"warning","event":"⚠Lỗi khi kiểm tra/tạo topic 'dim_customer': KafkaError{code=_TRANSPORT,val=-195,str=\"Failed to get metadata: Local: Broker transport failure\"}","logger":"kafka.build_kafka"}
{"timestamp":"2025-06-21T09:42:36.629363","level":"error","event":"Thử 5 lần nhưng vẫn lỗi khi kiểm tra/tạo topic 'dim_customer'.","logger":"kafka.build_kafka"}
{"timestamp":"2025-06-21T09:42:36.629657","level":"error","event":"Task failed with exception","logger":"task","error_detail":[{"exc_type":"KafkaException","exc_value":"KafkaError{code=_TRANSPORT,val=-195,str=\"Failed to get metadata: Local: Broker transport failure\"}","exc_notes":[],"syntax_error":null,"is_cause":false,"frames":[{"filename":"/home/airflow/.local/lib/python3.12/site-packages/airflow/sdk/execution_time/task_runner.py","lineno":825,"name":"run"},{"filename":"/home/airflow/.local/lib/python3.12/site-packages/airflow/sdk/execution_time/task_runner.py","lineno":1088,"name":"_execute_task"},{"filename":"/home/airflow/.local/lib/python3.12/site-packages/airflow/sdk/bases/operator.py","lineno":408,"name":"wrapper"},{"filename":"/home/airflow/.local/lib/python3.12/site-packages/airflow/providers/standard/operators/python.py","lineno":212,"name":"execute"},{"filename":"/home/airflow/.local/lib/python3.12/site-packages/airflow/providers/standard/operators/python.py","lineno":235,"name":"execute_callable"},{"filename":"/home/airflow/.local/lib/python3.12/site-packages/airflow/sdk/execution_time/callback_runner.py","lineno":81,"name":"run"},{"filename":"/opt/airflow/dags/etl_dim_customer.py","lineno":67,"name":"producer_customer_kafka"},{"filename":"/opt/airflow/dags/kafka/build_kafka.py","lineno":98,"name":"ensure_topic_exists"},{"filename":"/opt/airflow/dags/kafka/build_kafka.py","lineno":76,"name":"ensure_topic_exists"},{"filename":"/home/airflow/.local/lib/python3.12/site-packages/confluent_kafka/admin/__init__.py","lineno":639,"name":"list_topics"}]}]}
{"timestamp":"2025-06-21T09:42:36.773130Z","level":"info","event":"Task instance in failure state","chan":"stdout","logger":"task"}
{"timestamp":"2025-06-21T09:42:36.773743Z","level":"info","event":"Task start","chan":"stdout","logger":"task"}
{"timestamp":"2025-06-21T09:42:36.774244Z","level":"info","event":"Task:<Task(PythonOperator): dim_customer_group.producer_kafka>","chan":"stdout","logger":"task"}
{"timestamp":"2025-06-21T09:42:36.775900Z","level":"info","event":"Failure caused by KafkaError{code=_TRANSPORT,val=-195,str=\"Failed to get metadata: Local: Broker transport failure\"}","chan":"stdout","logger":"task"}
{"timestamp":"2025-06-21T11:17:09.965449","level":"info","event":"DAG bundles loaded: dags-folder, example_dags","logger":"airflow.dag_processing.bundles.manager.DagBundlesManager"}
{"timestamp":"2025-06-21T11:17:09.967058","level":"info","event":"Filling up the DagBag from /opt/airflow/dags/etl_pipeline.py","logger":"airflow.models.dagbag.DagBag"}
{"timestamp":"2025-06-21T11:17:10.969451Z","level":"info","event":"Task instance is in running state","chan":"stdout","logger":"task"}
{"timestamp":"2025-06-21T11:17:10.970057Z","level":"info","event":" Previous state of the Task instance: queued","chan":"stdout","logger":"task"}
{"timestamp":"2025-06-21T11:17:10.970451Z","level":"info","event":"Current task name:dim_customer_group.producer_kafka","chan":"stdout","logger":"task"}
{"timestamp":"2025-06-21T11:17:10.970739Z","level":"info","event":"Dag name:etl_pipeline","chan":"stdout","logger":"task"}
{"timestamp":"2025-06-21T11:17:11.458387Z","level":"error","event":"WARNING: Using incubator modules: jdk.incubator.vector","chan":"stderr","logger":"task"}
{"timestamp":"2025-06-21T11:17:14.504657Z","level":"error","event":":: loading settings :: url = jar:file:/home/airflow/.local/lib/python3.12/site-packages/pyspark/jars/ivy-2.5.3.jar!/org/apache/ivy/core/settings/ivysettings.xml","chan":"stderr","logger":"task"}
{"timestamp":"2025-06-21T11:17:14.619596Z","level":"error","event":"Ivy Default Cache set to: /home/airflow/.ivy2.5.2/cache","chan":"stderr","logger":"task"}
{"timestamp":"2025-06-21T11:17:14.621920Z","level":"error","event":"The jars for the packages stored in: /home/airflow/.ivy2.5.2/jars","chan":"stderr","logger":"task"}
{"timestamp":"2025-06-21T11:17:14.628648Z","level":"error","event":"org.postgresql#postgresql added as a dependency","chan":"stderr","logger":"task"}
{"timestamp":"2025-06-21T11:17:14.629716Z","level":"error","event":"org.apache.spark#spark-sql-kafka-0-10_2.12 added as a dependency","chan":"stderr","logger":"task"}
{"timestamp":"2025-06-21T11:17:14.631185Z","level":"error","event":":: resolving dependencies :: org.apache.spark#spark-submit-parent-b1b6d3fb-5a27-4053-805b-7b2ef24dcc74;1.0","chan":"stderr","logger":"task"}
{"timestamp":"2025-06-21T11:17:14.631827Z","level":"error","event":"\tconfs: [default]","chan":"stderr","logger":"task"}
{"timestamp":"2025-06-21T11:17:14.819619Z","level":"error","event":"\tfound org.postgresql#postgresql;42.7.1 in central","chan":"stderr","logger":"task"}
{"timestamp":"2025-06-21T11:17:14.873719Z","level":"error","event":"\tfound org.checkerframework#checker-qual;3.41.0 in central","chan":"stderr","logger":"task"}
{"timestamp":"2025-06-21T11:17:14.985051Z","level":"error","event":"\tfound org.apache.spark#spark-sql-kafka-0-10_2.12;3.3.0 in spark-list","chan":"stderr","logger":"task"}
{"timestamp":"2025-06-21T11:17:15.016559Z","level":"error","event":"Server indicated the task shouldn't be running anymore. Terminating process","detail":{"detail":{"reason":"not_running","message":"TI is no longer in the running state and task should terminate","current_state":"failed"}},"logger":"task"}
{"timestamp":"2025-06-21T11:17:15.079485Z","level":"error","event":"Task killed!","logger":"task"}
{"timestamp":"2025-06-21T11:17:15.129196Z","level":"error","event":"\tfound org.apache.spark#spark-token-provider-kafka-0-10_2.12;3.3.0 in central","chan":"stderr","logger":"task"}
{"timestamp":"2025-06-21T11:17:15.174556Z","level":"error","event":"\tfound org.apache.kafka#kafka-clients;2.8.1 in central","chan":"stderr","logger":"task"}
{"timestamp":"2025-06-21T11:17:15.235466Z","level":"error","event":"\tfound org.lz4#lz4-java;1.8.0 in central","chan":"stderr","logger":"task"}
{"timestamp":"2025-06-21T11:17:15.315692Z","level":"error","event":"\tfound org.xerial.snappy#snappy-java;1.1.8.4 in central","chan":"stderr","logger":"task"}
{"timestamp":"2025-06-21T11:17:15.497457Z","level":"error","event":"\tfound org.slf4j#slf4j-api;1.7.32 in central","chan":"stderr","logger":"task"}
{"timestamp":"2025-06-21T11:17:15.627646Z","level":"error","event":"\tfound org.apache.hadoop#hadoop-client-runtime;3.3.2 in central","chan":"stderr","logger":"task"}
{"timestamp":"2025-06-21T11:17:15.737875Z","level":"error","event":"\tfound org.spark-project.spark#unused;1.0.0 in central","chan":"stderr","logger":"task"}
{"timestamp":"2025-06-21T11:17:15.810716Z","level":"error","event":"\tfound org.apache.hadoop#hadoop-client-api;3.3.2 in central","chan":"stderr","logger":"task"}
{"timestamp":"2025-06-21T11:17:15.923159Z","level":"error","event":"\tfound commons-logging#commons-logging;1.1.3 in central","chan":"stderr","logger":"task"}
{"timestamp":"2025-06-21T11:17:15.958794Z","level":"error","event":"\tfound com.google.code.findbugs#jsr305;3.0.0 in central","chan":"stderr","logger":"task"}
{"timestamp":"2025-06-21T11:17:16.022094Z","level":"error","event":"\tfound org.apache.commons#commons-pool2;2.11.1 in spark-list","chan":"stderr","logger":"task"}
{"timestamp":"2025-06-21T11:17:16.126269Z","level":"error","event":":: resolution report :: resolve 1437ms :: artifacts dl 58ms","chan":"stderr","logger":"task"}
{"timestamp":"2025-06-21T11:17:16.127566Z","level":"error","event":"\t:: modules in use:","chan":"stderr","logger":"task"}
{"timestamp":"2025-06-21T11:17:16.128694Z","level":"error","event":"\tcom.google.code.findbugs#jsr305;3.0.0 from central in [default]","chan":"stderr","logger":"task"}
{"timestamp":"2025-06-21T11:17:16.129346Z","level":"error","event":"\tcommons-logging#commons-logging;1.1.3 from central in [default]","chan":"stderr","logger":"task"}
{"timestamp":"2025-06-21T11:17:16.129892Z","level":"error","event":"\torg.apache.commons#commons-pool2;2.11.1 from spark-list in [default]","chan":"stderr","logger":"task"}
{"timestamp":"2025-06-21T11:17:16.130199Z","level":"error","event":"\torg.apache.hadoop#hadoop-client-api;3.3.2 from central in [default]","chan":"stderr","logger":"task"}
{"timestamp":"2025-06-21T11:17:16.130440Z","level":"error","event":"\torg.apache.hadoop#hadoop-client-runtime;3.3.2 from central in [default]","chan":"stderr","logger":"task"}
{"timestamp":"2025-06-21T11:17:16.130655Z","level":"error","event":"\torg.apache.kafka#kafka-clients;2.8.1 from central in [default]","chan":"stderr","logger":"task"}
{"timestamp":"2025-06-21T11:17:16.130892Z","level":"error","event":"\torg.apache.spark#spark-sql-kafka-0-10_2.12;3.3.0 from spark-list in [default]","chan":"stderr","logger":"task"}
{"timestamp":"2025-06-21T11:17:16.131125Z","level":"error","event":"\torg.apache.spark#spark-token-provider-kafka-0-10_2.12;3.3.0 from central in [default]","chan":"stderr","logger":"task"}
{"timestamp":"2025-06-21T11:17:16.131326Z","level":"error","event":"\torg.checkerframework#checker-qual;3.41.0 from central in [default]","chan":"stderr","logger":"task"}
{"timestamp":"2025-06-21T11:17:16.131559Z","level":"error","event":"\torg.lz4#lz4-java;1.8.0 from central in [default]","chan":"stderr","logger":"task"}
{"timestamp":"2025-06-21T11:17:16.131768Z","level":"error","event":"\torg.postgresql#postgresql;42.7.1 from central in [default]","chan":"stderr","logger":"task"}
{"timestamp":"2025-06-21T11:17:16.131977Z","level":"error","event":"\torg.slf4j#slf4j-api;1.7.32 from central in [default]","chan":"stderr","logger":"task"}
{"timestamp":"2025-06-21T11:17:16.132177Z","level":"error","event":"\torg.spark-project.spark#unused;1.0.0 from central in [default]","chan":"stderr","logger":"task"}
{"timestamp":"2025-06-21T11:17:16.132384Z","level":"error","event":"\torg.xerial.snappy#snappy-java;1.1.8.4 from central in [default]","chan":"stderr","logger":"task"}
{"timestamp":"2025-06-21T11:17:16.132689Z","level":"error","event":"\t---------------------------------------------------------------------","chan":"stderr","logger":"task"}
{"timestamp":"2025-06-21T11:17:16.133018Z","level":"error","event":"\t|                  |            modules            ||   artifacts   |","chan":"stderr","logger":"task"}
{"timestamp":"2025-06-21T11:17:16.133334Z","level":"error","event":"\t|       conf       | number| search|dwnlded|evicted|| number|dwnlded|","chan":"stderr","logger":"task"}
{"timestamp":"2025-06-21T11:17:16.133680Z","level":"error","event":"\t---------------------------------------------------------------------","chan":"stderr","logger":"task"}
{"timestamp":"2025-06-21T11:17:16.134166Z","level":"error","event":"\t|      default     |   14  |   0   |   0   |   0   ||   14  |   0   |","chan":"stderr","logger":"task"}
{"timestamp":"2025-06-21T11:17:16.134471Z","level":"error","event":"\t---------------------------------------------------------------------","chan":"stderr","logger":"task"}
{"timestamp":"2025-06-21T11:17:16.147674Z","level":"error","event":":: retrieving :: org.apache.spark#spark-submit-parent-b1b6d3fb-5a27-4053-805b-7b2ef24dcc74","chan":"stderr","logger":"task"}
{"timestamp":"2025-06-21T11:17:16.148535Z","level":"error","event":"\tconfs: [default]","chan":"stderr","logger":"task"}
{"timestamp":"2025-06-21T11:17:16.160570Z","level":"error","event":"\t0 artifacts copied, 14 already retrieved (0kB/12ms)","chan":"stderr","logger":"task"}
{"timestamp":"2025-06-21T11:17:16.789188Z","level":"error","event":"25/06/21 11:17:16 WARN NativeCodeLoader: Unable to load native-hadoop library for your platform... using builtin-java classes where applicable","chan":"stderr","logger":"task"}
{"timestamp":"2025-06-21T11:17:17.533548Z","level":"error","event":"Using Spark's default log4j profile: org/apache/spark/log4j2-defaults.properties","chan":"stderr","logger":"task"}
{"timestamp":"2025-06-21T11:17:17.534519Z","level":"error","event":"Setting default log level to \"WARN\".","chan":"stderr","logger":"task"}
{"timestamp":"2025-06-21T11:17:17.535238Z","level":"error","event":"To adjust logging level use sc.setLogLevel(newLevel). For SparkR, use setLogLevel(newLevel).","chan":"stderr","logger":"task"}
