{"timestamp":"2025-06-21T08:37:03.318663","level":"info","event":"DAG bundles loaded: dags-folder, example_dags","logger":"airflow.dag_processing.bundles.manager.DagBundlesManager"}
{"timestamp":"2025-06-21T08:37:03.319341","level":"info","event":"Filling up the DagBag from /opt/airflow/dags/etl_pipeline.py","logger":"airflow.models.dagbag.DagBag"}
{"timestamp":"2025-06-21T08:37:03.741111Z","level":"info","event":"Task instance is in running state","chan":"stdout","logger":"task"}
{"timestamp":"2025-06-21T08:37:03.741855Z","level":"info","event":" Previous state of the Task instance: queued","chan":"stdout","logger":"task"}
{"timestamp":"2025-06-21T08:37:03.742282Z","level":"info","event":"Current task name:install_spark_dependencies","chan":"stdout","logger":"task"}
{"timestamp":"2025-06-21T08:37:03.742647Z","level":"info","event":"Dag name:etl_pipeline","chan":"stdout","logger":"task"}
{"timestamp":"2025-06-21T08:37:04.197416Z","level":"error","event":"WARNING: Using incubator modules: jdk.incubator.vector","chan":"stderr","logger":"task"}
{"timestamp":"2025-06-21T08:37:05.706112Z","level":"error","event":":: loading settings :: url = jar:file:/home/airflow/.local/lib/python3.12/site-packages/pyspark/jars/ivy-2.5.3.jar!/org/apache/ivy/core/settings/ivysettings.xml","chan":"stderr","logger":"task"}
{"timestamp":"2025-06-21T08:37:05.789624Z","level":"error","event":"Ivy Default Cache set to: /home/airflow/.ivy2.5.2/cache","chan":"stderr","logger":"task"}
{"timestamp":"2025-06-21T08:37:05.790241Z","level":"error","event":"The jars for the packages stored in: /home/airflow/.ivy2.5.2/jars","chan":"stderr","logger":"task"}
{"timestamp":"2025-06-21T08:37:05.796722Z","level":"error","event":"org.postgresql#postgresql added as a dependency","chan":"stderr","logger":"task"}
{"timestamp":"2025-06-21T08:37:05.797409Z","level":"error","event":"org.apache.spark#spark-sql-kafka-0-10_2.12 added as a dependency","chan":"stderr","logger":"task"}
{"timestamp":"2025-06-21T08:37:05.798201Z","level":"error","event":":: resolving dependencies :: org.apache.spark#spark-submit-parent-6397f352-5e1a-4b4f-b608-4b1116361a0f;1.0","chan":"stderr","logger":"task"}
{"timestamp":"2025-06-21T08:37:05.798646Z","level":"error","event":"\tconfs: [default]","chan":"stderr","logger":"task"}
{"timestamp":"2025-06-21T08:37:06.021346Z","level":"error","event":"You probably access the destination server through a proxy server that is not well configured.","chan":"stderr","logger":"task"}
{"timestamp":"2025-06-21T08:37:06.022948Z","level":"error","event":"You probably access the destination server through a proxy server that is not well configured.","chan":"stderr","logger":"task"}
{"timestamp":"2025-06-21T08:37:06.041769Z","level":"error","event":"You probably access the destination server through a proxy server that is not well configured.","chan":"stderr","logger":"task"}
{"timestamp":"2025-06-21T08:37:06.043423Z","level":"error","event":"You probably access the destination server through a proxy server that is not well configured.","chan":"stderr","logger":"task"}
{"timestamp":"2025-06-21T08:37:06.048348Z","level":"error","event":"You probably access the destination server through a proxy server that is not well configured.","chan":"stderr","logger":"task"}
{"timestamp":"2025-06-21T08:37:06.049368Z","level":"error","event":"You probably access the destination server through a proxy server that is not well configured.","chan":"stderr","logger":"task"}
{"timestamp":"2025-06-21T08:37:06.050607Z","level":"error","event":"You probably access the destination server through a proxy server that is not well configured.","chan":"stderr","logger":"task"}
{"timestamp":"2025-06-21T08:37:06.051714Z","level":"error","event":"You probably access the destination server through a proxy server that is not well configured.","chan":"stderr","logger":"task"}
{"timestamp":"2025-06-21T08:37:06.067930Z","level":"error","event":":: resolution report :: resolve 269ms :: artifacts dl 0ms","chan":"stderr","logger":"task"}
{"timestamp":"2025-06-21T08:37:06.068708Z","level":"error","event":"\t:: modules in use:","chan":"stderr","logger":"task"}
{"timestamp":"2025-06-21T08:37:06.069184Z","level":"error","event":"\t---------------------------------------------------------------------","chan":"stderr","logger":"task"}
{"timestamp":"2025-06-21T08:37:06.069608Z","level":"error","event":"\t|                  |            modules            ||   artifacts   |","chan":"stderr","logger":"task"}
{"timestamp":"2025-06-21T08:37:06.069940Z","level":"error","event":"\t|       conf       | number| search|dwnlded|evicted|| number|dwnlded|","chan":"stderr","logger":"task"}
{"timestamp":"2025-06-21T08:37:06.070217Z","level":"error","event":"\t---------------------------------------------------------------------","chan":"stderr","logger":"task"}
{"timestamp":"2025-06-21T08:37:06.070539Z","level":"error","event":"\t|      default     |   2   |   0   |   0   |   0   ||   0   |   0   |","chan":"stderr","logger":"task"}
{"timestamp":"2025-06-21T08:37:06.070809Z","level":"error","event":"\t---------------------------------------------------------------------","chan":"stderr","logger":"task"}
{"timestamp":"2025-06-21T08:37:06.071378Z","level":"error","event":"","chan":"stderr","logger":"task"}
{"timestamp":"2025-06-21T08:37:06.071769Z","level":"error","event":":: problems summary ::","chan":"stderr","logger":"task"}
{"timestamp":"2025-06-21T08:37:06.072060Z","level":"error","event":":::: WARNINGS","chan":"stderr","logger":"task"}
{"timestamp":"2025-06-21T08:37:06.072268Z","level":"error","event":"\tHost repo1.maven.org not found. url=https://repo1.maven.org/maven2/org/postgresql/postgresql/42.7.1/postgresql-42.7.1.pom","chan":"stderr","logger":"task"}
{"timestamp":"2025-06-21T08:37:06.072459Z","level":"error","event":"","chan":"stderr","logger":"task"}
{"timestamp":"2025-06-21T08:37:06.072677Z","level":"error","event":"\tHost repo1.maven.org not found. url=https://repo1.maven.org/maven2/org/postgresql/postgresql/42.7.1/postgresql-42.7.1.jar","chan":"stderr","logger":"task"}
{"timestamp":"2025-06-21T08:37:06.072960Z","level":"error","event":"","chan":"stderr","logger":"task"}
{"timestamp":"2025-06-21T08:37:06.073176Z","level":"error","event":"\tHost repos.spark-packages.org not found. url=https://repos.spark-packages.org/org/postgresql/postgresql/42.7.1/postgresql-42.7.1.pom","chan":"stderr","logger":"task"}
{"timestamp":"2025-06-21T08:37:06.073386Z","level":"error","event":"","chan":"stderr","logger":"task"}
{"timestamp":"2025-06-21T08:37:06.073590Z","level":"error","event":"\tHost repos.spark-packages.org not found. url=https://repos.spark-packages.org/org/postgresql/postgresql/42.7.1/postgresql-42.7.1.jar","chan":"stderr","logger":"task"}
{"timestamp":"2025-06-21T08:37:06.073882Z","level":"error","event":"","chan":"stderr","logger":"task"}
{"timestamp":"2025-06-21T08:37:06.074221Z","level":"error","event":"\t\tmodule not found: org.postgresql#postgresql;42.7.1","chan":"stderr","logger":"task"}
{"timestamp":"2025-06-21T08:37:06.074526Z","level":"error","event":"","chan":"stderr","logger":"task"}
{"timestamp":"2025-06-21T08:37:06.074805Z","level":"error","event":"\t==== local-m2-cache: tried","chan":"stderr","logger":"task"}
{"timestamp":"2025-06-21T08:37:06.075072Z","level":"error","event":"","chan":"stderr","logger":"task"}
{"timestamp":"2025-06-21T08:37:06.075309Z","level":"error","event":"\t  file:/home/airflow/.m2/repository/org/postgresql/postgresql/42.7.1/postgresql-42.7.1.pom","chan":"stderr","logger":"task"}
{"timestamp":"2025-06-21T08:37:06.075617Z","level":"error","event":"","chan":"stderr","logger":"task"}
{"timestamp":"2025-06-21T08:37:06.075910Z","level":"error","event":"\t  -- artifact org.postgresql#postgresql;42.7.1!postgresql.jar:","chan":"stderr","logger":"task"}
{"timestamp":"2025-06-21T08:37:06.076214Z","level":"error","event":"","chan":"stderr","logger":"task"}
{"timestamp":"2025-06-21T08:37:06.076455Z","level":"error","event":"\t  file:/home/airflow/.m2/repository/org/postgresql/postgresql/42.7.1/postgresql-42.7.1.jar","chan":"stderr","logger":"task"}
{"timestamp":"2025-06-21T08:37:06.076661Z","level":"error","event":"","chan":"stderr","logger":"task"}
{"timestamp":"2025-06-21T08:37:06.076889Z","level":"error","event":"\t==== local-ivy-cache: tried","chan":"stderr","logger":"task"}
{"timestamp":"2025-06-21T08:37:06.077112Z","level":"error","event":"","chan":"stderr","logger":"task"}
{"timestamp":"2025-06-21T08:37:06.077329Z","level":"error","event":"\t  /home/airflow/.ivy2.5.2/local/org.postgresql/postgresql/42.7.1/ivys/ivy.xml","chan":"stderr","logger":"task"}
{"timestamp":"2025-06-21T08:37:06.077587Z","level":"error","event":"","chan":"stderr","logger":"task"}
{"timestamp":"2025-06-21T08:37:06.077849Z","level":"error","event":"\t  -- artifact org.postgresql#postgresql;42.7.1!postgresql.jar:","chan":"stderr","logger":"task"}
{"timestamp":"2025-06-21T08:37:06.078102Z","level":"error","event":"","chan":"stderr","logger":"task"}
{"timestamp":"2025-06-21T08:37:06.078311Z","level":"error","event":"\t  /home/airflow/.ivy2.5.2/local/org.postgresql/postgresql/42.7.1/jars/postgresql.jar","chan":"stderr","logger":"task"}
{"timestamp":"2025-06-21T08:37:06.078549Z","level":"error","event":"","chan":"stderr","logger":"task"}
{"timestamp":"2025-06-21T08:37:06.078768Z","level":"error","event":"\t==== central: tried","chan":"stderr","logger":"task"}
{"timestamp":"2025-06-21T08:37:06.078995Z","level":"error","event":"","chan":"stderr","logger":"task"}
{"timestamp":"2025-06-21T08:37:06.079201Z","level":"error","event":"\t  https://repo1.maven.org/maven2/org/postgresql/postgresql/42.7.1/postgresql-42.7.1.pom","chan":"stderr","logger":"task"}
{"timestamp":"2025-06-21T08:37:06.079414Z","level":"error","event":"","chan":"stderr","logger":"task"}
{"timestamp":"2025-06-21T08:37:06.079659Z","level":"error","event":"\t  -- artifact org.postgresql#postgresql;42.7.1!postgresql.jar:","chan":"stderr","logger":"task"}
{"timestamp":"2025-06-21T08:37:06.079844Z","level":"error","event":"","chan":"stderr","logger":"task"}
{"timestamp":"2025-06-21T08:37:06.080169Z","level":"error","event":"\t  https://repo1.maven.org/maven2/org/postgresql/postgresql/42.7.1/postgresql-42.7.1.jar","chan":"stderr","logger":"task"}
{"timestamp":"2025-06-21T08:37:06.080404Z","level":"error","event":"","chan":"stderr","logger":"task"}
{"timestamp":"2025-06-21T08:37:06.080624Z","level":"error","event":"\t==== spark-packages: tried","chan":"stderr","logger":"task"}
{"timestamp":"2025-06-21T08:37:06.080916Z","level":"error","event":"","chan":"stderr","logger":"task"}
{"timestamp":"2025-06-21T08:37:06.081114Z","level":"error","event":"\t  https://repos.spark-packages.org/org/postgresql/postgresql/42.7.1/postgresql-42.7.1.pom","chan":"stderr","logger":"task"}
{"timestamp":"2025-06-21T08:37:06.081341Z","level":"error","event":"","chan":"stderr","logger":"task"}
{"timestamp":"2025-06-21T08:37:06.081557Z","level":"error","event":"\t  -- artifact org.postgresql#postgresql;42.7.1!postgresql.jar:","chan":"stderr","logger":"task"}
{"timestamp":"2025-06-21T08:37:06.081765Z","level":"error","event":"","chan":"stderr","logger":"task"}
{"timestamp":"2025-06-21T08:37:06.081980Z","level":"error","event":"\t  https://repos.spark-packages.org/org/postgresql/postgresql/42.7.1/postgresql-42.7.1.jar","chan":"stderr","logger":"task"}
{"timestamp":"2025-06-21T08:37:06.082212Z","level":"error","event":"","chan":"stderr","logger":"task"}
{"timestamp":"2025-06-21T08:37:06.082436Z","level":"error","event":"\tHost repo1.maven.org not found. url=https://repo1.maven.org/maven2/org/apache/spark/spark-sql-kafka-0-10_2.12/3.3.0/spark-sql-kafka-0-10_2.12-3.3.0.pom","chan":"stderr","logger":"task"}
{"timestamp":"2025-06-21T08:37:06.082621Z","level":"error","event":"","chan":"stderr","logger":"task"}
{"timestamp":"2025-06-21T08:37:06.082842Z","level":"error","event":"\tHost repo1.maven.org not found. url=https://repo1.maven.org/maven2/org/apache/spark/spark-sql-kafka-0-10_2.12/3.3.0/spark-sql-kafka-0-10_2.12-3.3.0.jar","chan":"stderr","logger":"task"}
{"timestamp":"2025-06-21T08:37:06.083120Z","level":"error","event":"","chan":"stderr","logger":"task"}
{"timestamp":"2025-06-21T08:37:06.083344Z","level":"error","event":"\tHost repos.spark-packages.org not found. url=https://repos.spark-packages.org/org/apache/spark/spark-sql-kafka-0-10_2.12/3.3.0/spark-sql-kafka-0-10_2.12-3.3.0.pom","chan":"stderr","logger":"task"}
{"timestamp":"2025-06-21T08:37:06.083538Z","level":"error","event":"","chan":"stderr","logger":"task"}
{"timestamp":"2025-06-21T08:37:06.083831Z","level":"error","event":"\tHost repos.spark-packages.org not found. url=https://repos.spark-packages.org/org/apache/spark/spark-sql-kafka-0-10_2.12/3.3.0/spark-sql-kafka-0-10_2.12-3.3.0.jar","chan":"stderr","logger":"task"}
{"timestamp":"2025-06-21T08:37:06.084098Z","level":"error","event":"","chan":"stderr","logger":"task"}
{"timestamp":"2025-06-21T08:37:06.084343Z","level":"error","event":"\t\tmodule not found: org.apache.spark#spark-sql-kafka-0-10_2.12;3.3.0","chan":"stderr","logger":"task"}
{"timestamp":"2025-06-21T08:37:06.084537Z","level":"error","event":"","chan":"stderr","logger":"task"}
{"timestamp":"2025-06-21T08:37:06.084784Z","level":"error","event":"\t==== local-m2-cache: tried","chan":"stderr","logger":"task"}
{"timestamp":"2025-06-21T08:37:06.085002Z","level":"error","event":"","chan":"stderr","logger":"task"}
{"timestamp":"2025-06-21T08:37:06.085207Z","level":"error","event":"\t  file:/home/airflow/.m2/repository/org/apache/spark/spark-sql-kafka-0-10_2.12/3.3.0/spark-sql-kafka-0-10_2.12-3.3.0.pom","chan":"stderr","logger":"task"}
{"timestamp":"2025-06-21T08:37:06.085459Z","level":"error","event":"","chan":"stderr","logger":"task"}
{"timestamp":"2025-06-21T08:37:06.085709Z","level":"error","event":"\t  -- artifact org.apache.spark#spark-sql-kafka-0-10_2.12;3.3.0!spark-sql-kafka-0-10_2.12.jar:","chan":"stderr","logger":"task"}
{"timestamp":"2025-06-21T08:37:06.085867Z","level":"error","event":"","chan":"stderr","logger":"task"}
{"timestamp":"2025-06-21T08:37:06.086121Z","level":"error","event":"\t  file:/home/airflow/.m2/repository/org/apache/spark/spark-sql-kafka-0-10_2.12/3.3.0/spark-sql-kafka-0-10_2.12-3.3.0.jar","chan":"stderr","logger":"task"}
{"timestamp":"2025-06-21T08:37:06.086367Z","level":"error","event":"","chan":"stderr","logger":"task"}
{"timestamp":"2025-06-21T08:37:06.086576Z","level":"error","event":"\t==== local-ivy-cache: tried","chan":"stderr","logger":"task"}
{"timestamp":"2025-06-21T08:37:06.086750Z","level":"error","event":"","chan":"stderr","logger":"task"}
{"timestamp":"2025-06-21T08:37:06.086917Z","level":"error","event":"\t  /home/airflow/.ivy2.5.2/local/org.apache.spark/spark-sql-kafka-0-10_2.12/3.3.0/ivys/ivy.xml","chan":"stderr","logger":"task"}
{"timestamp":"2025-06-21T08:37:06.087112Z","level":"error","event":"","chan":"stderr","logger":"task"}
{"timestamp":"2025-06-21T08:37:06.087331Z","level":"error","event":"\t  -- artifact org.apache.spark#spark-sql-kafka-0-10_2.12;3.3.0!spark-sql-kafka-0-10_2.12.jar:","chan":"stderr","logger":"task"}
{"timestamp":"2025-06-21T08:37:06.087553Z","level":"error","event":"","chan":"stderr","logger":"task"}
{"timestamp":"2025-06-21T08:37:06.087809Z","level":"error","event":"\t  /home/airflow/.ivy2.5.2/local/org.apache.spark/spark-sql-kafka-0-10_2.12/3.3.0/jars/spark-sql-kafka-0-10_2.12.jar","chan":"stderr","logger":"task"}
{"timestamp":"2025-06-21T08:37:06.088199Z","level":"error","event":"","chan":"stderr","logger":"task"}
{"timestamp":"2025-06-21T08:37:06.088432Z","level":"error","event":"\t==== central: tried","chan":"stderr","logger":"task"}
{"timestamp":"2025-06-21T08:37:06.088653Z","level":"error","event":"","chan":"stderr","logger":"task"}
{"timestamp":"2025-06-21T08:37:06.088890Z","level":"error","event":"\t  https://repo1.maven.org/maven2/org/apache/spark/spark-sql-kafka-0-10_2.12/3.3.0/spark-sql-kafka-0-10_2.12-3.3.0.pom","chan":"stderr","logger":"task"}
{"timestamp":"2025-06-21T08:37:06.089107Z","level":"error","event":"","chan":"stderr","logger":"task"}
{"timestamp":"2025-06-21T08:37:06.089304Z","level":"error","event":"\t  -- artifact org.apache.spark#spark-sql-kafka-0-10_2.12;3.3.0!spark-sql-kafka-0-10_2.12.jar:","chan":"stderr","logger":"task"}
{"timestamp":"2025-06-21T08:37:06.089514Z","level":"error","event":"","chan":"stderr","logger":"task"}
{"timestamp":"2025-06-21T08:37:06.089723Z","level":"error","event":"\t  https://repo1.maven.org/maven2/org/apache/spark/spark-sql-kafka-0-10_2.12/3.3.0/spark-sql-kafka-0-10_2.12-3.3.0.jar","chan":"stderr","logger":"task"}
{"timestamp":"2025-06-21T08:37:06.089953Z","level":"error","event":"","chan":"stderr","logger":"task"}
{"timestamp":"2025-06-21T08:37:06.090252Z","level":"error","event":"\t==== spark-packages: tried","chan":"stderr","logger":"task"}
{"timestamp":"2025-06-21T08:37:06.090531Z","level":"error","event":"","chan":"stderr","logger":"task"}
{"timestamp":"2025-06-21T08:37:06.090833Z","level":"error","event":"\t  https://repos.spark-packages.org/org/apache/spark/spark-sql-kafka-0-10_2.12/3.3.0/spark-sql-kafka-0-10_2.12-3.3.0.pom","chan":"stderr","logger":"task"}
{"timestamp":"2025-06-21T08:37:06.091062Z","level":"error","event":"","chan":"stderr","logger":"task"}
{"timestamp":"2025-06-21T08:37:06.091316Z","level":"error","event":"\t  -- artifact org.apache.spark#spark-sql-kafka-0-10_2.12;3.3.0!spark-sql-kafka-0-10_2.12.jar:","chan":"stderr","logger":"task"}
{"timestamp":"2025-06-21T08:37:06.091584Z","level":"error","event":"","chan":"stderr","logger":"task"}
{"timestamp":"2025-06-21T08:37:06.091813Z","level":"error","event":"\t  https://repos.spark-packages.org/org/apache/spark/spark-sql-kafka-0-10_2.12/3.3.0/spark-sql-kafka-0-10_2.12-3.3.0.jar","chan":"stderr","logger":"task"}
{"timestamp":"2025-06-21T08:37:06.092064Z","level":"error","event":"","chan":"stderr","logger":"task"}
{"timestamp":"2025-06-21T08:37:06.092533Z","level":"error","event":"\t\t::::::::::::::::::::::::::::::::::::::::::::::","chan":"stderr","logger":"task"}
{"timestamp":"2025-06-21T08:37:06.092801Z","level":"error","event":"","chan":"stderr","logger":"task"}
{"timestamp":"2025-06-21T08:37:06.093069Z","level":"error","event":"\t\t::          UNRESOLVED DEPENDENCIES         ::","chan":"stderr","logger":"task"}
{"timestamp":"2025-06-21T08:37:06.093353Z","level":"error","event":"","chan":"stderr","logger":"task"}
{"timestamp":"2025-06-21T08:37:06.093540Z","level":"error","event":"\t\t::::::::::::::::::::::::::::::::::::::::::::::","chan":"stderr","logger":"task"}
{"timestamp":"2025-06-21T08:37:06.093790Z","level":"error","event":"","chan":"stderr","logger":"task"}
{"timestamp":"2025-06-21T08:37:06.094010Z","level":"error","event":"\t\t:: org.postgresql#postgresql;42.7.1: not found","chan":"stderr","logger":"task"}
{"timestamp":"2025-06-21T08:37:06.094202Z","level":"error","event":"","chan":"stderr","logger":"task"}
{"timestamp":"2025-06-21T08:37:06.094405Z","level":"error","event":"\t\t:: org.apache.spark#spark-sql-kafka-0-10_2.12;3.3.0: not found","chan":"stderr","logger":"task"}
{"timestamp":"2025-06-21T08:37:06.094597Z","level":"error","event":"","chan":"stderr","logger":"task"}
{"timestamp":"2025-06-21T08:37:06.094786Z","level":"error","event":"\t\t::::::::::::::::::::::::::::::::::::::::::::::","chan":"stderr","logger":"task"}
{"timestamp":"2025-06-21T08:37:06.094978Z","level":"error","event":"","chan":"stderr","logger":"task"}
{"timestamp":"2025-06-21T08:37:06.095163Z","level":"error","event":"","chan":"stderr","logger":"task"}
{"timestamp":"2025-06-21T08:37:06.095355Z","level":"error","event":"","chan":"stderr","logger":"task"}
{"timestamp":"2025-06-21T08:37:06.095555Z","level":"error","event":":: USE VERBOSE OR DEBUG MESSAGE LEVEL FOR MORE DETAILS","chan":"stderr","logger":"task"}
{"timestamp":"2025-06-21T08:37:06.095747Z","level":"error","event":"Exception in thread \"main\" java.lang.RuntimeException: [unresolved dependency: org.postgresql#postgresql;42.7.1: not found, unresolved dependency: org.apache.spark#spark-sql-kafka-0-10_2.12;3.3.0: not found]","chan":"stderr","logger":"task"}
{"timestamp":"2025-06-21T08:37:06.095970Z","level":"error","event":"\tat org.apache.spark.util.MavenUtils$.resolveMavenCoordinates(MavenUtils.scala:540)","chan":"stderr","logger":"task"}
{"timestamp":"2025-06-21T08:37:06.096178Z","level":"error","event":"\tat org.apache.spark.util.DependencyUtils$.resolveMavenDependencies(DependencyUtils.scala:123)","chan":"stderr","logger":"task"}
{"timestamp":"2025-06-21T08:37:06.096387Z","level":"error","event":"\tat org.apache.spark.deploy.SparkSubmit.prepareSubmitEnvironment(SparkSubmit.scala:341)","chan":"stderr","logger":"task"}
{"timestamp":"2025-06-21T08:37:06.096582Z","level":"error","event":"\tat org.apache.spark.deploy.SparkSubmit.org$apache$spark$deploy$SparkSubmit$$runMain(SparkSubmit.scala:961)","chan":"stderr","logger":"task"}
{"timestamp":"2025-06-21T08:37:06.096772Z","level":"error","event":"\tat org.apache.spark.deploy.SparkSubmit.doRunMain$1(SparkSubmit.scala:204)","chan":"stderr","logger":"task"}
{"timestamp":"2025-06-21T08:37:06.097054Z","level":"error","event":"\tat org.apache.spark.deploy.SparkSubmit.submit(SparkSubmit.scala:227)","chan":"stderr","logger":"task"}
{"timestamp":"2025-06-21T08:37:06.097272Z","level":"error","event":"\tat org.apache.spark.deploy.SparkSubmit.doSubmit(SparkSubmit.scala:96)","chan":"stderr","logger":"task"}
{"timestamp":"2025-06-21T08:37:06.097475Z","level":"error","event":"\tat org.apache.spark.deploy.SparkSubmit$$anon$2.doSubmit(SparkSubmit.scala:1132)","chan":"stderr","logger":"task"}
{"timestamp":"2025-06-21T08:37:06.097682Z","level":"error","event":"\tat org.apache.spark.deploy.SparkSubmit$.main(SparkSubmit.scala:1141)","chan":"stderr","logger":"task"}
{"timestamp":"2025-06-21T08:37:06.097917Z","level":"error","event":"\tat org.apache.spark.deploy.SparkSubmit.main(SparkSubmit.scala)","chan":"stderr","logger":"task"}
{"timestamp":"2025-06-21T08:37:06.159457","level":"error","event":"Task failed with exception","logger":"task","error_detail":[{"exc_type":"PySparkRuntimeError","exc_value":"[JAVA_GATEWAY_EXITED] Java gateway process exited before sending its port number.","exc_notes":[],"syntax_error":null,"is_cause":false,"frames":[{"filename":"/home/airflow/.local/lib/python3.12/site-packages/airflow/sdk/execution_time/task_runner.py","lineno":825,"name":"run"},{"filename":"/home/airflow/.local/lib/python3.12/site-packages/airflow/sdk/execution_time/task_runner.py","lineno":1088,"name":"_execute_task"},{"filename":"/home/airflow/.local/lib/python3.12/site-packages/airflow/sdk/bases/operator.py","lineno":408,"name":"wrapper"},{"filename":"/home/airflow/.local/lib/python3.12/site-packages/airflow/providers/standard/operators/python.py","lineno":212,"name":"execute"},{"filename":"/home/airflow/.local/lib/python3.12/site-packages/airflow/providers/standard/operators/python.py","lineno":235,"name":"execute_callable"},{"filename":"/home/airflow/.local/lib/python3.12/site-packages/airflow/sdk/execution_time/callback_runner.py","lineno":81,"name":"run"},{"filename":"/opt/airflow/dags/spark/build_spark.py","lineno":51,"name":"install_spark_dependencies"},{"filename":"/opt/airflow/dags/spark/build_spark.py","lineno":28,"name":"get_spark"},{"filename":"/home/airflow/.local/lib/python3.12/site-packages/pyspark/sql/session.py","lineno":556,"name":"getOrCreate"},{"filename":"/home/airflow/.local/lib/python3.12/site-packages/pyspark/core/context.py","lineno":523,"name":"getOrCreate"},{"filename":"/home/airflow/.local/lib/python3.12/site-packages/pyspark/core/context.py","lineno":205,"name":"__init__"},{"filename":"/home/airflow/.local/lib/python3.12/site-packages/pyspark/core/context.py","lineno":444,"name":"_ensure_initialized"},{"filename":"/home/airflow/.local/lib/python3.12/site-packages/pyspark/java_gateway.py","lineno":111,"name":"launch_gateway"}]}]}
{"timestamp":"2025-06-21T08:37:06.161208Z","level":"info","event":"Task instance in failure state","chan":"stdout","logger":"task"}
{"timestamp":"2025-06-21T08:37:06.161619Z","level":"info","event":"Task start","chan":"stdout","logger":"task"}
{"timestamp":"2025-06-21T08:37:06.161911Z","level":"info","event":"Task:<Task(PythonOperator): install_spark_dependencies>","chan":"stdout","logger":"task"}
{"timestamp":"2025-06-21T08:37:06.162190Z","level":"info","event":"Failure caused by [JAVA_GATEWAY_EXITED] Java gateway process exited before sending its port number.","chan":"stdout","logger":"task"}
