{"timestamp":"2025-06-21T08:31:58.138109","level":"info","event":"DAG bundles loaded: dags-folder, example_dags","logger":"airflow.dag_processing.bundles.manager.DagBundlesManager"}
{"timestamp":"2025-06-21T08:31:58.138993","level":"info","event":"Filling up the DagBag from /opt/airflow/dags/etl_pipeline.py","logger":"airflow.models.dagbag.DagBag"}
{"timestamp":"2025-06-21T08:32:01.728315Z","level":"info","event":"Task instance is in running state","chan":"stdout","logger":"task"}
{"timestamp":"2025-06-21T08:32:01.729515Z","level":"info","event":" Previous state of the Task instance: queued","chan":"stdout","logger":"task"}
{"timestamp":"2025-06-21T08:32:01.730432Z","level":"info","event":"Current task name:install_spark_dependencies","chan":"stdout","logger":"task"}
{"timestamp":"2025-06-21T08:32:01.731021Z","level":"info","event":"Dag name:etl_pipeline","chan":"stdout","logger":"task"}
{"timestamp":"2025-06-21T08:32:01.731546Z","level":"error","event":"WARNING: Using incubator modules: jdk.incubator.vector","chan":"stderr","logger":"task"}
{"timestamp":"2025-06-21T08:32:02.135144Z","level":"error","event":":: loading settings :: url = jar:file:/home/airflow/.local/lib/python3.12/site-packages/pyspark/jars/ivy-2.5.3.jar!/org/apache/ivy/core/settings/ivysettings.xml","chan":"stderr","logger":"task"}
{"timestamp":"2025-06-21T08:32:02.212362Z","level":"error","event":"Ivy Default Cache set to: /home/airflow/.ivy2.5.2/cache","chan":"stderr","logger":"task"}
{"timestamp":"2025-06-21T08:32:02.212975Z","level":"error","event":"The jars for the packages stored in: /home/airflow/.ivy2.5.2/jars","chan":"stderr","logger":"task"}
{"timestamp":"2025-06-21T08:32:02.216265Z","level":"error","event":"org.postgresql#postgresql added as a dependency","chan":"stderr","logger":"task"}
{"timestamp":"2025-06-21T08:32:02.216696Z","level":"error","event":"org.apache.spark#spark-sql-kafka-0-10_2.12 added as a dependency","chan":"stderr","logger":"task"}
{"timestamp":"2025-06-21T08:32:02.217218Z","level":"error","event":":: resolving dependencies :: org.apache.spark#spark-submit-parent-791bf649-4ebd-4d9f-941a-658e34f7df09;1.0","chan":"stderr","logger":"task"}
{"timestamp":"2025-06-21T08:32:02.217483Z","level":"error","event":"\tconfs: [default]","chan":"stderr","logger":"task"}
{"timestamp":"2025-06-21T08:32:02.522925Z","level":"error","event":"You probably access the destination server through a proxy server that is not well configured.","chan":"stderr","logger":"task"}
{"timestamp":"2025-06-21T08:32:02.523854Z","level":"error","event":"You probably access the destination server through a proxy server that is not well configured.","chan":"stderr","logger":"task"}
{"timestamp":"2025-06-21T08:32:02.537755Z","level":"error","event":"You probably access the destination server through a proxy server that is not well configured.","chan":"stderr","logger":"task"}
{"timestamp":"2025-06-21T08:32:02.538921Z","level":"error","event":"You probably access the destination server through a proxy server that is not well configured.","chan":"stderr","logger":"task"}
{"timestamp":"2025-06-21T08:32:02.545092Z","level":"error","event":"You probably access the destination server through a proxy server that is not well configured.","chan":"stderr","logger":"task"}
{"timestamp":"2025-06-21T08:32:02.545659Z","level":"error","event":"You probably access the destination server through a proxy server that is not well configured.","chan":"stderr","logger":"task"}
{"timestamp":"2025-06-21T08:32:02.546388Z","level":"error","event":"You probably access the destination server through a proxy server that is not well configured.","chan":"stderr","logger":"task"}
{"timestamp":"2025-06-21T08:32:02.546792Z","level":"error","event":"You probably access the destination server through a proxy server that is not well configured.","chan":"stderr","logger":"task"}
{"timestamp":"2025-06-21T08:32:02.566271Z","level":"error","event":":: resolution report :: resolve 349ms :: artifacts dl 1ms","chan":"stderr","logger":"task"}
{"timestamp":"2025-06-21T08:32:02.566700Z","level":"error","event":"\t:: modules in use:","chan":"stderr","logger":"task"}
{"timestamp":"2025-06-21T08:32:02.567065Z","level":"error","event":"\t---------------------------------------------------------------------","chan":"stderr","logger":"task"}
{"timestamp":"2025-06-21T08:32:02.567312Z","level":"error","event":"\t|                  |            modules            ||   artifacts   |","chan":"stderr","logger":"task"}
{"timestamp":"2025-06-21T08:32:02.567540Z","level":"error","event":"\t|       conf       | number| search|dwnlded|evicted|| number|dwnlded|","chan":"stderr","logger":"task"}
{"timestamp":"2025-06-21T08:32:02.567760Z","level":"error","event":"\t---------------------------------------------------------------------","chan":"stderr","logger":"task"}
{"timestamp":"2025-06-21T08:32:02.568000Z","level":"error","event":"\t|      default     |   2   |   0   |   0   |   0   ||   0   |   0   |","chan":"stderr","logger":"task"}
{"timestamp":"2025-06-21T08:32:02.568222Z","level":"error","event":"\t---------------------------------------------------------------------","chan":"stderr","logger":"task"}
{"timestamp":"2025-06-21T08:32:02.569741Z","level":"error","event":"","chan":"stderr","logger":"task"}
{"timestamp":"2025-06-21T08:32:02.570068Z","level":"error","event":":: problems summary ::","chan":"stderr","logger":"task"}
{"timestamp":"2025-06-21T08:32:02.570317Z","level":"error","event":":::: WARNINGS","chan":"stderr","logger":"task"}
{"timestamp":"2025-06-21T08:32:02.570596Z","level":"error","event":"\tHost repo1.maven.org not found. url=https://repo1.maven.org/maven2/org/postgresql/postgresql/42.7.1/postgresql-42.7.1.pom","chan":"stderr","logger":"task"}
{"timestamp":"2025-06-21T08:32:02.570902Z","level":"error","event":"","chan":"stderr","logger":"task"}
{"timestamp":"2025-06-21T08:32:02.571207Z","level":"error","event":"\tHost repo1.maven.org not found. url=https://repo1.maven.org/maven2/org/postgresql/postgresql/42.7.1/postgresql-42.7.1.jar","chan":"stderr","logger":"task"}
{"timestamp":"2025-06-21T08:32:02.571443Z","level":"error","event":"","chan":"stderr","logger":"task"}
{"timestamp":"2025-06-21T08:32:02.571609Z","level":"error","event":"\tHost repos.spark-packages.org not found. url=https://repos.spark-packages.org/org/postgresql/postgresql/42.7.1/postgresql-42.7.1.pom","chan":"stderr","logger":"task"}
{"timestamp":"2025-06-21T08:32:02.571759Z","level":"error","event":"","chan":"stderr","logger":"task"}
{"timestamp":"2025-06-21T08:32:02.571897Z","level":"error","event":"\tHost repos.spark-packages.org not found. url=https://repos.spark-packages.org/org/postgresql/postgresql/42.7.1/postgresql-42.7.1.jar","chan":"stderr","logger":"task"}
{"timestamp":"2025-06-21T08:32:02.572035Z","level":"error","event":"","chan":"stderr","logger":"task"}
{"timestamp":"2025-06-21T08:32:02.572179Z","level":"error","event":"\t\tmodule not found: org.postgresql#postgresql;42.7.1","chan":"stderr","logger":"task"}
{"timestamp":"2025-06-21T08:32:02.572321Z","level":"error","event":"","chan":"stderr","logger":"task"}
{"timestamp":"2025-06-21T08:32:02.572461Z","level":"error","event":"\t==== local-m2-cache: tried","chan":"stderr","logger":"task"}
{"timestamp":"2025-06-21T08:32:02.572641Z","level":"error","event":"","chan":"stderr","logger":"task"}
{"timestamp":"2025-06-21T08:32:02.572907Z","level":"error","event":"\t  file:/home/airflow/.m2/repository/org/postgresql/postgresql/42.7.1/postgresql-42.7.1.pom","chan":"stderr","logger":"task"}
{"timestamp":"2025-06-21T08:32:02.573089Z","level":"error","event":"","chan":"stderr","logger":"task"}
{"timestamp":"2025-06-21T08:32:02.573286Z","level":"error","event":"\t  -- artifact org.postgresql#postgresql;42.7.1!postgresql.jar:","chan":"stderr","logger":"task"}
{"timestamp":"2025-06-21T08:32:02.573498Z","level":"error","event":"","chan":"stderr","logger":"task"}
{"timestamp":"2025-06-21T08:32:02.573688Z","level":"error","event":"\t  file:/home/airflow/.m2/repository/org/postgresql/postgresql/42.7.1/postgresql-42.7.1.jar","chan":"stderr","logger":"task"}
{"timestamp":"2025-06-21T08:32:02.573857Z","level":"error","event":"","chan":"stderr","logger":"task"}
{"timestamp":"2025-06-21T08:32:02.574025Z","level":"error","event":"\t==== local-ivy-cache: tried","chan":"stderr","logger":"task"}
{"timestamp":"2025-06-21T08:32:02.574186Z","level":"error","event":"","chan":"stderr","logger":"task"}
{"timestamp":"2025-06-21T08:32:02.574340Z","level":"error","event":"\t  /home/airflow/.ivy2.5.2/local/org.postgresql/postgresql/42.7.1/ivys/ivy.xml","chan":"stderr","logger":"task"}
{"timestamp":"2025-06-21T08:32:02.574491Z","level":"error","event":"","chan":"stderr","logger":"task"}
{"timestamp":"2025-06-21T08:32:02.574644Z","level":"error","event":"\t  -- artifact org.postgresql#postgresql;42.7.1!postgresql.jar:","chan":"stderr","logger":"task"}
{"timestamp":"2025-06-21T08:32:02.574818Z","level":"error","event":"","chan":"stderr","logger":"task"}
{"timestamp":"2025-06-21T08:32:02.574986Z","level":"error","event":"\t  /home/airflow/.ivy2.5.2/local/org.postgresql/postgresql/42.7.1/jars/postgresql.jar","chan":"stderr","logger":"task"}
{"timestamp":"2025-06-21T08:32:02.575147Z","level":"error","event":"","chan":"stderr","logger":"task"}
{"timestamp":"2025-06-21T08:32:02.575308Z","level":"error","event":"\t==== central: tried","chan":"stderr","logger":"task"}
{"timestamp":"2025-06-21T08:32:02.575479Z","level":"error","event":"","chan":"stderr","logger":"task"}
{"timestamp":"2025-06-21T08:32:02.575637Z","level":"error","event":"\t  https://repo1.maven.org/maven2/org/postgresql/postgresql/42.7.1/postgresql-42.7.1.pom","chan":"stderr","logger":"task"}
{"timestamp":"2025-06-21T08:32:02.575805Z","level":"error","event":"","chan":"stderr","logger":"task"}
{"timestamp":"2025-06-21T08:32:02.575962Z","level":"error","event":"\t  -- artifact org.postgresql#postgresql;42.7.1!postgresql.jar:","chan":"stderr","logger":"task"}
{"timestamp":"2025-06-21T08:32:02.576119Z","level":"error","event":"","chan":"stderr","logger":"task"}
{"timestamp":"2025-06-21T08:32:02.576371Z","level":"error","event":"\t  https://repo1.maven.org/maven2/org/postgresql/postgresql/42.7.1/postgresql-42.7.1.jar","chan":"stderr","logger":"task"}
{"timestamp":"2025-06-21T08:32:02.576573Z","level":"error","event":"","chan":"stderr","logger":"task"}
{"timestamp":"2025-06-21T08:32:02.576735Z","level":"error","event":"\t==== spark-packages: tried","chan":"stderr","logger":"task"}
{"timestamp":"2025-06-21T08:32:02.576880Z","level":"error","event":"","chan":"stderr","logger":"task"}
{"timestamp":"2025-06-21T08:32:02.577020Z","level":"error","event":"\t  https://repos.spark-packages.org/org/postgresql/postgresql/42.7.1/postgresql-42.7.1.pom","chan":"stderr","logger":"task"}
{"timestamp":"2025-06-21T08:32:02.577163Z","level":"error","event":"","chan":"stderr","logger":"task"}
{"timestamp":"2025-06-21T08:32:02.577304Z","level":"error","event":"\t  -- artifact org.postgresql#postgresql;42.7.1!postgresql.jar:","chan":"stderr","logger":"task"}
{"timestamp":"2025-06-21T08:32:02.577444Z","level":"error","event":"","chan":"stderr","logger":"task"}
{"timestamp":"2025-06-21T08:32:02.577584Z","level":"error","event":"\t  https://repos.spark-packages.org/org/postgresql/postgresql/42.7.1/postgresql-42.7.1.jar","chan":"stderr","logger":"task"}
{"timestamp":"2025-06-21T08:32:02.577725Z","level":"error","event":"","chan":"stderr","logger":"task"}
{"timestamp":"2025-06-21T08:32:02.577865Z","level":"error","event":"\tHost repo1.maven.org not found. url=https://repo1.maven.org/maven2/org/apache/spark/spark-sql-kafka-0-10_2.12/3.3.0/spark-sql-kafka-0-10_2.12-3.3.0.pom","chan":"stderr","logger":"task"}
{"timestamp":"2025-06-21T08:32:02.578009Z","level":"error","event":"","chan":"stderr","logger":"task"}
{"timestamp":"2025-06-21T08:32:02.578148Z","level":"error","event":"\tHost repo1.maven.org not found. url=https://repo1.maven.org/maven2/org/apache/spark/spark-sql-kafka-0-10_2.12/3.3.0/spark-sql-kafka-0-10_2.12-3.3.0.jar","chan":"stderr","logger":"task"}
{"timestamp":"2025-06-21T08:32:02.578292Z","level":"error","event":"","chan":"stderr","logger":"task"}
{"timestamp":"2025-06-21T08:32:02.578441Z","level":"error","event":"\tHost repos.spark-packages.org not found. url=https://repos.spark-packages.org/org/apache/spark/spark-sql-kafka-0-10_2.12/3.3.0/spark-sql-kafka-0-10_2.12-3.3.0.pom","chan":"stderr","logger":"task"}
{"timestamp":"2025-06-21T08:32:02.578588Z","level":"error","event":"","chan":"stderr","logger":"task"}
{"timestamp":"2025-06-21T08:32:02.578732Z","level":"error","event":"\tHost repos.spark-packages.org not found. url=https://repos.spark-packages.org/org/apache/spark/spark-sql-kafka-0-10_2.12/3.3.0/spark-sql-kafka-0-10_2.12-3.3.0.jar","chan":"stderr","logger":"task"}
{"timestamp":"2025-06-21T08:32:02.578878Z","level":"error","event":"","chan":"stderr","logger":"task"}
{"timestamp":"2025-06-21T08:32:02.579019Z","level":"error","event":"\t\tmodule not found: org.apache.spark#spark-sql-kafka-0-10_2.12;3.3.0","chan":"stderr","logger":"task"}
{"timestamp":"2025-06-21T08:32:02.579163Z","level":"error","event":"","chan":"stderr","logger":"task"}
{"timestamp":"2025-06-21T08:32:02.579304Z","level":"error","event":"\t==== local-m2-cache: tried","chan":"stderr","logger":"task"}
{"timestamp":"2025-06-21T08:32:02.579448Z","level":"error","event":"","chan":"stderr","logger":"task"}
{"timestamp":"2025-06-21T08:32:02.579592Z","level":"error","event":"\t  file:/home/airflow/.m2/repository/org/apache/spark/spark-sql-kafka-0-10_2.12/3.3.0/spark-sql-kafka-0-10_2.12-3.3.0.pom","chan":"stderr","logger":"task"}
{"timestamp":"2025-06-21T08:32:02.579736Z","level":"error","event":"","chan":"stderr","logger":"task"}
{"timestamp":"2025-06-21T08:32:02.579876Z","level":"error","event":"\t  -- artifact org.apache.spark#spark-sql-kafka-0-10_2.12;3.3.0!spark-sql-kafka-0-10_2.12.jar:","chan":"stderr","logger":"task"}
{"timestamp":"2025-06-21T08:32:02.580016Z","level":"error","event":"","chan":"stderr","logger":"task"}
{"timestamp":"2025-06-21T08:32:02.580157Z","level":"error","event":"\t  file:/home/airflow/.m2/repository/org/apache/spark/spark-sql-kafka-0-10_2.12/3.3.0/spark-sql-kafka-0-10_2.12-3.3.0.jar","chan":"stderr","logger":"task"}
{"timestamp":"2025-06-21T08:32:02.580298Z","level":"error","event":"","chan":"stderr","logger":"task"}
{"timestamp":"2025-06-21T08:32:02.580441Z","level":"error","event":"\t==== local-ivy-cache: tried","chan":"stderr","logger":"task"}
{"timestamp":"2025-06-21T08:32:02.580583Z","level":"error","event":"","chan":"stderr","logger":"task"}
{"timestamp":"2025-06-21T08:32:02.580723Z","level":"error","event":"\t  /home/airflow/.ivy2.5.2/local/org.apache.spark/spark-sql-kafka-0-10_2.12/3.3.0/ivys/ivy.xml","chan":"stderr","logger":"task"}
{"timestamp":"2025-06-21T08:32:02.580864Z","level":"error","event":"","chan":"stderr","logger":"task"}
{"timestamp":"2025-06-21T08:32:02.581008Z","level":"error","event":"\t  -- artifact org.apache.spark#spark-sql-kafka-0-10_2.12;3.3.0!spark-sql-kafka-0-10_2.12.jar:","chan":"stderr","logger":"task"}
{"timestamp":"2025-06-21T08:32:02.581156Z","level":"error","event":"","chan":"stderr","logger":"task"}
{"timestamp":"2025-06-21T08:32:02.581315Z","level":"error","event":"\t  /home/airflow/.ivy2.5.2/local/org.apache.spark/spark-sql-kafka-0-10_2.12/3.3.0/jars/spark-sql-kafka-0-10_2.12.jar","chan":"stderr","logger":"task"}
{"timestamp":"2025-06-21T08:32:02.581460Z","level":"error","event":"","chan":"stderr","logger":"task"}
{"timestamp":"2025-06-21T08:32:02.581605Z","level":"error","event":"\t==== central: tried","chan":"stderr","logger":"task"}
{"timestamp":"2025-06-21T08:32:02.581747Z","level":"error","event":"","chan":"stderr","logger":"task"}
{"timestamp":"2025-06-21T08:32:02.581891Z","level":"error","event":"\t  https://repo1.maven.org/maven2/org/apache/spark/spark-sql-kafka-0-10_2.12/3.3.0/spark-sql-kafka-0-10_2.12-3.3.0.pom","chan":"stderr","logger":"task"}
{"timestamp":"2025-06-21T08:32:02.582043Z","level":"error","event":"","chan":"stderr","logger":"task"}
{"timestamp":"2025-06-21T08:32:02.582185Z","level":"error","event":"\t  -- artifact org.apache.spark#spark-sql-kafka-0-10_2.12;3.3.0!spark-sql-kafka-0-10_2.12.jar:","chan":"stderr","logger":"task"}
{"timestamp":"2025-06-21T08:32:02.582348Z","level":"error","event":"","chan":"stderr","logger":"task"}
{"timestamp":"2025-06-21T08:32:02.582499Z","level":"error","event":"\t  https://repo1.maven.org/maven2/org/apache/spark/spark-sql-kafka-0-10_2.12/3.3.0/spark-sql-kafka-0-10_2.12-3.3.0.jar","chan":"stderr","logger":"task"}
{"timestamp":"2025-06-21T08:32:02.582647Z","level":"error","event":"","chan":"stderr","logger":"task"}
{"timestamp":"2025-06-21T08:32:02.582793Z","level":"error","event":"\t==== spark-packages: tried","chan":"stderr","logger":"task"}
{"timestamp":"2025-06-21T08:32:02.582938Z","level":"error","event":"","chan":"stderr","logger":"task"}
{"timestamp":"2025-06-21T08:32:02.583082Z","level":"error","event":"\t  https://repos.spark-packages.org/org/apache/spark/spark-sql-kafka-0-10_2.12/3.3.0/spark-sql-kafka-0-10_2.12-3.3.0.pom","chan":"stderr","logger":"task"}
{"timestamp":"2025-06-21T08:32:02.583228Z","level":"error","event":"","chan":"stderr","logger":"task"}
{"timestamp":"2025-06-21T08:32:02.583371Z","level":"error","event":"\t  -- artifact org.apache.spark#spark-sql-kafka-0-10_2.12;3.3.0!spark-sql-kafka-0-10_2.12.jar:","chan":"stderr","logger":"task"}
{"timestamp":"2025-06-21T08:32:02.583514Z","level":"error","event":"","chan":"stderr","logger":"task"}
{"timestamp":"2025-06-21T08:32:02.583659Z","level":"error","event":"\t  https://repos.spark-packages.org/org/apache/spark/spark-sql-kafka-0-10_2.12/3.3.0/spark-sql-kafka-0-10_2.12-3.3.0.jar","chan":"stderr","logger":"task"}
{"timestamp":"2025-06-21T08:32:02.583837Z","level":"error","event":"","chan":"stderr","logger":"task"}
{"timestamp":"2025-06-21T08:32:02.584031Z","level":"error","event":"\t\t::::::::::::::::::::::::::::::::::::::::::::::","chan":"stderr","logger":"task"}
{"timestamp":"2025-06-21T08:32:02.584197Z","level":"error","event":"","chan":"stderr","logger":"task"}
{"timestamp":"2025-06-21T08:32:02.584345Z","level":"error","event":"\t\t::          UNRESOLVED DEPENDENCIES         ::","chan":"stderr","logger":"task"}
{"timestamp":"2025-06-21T08:32:02.584495Z","level":"error","event":"","chan":"stderr","logger":"task"}
{"timestamp":"2025-06-21T08:32:02.584647Z","level":"error","event":"\t\t::::::::::::::::::::::::::::::::::::::::::::::","chan":"stderr","logger":"task"}
{"timestamp":"2025-06-21T08:32:02.584799Z","level":"error","event":"","chan":"stderr","logger":"task"}
{"timestamp":"2025-06-21T08:32:02.584986Z","level":"error","event":"\t\t:: org.postgresql#postgresql;42.7.1: not found","chan":"stderr","logger":"task"}
{"timestamp":"2025-06-21T08:32:02.585351Z","level":"error","event":"","chan":"stderr","logger":"task"}
{"timestamp":"2025-06-21T08:32:02.585608Z","level":"error","event":"\t\t:: org.apache.spark#spark-sql-kafka-0-10_2.12;3.3.0: not found","chan":"stderr","logger":"task"}
{"timestamp":"2025-06-21T08:32:02.585806Z","level":"error","event":"","chan":"stderr","logger":"task"}
{"timestamp":"2025-06-21T08:32:02.586042Z","level":"error","event":"\t\t::::::::::::::::::::::::::::::::::::::::::::::","chan":"stderr","logger":"task"}
{"timestamp":"2025-06-21T08:32:02.586215Z","level":"error","event":"","chan":"stderr","logger":"task"}
{"timestamp":"2025-06-21T08:32:02.586414Z","level":"error","event":"","chan":"stderr","logger":"task"}
{"timestamp":"2025-06-21T08:32:02.586633Z","level":"error","event":"","chan":"stderr","logger":"task"}
{"timestamp":"2025-06-21T08:32:02.586836Z","level":"error","event":":: USE VERBOSE OR DEBUG MESSAGE LEVEL FOR MORE DETAILS","chan":"stderr","logger":"task"}
{"timestamp":"2025-06-21T08:32:02.587139Z","level":"error","event":"Exception in thread \"main\" java.lang.RuntimeException: [unresolved dependency: org.postgresql#postgresql;42.7.1: not found, unresolved dependency: org.apache.spark#spark-sql-kafka-0-10_2.12;3.3.0: not found]","chan":"stderr","logger":"task"}
{"timestamp":"2025-06-21T08:32:02.587409Z","level":"error","event":"\tat org.apache.spark.util.MavenUtils$.resolveMavenCoordinates(MavenUtils.scala:540)","chan":"stderr","logger":"task"}
{"timestamp":"2025-06-21T08:32:02.587655Z","level":"error","event":"\tat org.apache.spark.util.DependencyUtils$.resolveMavenDependencies(DependencyUtils.scala:123)","chan":"stderr","logger":"task"}
{"timestamp":"2025-06-21T08:32:02.587889Z","level":"error","event":"\tat org.apache.spark.deploy.SparkSubmit.prepareSubmitEnvironment(SparkSubmit.scala:341)","chan":"stderr","logger":"task"}
{"timestamp":"2025-06-21T08:32:02.588112Z","level":"error","event":"\tat org.apache.spark.deploy.SparkSubmit.org$apache$spark$deploy$SparkSubmit$$runMain(SparkSubmit.scala:961)","chan":"stderr","logger":"task"}
{"timestamp":"2025-06-21T08:32:02.588286Z","level":"error","event":"\tat org.apache.spark.deploy.SparkSubmit.doRunMain$1(SparkSubmit.scala:204)","chan":"stderr","logger":"task"}
{"timestamp":"2025-06-21T08:32:02.588440Z","level":"error","event":"\tat org.apache.spark.deploy.SparkSubmit.submit(SparkSubmit.scala:227)","chan":"stderr","logger":"task"}
{"timestamp":"2025-06-21T08:32:02.588594Z","level":"error","event":"\tat org.apache.spark.deploy.SparkSubmit.doSubmit(SparkSubmit.scala:96)","chan":"stderr","logger":"task"}
{"timestamp":"2025-06-21T08:32:02.588745Z","level":"error","event":"\tat org.apache.spark.deploy.SparkSubmit$$anon$2.doSubmit(SparkSubmit.scala:1132)","chan":"stderr","logger":"task"}
{"timestamp":"2025-06-21T08:32:02.588913Z","level":"error","event":"\tat org.apache.spark.deploy.SparkSubmit$.main(SparkSubmit.scala:1141)","chan":"stderr","logger":"task"}
{"timestamp":"2025-06-21T08:32:02.589073Z","level":"error","event":"\tat org.apache.spark.deploy.SparkSubmit.main(SparkSubmit.scala)","chan":"stderr","logger":"task"}
{"timestamp":"2025-06-21T08:32:02.609116","level":"error","event":"Task failed with exception","logger":"task","error_detail":[{"exc_type":"PySparkRuntimeError","exc_value":"[JAVA_GATEWAY_EXITED] Java gateway process exited before sending its port number.","exc_notes":[],"syntax_error":null,"is_cause":false,"frames":[{"filename":"/home/airflow/.local/lib/python3.12/site-packages/airflow/sdk/execution_time/task_runner.py","lineno":825,"name":"run"},{"filename":"/home/airflow/.local/lib/python3.12/site-packages/airflow/sdk/execution_time/task_runner.py","lineno":1088,"name":"_execute_task"},{"filename":"/home/airflow/.local/lib/python3.12/site-packages/airflow/sdk/bases/operator.py","lineno":408,"name":"wrapper"},{"filename":"/home/airflow/.local/lib/python3.12/site-packages/airflow/providers/standard/operators/python.py","lineno":212,"name":"execute"},{"filename":"/home/airflow/.local/lib/python3.12/site-packages/airflow/providers/standard/operators/python.py","lineno":235,"name":"execute_callable"},{"filename":"/home/airflow/.local/lib/python3.12/site-packages/airflow/sdk/execution_time/callback_runner.py","lineno":81,"name":"run"},{"filename":"/opt/airflow/dags/spark/build_spark.py","lineno":51,"name":"install_spark_dependencies"},{"filename":"/opt/airflow/dags/spark/build_spark.py","lineno":28,"name":"get_spark"},{"filename":"/home/airflow/.local/lib/python3.12/site-packages/pyspark/sql/session.py","lineno":556,"name":"getOrCreate"},{"filename":"/home/airflow/.local/lib/python3.12/site-packages/pyspark/core/context.py","lineno":523,"name":"getOrCreate"},{"filename":"/home/airflow/.local/lib/python3.12/site-packages/pyspark/core/context.py","lineno":205,"name":"__init__"},{"filename":"/home/airflow/.local/lib/python3.12/site-packages/pyspark/core/context.py","lineno":444,"name":"_ensure_initialized"},{"filename":"/home/airflow/.local/lib/python3.12/site-packages/pyspark/java_gateway.py","lineno":111,"name":"launch_gateway"}]}]}
{"timestamp":"2025-06-21T08:32:02.638836Z","level":"info","event":"Task instance in failure state","chan":"stdout","logger":"task"}
{"timestamp":"2025-06-21T08:32:02.639271Z","level":"info","event":"Task start","chan":"stdout","logger":"task"}
{"timestamp":"2025-06-21T08:32:02.639568Z","level":"info","event":"Task:<Task(PythonOperator): install_spark_dependencies>","chan":"stdout","logger":"task"}
{"timestamp":"2025-06-21T08:32:02.639785Z","level":"info","event":"Failure caused by [JAVA_GATEWAY_EXITED] Java gateway process exited before sending its port number.","chan":"stdout","logger":"task"}
