{"timestamp":"2025-06-21T11:36:39.745363","level":"info","event":"DAG bundles loaded: dags-folder, example_dags","logger":"airflow.dag_processing.bundles.manager.DagBundlesManager"}
{"timestamp":"2025-06-21T11:36:39.746244","level":"info","event":"Filling up the DagBag from /opt/airflow/dags/etl_pipeline.py","logger":"airflow.models.dagbag.DagBag"}
{"timestamp":"2025-06-21T11:36:40.163674Z","level":"info","event":"Task instance is in running state","chan":"stdout","logger":"task"}
{"timestamp":"2025-06-21T11:36:40.164710Z","level":"info","event":" Previous state of the Task instance: queued","chan":"stdout","logger":"task"}
{"timestamp":"2025-06-21T11:36:40.165160Z","level":"info","event":"Current task name:fact_sales_group.producer_kafka","chan":"stdout","logger":"task"}
{"timestamp":"2025-06-21T11:36:40.165553Z","level":"info","event":"Dag name:etl_pipeline","chan":"stdout","logger":"task"}
{"timestamp":"2025-06-21T11:36:41.573911Z","level":"error","event":"WARNING: Using incubator modules: jdk.incubator.vector","chan":"stderr","logger":"task"}
{"timestamp":"2025-06-21T11:36:43.696292Z","level":"error","event":":: loading settings :: url = jar:file:/home/airflow/.local/lib/python3.12/site-packages/pyspark/jars/ivy-2.5.3.jar!/org/apache/ivy/core/settings/ivysettings.xml","chan":"stderr","logger":"task"}
{"timestamp":"2025-06-21T11:36:43.817184Z","level":"error","event":"Ivy Default Cache set to: /home/airflow/.ivy2.5.2/cache","chan":"stderr","logger":"task"}
{"timestamp":"2025-06-21T11:36:43.817782Z","level":"error","event":"The jars for the packages stored in: /home/airflow/.ivy2.5.2/jars","chan":"stderr","logger":"task"}
{"timestamp":"2025-06-21T11:36:43.822358Z","level":"error","event":"org.postgresql#postgresql added as a dependency","chan":"stderr","logger":"task"}
{"timestamp":"2025-06-21T11:36:43.823133Z","level":"error","event":"org.apache.spark#spark-sql-kafka-0-10_2.12 added as a dependency","chan":"stderr","logger":"task"}
{"timestamp":"2025-06-21T11:36:43.823599Z","level":"error","event":":: resolving dependencies :: org.apache.spark#spark-submit-parent-acd4a9a6-55d4-4976-8894-7de548f25ba1;1.0","chan":"stderr","logger":"task"}
{"timestamp":"2025-06-21T11:36:43.823837Z","level":"error","event":"\tconfs: [default]","chan":"stderr","logger":"task"}
{"timestamp":"2025-06-21T11:36:43.972698Z","level":"error","event":"\tfound org.postgresql#postgresql;42.7.1 in central","chan":"stderr","logger":"task"}
{"timestamp":"2025-06-21T11:36:44.004559Z","level":"error","event":"\tfound org.checkerframework#checker-qual;3.41.0 in central","chan":"stderr","logger":"task"}
{"timestamp":"2025-06-21T11:36:44.082589Z","level":"error","event":"\tfound org.apache.spark#spark-sql-kafka-0-10_2.12;3.3.0 in spark-list","chan":"stderr","logger":"task"}
{"timestamp":"2025-06-21T11:36:44.148196Z","level":"error","event":"\tfound org.apache.spark#spark-token-provider-kafka-0-10_2.12;3.3.0 in central","chan":"stderr","logger":"task"}
{"timestamp":"2025-06-21T11:36:44.202280Z","level":"error","event":"\tfound org.apache.kafka#kafka-clients;2.8.1 in central","chan":"stderr","logger":"task"}
{"timestamp":"2025-06-21T11:36:44.259888Z","level":"error","event":"\tfound org.lz4#lz4-java;1.8.0 in central","chan":"stderr","logger":"task"}
{"timestamp":"2025-06-21T11:36:44.322910Z","level":"error","event":"\tfound org.xerial.snappy#snappy-java;1.1.8.4 in spark-list","chan":"stderr","logger":"task"}
{"timestamp":"2025-06-21T11:36:44.378892Z","level":"error","event":"\tfound org.slf4j#slf4j-api;1.7.32 in central","chan":"stderr","logger":"task"}
{"timestamp":"2025-06-21T11:36:44.450213Z","level":"error","event":"\tfound org.apache.hadoop#hadoop-client-runtime;3.3.2 in central","chan":"stderr","logger":"task"}
{"timestamp":"2025-06-21T11:36:44.498179Z","level":"error","event":"\tfound org.spark-project.spark#unused;1.0.0 in central","chan":"stderr","logger":"task"}
{"timestamp":"2025-06-21T11:36:44.585227Z","level":"error","event":"\tfound org.apache.hadoop#hadoop-client-api;3.3.2 in central","chan":"stderr","logger":"task"}
{"timestamp":"2025-06-21T11:36:44.644371Z","level":"error","event":"\tfound commons-logging#commons-logging;1.1.3 in central","chan":"stderr","logger":"task"}
{"timestamp":"2025-06-21T11:36:44.686581Z","level":"error","event":"\tfound com.google.code.findbugs#jsr305;3.0.0 in central","chan":"stderr","logger":"task"}
{"timestamp":"2025-06-21T11:36:44.738610Z","level":"error","event":"\tfound org.apache.commons#commons-pool2;2.11.1 in spark-list","chan":"stderr","logger":"task"}
{"timestamp":"2025-06-21T11:36:44.858093Z","level":"error","event":":: resolution report :: resolve 971ms :: artifacts dl 59ms","chan":"stderr","logger":"task"}
{"timestamp":"2025-06-21T11:36:44.861933Z","level":"error","event":"\t:: modules in use:","chan":"stderr","logger":"task"}
{"timestamp":"2025-06-21T11:36:44.862746Z","level":"error","event":"\tcom.google.code.findbugs#jsr305;3.0.0 from central in [default]","chan":"stderr","logger":"task"}
{"timestamp":"2025-06-21T11:36:44.863597Z","level":"error","event":"\tcommons-logging#commons-logging;1.1.3 from central in [default]","chan":"stderr","logger":"task"}
{"timestamp":"2025-06-21T11:36:44.864372Z","level":"error","event":"\torg.apache.commons#commons-pool2;2.11.1 from spark-list in [default]","chan":"stderr","logger":"task"}
{"timestamp":"2025-06-21T11:36:44.864919Z","level":"error","event":"\torg.apache.hadoop#hadoop-client-api;3.3.2 from central in [default]","chan":"stderr","logger":"task"}
{"timestamp":"2025-06-21T11:36:44.865319Z","level":"error","event":"\torg.apache.hadoop#hadoop-client-runtime;3.3.2 from central in [default]","chan":"stderr","logger":"task"}
{"timestamp":"2025-06-21T11:36:44.865706Z","level":"error","event":"\torg.apache.kafka#kafka-clients;2.8.1 from central in [default]","chan":"stderr","logger":"task"}
{"timestamp":"2025-06-21T11:36:44.866511Z","level":"error","event":"\torg.apache.spark#spark-sql-kafka-0-10_2.12;3.3.0 from spark-list in [default]","chan":"stderr","logger":"task"}
{"timestamp":"2025-06-21T11:36:44.866927Z","level":"error","event":"\torg.apache.spark#spark-token-provider-kafka-0-10_2.12;3.3.0 from central in [default]","chan":"stderr","logger":"task"}
{"timestamp":"2025-06-21T11:36:44.867336Z","level":"error","event":"\torg.checkerframework#checker-qual;3.41.0 from central in [default]","chan":"stderr","logger":"task"}
{"timestamp":"2025-06-21T11:36:44.867647Z","level":"error","event":"\torg.lz4#lz4-java;1.8.0 from central in [default]","chan":"stderr","logger":"task"}
{"timestamp":"2025-06-21T11:36:44.871282Z","level":"error","event":"\torg.postgresql#postgresql;42.7.1 from central in [default]","chan":"stderr","logger":"task"}
{"timestamp":"2025-06-21T11:36:44.873087Z","level":"error","event":"\torg.slf4j#slf4j-api;1.7.32 from central in [default]","chan":"stderr","logger":"task"}
{"timestamp":"2025-06-21T11:36:44.876596Z","level":"error","event":"\torg.spark-project.spark#unused;1.0.0 from central in [default]","chan":"stderr","logger":"task"}
{"timestamp":"2025-06-21T11:36:44.877322Z","level":"error","event":"\torg.xerial.snappy#snappy-java;1.1.8.4 from spark-list in [default]","chan":"stderr","logger":"task"}
{"timestamp":"2025-06-21T11:36:44.877661Z","level":"error","event":"\t---------------------------------------------------------------------","chan":"stderr","logger":"task"}
{"timestamp":"2025-06-21T11:36:44.877991Z","level":"error","event":"\t|                  |            modules            ||   artifacts   |","chan":"stderr","logger":"task"}
{"timestamp":"2025-06-21T11:36:44.878349Z","level":"error","event":"\t|       conf       | number| search|dwnlded|evicted|| number|dwnlded|","chan":"stderr","logger":"task"}
{"timestamp":"2025-06-21T11:36:44.878657Z","level":"error","event":"\t---------------------------------------------------------------------","chan":"stderr","logger":"task"}
{"timestamp":"2025-06-21T11:36:44.878972Z","level":"error","event":"\t|      default     |   14  |   0   |   0   |   0   ||   14  |   0   |","chan":"stderr","logger":"task"}
{"timestamp":"2025-06-21T11:36:44.879270Z","level":"error","event":"\t---------------------------------------------------------------------","chan":"stderr","logger":"task"}
{"timestamp":"2025-06-21T11:36:44.968070Z","level":"error","event":"","chan":"stderr","logger":"task"}
{"timestamp":"2025-06-21T11:36:44.968867Z","level":"error","event":":: problems summary ::","chan":"stderr","logger":"task"}
{"timestamp":"2025-06-21T11:36:44.969376Z","level":"error","event":":::: ERRORS","chan":"stderr","logger":"task"}
{"timestamp":"2025-06-21T11:36:44.969745Z","level":"error","event":"\tunknown resolver null","chan":"stderr","logger":"task"}
{"timestamp":"2025-06-21T11:36:44.970068Z","level":"error","event":"","chan":"stderr","logger":"task"}
{"timestamp":"2025-06-21T11:36:44.970350Z","level":"error","event":"\tunknown resolver null","chan":"stderr","logger":"task"}
{"timestamp":"2025-06-21T11:36:44.970592Z","level":"error","event":"","chan":"stderr","logger":"task"}
{"timestamp":"2025-06-21T11:36:44.970863Z","level":"error","event":"","chan":"stderr","logger":"task"}
{"timestamp":"2025-06-21T11:36:44.971138Z","level":"error","event":":: USE VERBOSE OR DEBUG MESSAGE LEVEL FOR MORE DETAILS","chan":"stderr","logger":"task"}
{"timestamp":"2025-06-21T11:36:44.971366Z","level":"error","event":":: retrieving :: org.apache.spark#spark-submit-parent-acd4a9a6-55d4-4976-8894-7de548f25ba1","chan":"stderr","logger":"task"}
{"timestamp":"2025-06-21T11:36:44.971580Z","level":"error","event":"\tconfs: [default]","chan":"stderr","logger":"task"}
{"timestamp":"2025-06-21T11:36:44.971802Z","level":"error","event":"\t0 artifacts copied, 14 already retrieved (0kB/20ms)","chan":"stderr","logger":"task"}
{"timestamp":"2025-06-21T11:36:45.449197Z","level":"error","event":"25/06/21 11:36:45 WARN NativeCodeLoader: Unable to load native-hadoop library for your platform... using builtin-java classes where applicable","chan":"stderr","logger":"task"}
{"timestamp":"2025-06-21T11:36:45.815061Z","level":"error","event":"Using Spark's default log4j profile: org/apache/spark/log4j2-defaults.properties","chan":"stderr","logger":"task"}
{"timestamp":"2025-06-21T11:36:45.815691Z","level":"error","event":"Setting default log level to \"WARN\".","chan":"stderr","logger":"task"}
{"timestamp":"2025-06-21T11:36:45.816065Z","level":"error","event":"To adjust logging level use sc.setLogLevel(newLevel). For SparkR, use setLogLevel(newLevel).","chan":"stderr","logger":"task"}
{"timestamp":"2025-06-21T11:36:47.606559Z","level":"error","event":"25/06/21 11:36:47 WARN Utils: Service 'SparkUI' could not bind on port 4050. Attempting port 4051.","chan":"stderr","logger":"task"}
{"timestamp":"2025-06-21T11:36:50.689971","level":"info","event":"Thử lần 1/5 kiểm tra topic 'fact_sales'...","logger":"kafka.build_kafka"}
{"timestamp":"2025-06-21T11:36:50.745362","level":"info","event":"Topic 'fact_sales' đã tồn tại.","logger":"kafka.build_kafka"}
{"timestamp":"2025-06-21T11:36:50.846580","level":"info","event":"extract fact_sales","logger":"dags.etl_fact_sales"}
{"timestamp":"2025-06-21T11:36:52.858653","level":"info","event":"transform fact_sales","logger":"dags.etl_fact_sales"}
{"timestamp":"2025-06-21T11:36:52.858932","level":"error","event":"Lỗi trong quá trình gửi Kafka: transform_fact_sales() missing 1 required positional argument: 'df'","logger":"dags.etl_fact_sales"}
{"timestamp":"2025-06-21T11:36:53.069932","level":"info","event":"Done. Returned value was: None","logger":"airflow.task.operators.airflow.providers.standard.operators.python.PythonOperator"}
{"timestamp":"2025-06-21T11:36:53.096334Z","level":"info","event":"Task instance in success state","chan":"stdout","logger":"task"}
{"timestamp":"2025-06-21T11:36:53.096926Z","level":"info","event":" Previous state of the Task instance: running","chan":"stdout","logger":"task"}
{"timestamp":"2025-06-21T11:36:53.097332Z","level":"info","event":"Task operator:<Task(PythonOperator): fact_sales_group.producer_kafka>","chan":"stdout","logger":"task"}
