{"timestamp":"2025-06-21T15:34:33.316966","level":"info","event":"DAG bundles loaded: dags-folder, example_dags","logger":"airflow.dag_processing.bundles.manager.DagBundlesManager"}
{"timestamp":"2025-06-21T15:34:33.321555","level":"info","event":"Filling up the DagBag from /opt/airflow/dags/etl_pipeline.py","logger":"airflow.models.dagbag.DagBag"}
{"timestamp":"2025-06-21T15:34:34.498353Z","level":"info","event":"Task instance is in running state","chan":"stdout","logger":"task"}
{"timestamp":"2025-06-21T15:34:34.499786Z","level":"info","event":" Previous state of the Task instance: queued","chan":"stdout","logger":"task"}
{"timestamp":"2025-06-21T15:34:34.500388Z","level":"info","event":"Current task name:dim_date_group.consumer_kafka","chan":"stdout","logger":"task"}
{"timestamp":"2025-06-21T15:34:34.500858Z","level":"info","event":"Dag name:etl_pipeline","chan":"stdout","logger":"task"}
{"timestamp":"2025-06-21T15:34:37.191294","level":"info","event":"Secrets backends loaded for worker","count":1,"backend_classes":["EnvironmentVariablesBackend"],"logger":"supervisor"}
{"timestamp":"2025-06-21T15:34:37.203661","level":"info","event":"Connection Retrieved 'sqlserver_default'","logger":"airflow.hooks.base"}
{"timestamp":"2025-06-21T15:34:38.355015","level":"info","event":"Không có message nào mới.","logger":"dags.etl_dim_date"}
{"timestamp":"2025-06-21T15:34:39.456373","level":"info","event":"Không có message nào mới.","logger":"dags.etl_dim_date"}
{"timestamp":"2025-06-21T15:34:40.557644","level":"info","event":"Không có message nào mới.","logger":"dags.etl_dim_date"}
{"timestamp":"2025-06-21T15:34:45.112495","level":"info","event":"Không có message nào mới.","logger":"dags.etl_dim_date"}
{"timestamp":"2025-06-21T15:34:46.213537","level":"info","event":"Không có message nào mới.","logger":"dags.etl_dim_date"}
{"timestamp":"2025-06-21T15:34:47.315673","level":"info","event":"Không có message nào mới.","logger":"dags.etl_dim_date"}
{"timestamp":"2025-06-21T15:34:48.417467","level":"info","event":"Không có message nào mới.","logger":"dags.etl_dim_date"}
{"timestamp":"2025-06-21T15:34:49.522598","level":"info","event":"Không có message nào mới.","logger":"dags.etl_dim_date"}
{"timestamp":"2025-06-21T15:34:50.626002","level":"info","event":"Không có message nào mới.","logger":"dags.etl_dim_date"}
{"timestamp":"2025-06-21T15:34:51.730959","level":"info","event":"Không có message nào mới.","logger":"dags.etl_dim_date"}
{"timestamp":"2025-06-21T15:34:51.734337","level":"info","event":"Đã thêm 0 bản ghi mới vào dim_date, bỏ qua 2161 bản ghi trùng","logger":"dags.etl_dim_date"}
{"timestamp":"2025-06-21T15:34:51.742142","level":"info","event":"Done. Returned value was: None","logger":"airflow.task.operators.airflow.providers.standard.operators.python.PythonOperator"}
{"timestamp":"2025-06-21T15:34:51.762859Z","level":"info","event":"Task instance in success state","chan":"stdout","logger":"task"}
{"timestamp":"2025-06-21T15:34:51.765110Z","level":"info","event":" Previous state of the Task instance: running","chan":"stdout","logger":"task"}
{"timestamp":"2025-06-21T15:34:51.765616Z","level":"info","event":"Task operator:<Task(PythonOperator): dim_date_group.consumer_kafka>","chan":"stdout","logger":"task"}
