{"timestamp":"2025-06-21T12:15:34.636563","level":"info","event":"DAG bundles loaded: dags-folder, example_dags","logger":"airflow.dag_processing.bundles.manager.DagBundlesManager"}
{"timestamp":"2025-06-21T12:15:34.637167","level":"info","event":"Filling up the DagBag from /opt/airflow/dags/etl_pipeline.py","logger":"airflow.models.dagbag.DagBag"}
{"timestamp":"2025-06-21T12:15:35.536564Z","level":"info","event":"Task instance is in running state","chan":"stdout","logger":"task"}
{"timestamp":"2025-06-21T12:15:35.537441Z","level":"info","event":" Previous state of the Task instance: queued","chan":"stdout","logger":"task"}
{"timestamp":"2025-06-21T12:15:35.537819Z","level":"info","event":"Current task name:install_spark_dependencies","chan":"stdout","logger":"task"}
{"timestamp":"2025-06-21T12:15:35.538115Z","level":"info","event":"Dag name:etl_pipeline","chan":"stdout","logger":"task"}
{"timestamp":"2025-06-21T12:15:36.103184Z","level":"error","event":"WARNING: Using incubator modules: jdk.incubator.vector","chan":"stderr","logger":"task"}
{"timestamp":"2025-06-21T12:15:38.295534Z","level":"error","event":":: loading settings :: url = jar:file:/home/airflow/.local/lib/python3.12/site-packages/pyspark/jars/ivy-2.5.3.jar!/org/apache/ivy/core/settings/ivysettings.xml","chan":"stderr","logger":"task"}
{"timestamp":"2025-06-21T12:15:38.486401Z","level":"error","event":"Ivy Default Cache set to: /home/airflow/.ivy2.5.2/cache","chan":"stderr","logger":"task"}
{"timestamp":"2025-06-21T12:15:38.487315Z","level":"error","event":"The jars for the packages stored in: /home/airflow/.ivy2.5.2/jars","chan":"stderr","logger":"task"}
{"timestamp":"2025-06-21T12:15:38.492948Z","level":"error","event":"org.postgresql#postgresql added as a dependency","chan":"stderr","logger":"task"}
{"timestamp":"2025-06-21T12:15:38.493754Z","level":"error","event":"org.apache.spark#spark-sql-kafka-0-10_2.12 added as a dependency","chan":"stderr","logger":"task"}
{"timestamp":"2025-06-21T12:15:38.495632Z","level":"error","event":":: resolving dependencies :: org.apache.spark#spark-submit-parent-fbf8931f-417d-4cd8-aa80-7f496775c1f6;1.0","chan":"stderr","logger":"task"}
{"timestamp":"2025-06-21T12:15:38.496129Z","level":"error","event":"\tconfs: [default]","chan":"stderr","logger":"task"}
{"timestamp":"2025-06-21T12:15:40.509128Z","level":"error","event":"\tfound org.postgresql#postgresql;42.7.1 in central","chan":"stderr","logger":"task"}
{"timestamp":"2025-06-21T12:15:40.965541Z","level":"error","event":"\tfound org.checkerframework#checker-qual;3.41.0 in central","chan":"stderr","logger":"task"}
{"timestamp":"2025-06-21T12:15:45.060167Z","level":"error","event":"\tfound org.apache.spark#spark-sql-kafka-0-10_2.12;3.3.0 in central","chan":"stderr","logger":"task"}
{"timestamp":"2025-06-21T12:15:45.921197Z","level":"error","event":"\tfound org.apache.spark#spark-token-provider-kafka-0-10_2.12;3.3.0 in central","chan":"stderr","logger":"task"}
{"timestamp":"2025-06-21T12:15:46.350163Z","level":"error","event":"\tfound org.apache.kafka#kafka-clients;2.8.1 in central","chan":"stderr","logger":"task"}
{"timestamp":"2025-06-21T12:15:46.773956Z","level":"error","event":"\tfound org.lz4#lz4-java;1.8.0 in central","chan":"stderr","logger":"task"}
{"timestamp":"2025-06-21T12:15:47.221175Z","level":"error","event":"\tfound org.xerial.snappy#snappy-java;1.1.8.4 in central","chan":"stderr","logger":"task"}
{"timestamp":"2025-06-21T12:15:47.035532Z","level":"error","event":"\tfound org.slf4j#slf4j-api;1.7.32 in central","chan":"stderr","logger":"task"}
{"timestamp":"2025-06-21T12:15:49.999139Z","level":"error","event":"\tfound org.apache.hadoop#hadoop-client-runtime;3.3.2 in central","chan":"stderr","logger":"task"}
{"timestamp":"2025-06-21T12:15:52.117794Z","level":"error","event":"\tfound org.spark-project.spark#unused;1.0.0 in central","chan":"stderr","logger":"task"}
{"timestamp":"2025-06-21T12:15:52.657532Z","level":"error","event":"\tfound org.apache.hadoop#hadoop-client-api;3.3.2 in central","chan":"stderr","logger":"task"}
{"timestamp":"2025-06-21T12:15:55.588285Z","level":"error","event":"\tfound commons-logging#commons-logging;1.1.3 in central","chan":"stderr","logger":"task"}
{"timestamp":"2025-06-21T12:15:55.990108Z","level":"error","event":"\tfound com.google.code.findbugs#jsr305;3.0.0 in central","chan":"stderr","logger":"task"}
{"timestamp":"2025-06-21T12:15:59.047435Z","level":"error","event":"\tfound org.apache.commons#commons-pool2;2.11.1 in central","chan":"stderr","logger":"task"}
{"timestamp":"2025-06-21T12:15:59.255333Z","level":"error","event":"downloading https://repo1.maven.org/maven2/org/postgresql/postgresql/42.7.1/postgresql-42.7.1.jar ...","chan":"stderr","logger":"task"}
{"timestamp":"2025-06-21T12:16:00.014812Z","level":"error","event":"\t[SUCCESSFUL ] org.postgresql#postgresql;42.7.1!postgresql.jar (958ms)","chan":"stderr","logger":"task"}
{"timestamp":"2025-06-21T12:16:00.208542Z","level":"error","event":"downloading https://repo1.maven.org/maven2/org/apache/spark/spark-sql-kafka-0-10_2.12/3.3.0/spark-sql-kafka-0-10_2.12-3.3.0.jar ...","chan":"stderr","logger":"task"}
{"timestamp":"2025-06-21T12:16:00.550587Z","level":"error","event":"\t[SUCCESSFUL ] org.apache.spark#spark-sql-kafka-0-10_2.12;3.3.0!spark-sql-kafka-0-10_2.12.jar (535ms)","chan":"stderr","logger":"task"}
{"timestamp":"2025-06-21T12:16:00.767216Z","level":"error","event":"downloading https://repo1.maven.org/maven2/org/checkerframework/checker-qual/3.41.0/checker-qual-3.41.0.jar ...","chan":"stderr","logger":"task"}
{"timestamp":"2025-06-21T12:16:01.049911Z","level":"error","event":"\t[SUCCESSFUL ] org.checkerframework#checker-qual;3.41.0!checker-qual.jar (498ms)","chan":"stderr","logger":"task"}
{"timestamp":"2025-06-21T12:16:01.257846Z","level":"error","event":"downloading https://repo1.maven.org/maven2/org/apache/spark/spark-token-provider-kafka-0-10_2.12/3.3.0/spark-token-provider-kafka-0-10_2.12-3.3.0.jar ...","chan":"stderr","logger":"task"}
{"timestamp":"2025-06-21T12:16:01.477151Z","level":"error","event":"\t[SUCCESSFUL ] org.apache.spark#spark-token-provider-kafka-0-10_2.12;3.3.0!spark-token-provider-kafka-0-10_2.12.jar (426ms)","chan":"stderr","logger":"task"}
{"timestamp":"2025-06-21T12:16:01.672569Z","level":"error","event":"downloading https://repo1.maven.org/maven2/org/apache/kafka/kafka-clients/2.8.1/kafka-clients-2.8.1.jar ...","chan":"stderr","logger":"task"}
{"timestamp":"2025-06-21T12:16:04.120389Z","level":"error","event":"\t[SUCCESSFUL ] org.apache.kafka#kafka-clients;2.8.1!kafka-clients.jar (2643ms)","chan":"stderr","logger":"task"}
{"timestamp":"2025-06-21T12:16:04.313539Z","level":"error","event":"downloading https://repo1.maven.org/maven2/com/google/code/findbugs/jsr305/3.0.0/jsr305-3.0.0.jar ...","chan":"stderr","logger":"task"}
{"timestamp":"2025-06-21T12:16:04.525942Z","level":"error","event":"\t[SUCCESSFUL ] com.google.code.findbugs#jsr305;3.0.0!jsr305.jar (405ms)","chan":"stderr","logger":"task"}
{"timestamp":"2025-06-21T12:16:04.729589Z","level":"error","event":"downloading https://repo1.maven.org/maven2/org/apache/commons/commons-pool2/2.11.1/commons-pool2-2.11.1.jar ...","chan":"stderr","logger":"task"}
{"timestamp":"2025-06-21T12:16:04.996063Z","level":"error","event":"\t[SUCCESSFUL ] org.apache.commons#commons-pool2;2.11.1!commons-pool2.jar (469ms)","chan":"stderr","logger":"task"}
{"timestamp":"2025-06-21T12:16:05.188380Z","level":"error","event":"downloading https://repo1.maven.org/maven2/org/spark-project/spark/unused/1.0.0/unused-1.0.0.jar ...","chan":"stderr","logger":"task"}
{"timestamp":"2025-06-21T12:16:05.395813Z","level":"error","event":"\t[SUCCESSFUL ] org.spark-project.spark#unused;1.0.0!unused.jar (399ms)","chan":"stderr","logger":"task"}
{"timestamp":"2025-06-21T12:16:05.631464Z","level":"error","event":"downloading https://repo1.maven.org/maven2/org/apache/hadoop/hadoop-client-runtime/3.3.2/hadoop-client-runtime-3.3.2.jar ...","chan":"stderr","logger":"task"}
{"timestamp":"2025-06-21T12:16:18.462575Z","level":"error","event":"\t[SUCCESSFUL ] org.apache.hadoop#hadoop-client-runtime;3.3.2!hadoop-client-runtime.jar (13066ms)","chan":"stderr","logger":"task"}
{"timestamp":"2025-06-21T12:16:18.679161Z","level":"error","event":"downloading https://repo1.maven.org/maven2/org/lz4/lz4-java/1.8.0/lz4-java-1.8.0.jar ...","chan":"stderr","logger":"task"}
{"timestamp":"2025-06-21T12:16:19.314164Z","level":"error","event":"\t[SUCCESSFUL ] org.lz4#lz4-java;1.8.0!lz4-java.jar (849ms)","chan":"stderr","logger":"task"}
{"timestamp":"2025-06-21T12:16:19.719673Z","level":"error","event":"downloading https://repo1.maven.org/maven2/org/xerial/snappy/snappy-java/1.1.8.4/snappy-java-1.1.8.4.jar ...","chan":"stderr","logger":"task"}
{"timestamp":"2025-06-21T12:16:21.762828Z","level":"error","event":"\t[SUCCESSFUL ] org.xerial.snappy#snappy-java;1.1.8.4!snappy-java.jar(bundle) (2447ms)","chan":"stderr","logger":"task"}
{"timestamp":"2025-06-21T12:16:21.971126Z","level":"error","event":"downloading https://repo1.maven.org/maven2/org/slf4j/slf4j-api/1.7.32/slf4j-api-1.7.32.jar ...","chan":"stderr","logger":"task"}
{"timestamp":"2025-06-21T12:16:23.315356Z","level":"error","event":"\t[SUCCESSFUL ] org.slf4j#slf4j-api;1.7.32!slf4j-api.jar (1551ms)","chan":"stderr","logger":"task"}
{"timestamp":"2025-06-21T12:16:23.520191Z","level":"error","event":"downloading https://repo1.maven.org/maven2/org/apache/hadoop/hadoop-client-api/3.3.2/hadoop-client-api-3.3.2.jar ...","chan":"stderr","logger":"task"}
{"timestamp":"2025-06-21T12:17:23.316730Z","level":"error","event":"\t[SUCCESSFUL ] org.apache.hadoop#hadoop-client-api;3.3.2!hadoop-client-api.jar (60001ms)","chan":"stderr","logger":"task"}
{"timestamp":"2025-06-21T12:17:23.509323Z","level":"error","event":"downloading https://repo1.maven.org/maven2/commons-logging/commons-logging/1.1.3/commons-logging-1.1.3.jar ...","chan":"stderr","logger":"task"}
{"timestamp":"2025-06-21T12:17:23.850285Z","level":"error","event":"\t[SUCCESSFUL ] commons-logging#commons-logging;1.1.3!commons-logging.jar (532ms)","chan":"stderr","logger":"task"}
{"timestamp":"2025-06-21T12:17:23.850931Z","level":"error","event":":: resolution report :: resolve 20561ms :: artifacts dl 84794ms","chan":"stderr","logger":"task"}
{"timestamp":"2025-06-21T12:17:23.851318Z","level":"error","event":"\t:: modules in use:","chan":"stderr","logger":"task"}
{"timestamp":"2025-06-21T12:17:23.851547Z","level":"error","event":"\tcom.google.code.findbugs#jsr305;3.0.0 from central in [default]","chan":"stderr","logger":"task"}
{"timestamp":"2025-06-21T12:17:23.851900Z","level":"error","event":"\tcommons-logging#commons-logging;1.1.3 from central in [default]","chan":"stderr","logger":"task"}
{"timestamp":"2025-06-21T12:17:23.852155Z","level":"error","event":"\torg.apache.commons#commons-pool2;2.11.1 from central in [default]","chan":"stderr","logger":"task"}
{"timestamp":"2025-06-21T12:17:23.852402Z","level":"error","event":"\torg.apache.hadoop#hadoop-client-api;3.3.2 from central in [default]","chan":"stderr","logger":"task"}
{"timestamp":"2025-06-21T12:17:23.852646Z","level":"error","event":"\torg.apache.hadoop#hadoop-client-runtime;3.3.2 from central in [default]","chan":"stderr","logger":"task"}
{"timestamp":"2025-06-21T12:17:23.852850Z","level":"error","event":"\torg.apache.kafka#kafka-clients;2.8.1 from central in [default]","chan":"stderr","logger":"task"}
{"timestamp":"2025-06-21T12:17:23.853102Z","level":"error","event":"\torg.apache.spark#spark-sql-kafka-0-10_2.12;3.3.0 from central in [default]","chan":"stderr","logger":"task"}
{"timestamp":"2025-06-21T12:17:23.853370Z","level":"error","event":"\torg.apache.spark#spark-token-provider-kafka-0-10_2.12;3.3.0 from central in [default]","chan":"stderr","logger":"task"}
{"timestamp":"2025-06-21T12:17:23.853737Z","level":"error","event":"\torg.checkerframework#checker-qual;3.41.0 from central in [default]","chan":"stderr","logger":"task"}
{"timestamp":"2025-06-21T12:17:23.853986Z","level":"error","event":"\torg.lz4#lz4-java;1.8.0 from central in [default]","chan":"stderr","logger":"task"}
{"timestamp":"2025-06-21T12:17:23.854214Z","level":"error","event":"\torg.postgresql#postgresql;42.7.1 from central in [default]","chan":"stderr","logger":"task"}
{"timestamp":"2025-06-21T12:17:23.854415Z","level":"error","event":"\torg.slf4j#slf4j-api;1.7.32 from central in [default]","chan":"stderr","logger":"task"}
{"timestamp":"2025-06-21T12:17:23.854622Z","level":"error","event":"\torg.spark-project.spark#unused;1.0.0 from central in [default]","chan":"stderr","logger":"task"}
{"timestamp":"2025-06-21T12:17:23.854840Z","level":"error","event":"\torg.xerial.snappy#snappy-java;1.1.8.4 from central in [default]","chan":"stderr","logger":"task"}
{"timestamp":"2025-06-21T12:17:23.855105Z","level":"error","event":"\t---------------------------------------------------------------------","chan":"stderr","logger":"task"}
{"timestamp":"2025-06-21T12:17:23.855415Z","level":"error","event":"\t|                  |            modules            ||   artifacts   |","chan":"stderr","logger":"task"}
{"timestamp":"2025-06-21T12:17:23.855720Z","level":"error","event":"\t|       conf       | number| search|dwnlded|evicted|| number|dwnlded|","chan":"stderr","logger":"task"}
{"timestamp":"2025-06-21T12:17:23.856073Z","level":"error","event":"\t---------------------------------------------------------------------","chan":"stderr","logger":"task"}
{"timestamp":"2025-06-21T12:17:23.856330Z","level":"error","event":"\t|      default     |   14  |   14  |   14  |   0   ||   14  |   14  |","chan":"stderr","logger":"task"}
{"timestamp":"2025-06-21T12:17:23.856614Z","level":"error","event":"\t---------------------------------------------------------------------","chan":"stderr","logger":"task"}
{"timestamp":"2025-06-21T12:17:23.857055Z","level":"error","event":":: retrieving :: org.apache.spark#spark-submit-parent-fbf8931f-417d-4cd8-aa80-7f496775c1f6","chan":"stderr","logger":"task"}
{"timestamp":"2025-06-21T12:17:23.857292Z","level":"error","event":"\tconfs: [default]","chan":"stderr","logger":"task"}
{"timestamp":"2025-06-21T12:17:23.920553Z","level":"error","event":"\t14 artifacts copied, 0 already retrieved (57913kB/64ms)","chan":"stderr","logger":"task"}
{"timestamp":"2025-06-21T12:17:24.232356Z","level":"error","event":"25/06/21 12:17:24 WARN NativeCodeLoader: Unable to load native-hadoop library for your platform... using builtin-java classes where applicable","chan":"stderr","logger":"task"}
{"timestamp":"2025-06-21T12:17:24.518358Z","level":"error","event":"Using Spark's default log4j profile: org/apache/spark/log4j2-defaults.properties","chan":"stderr","logger":"task"}
{"timestamp":"2025-06-21T12:17:24.519206Z","level":"error","event":"Setting default log level to \"WARN\".","chan":"stderr","logger":"task"}
{"timestamp":"2025-06-21T12:17:24.519603Z","level":"error","event":"To adjust logging level use sc.setLogLevel(newLevel). For SparkR, use setLogLevel(newLevel).","chan":"stderr","logger":"task"}
{"timestamp":"2025-06-21T12:17:30.320688Z","level":"info","event":"Spark session started to preload jars...","chan":"stdout","logger":"task"}
{"timestamp":"2025-06-21T12:17:30.775106","level":"info","event":"Done. Returned value was: None","logger":"airflow.task.operators.airflow.providers.standard.operators.python.PythonOperator"}
{"timestamp":"2025-06-21T12:17:30.898004Z","level":"info","event":"Task instance in success state","chan":"stdout","logger":"task"}
{"timestamp":"2025-06-21T12:17:30.898472Z","level":"info","event":" Previous state of the Task instance: running","chan":"stdout","logger":"task"}
{"timestamp":"2025-06-21T12:17:30.898940Z","level":"info","event":"Task operator:<Task(PythonOperator): install_spark_dependencies>","chan":"stdout","logger":"task"}
