{"timestamp":"2025-06-21T11:57:19.284658","level":"info","event":"DAG bundles loaded: dags-folder, example_dags","logger":"airflow.dag_processing.bundles.manager.DagBundlesManager"}
{"timestamp":"2025-06-21T11:57:19.287268","level":"info","event":"Filling up the DagBag from /opt/airflow/dags/etl_pipeline.py","logger":"airflow.models.dagbag.DagBag"}
{"timestamp":"2025-06-21T11:57:19.966113Z","level":"info","event":"Task instance is in running state","chan":"stdout","logger":"task"}
{"timestamp":"2025-06-21T11:57:19.967130Z","level":"info","event":" Previous state of the Task instance: queued","chan":"stdout","logger":"task"}
{"timestamp":"2025-06-21T11:57:19.967536Z","level":"info","event":"Current task name:dim_product_group.consumer_kafka","chan":"stdout","logger":"task"}
{"timestamp":"2025-06-21T11:57:19.967822Z","level":"info","event":"Dag name:etl_pipeline","chan":"stdout","logger":"task"}
{"timestamp":"2025-06-21T11:57:19.940477","level":"info","event":"Secrets backends loaded for worker","count":1,"backend_classes":["EnvironmentVariablesBackend"],"logger":"supervisor"}
{"timestamp":"2025-06-21T11:57:19.967722","level":"info","event":"Connection Retrieved 'sqlserver_default'","logger":"airflow.hooks.base"}
{"timestamp":"2025-06-21T11:57:21.424933Z","level":"info","event":"Không có message nào mới.","chan":"stdout","logger":"task"}
{"timestamp":"2025-06-21T11:57:22.527364Z","level":"info","event":"Không có message nào mới.","chan":"stdout","logger":"task"}
{"timestamp":"2025-06-21T11:57:23.629313Z","level":"info","event":"Không có message nào mới.","chan":"stdout","logger":"task"}
{"timestamp":"2025-06-21T11:57:27.041232Z","level":"info","event":"Không có message nào mới.","chan":"stdout","logger":"task"}
{"timestamp":"2025-06-21T11:57:28.142804Z","level":"info","event":"Không có message nào mới.","chan":"stdout","logger":"task"}
{"timestamp":"2025-06-21T11:57:29.243820Z","level":"info","event":"Không có message nào mới.","chan":"stdout","logger":"task"}
{"timestamp":"2025-06-21T11:57:30.346356Z","level":"info","event":"Không có message nào mới.","chan":"stdout","logger":"task"}
{"timestamp":"2025-06-21T11:57:31.447431Z","level":"info","event":"Không có message nào mới.","chan":"stdout","logger":"task"}
{"timestamp":"2025-06-21T11:57:32.548328Z","level":"info","event":"Không có message nào mới.","chan":"stdout","logger":"task"}
{"timestamp":"2025-06-21T11:57:33.648869Z","level":"info","event":"Không có message nào mới.","chan":"stdout","logger":"task"}
{"timestamp":"2025-06-21T11:57:33.651812Z","level":"info","event":"Đã thêm dim_product 0 bản ghi mới, bỏ qua 2029 bản ghi trùng","chan":"stdout","logger":"task"}
{"timestamp":"2025-06-21T11:57:33.663931","level":"info","event":"Done. Returned value was: None","logger":"airflow.task.operators.airflow.providers.standard.operators.python.PythonOperator"}
{"timestamp":"2025-06-21T11:57:33.699891Z","level":"info","event":"Task instance in success state","chan":"stdout","logger":"task"}
{"timestamp":"2025-06-21T11:57:33.700517Z","level":"info","event":" Previous state of the Task instance: running","chan":"stdout","logger":"task"}
{"timestamp":"2025-06-21T11:57:33.701001Z","level":"info","event":"Task operator:<Task(PythonOperator): dim_product_group.consumer_kafka>","chan":"stdout","logger":"task"}
