{"timestamp":"2025-06-17T20:53:50.485459","level":"info","event":"DAG bundles loaded: dags-folder, example_dags","logger":"airflow.dag_processing.bundles.manager.DagBundlesManager"}
{"timestamp":"2025-06-17T20:53:50.486042","level":"info","event":"Filling up the DagBag from /opt/airflow/dags/etl_pipeline.py","logger":"airflow.models.dagbag.DagBag"}
{"timestamp":"2025-06-17T20:53:51.084898Z","level":"info","event":"Task instance is in running state","chan":"stdout","logger":"task"}
{"timestamp":"2025-06-17T20:53:51.086534Z","level":"info","event":" Previous state of the Task instance: queued","chan":"stdout","logger":"task"}
{"timestamp":"2025-06-17T20:53:51.087258Z","level":"info","event":"Current task name:dim_customer_group.extract_transform","chan":"stdout","logger":"task"}
{"timestamp":"2025-06-17T20:53:51.087702Z","level":"info","event":"Dag name:etl_pipeline","chan":"stdout","logger":"task"}
{"timestamp":"2025-06-17T20:53:51.247208Z","level":"error","event":"WARNING: Using incubator modules: jdk.incubator.vector","chan":"stderr","logger":"task"}
{"timestamp":"2025-06-17T20:53:53.471673Z","level":"error","event":":: loading settings :: url = jar:file:/home/airflow/.local/lib/python3.12/site-packages/pyspark/jars/ivy-2.5.3.jar!/org/apache/ivy/core/settings/ivysettings.xml","chan":"stderr","logger":"task"}
{"timestamp":"2025-06-17T20:53:53.554993Z","level":"error","event":"Ivy Default Cache set to: /home/airflow/.ivy2.5.2/cache","chan":"stderr","logger":"task"}
{"timestamp":"2025-06-17T20:53:53.555608Z","level":"error","event":"The jars for the packages stored in: /home/airflow/.ivy2.5.2/jars","chan":"stderr","logger":"task"}
{"timestamp":"2025-06-17T20:53:53.563210Z","level":"error","event":"org.postgresql#postgresql added as a dependency","chan":"stderr","logger":"task"}
{"timestamp":"2025-06-17T20:53:53.563890Z","level":"error","event":"org.apache.spark#spark-sql-kafka-0-10_2.12 added as a dependency","chan":"stderr","logger":"task"}
{"timestamp":"2025-06-17T20:53:53.564599Z","level":"error","event":":: resolving dependencies :: org.apache.spark#spark-submit-parent-8475ddb3-b414-42f3-b53b-d96ddff67d0f;1.0","chan":"stderr","logger":"task"}
{"timestamp":"2025-06-17T20:53:53.565289Z","level":"error","event":"\tconfs: [default]","chan":"stderr","logger":"task"}
{"timestamp":"2025-06-17T20:53:53.675394Z","level":"error","event":"\tfound org.postgresql#postgresql;42.7.1 in central","chan":"stderr","logger":"task"}
{"timestamp":"2025-06-17T20:53:53.700060Z","level":"error","event":"\tfound org.checkerframework#checker-qual;3.41.0 in central","chan":"stderr","logger":"task"}
{"timestamp":"2025-06-17T20:53:53.798184Z","level":"error","event":"\tfound org.apache.spark#spark-sql-kafka-0-10_2.12;3.3.0 in central","chan":"stderr","logger":"task"}
{"timestamp":"2025-06-17T20:53:53.839774Z","level":"error","event":"\tfound org.apache.spark#spark-token-provider-kafka-0-10_2.12;3.3.0 in central","chan":"stderr","logger":"task"}
{"timestamp":"2025-06-17T20:53:53.863643Z","level":"error","event":"\tfound org.apache.kafka#kafka-clients;2.8.1 in central","chan":"stderr","logger":"task"}
{"timestamp":"2025-06-17T20:53:53.894248Z","level":"error","event":"\tfound org.lz4#lz4-java;1.8.0 in central","chan":"stderr","logger":"task"}
{"timestamp":"2025-06-17T20:53:53.920986Z","level":"error","event":"\tfound org.xerial.snappy#snappy-java;1.1.8.4 in central","chan":"stderr","logger":"task"}
{"timestamp":"2025-06-17T20:53:53.943375Z","level":"error","event":"\tfound org.slf4j#slf4j-api;1.7.32 in central","chan":"stderr","logger":"task"}
{"timestamp":"2025-06-17T20:53:53.970810Z","level":"error","event":"\tfound org.apache.hadoop#hadoop-client-runtime;3.3.2 in central","chan":"stderr","logger":"task"}
{"timestamp":"2025-06-17T20:53:53.993626Z","level":"error","event":"\tfound org.spark-project.spark#unused;1.0.0 in central","chan":"stderr","logger":"task"}
{"timestamp":"2025-06-17T20:53:54.022708Z","level":"error","event":"\tfound org.apache.hadoop#hadoop-client-api;3.3.2 in central","chan":"stderr","logger":"task"}
{"timestamp":"2025-06-17T20:53:54.055566Z","level":"error","event":"\tfound commons-logging#commons-logging;1.1.3 in central","chan":"stderr","logger":"task"}
{"timestamp":"2025-06-17T20:53:54.081708Z","level":"error","event":"\tfound com.google.code.findbugs#jsr305;3.0.0 in central","chan":"stderr","logger":"task"}
{"timestamp":"2025-06-17T20:53:54.104608Z","level":"error","event":"\tfound org.apache.commons#commons-pool2;2.11.1 in central","chan":"stderr","logger":"task"}
{"timestamp":"2025-06-17T20:53:54.146874Z","level":"error","event":":: resolution report :: resolve 565ms :: artifacts dl 17ms","chan":"stderr","logger":"task"}
{"timestamp":"2025-06-17T20:53:54.148209Z","level":"error","event":"\t:: modules in use:","chan":"stderr","logger":"task"}
{"timestamp":"2025-06-17T20:53:54.150416Z","level":"error","event":"\tcom.google.code.findbugs#jsr305;3.0.0 from central in [default]","chan":"stderr","logger":"task"}
{"timestamp":"2025-06-17T20:53:54.151642Z","level":"error","event":"\tcommons-logging#commons-logging;1.1.3 from central in [default]","chan":"stderr","logger":"task"}
{"timestamp":"2025-06-17T20:53:54.152222Z","level":"error","event":"\torg.apache.commons#commons-pool2;2.11.1 from central in [default]","chan":"stderr","logger":"task"}
{"timestamp":"2025-06-17T20:53:54.152827Z","level":"error","event":"\torg.apache.hadoop#hadoop-client-api;3.3.2 from central in [default]","chan":"stderr","logger":"task"}
{"timestamp":"2025-06-17T20:53:54.153573Z","level":"error","event":"\torg.apache.hadoop#hadoop-client-runtime;3.3.2 from central in [default]","chan":"stderr","logger":"task"}
{"timestamp":"2025-06-17T20:53:54.154100Z","level":"error","event":"\torg.apache.kafka#kafka-clients;2.8.1 from central in [default]","chan":"stderr","logger":"task"}
{"timestamp":"2025-06-17T20:53:54.154497Z","level":"error","event":"\torg.apache.spark#spark-sql-kafka-0-10_2.12;3.3.0 from central in [default]","chan":"stderr","logger":"task"}
{"timestamp":"2025-06-17T20:53:54.154802Z","level":"error","event":"\torg.apache.spark#spark-token-provider-kafka-0-10_2.12;3.3.0 from central in [default]","chan":"stderr","logger":"task"}
{"timestamp":"2025-06-17T20:53:54.155128Z","level":"error","event":"\torg.checkerframework#checker-qual;3.41.0 from central in [default]","chan":"stderr","logger":"task"}
{"timestamp":"2025-06-17T20:53:54.155495Z","level":"error","event":"\torg.lz4#lz4-java;1.8.0 from central in [default]","chan":"stderr","logger":"task"}
{"timestamp":"2025-06-17T20:53:54.156015Z","level":"error","event":"\torg.postgresql#postgresql;42.7.1 from central in [default]","chan":"stderr","logger":"task"}
{"timestamp":"2025-06-17T20:53:54.156387Z","level":"error","event":"\torg.slf4j#slf4j-api;1.7.32 from central in [default]","chan":"stderr","logger":"task"}
{"timestamp":"2025-06-17T20:53:54.156758Z","level":"error","event":"\torg.spark-project.spark#unused;1.0.0 from central in [default]","chan":"stderr","logger":"task"}
{"timestamp":"2025-06-17T20:53:54.157118Z","level":"error","event":"\torg.xerial.snappy#snappy-java;1.1.8.4 from central in [default]","chan":"stderr","logger":"task"}
{"timestamp":"2025-06-17T20:53:54.157449Z","level":"error","event":"\t---------------------------------------------------------------------","chan":"stderr","logger":"task"}
{"timestamp":"2025-06-17T20:53:54.157804Z","level":"error","event":"\t|                  |            modules            ||   artifacts   |","chan":"stderr","logger":"task"}
{"timestamp":"2025-06-17T20:53:54.158086Z","level":"error","event":"\t|       conf       | number| search|dwnlded|evicted|| number|dwnlded|","chan":"stderr","logger":"task"}
{"timestamp":"2025-06-17T20:53:54.158339Z","level":"error","event":"\t---------------------------------------------------------------------","chan":"stderr","logger":"task"}
{"timestamp":"2025-06-17T20:53:54.158623Z","level":"error","event":"\t|      default     |   14  |   0   |   0   |   0   ||   14  |   0   |","chan":"stderr","logger":"task"}
{"timestamp":"2025-06-17T20:53:54.158905Z","level":"error","event":"\t---------------------------------------------------------------------","chan":"stderr","logger":"task"}
{"timestamp":"2025-06-17T20:53:54.164037Z","level":"error","event":":: retrieving :: org.apache.spark#spark-submit-parent-8475ddb3-b414-42f3-b53b-d96ddff67d0f","chan":"stderr","logger":"task"}
{"timestamp":"2025-06-17T20:53:54.164877Z","level":"error","event":"\tconfs: [default]","chan":"stderr","logger":"task"}
{"timestamp":"2025-06-17T20:53:54.175767Z","level":"error","event":"\t0 artifacts copied, 14 already retrieved (0kB/12ms)","chan":"stderr","logger":"task"}
{"timestamp":"2025-06-17T20:53:54.585144Z","level":"error","event":"25/06/17 20:53:54 WARN NativeCodeLoader: Unable to load native-hadoop library for your platform... using builtin-java classes where applicable","chan":"stderr","logger":"task"}
{"timestamp":"2025-06-17T20:53:54.863211Z","level":"error","event":"Using Spark's default log4j profile: org/apache/spark/log4j2-defaults.properties","chan":"stderr","logger":"task"}
{"timestamp":"2025-06-17T20:53:54.864138Z","level":"error","event":"Setting default log level to \"WARN\".","chan":"stderr","logger":"task"}
{"timestamp":"2025-06-17T20:53:54.864712Z","level":"error","event":"To adjust logging level use sc.setLogLevel(newLevel). For SparkR, use setLogLevel(newLevel).","chan":"stderr","logger":"task"}
{"timestamp":"2025-06-17T20:54:28.485433","level":"info","event":"Done. Returned value was:                                  client_id  ... num_order\n0     0bd38138-d3ee-4648-b257-b85261abd775  ...       NaN\n1     f4a3e0cd-f7a1-435b-8f18-b2cdc9a305de  ...       NaN\n2     b684ab59-f28f-4a79-9f91-98f970bc499a  ...       NaN\n3     3822ae35-ab21-4ff2-8ca0-4ff3cadf75de  ...       NaN\n4     8ffb0f02-c902-4ccb-a87a-aaa65e4e1e56  ...       NaN\n...                                    ...  ...       ...\n1252  580dea16-cfe3-4830-ac20-e6322bc96529  ...       NaN\n1253  5be51a32-e63b-40a9-9df8-0489a2137820  ...       NaN\n1254  ae019577-bf73-4f7b-9114-c0603c278888  ...       NaN\n1255  6f3aba1f-c322-4476-9e5a-460fd23ba322  ...       NaN\n1256  e943ba67-a935-4923-bbda-8dba65db2af4  ...       NaN\n\n[1257 rows x 7 columns]","logger":"airflow.task.operators.airflow.providers.standard.operators.python.PythonOperator"}
{"timestamp":"2025-06-17T20:54:28.485804","level":"info","event":"Pushing xcom","ti":"RuntimeTaskInstance(id=UUID('01977fab-6773-7825-a838-f6921ec1f562'), task_id='dim_customer_group.extract_transform', dag_id='etl_pipeline', run_id='scheduled__2025-06-17T20:50:00+00:00', try_number=2, map_index=-1, hostname='989485eb72a0', context_carrier={}, task=<Task(PythonOperator): dim_customer_group.extract_transform>, bundle_instance=LocalDagBundle(name=dags-folder), max_tries=2, start_date=datetime.datetime(2025, 6, 17, 20, 53, 49, 817907, tzinfo=TzInfo(UTC)), end_date=None, is_mapped=False)","logger":"task"}
{"timestamp":"2025-06-17T20:54:28.599457Z","level":"info","event":"Task instance in success state","chan":"stdout","logger":"task"}
{"timestamp":"2025-06-17T20:54:28.600274Z","level":"info","event":" Previous state of the Task instance: running","chan":"stdout","logger":"task"}
{"timestamp":"2025-06-17T20:54:28.601070Z","level":"info","event":"Task operator:<Task(PythonOperator): dim_customer_group.extract_transform>","chan":"stdout","logger":"task"}
{"timestamp":"2025-06-17T20:54:29.274596Z","level":"error","event":"\r[Stage 0:>                                                          (0 + 0) / 1]\r\r[Stage 0:>                                                          (0 + 1) / 1]","chan":"stderr","logger":"task"}
