{"timestamp":"2025-06-21T11:19:46.964318","level":"info","event":"DAG bundles loaded: dags-folder, example_dags","logger":"airflow.dag_processing.bundles.manager.DagBundlesManager"}
{"timestamp":"2025-06-21T11:19:46.965429","level":"info","event":"Filling up the DagBag from /opt/airflow/dags/etl_pipeline.py","logger":"airflow.models.dagbag.DagBag"}
{"timestamp":"2025-06-21T11:19:48.696842Z","level":"info","event":"Task instance is in running state","chan":"stdout","logger":"task"}
{"timestamp":"2025-06-21T11:19:48.698008Z","level":"info","event":" Previous state of the Task instance: queued","chan":"stdout","logger":"task"}
{"timestamp":"2025-06-21T11:19:48.698501Z","level":"info","event":"Current task name:dim_customer_group.consumer_kafka","chan":"stdout","logger":"task"}
{"timestamp":"2025-06-21T11:19:48.698909Z","level":"info","event":"Dag name:etl_pipeline","chan":"stdout","logger":"task"}
{"timestamp":"2025-06-21T11:19:48.659530","level":"info","event":"Secrets backends loaded for worker","count":1,"backend_classes":["EnvironmentVariablesBackend"],"logger":"supervisor"}
{"timestamp":"2025-06-21T11:19:48.698735","level":"info","event":"Connection Retrieved 'sqlserver_default'","logger":"airflow.hooks.base"}
{"timestamp":"2025-06-21T11:19:50.152982Z","level":"info","event":"Không có message nào mới.","chan":"stdout","logger":"task"}
{"timestamp":"2025-06-21T11:19:51.256065Z","level":"info","event":"Không có message nào mới.","chan":"stdout","logger":"task"}
{"timestamp":"2025-06-21T11:19:52.356583Z","level":"info","event":"Không có message nào mới.","chan":"stdout","logger":"task"}
{"timestamp":"2025-06-21T11:19:54.216020Z","level":"info","event":"Không có message nào mới.","chan":"stdout","logger":"task"}
{"timestamp":"2025-06-21T11:19:55.317557Z","level":"info","event":"Không có message nào mới.","chan":"stdout","logger":"task"}
{"timestamp":"2025-06-21T11:19:56.418230Z","level":"info","event":"Không có message nào mới.","chan":"stdout","logger":"task"}
{"timestamp":"2025-06-21T11:19:57.518959Z","level":"info","event":"Không có message nào mới.","chan":"stdout","logger":"task"}
{"timestamp":"2025-06-21T11:19:58.620186Z","level":"info","event":"Không có message nào mới.","chan":"stdout","logger":"task"}
{"timestamp":"2025-06-21T11:19:59.721176Z","level":"info","event":"Không có message nào mới.","chan":"stdout","logger":"task"}
{"timestamp":"2025-06-21T11:20:00.822270Z","level":"info","event":"Không có message nào mới.","chan":"stdout","logger":"task"}
{"timestamp":"2025-06-21T11:20:00.824543Z","level":"info","event":"Đã thêm dim_customer 0 bản ghi mới, bỏ qua 150 bản ghi trùng","chan":"stdout","logger":"task"}
{"timestamp":"2025-06-21T11:20:00.855560","level":"info","event":"Done. Returned value was: None","logger":"airflow.task.operators.airflow.providers.standard.operators.python.PythonOperator"}
{"timestamp":"2025-06-21T11:20:00.891116Z","level":"info","event":"Task instance in success state","chan":"stdout","logger":"task"}
{"timestamp":"2025-06-21T11:20:00.891808Z","level":"info","event":" Previous state of the Task instance: running","chan":"stdout","logger":"task"}
{"timestamp":"2025-06-21T11:20:00.892332Z","level":"info","event":"Task operator:<Task(PythonOperator): dim_customer_group.consumer_kafka>","chan":"stdout","logger":"task"}
