{"timestamp":"2025-06-21T11:53:06.849241","level":"info","event":"DAG bundles loaded: dags-folder, example_dags","logger":"airflow.dag_processing.bundles.manager.DagBundlesManager"}
{"timestamp":"2025-06-21T11:53:06.850430","level":"info","event":"Filling up the DagBag from /opt/airflow/dags/etl_pipeline.py","logger":"airflow.models.dagbag.DagBag"}
{"timestamp":"2025-06-21T11:53:07.952630Z","level":"info","event":"Task instance is in running state","chan":"stdout","logger":"task"}
{"timestamp":"2025-06-21T11:53:07.953802Z","level":"info","event":" Previous state of the Task instance: queued","chan":"stdout","logger":"task"}
{"timestamp":"2025-06-21T11:53:07.954280Z","level":"info","event":"Current task name:dim_product_group.producer_kafka","chan":"stdout","logger":"task"}
{"timestamp":"2025-06-21T11:53:07.954590Z","level":"info","event":"Dag name:etl_pipeline","chan":"stdout","logger":"task"}
{"timestamp":"2025-06-21T11:53:08.396119Z","level":"error","event":"WARNING: Using incubator modules: jdk.incubator.vector","chan":"stderr","logger":"task"}
{"timestamp":"2025-06-21T11:53:11.056741Z","level":"error","event":":: loading settings :: url = jar:file:/home/airflow/.local/lib/python3.12/site-packages/pyspark/jars/ivy-2.5.3.jar!/org/apache/ivy/core/settings/ivysettings.xml","chan":"stderr","logger":"task"}
{"timestamp":"2025-06-21T11:53:11.455861Z","level":"error","event":"Ivy Default Cache set to: /home/airflow/.ivy2.5.2/cache","chan":"stderr","logger":"task"}
{"timestamp":"2025-06-21T11:53:11.460971Z","level":"error","event":"The jars for the packages stored in: /home/airflow/.ivy2.5.2/jars","chan":"stderr","logger":"task"}
{"timestamp":"2025-06-21T11:53:11.476025Z","level":"error","event":"org.postgresql#postgresql added as a dependency","chan":"stderr","logger":"task"}
{"timestamp":"2025-06-21T11:53:11.479110Z","level":"error","event":"org.apache.spark#spark-sql-kafka-0-10_2.12 added as a dependency","chan":"stderr","logger":"task"}
{"timestamp":"2025-06-21T11:53:11.481488Z","level":"error","event":":: resolving dependencies :: org.apache.spark#spark-submit-parent-e240aabe-590b-4645-a675-95836880fcbd;1.0","chan":"stderr","logger":"task"}
{"timestamp":"2025-06-21T11:53:11.482110Z","level":"error","event":"\tconfs: [default]","chan":"stderr","logger":"task"}
{"timestamp":"2025-06-21T11:53:12.060851Z","level":"error","event":"\tfound org.postgresql#postgresql;42.7.1 in central","chan":"stderr","logger":"task"}
{"timestamp":"2025-06-21T11:53:12.134226Z","level":"error","event":"\tfound org.checkerframework#checker-qual;3.41.0 in central","chan":"stderr","logger":"task"}
{"timestamp":"2025-06-21T11:53:12.275607Z","level":"error","event":"\tfound org.apache.spark#spark-sql-kafka-0-10_2.12;3.3.0 in spark-list","chan":"stderr","logger":"task"}
{"timestamp":"2025-06-21T11:53:12.400769Z","level":"error","event":"\tfound org.apache.spark#spark-token-provider-kafka-0-10_2.12;3.3.0 in central","chan":"stderr","logger":"task"}
{"timestamp":"2025-06-21T11:53:12.464644Z","level":"error","event":"\tfound org.apache.kafka#kafka-clients;2.8.1 in central","chan":"stderr","logger":"task"}
{"timestamp":"2025-06-21T11:53:12.542212Z","level":"error","event":"\tfound org.lz4#lz4-java;1.8.0 in central","chan":"stderr","logger":"task"}
{"timestamp":"2025-06-21T11:53:12.611796Z","level":"error","event":"\tfound org.xerial.snappy#snappy-java;1.1.8.4 in spark-list","chan":"stderr","logger":"task"}
{"timestamp":"2025-06-21T11:53:12.683257Z","level":"error","event":"\tfound org.slf4j#slf4j-api;1.7.32 in central","chan":"stderr","logger":"task"}
{"timestamp":"2025-06-21T11:53:12.777239Z","level":"error","event":"\tfound org.apache.hadoop#hadoop-client-runtime;3.3.2 in central","chan":"stderr","logger":"task"}
{"timestamp":"2025-06-21T11:53:12.846412Z","level":"error","event":"\tfound org.spark-project.spark#unused;1.0.0 in central","chan":"stderr","logger":"task"}
{"timestamp":"2025-06-21T11:53:12.967790Z","level":"error","event":"\tfound org.apache.hadoop#hadoop-client-api;3.3.2 in central","chan":"stderr","logger":"task"}
{"timestamp":"2025-06-21T11:53:13.064164Z","level":"error","event":"\tfound commons-logging#commons-logging;1.1.3 in central","chan":"stderr","logger":"task"}
{"timestamp":"2025-06-21T11:53:13.150274Z","level":"error","event":"\tfound com.google.code.findbugs#jsr305;3.0.0 in central","chan":"stderr","logger":"task"}
{"timestamp":"2025-06-21T11:53:13.229034Z","level":"error","event":"\tfound org.apache.commons#commons-pool2;2.11.1 in spark-list","chan":"stderr","logger":"task"}
{"timestamp":"2025-06-21T11:53:13.359069Z","level":"error","event":":: resolution report :: resolve 1805ms :: artifacts dl 75ms","chan":"stderr","logger":"task"}
{"timestamp":"2025-06-21T11:53:13.360826Z","level":"error","event":"\t:: modules in use:","chan":"stderr","logger":"task"}
{"timestamp":"2025-06-21T11:53:13.362780Z","level":"error","event":"\tcom.google.code.findbugs#jsr305;3.0.0 from central in [default]","chan":"stderr","logger":"task"}
{"timestamp":"2025-06-21T11:53:13.364105Z","level":"error","event":"\tcommons-logging#commons-logging;1.1.3 from central in [default]","chan":"stderr","logger":"task"}
{"timestamp":"2025-06-21T11:53:13.364807Z","level":"error","event":"\torg.apache.commons#commons-pool2;2.11.1 from spark-list in [default]","chan":"stderr","logger":"task"}
{"timestamp":"2025-06-21T11:53:13.365384Z","level":"error","event":"\torg.apache.hadoop#hadoop-client-api;3.3.2 from central in [default]","chan":"stderr","logger":"task"}
{"timestamp":"2025-06-21T11:53:13.365791Z","level":"error","event":"\torg.apache.hadoop#hadoop-client-runtime;3.3.2 from central in [default]","chan":"stderr","logger":"task"}
{"timestamp":"2025-06-21T11:53:13.366109Z","level":"error","event":"\torg.apache.kafka#kafka-clients;2.8.1 from central in [default]","chan":"stderr","logger":"task"}
{"timestamp":"2025-06-21T11:53:13.366394Z","level":"error","event":"\torg.apache.spark#spark-sql-kafka-0-10_2.12;3.3.0 from spark-list in [default]","chan":"stderr","logger":"task"}
{"timestamp":"2025-06-21T11:53:13.366656Z","level":"error","event":"\torg.apache.spark#spark-token-provider-kafka-0-10_2.12;3.3.0 from central in [default]","chan":"stderr","logger":"task"}
{"timestamp":"2025-06-21T11:53:13.366925Z","level":"error","event":"\torg.checkerframework#checker-qual;3.41.0 from central in [default]","chan":"stderr","logger":"task"}
{"timestamp":"2025-06-21T11:53:13.367190Z","level":"error","event":"\torg.lz4#lz4-java;1.8.0 from central in [default]","chan":"stderr","logger":"task"}
{"timestamp":"2025-06-21T11:53:13.367638Z","level":"error","event":"\torg.postgresql#postgresql;42.7.1 from central in [default]","chan":"stderr","logger":"task"}
{"timestamp":"2025-06-21T11:53:13.368003Z","level":"error","event":"\torg.slf4j#slf4j-api;1.7.32 from central in [default]","chan":"stderr","logger":"task"}
{"timestamp":"2025-06-21T11:53:13.368329Z","level":"error","event":"\torg.spark-project.spark#unused;1.0.0 from central in [default]","chan":"stderr","logger":"task"}
{"timestamp":"2025-06-21T11:53:13.368612Z","level":"error","event":"\torg.xerial.snappy#snappy-java;1.1.8.4 from spark-list in [default]","chan":"stderr","logger":"task"}
{"timestamp":"2025-06-21T11:53:13.369523Z","level":"error","event":"\t---------------------------------------------------------------------","chan":"stderr","logger":"task"}
{"timestamp":"2025-06-21T11:53:13.370178Z","level":"error","event":"\t|                  |            modules            ||   artifacts   |","chan":"stderr","logger":"task"}
{"timestamp":"2025-06-21T11:53:13.371573Z","level":"error","event":"\t|       conf       | number| search|dwnlded|evicted|| number|dwnlded|","chan":"stderr","logger":"task"}
{"timestamp":"2025-06-21T11:53:13.372238Z","level":"error","event":"\t---------------------------------------------------------------------","chan":"stderr","logger":"task"}
{"timestamp":"2025-06-21T11:53:13.372637Z","level":"error","event":"\t|      default     |   14  |   0   |   0   |   0   ||   14  |   0   |","chan":"stderr","logger":"task"}
{"timestamp":"2025-06-21T11:53:13.373000Z","level":"error","event":"\t---------------------------------------------------------------------","chan":"stderr","logger":"task"}
{"timestamp":"2025-06-21T11:53:13.392357Z","level":"error","event":":: retrieving :: org.apache.spark#spark-submit-parent-e240aabe-590b-4645-a675-95836880fcbd","chan":"stderr","logger":"task"}
{"timestamp":"2025-06-21T11:53:13.399406Z","level":"error","event":"\tconfs: [default]","chan":"stderr","logger":"task"}
{"timestamp":"2025-06-21T11:53:13.427829Z","level":"error","event":"\t0 artifacts copied, 14 already retrieved (0kB/33ms)","chan":"stderr","logger":"task"}
{"timestamp":"2025-06-21T11:53:14.038227Z","level":"error","event":"25/06/21 11:53:14 WARN NativeCodeLoader: Unable to load native-hadoop library for your platform... using builtin-java classes where applicable","chan":"stderr","logger":"task"}
{"timestamp":"2025-06-21T11:53:14.527051Z","level":"error","event":"Using Spark's default log4j profile: org/apache/spark/log4j2-defaults.properties","chan":"stderr","logger":"task"}
{"timestamp":"2025-06-21T11:53:14.528596Z","level":"error","event":"Setting default log level to \"WARN\".","chan":"stderr","logger":"task"}
{"timestamp":"2025-06-21T11:53:14.529970Z","level":"error","event":"To adjust logging level use sc.setLogLevel(newLevel). For SparkR, use setLogLevel(newLevel).","chan":"stderr","logger":"task"}
{"timestamp":"2025-06-21T11:53:15.294927Z","level":"error","event":"25/06/21 11:53:15 WARN Utils: Service 'SparkUI' could not bind on port 4050. Attempting port 4051.","chan":"stderr","logger":"task"}
{"timestamp":"2025-06-21T11:53:30.256349","level":"info","event":"Thử lần 1/5 kiểm tra topic 'dim_product'...","logger":"kafka.build_kafka"}
{"timestamp":"2025-06-21T11:53:30.339185","level":"info","event":"Topic 'dim_product' đã tồn tại.","logger":"kafka.build_kafka"}
{"timestamp":"2025-06-21T11:53:30.744371","level":"info","event":"extract dim_product","logger":"dags.etl_dim_product"}
{"timestamp":"2025-06-21T11:53:35.682617","level":"info","event":"transform dim_product","logger":"dags.etl_dim_product"}
{"timestamp":"2025-06-21T11:53:37.463280","level":"info","event":"Extract và transform dim_product thành công","logger":"dags.etl_dim_product"}
{"timestamp":"2025-06-21T11:53:47.516688","level":"info","event":"Tổng số bản ghi cần gửi: 50","logger":"dags.etl_dim_product"}
{"timestamp":"2025-06-21T11:53:48.209937","level":"info","event":"Batch 1: 50 bản ghi. Đang gửi lên Kafka...","logger":"dags.etl_dim_product"}
{"timestamp":"2025-06-21T11:53:49.774324","level":"info","event":"Delivered to dim_product [2] at offset 773","logger":"kafka.build_kafka"}
{"timestamp":"2025-06-21T11:53:49.775197","level":"info","event":"Delivered to dim_product [2] at offset 774","logger":"kafka.build_kafka"}
{"timestamp":"2025-06-21T11:53:49.779763","level":"info","event":"Delivered to dim_product [2] at offset 775","logger":"kafka.build_kafka"}
{"timestamp":"2025-06-21T11:53:49.781542","level":"info","event":"Delivered to dim_product [2] at offset 776","logger":"kafka.build_kafka"}
{"timestamp":"2025-06-21T11:53:49.784515","level":"info","event":"Delivered to dim_product [2] at offset 777","logger":"kafka.build_kafka"}
{"timestamp":"2025-06-21T11:53:49.785737","level":"info","event":"Delivered to dim_product [2] at offset 778","logger":"kafka.build_kafka"}
{"timestamp":"2025-06-21T11:53:49.785904","level":"info","event":"Delivered to dim_product [2] at offset 779","logger":"kafka.build_kafka"}
{"timestamp":"2025-06-21T11:53:49.785984","level":"info","event":"Delivered to dim_product [3] at offset 991","logger":"kafka.build_kafka"}
{"timestamp":"2025-06-21T11:53:49.786049","level":"info","event":"Delivered to dim_product [3] at offset 992","logger":"kafka.build_kafka"}
{"timestamp":"2025-06-21T11:53:49.786122","level":"info","event":"Delivered to dim_product [3] at offset 993","logger":"kafka.build_kafka"}
{"timestamp":"2025-06-21T11:53:49.787033","level":"info","event":"Delivered to dim_product [3] at offset 994","logger":"kafka.build_kafka"}
{"timestamp":"2025-06-21T11:53:49.787549","level":"info","event":"Delivered to dim_product [3] at offset 995","logger":"kafka.build_kafka"}
{"timestamp":"2025-06-21T11:53:49.787961","level":"info","event":"Delivered to dim_product [3] at offset 996","logger":"kafka.build_kafka"}
{"timestamp":"2025-06-21T11:53:49.788191","level":"info","event":"Delivered to dim_product [3] at offset 997","logger":"kafka.build_kafka"}
{"timestamp":"2025-06-21T11:53:49.788391","level":"info","event":"Delivered to dim_product [3] at offset 998","logger":"kafka.build_kafka"}
{"timestamp":"2025-06-21T11:53:49.788739","level":"info","event":"Delivered to dim_product [3] at offset 999","logger":"kafka.build_kafka"}
{"timestamp":"2025-06-21T11:53:49.789767","level":"info","event":"Delivered to dim_product [3] at offset 1000","logger":"kafka.build_kafka"}
{"timestamp":"2025-06-21T11:53:49.791230","level":"info","event":"Delivered to dim_product [4] at offset 771","logger":"kafka.build_kafka"}
{"timestamp":"2025-06-21T11:53:49.792653","level":"info","event":"Delivered to dim_product [4] at offset 772","logger":"kafka.build_kafka"}
{"timestamp":"2025-06-21T11:53:49.793784","level":"info","event":"Delivered to dim_product [4] at offset 773","logger":"kafka.build_kafka"}
{"timestamp":"2025-06-21T11:53:49.794036","level":"info","event":"Delivered to dim_product [4] at offset 774","logger":"kafka.build_kafka"}
{"timestamp":"2025-06-21T11:53:49.794120","level":"info","event":"Delivered to dim_product [4] at offset 775","logger":"kafka.build_kafka"}
{"timestamp":"2025-06-21T11:53:49.794694","level":"info","event":"Delivered to dim_product [4] at offset 776","logger":"kafka.build_kafka"}
{"timestamp":"2025-06-21T11:53:49.794776","level":"info","event":"Delivered to dim_product [4] at offset 777","logger":"kafka.build_kafka"}
{"timestamp":"2025-06-21T11:53:49.795074","level":"info","event":"Delivered to dim_product [4] at offset 778","logger":"kafka.build_kafka"}
{"timestamp":"2025-06-21T11:53:49.795164","level":"info","event":"Delivered to dim_product [4] at offset 779","logger":"kafka.build_kafka"}
{"timestamp":"2025-06-21T11:53:49.795367","level":"info","event":"Delivered to dim_product [4] at offset 780","logger":"kafka.build_kafka"}
{"timestamp":"2025-06-21T11:53:49.797488","level":"info","event":"Delivered to dim_product [4] at offset 781","logger":"kafka.build_kafka"}
{"timestamp":"2025-06-21T11:53:49.798432","level":"info","event":"Delivered to dim_product [4] at offset 782","logger":"kafka.build_kafka"}
{"timestamp":"2025-06-21T11:53:49.798681","level":"info","event":"Delivered to dim_product [4] at offset 783","logger":"kafka.build_kafka"}
{"timestamp":"2025-06-21T11:53:49.798853","level":"info","event":"Delivered to dim_product [4] at offset 784","logger":"kafka.build_kafka"}
{"timestamp":"2025-06-21T11:53:49.798973","level":"info","event":"Delivered to dim_product [0] at offset 864","logger":"kafka.build_kafka"}
{"timestamp":"2025-06-21T11:53:49.799055","level":"info","event":"Delivered to dim_product [0] at offset 865","logger":"kafka.build_kafka"}
{"timestamp":"2025-06-21T11:53:49.799154","level":"info","event":"Delivered to dim_product [0] at offset 866","logger":"kafka.build_kafka"}
{"timestamp":"2025-06-21T11:53:49.799237","level":"info","event":"Delivered to dim_product [0] at offset 867","logger":"kafka.build_kafka"}
{"timestamp":"2025-06-21T11:53:49.799302","level":"info","event":"Delivered to dim_product [0] at offset 868","logger":"kafka.build_kafka"}
{"timestamp":"2025-06-21T11:53:49.799385","level":"info","event":"Delivered to dim_product [0] at offset 869","logger":"kafka.build_kafka"}
{"timestamp":"2025-06-21T11:53:49.799473","level":"info","event":"Delivered to dim_product [0] at offset 870","logger":"kafka.build_kafka"}
{"timestamp":"2025-06-21T11:53:49.799544","level":"info","event":"Delivered to dim_product [0] at offset 871","logger":"kafka.build_kafka"}
{"timestamp":"2025-06-21T11:53:49.799615","level":"info","event":"Delivered to dim_product [0] at offset 872","logger":"kafka.build_kafka"}
{"timestamp":"2025-06-21T11:53:49.799684","level":"info","event":"Delivered to dim_product [1] at offset 859","logger":"kafka.build_kafka"}
{"timestamp":"2025-06-21T11:53:49.799761","level":"info","event":"Delivered to dim_product [1] at offset 860","logger":"kafka.build_kafka"}
{"timestamp":"2025-06-21T11:53:49.799837","level":"info","event":"Delivered to dim_product [1] at offset 861","logger":"kafka.build_kafka"}
{"timestamp":"2025-06-21T11:53:49.799931","level":"info","event":"Delivered to dim_product [1] at offset 862","logger":"kafka.build_kafka"}
{"timestamp":"2025-06-21T11:53:49.800024","level":"info","event":"Delivered to dim_product [1] at offset 863","logger":"kafka.build_kafka"}
{"timestamp":"2025-06-21T11:53:49.800105","level":"info","event":"Delivered to dim_product [1] at offset 864","logger":"kafka.build_kafka"}
{"timestamp":"2025-06-21T11:53:49.800188","level":"info","event":"Delivered to dim_product [1] at offset 865","logger":"kafka.build_kafka"}
{"timestamp":"2025-06-21T11:53:49.800263","level":"info","event":"Delivered to dim_product [1] at offset 866","logger":"kafka.build_kafka"}
{"timestamp":"2025-06-21T11:53:49.800325","level":"info","event":"Delivered to dim_product [1] at offset 867","logger":"kafka.build_kafka"}
{"timestamp":"2025-06-21T11:53:49.800411","level":"info","event":"Delivered to dim_product [1] at offset 868","logger":"kafka.build_kafka"}
{"timestamp":"2025-06-21T11:53:50.816315","level":"info","event":"extract dim_product","logger":"dags.etl_dim_product"}
{"timestamp":"2025-06-21T11:53:50.889708","level":"info","event":"transform dim_product","logger":"dags.etl_dim_product"}
{"timestamp":"2025-06-21T11:53:51.390787","level":"info","event":"Extract và transform dim_product thành công","logger":"dags.etl_dim_product"}
{"timestamp":"2025-06-21T11:53:52.164814","level":"info","event":"Tổng số bản ghi cần gửi: 50","logger":"dags.etl_dim_product"}
{"timestamp":"2025-06-21T11:53:52.760019","level":"info","event":"Batch 2: 50 bản ghi. Đang gửi lên Kafka...","logger":"dags.etl_dim_product"}
{"timestamp":"2025-06-21T11:53:53.098573","level":"info","event":"Delivered to dim_product [0] at offset 873","logger":"kafka.build_kafka"}
{"timestamp":"2025-06-21T11:53:53.099310","level":"info","event":"Delivered to dim_product [0] at offset 874","logger":"kafka.build_kafka"}
{"timestamp":"2025-06-21T11:53:53.099448","level":"info","event":"Delivered to dim_product [0] at offset 875","logger":"kafka.build_kafka"}
{"timestamp":"2025-06-21T11:53:53.099517","level":"info","event":"Delivered to dim_product [0] at offset 876","logger":"kafka.build_kafka"}
{"timestamp":"2025-06-21T11:53:53.099582","level":"info","event":"Delivered to dim_product [0] at offset 877","logger":"kafka.build_kafka"}
{"timestamp":"2025-06-21T11:53:53.099649","level":"info","event":"Delivered to dim_product [0] at offset 878","logger":"kafka.build_kafka"}
{"timestamp":"2025-06-21T11:53:53.099718","level":"info","event":"Delivered to dim_product [0] at offset 879","logger":"kafka.build_kafka"}
{"timestamp":"2025-06-21T11:53:53.099783","level":"info","event":"Delivered to dim_product [0] at offset 880","logger":"kafka.build_kafka"}
{"timestamp":"2025-06-21T11:53:53.099845","level":"info","event":"Delivered to dim_product [0] at offset 881","logger":"kafka.build_kafka"}
{"timestamp":"2025-06-21T11:53:53.099903","level":"info","event":"Delivered to dim_product [0] at offset 882","logger":"kafka.build_kafka"}
{"timestamp":"2025-06-21T11:53:53.099967","level":"info","event":"Delivered to dim_product [0] at offset 883","logger":"kafka.build_kafka"}
{"timestamp":"2025-06-21T11:53:53.100890","level":"info","event":"Delivered to dim_product [1] at offset 869","logger":"kafka.build_kafka"}
{"timestamp":"2025-06-21T11:53:53.101081","level":"info","event":"Delivered to dim_product [1] at offset 870","logger":"kafka.build_kafka"}
{"timestamp":"2025-06-21T11:53:53.101165","level":"info","event":"Delivered to dim_product [1] at offset 871","logger":"kafka.build_kafka"}
{"timestamp":"2025-06-21T11:53:53.101229","level":"info","event":"Delivered to dim_product [1] at offset 872","logger":"kafka.build_kafka"}
{"timestamp":"2025-06-21T11:53:53.101288","level":"info","event":"Delivered to dim_product [1] at offset 873","logger":"kafka.build_kafka"}
{"timestamp":"2025-06-21T11:53:53.101348","level":"info","event":"Delivered to dim_product [1] at offset 874","logger":"kafka.build_kafka"}
{"timestamp":"2025-06-21T11:53:53.101413","level":"info","event":"Delivered to dim_product [1] at offset 875","logger":"kafka.build_kafka"}
{"timestamp":"2025-06-21T11:53:53.101474","level":"info","event":"Delivered to dim_product [1] at offset 876","logger":"kafka.build_kafka"}
{"timestamp":"2025-06-21T11:53:53.101532","level":"info","event":"Delivered to dim_product [1] at offset 877","logger":"kafka.build_kafka"}
{"timestamp":"2025-06-21T11:53:53.101589","level":"info","event":"Delivered to dim_product [1] at offset 878","logger":"kafka.build_kafka"}
{"timestamp":"2025-06-21T11:53:53.101655","level":"info","event":"Delivered to dim_product [1] at offset 879","logger":"kafka.build_kafka"}
{"timestamp":"2025-06-21T11:53:53.101724","level":"info","event":"Delivered to dim_product [1] at offset 880","logger":"kafka.build_kafka"}
{"timestamp":"2025-06-21T11:53:53.101794","level":"info","event":"Delivered to dim_product [1] at offset 881","logger":"kafka.build_kafka"}
{"timestamp":"2025-06-21T11:53:53.102371","level":"info","event":"Delivered to dim_product [2] at offset 780","logger":"kafka.build_kafka"}
{"timestamp":"2025-06-21T11:53:53.102508","level":"info","event":"Delivered to dim_product [2] at offset 781","logger":"kafka.build_kafka"}
{"timestamp":"2025-06-21T11:53:53.102595","level":"info","event":"Delivered to dim_product [2] at offset 782","logger":"kafka.build_kafka"}
{"timestamp":"2025-06-21T11:53:53.102675","level":"info","event":"Delivered to dim_product [2] at offset 783","logger":"kafka.build_kafka"}
{"timestamp":"2025-06-21T11:53:53.102799","level":"info","event":"Delivered to dim_product [2] at offset 784","logger":"kafka.build_kafka"}
{"timestamp":"2025-06-21T11:53:53.105426","level":"info","event":"Delivered to dim_product [3] at offset 1001","logger":"kafka.build_kafka"}
{"timestamp":"2025-06-21T11:53:53.105660","level":"info","event":"Delivered to dim_product [3] at offset 1002","logger":"kafka.build_kafka"}
{"timestamp":"2025-06-21T11:53:53.105763","level":"info","event":"Delivered to dim_product [3] at offset 1003","logger":"kafka.build_kafka"}
{"timestamp":"2025-06-21T11:53:53.105856","level":"info","event":"Delivered to dim_product [3] at offset 1004","logger":"kafka.build_kafka"}
{"timestamp":"2025-06-21T11:53:53.105946","level":"info","event":"Delivered to dim_product [3] at offset 1005","logger":"kafka.build_kafka"}
{"timestamp":"2025-06-21T11:53:53.106034","level":"info","event":"Delivered to dim_product [3] at offset 1006","logger":"kafka.build_kafka"}
{"timestamp":"2025-06-21T11:53:53.106113","level":"info","event":"Delivered to dim_product [3] at offset 1007","logger":"kafka.build_kafka"}
{"timestamp":"2025-06-21T11:53:53.106206","level":"info","event":"Delivered to dim_product [3] at offset 1008","logger":"kafka.build_kafka"}
{"timestamp":"2025-06-21T11:53:53.106484","level":"info","event":"Delivered to dim_product [3] at offset 1009","logger":"kafka.build_kafka"}
{"timestamp":"2025-06-21T11:53:53.106647","level":"info","event":"Delivered to dim_product [3] at offset 1010","logger":"kafka.build_kafka"}
{"timestamp":"2025-06-21T11:53:53.106795","level":"info","event":"Delivered to dim_product [3] at offset 1011","logger":"kafka.build_kafka"}
{"timestamp":"2025-06-21T11:53:53.106896","level":"info","event":"Delivered to dim_product [3] at offset 1012","logger":"kafka.build_kafka"}
{"timestamp":"2025-06-21T11:53:53.106984","level":"info","event":"Delivered to dim_product [3] at offset 1013","logger":"kafka.build_kafka"}
{"timestamp":"2025-06-21T11:53:53.118754","level":"info","event":"Delivered to dim_product [4] at offset 785","logger":"kafka.build_kafka"}
{"timestamp":"2025-06-21T11:53:53.119056","level":"info","event":"Delivered to dim_product [4] at offset 786","logger":"kafka.build_kafka"}
{"timestamp":"2025-06-21T11:53:53.119158","level":"info","event":"Delivered to dim_product [4] at offset 787","logger":"kafka.build_kafka"}
{"timestamp":"2025-06-21T11:53:53.119229","level":"info","event":"Delivered to dim_product [4] at offset 788","logger":"kafka.build_kafka"}
{"timestamp":"2025-06-21T11:53:53.119295","level":"info","event":"Delivered to dim_product [4] at offset 789","logger":"kafka.build_kafka"}
{"timestamp":"2025-06-21T11:53:53.119358","level":"info","event":"Delivered to dim_product [4] at offset 790","logger":"kafka.build_kafka"}
{"timestamp":"2025-06-21T11:53:53.119421","level":"info","event":"Delivered to dim_product [4] at offset 791","logger":"kafka.build_kafka"}
{"timestamp":"2025-06-21T11:53:53.119479","level":"info","event":"Delivered to dim_product [4] at offset 792","logger":"kafka.build_kafka"}
{"timestamp":"2025-06-21T11:53:54.043021","level":"info","event":"extract dim_product","logger":"dags.etl_dim_product"}
{"timestamp":"2025-06-21T11:53:54.175817","level":"info","event":"transform dim_product","logger":"dags.etl_dim_product"}
{"timestamp":"2025-06-21T11:53:54.855113","level":"info","event":"Extract và transform dim_product thành công","logger":"dags.etl_dim_product"}
{"timestamp":"2025-06-21T11:53:56.077448","level":"info","event":"Tổng số bản ghi cần gửi: 50","logger":"dags.etl_dim_product"}
{"timestamp":"2025-06-21T11:53:57.123134","level":"info","event":"Batch 3: 50 bản ghi. Đang gửi lên Kafka...","logger":"dags.etl_dim_product"}
{"timestamp":"2025-06-21T11:53:57.591188","level":"info","event":"Delivered to dim_product [2] at offset 785","logger":"kafka.build_kafka"}
{"timestamp":"2025-06-21T11:53:57.591741","level":"info","event":"Delivered to dim_product [2] at offset 786","logger":"kafka.build_kafka"}
{"timestamp":"2025-06-21T11:53:57.591873","level":"info","event":"Delivered to dim_product [2] at offset 787","logger":"kafka.build_kafka"}
{"timestamp":"2025-06-21T11:53:57.591940","level":"info","event":"Delivered to dim_product [2] at offset 788","logger":"kafka.build_kafka"}
{"timestamp":"2025-06-21T11:53:57.592131","level":"info","event":"Delivered to dim_product [2] at offset 789","logger":"kafka.build_kafka"}
{"timestamp":"2025-06-21T11:53:57.592309","level":"info","event":"Delivered to dim_product [2] at offset 790","logger":"kafka.build_kafka"}
{"timestamp":"2025-06-21T11:53:57.592396","level":"info","event":"Delivered to dim_product [2] at offset 791","logger":"kafka.build_kafka"}
{"timestamp":"2025-06-21T11:53:57.592463","level":"info","event":"Delivered to dim_product [2] at offset 792","logger":"kafka.build_kafka"}
{"timestamp":"2025-06-21T11:53:57.592527","level":"info","event":"Delivered to dim_product [2] at offset 793","logger":"kafka.build_kafka"}
{"timestamp":"2025-06-21T11:53:57.592597","level":"info","event":"Delivered to dim_product [2] at offset 794","logger":"kafka.build_kafka"}
{"timestamp":"2025-06-21T11:53:57.592823","level":"info","event":"Delivered to dim_product [3] at offset 1014","logger":"kafka.build_kafka"}
{"timestamp":"2025-06-21T11:53:57.592973","level":"info","event":"Delivered to dim_product [3] at offset 1015","logger":"kafka.build_kafka"}
{"timestamp":"2025-06-21T11:53:57.593138","level":"info","event":"Delivered to dim_product [3] at offset 1016","logger":"kafka.build_kafka"}
{"timestamp":"2025-06-21T11:53:57.593223","level":"info","event":"Delivered to dim_product [3] at offset 1017","logger":"kafka.build_kafka"}
{"timestamp":"2025-06-21T11:53:57.593289","level":"info","event":"Delivered to dim_product [3] at offset 1018","logger":"kafka.build_kafka"}
{"timestamp":"2025-06-21T11:53:57.593356","level":"info","event":"Delivered to dim_product [3] at offset 1019","logger":"kafka.build_kafka"}
{"timestamp":"2025-06-21T11:53:57.593422","level":"info","event":"Delivered to dim_product [3] at offset 1020","logger":"kafka.build_kafka"}
{"timestamp":"2025-06-21T11:53:57.593484","level":"info","event":"Delivered to dim_product [3] at offset 1021","logger":"kafka.build_kafka"}
{"timestamp":"2025-06-21T11:53:57.593546","level":"info","event":"Delivered to dim_product [3] at offset 1022","logger":"kafka.build_kafka"}
{"timestamp":"2025-06-21T11:53:57.593685","level":"info","event":"Delivered to dim_product [3] at offset 1023","logger":"kafka.build_kafka"}
{"timestamp":"2025-06-21T11:53:57.593879","level":"info","event":"Delivered to dim_product [3] at offset 1024","logger":"kafka.build_kafka"}
{"timestamp":"2025-06-21T11:53:57.594029","level":"info","event":"Delivered to dim_product [3] at offset 1025","logger":"kafka.build_kafka"}
{"timestamp":"2025-06-21T11:53:57.594137","level":"info","event":"Delivered to dim_product [3] at offset 1026","logger":"kafka.build_kafka"}
{"timestamp":"2025-06-21T11:53:57.594204","level":"info","event":"Delivered to dim_product [3] at offset 1027","logger":"kafka.build_kafka"}
{"timestamp":"2025-06-21T11:53:57.594276","level":"info","event":"Delivered to dim_product [4] at offset 793","logger":"kafka.build_kafka"}
{"timestamp":"2025-06-21T11:53:57.594342","level":"info","event":"Delivered to dim_product [4] at offset 794","logger":"kafka.build_kafka"}
{"timestamp":"2025-06-21T11:53:57.594450","level":"info","event":"Delivered to dim_product [4] at offset 795","logger":"kafka.build_kafka"}
{"timestamp":"2025-06-21T11:53:57.594531","level":"info","event":"Delivered to dim_product [4] at offset 796","logger":"kafka.build_kafka"}
{"timestamp":"2025-06-21T11:53:57.594603","level":"info","event":"Delivered to dim_product [4] at offset 797","logger":"kafka.build_kafka"}
{"timestamp":"2025-06-21T11:53:57.594676","level":"info","event":"Delivered to dim_product [4] at offset 798","logger":"kafka.build_kafka"}
{"timestamp":"2025-06-21T11:53:57.596477","level":"info","event":"Delivered to dim_product [0] at offset 884","logger":"kafka.build_kafka"}
{"timestamp":"2025-06-21T11:53:57.596823","level":"info","event":"Delivered to dim_product [0] at offset 885","logger":"kafka.build_kafka"}
{"timestamp":"2025-06-21T11:53:57.596932","level":"info","event":"Delivered to dim_product [0] at offset 886","logger":"kafka.build_kafka"}
{"timestamp":"2025-06-21T11:53:57.597031","level":"info","event":"Delivered to dim_product [0] at offset 887","logger":"kafka.build_kafka"}
{"timestamp":"2025-06-21T11:53:57.597103","level":"info","event":"Delivered to dim_product [0] at offset 888","logger":"kafka.build_kafka"}
{"timestamp":"2025-06-21T11:53:57.597167","level":"info","event":"Delivered to dim_product [0] at offset 889","logger":"kafka.build_kafka"}
{"timestamp":"2025-06-21T11:53:57.597256","level":"info","event":"Delivered to dim_product [0] at offset 890","logger":"kafka.build_kafka"}
{"timestamp":"2025-06-21T11:53:57.597329","level":"info","event":"Delivered to dim_product [0] at offset 891","logger":"kafka.build_kafka"}
{"timestamp":"2025-06-21T11:53:57.597394","level":"info","event":"Delivered to dim_product [0] at offset 892","logger":"kafka.build_kafka"}
{"timestamp":"2025-06-21T11:53:57.597458","level":"info","event":"Delivered to dim_product [0] at offset 893","logger":"kafka.build_kafka"}
{"timestamp":"2025-06-21T11:53:57.597522","level":"info","event":"Delivered to dim_product [0] at offset 894","logger":"kafka.build_kafka"}
{"timestamp":"2025-06-21T11:53:57.597596","level":"info","event":"Delivered to dim_product [1] at offset 882","logger":"kafka.build_kafka"}
{"timestamp":"2025-06-21T11:53:57.597660","level":"info","event":"Delivered to dim_product [1] at offset 883","logger":"kafka.build_kafka"}
{"timestamp":"2025-06-21T11:53:57.597723","level":"info","event":"Delivered to dim_product [1] at offset 884","logger":"kafka.build_kafka"}
{"timestamp":"2025-06-21T11:53:57.597789","level":"info","event":"Delivered to dim_product [1] at offset 885","logger":"kafka.build_kafka"}
{"timestamp":"2025-06-21T11:53:57.597858","level":"info","event":"Delivered to dim_product [1] at offset 886","logger":"kafka.build_kafka"}
{"timestamp":"2025-06-21T11:53:57.597931","level":"info","event":"Delivered to dim_product [1] at offset 887","logger":"kafka.build_kafka"}
{"timestamp":"2025-06-21T11:53:57.597992","level":"info","event":"Delivered to dim_product [1] at offset 888","logger":"kafka.build_kafka"}
{"timestamp":"2025-06-21T11:53:57.598092","level":"info","event":"Delivered to dim_product [1] at offset 889","logger":"kafka.build_kafka"}
{"timestamp":"2025-06-21T11:53:57.598167","level":"info","event":"Delivered to dim_product [1] at offset 890","logger":"kafka.build_kafka"}
{"timestamp":"2025-06-21T11:53:58.584417","level":"info","event":"extract dim_product","logger":"dags.etl_dim_product"}
{"timestamp":"2025-06-21T11:53:58.680470","level":"info","event":"transform dim_product","logger":"dags.etl_dim_product"}
{"timestamp":"2025-06-21T11:53:59.233689","level":"info","event":"Extract và transform dim_product thành công","logger":"dags.etl_dim_product"}
{"timestamp":"2025-06-21T11:54:00.062711","level":"info","event":"Tổng số bản ghi cần gửi: 50","logger":"dags.etl_dim_product"}
{"timestamp":"2025-06-21T11:54:00.518823","level":"info","event":"Batch 4: 50 bản ghi. Đang gửi lên Kafka...","logger":"dags.etl_dim_product"}
{"timestamp":"2025-06-21T11:54:00.774439","level":"info","event":"Delivered to dim_product [1] at offset 891","logger":"kafka.build_kafka"}
{"timestamp":"2025-06-21T11:54:00.776460","level":"info","event":"Delivered to dim_product [1] at offset 892","logger":"kafka.build_kafka"}
{"timestamp":"2025-06-21T11:54:00.777397","level":"info","event":"Delivered to dim_product [1] at offset 893","logger":"kafka.build_kafka"}
{"timestamp":"2025-06-21T11:54:00.777921","level":"info","event":"Delivered to dim_product [1] at offset 894","logger":"kafka.build_kafka"}
{"timestamp":"2025-06-21T11:54:00.778018","level":"info","event":"Delivered to dim_product [1] at offset 895","logger":"kafka.build_kafka"}
{"timestamp":"2025-06-21T11:54:00.778283","level":"info","event":"Delivered to dim_product [1] at offset 896","logger":"kafka.build_kafka"}
{"timestamp":"2025-06-21T11:54:00.779940","level":"info","event":"Delivered to dim_product [1] at offset 897","logger":"kafka.build_kafka"}
{"timestamp":"2025-06-21T11:54:00.780997","level":"info","event":"Delivered to dim_product [1] at offset 898","logger":"kafka.build_kafka"}
{"timestamp":"2025-06-21T11:54:00.781760","level":"info","event":"Delivered to dim_product [1] at offset 899","logger":"kafka.build_kafka"}
{"timestamp":"2025-06-21T11:54:00.782085","level":"info","event":"Delivered to dim_product [1] at offset 900","logger":"kafka.build_kafka"}
{"timestamp":"2025-06-21T11:54:00.782418","level":"info","event":"Delivered to dim_product [1] at offset 901","logger":"kafka.build_kafka"}
{"timestamp":"2025-06-21T11:54:00.782497","level":"info","event":"Delivered to dim_product [2] at offset 795","logger":"kafka.build_kafka"}
{"timestamp":"2025-06-21T11:54:00.782564","level":"info","event":"Delivered to dim_product [2] at offset 796","logger":"kafka.build_kafka"}
{"timestamp":"2025-06-21T11:54:00.782627","level":"info","event":"Delivered to dim_product [2] at offset 797","logger":"kafka.build_kafka"}
{"timestamp":"2025-06-21T11:54:00.782694","level":"info","event":"Delivered to dim_product [2] at offset 798","logger":"kafka.build_kafka"}
{"timestamp":"2025-06-21T11:54:00.782765","level":"info","event":"Delivered to dim_product [2] at offset 799","logger":"kafka.build_kafka"}
{"timestamp":"2025-06-21T11:54:00.782839","level":"info","event":"Delivered to dim_product [2] at offset 800","logger":"kafka.build_kafka"}
{"timestamp":"2025-06-21T11:54:00.782911","level":"info","event":"Delivered to dim_product [2] at offset 801","logger":"kafka.build_kafka"}
{"timestamp":"2025-06-21T11:54:00.782980","level":"info","event":"Delivered to dim_product [2] at offset 802","logger":"kafka.build_kafka"}
{"timestamp":"2025-06-21T11:54:00.783046","level":"info","event":"Delivered to dim_product [2] at offset 803","logger":"kafka.build_kafka"}
{"timestamp":"2025-06-21T11:54:00.783118","level":"info","event":"Delivered to dim_product [2] at offset 804","logger":"kafka.build_kafka"}
{"timestamp":"2025-06-21T11:54:00.783198","level":"info","event":"Delivered to dim_product [2] at offset 805","logger":"kafka.build_kafka"}
{"timestamp":"2025-06-21T11:54:00.783289","level":"info","event":"Delivered to dim_product [3] at offset 1028","logger":"kafka.build_kafka"}
{"timestamp":"2025-06-21T11:54:00.783497","level":"info","event":"Delivered to dim_product [3] at offset 1029","logger":"kafka.build_kafka"}
{"timestamp":"2025-06-21T11:54:00.783619","level":"info","event":"Delivered to dim_product [3] at offset 1030","logger":"kafka.build_kafka"}
{"timestamp":"2025-06-21T11:54:00.783762","level":"info","event":"Delivered to dim_product [3] at offset 1031","logger":"kafka.build_kafka"}
{"timestamp":"2025-06-21T11:54:00.784368","level":"info","event":"Delivered to dim_product [3] at offset 1032","logger":"kafka.build_kafka"}
{"timestamp":"2025-06-21T11:54:00.784505","level":"info","event":"Delivered to dim_product [3] at offset 1033","logger":"kafka.build_kafka"}
{"timestamp":"2025-06-21T11:54:00.784572","level":"info","event":"Delivered to dim_product [3] at offset 1034","logger":"kafka.build_kafka"}
{"timestamp":"2025-06-21T11:54:00.784633","level":"info","event":"Delivered to dim_product [3] at offset 1035","logger":"kafka.build_kafka"}
{"timestamp":"2025-06-21T11:54:00.784697","level":"info","event":"Delivered to dim_product [3] at offset 1036","logger":"kafka.build_kafka"}
{"timestamp":"2025-06-21T11:54:00.784765","level":"info","event":"Delivered to dim_product [3] at offset 1037","logger":"kafka.build_kafka"}
{"timestamp":"2025-06-21T11:54:00.784831","level":"info","event":"Delivered to dim_product [3] at offset 1038","logger":"kafka.build_kafka"}
{"timestamp":"2025-06-21T11:54:00.784891","level":"info","event":"Delivered to dim_product [3] at offset 1039","logger":"kafka.build_kafka"}
{"timestamp":"2025-06-21T11:54:00.784962","level":"info","event":"Delivered to dim_product [3] at offset 1040","logger":"kafka.build_kafka"}
{"timestamp":"2025-06-21T11:54:00.785026","level":"info","event":"Delivered to dim_product [3] at offset 1041","logger":"kafka.build_kafka"}
{"timestamp":"2025-06-21T11:54:00.785095","level":"info","event":"Delivered to dim_product [3] at offset 1042","logger":"kafka.build_kafka"}
{"timestamp":"2025-06-21T11:54:00.785535","level":"info","event":"Delivered to dim_product [3] at offset 1043","logger":"kafka.build_kafka"}
{"timestamp":"2025-06-21T11:54:00.785817","level":"info","event":"Delivered to dim_product [3] at offset 1044","logger":"kafka.build_kafka"}
{"timestamp":"2025-06-21T11:54:00.785922","level":"info","event":"Delivered to dim_product [4] at offset 799","logger":"kafka.build_kafka"}
{"timestamp":"2025-06-21T11:54:00.786715","level":"info","event":"Delivered to dim_product [4] at offset 800","logger":"kafka.build_kafka"}
{"timestamp":"2025-06-21T11:54:00.787727","level":"info","event":"Delivered to dim_product [4] at offset 801","logger":"kafka.build_kafka"}
{"timestamp":"2025-06-21T11:54:00.788005","level":"info","event":"Delivered to dim_product [4] at offset 802","logger":"kafka.build_kafka"}
{"timestamp":"2025-06-21T11:54:00.788261","level":"info","event":"Delivered to dim_product [0] at offset 895","logger":"kafka.build_kafka"}
{"timestamp":"2025-06-21T11:54:00.788478","level":"info","event":"Delivered to dim_product [0] at offset 896","logger":"kafka.build_kafka"}
{"timestamp":"2025-06-21T11:54:00.788683","level":"info","event":"Delivered to dim_product [0] at offset 897","logger":"kafka.build_kafka"}
{"timestamp":"2025-06-21T11:54:00.788865","level":"info","event":"Delivered to dim_product [0] at offset 898","logger":"kafka.build_kafka"}
{"timestamp":"2025-06-21T11:54:00.788963","level":"info","event":"Delivered to dim_product [0] at offset 899","logger":"kafka.build_kafka"}
{"timestamp":"2025-06-21T11:54:00.789155","level":"info","event":"Delivered to dim_product [0] at offset 900","logger":"kafka.build_kafka"}
{"timestamp":"2025-06-21T11:54:00.789411","level":"info","event":"Delivered to dim_product [0] at offset 901","logger":"kafka.build_kafka"}
{"timestamp":"2025-06-21T11:54:01.538939","level":"info","event":"extract dim_product","logger":"dags.etl_dim_product"}
{"timestamp":"2025-06-21T11:54:01.712093","level":"info","event":"transform dim_product","logger":"dags.etl_dim_product"}
{"timestamp":"2025-06-21T11:54:02.101542","level":"info","event":"Extract và transform dim_product thành công","logger":"dags.etl_dim_product"}
{"timestamp":"2025-06-21T11:54:02.932474","level":"info","event":"Tổng số bản ghi cần gửi: 50","logger":"dags.etl_dim_product"}
{"timestamp":"2025-06-21T11:54:03.642131","level":"info","event":"Batch 5: 50 bản ghi. Đang gửi lên Kafka...","logger":"dags.etl_dim_product"}
{"timestamp":"2025-06-21T11:54:05.840419","level":"info","event":"Delivered to dim_product [3] at offset 1045","logger":"kafka.build_kafka"}
{"timestamp":"2025-06-21T11:54:05.840871","level":"info","event":"Delivered to dim_product [3] at offset 1046","logger":"kafka.build_kafka"}
{"timestamp":"2025-06-21T11:54:05.840982","level":"info","event":"Delivered to dim_product [3] at offset 1047","logger":"kafka.build_kafka"}
{"timestamp":"2025-06-21T11:54:05.841049","level":"info","event":"Delivered to dim_product [3] at offset 1048","logger":"kafka.build_kafka"}
{"timestamp":"2025-06-21T11:54:05.841114","level":"info","event":"Delivered to dim_product [3] at offset 1049","logger":"kafka.build_kafka"}
{"timestamp":"2025-06-21T11:54:05.841179","level":"info","event":"Delivered to dim_product [3] at offset 1050","logger":"kafka.build_kafka"}
{"timestamp":"2025-06-21T11:54:05.841245","level":"info","event":"Delivered to dim_product [3] at offset 1051","logger":"kafka.build_kafka"}
{"timestamp":"2025-06-21T11:54:05.841316","level":"info","event":"Delivered to dim_product [3] at offset 1052","logger":"kafka.build_kafka"}
{"timestamp":"2025-06-21T11:54:05.841383","level":"info","event":"Delivered to dim_product [3] at offset 1053","logger":"kafka.build_kafka"}
{"timestamp":"2025-06-21T11:54:05.841443","level":"info","event":"Delivered to dim_product [3] at offset 1054","logger":"kafka.build_kafka"}
{"timestamp":"2025-06-21T11:54:05.841508","level":"info","event":"Delivered to dim_product [3] at offset 1055","logger":"kafka.build_kafka"}
{"timestamp":"2025-06-21T11:54:05.841585","level":"info","event":"Delivered to dim_product [3] at offset 1056","logger":"kafka.build_kafka"}
{"timestamp":"2025-06-21T11:54:05.841647","level":"info","event":"Delivered to dim_product [3] at offset 1057","logger":"kafka.build_kafka"}
{"timestamp":"2025-06-21T11:54:05.842504","level":"info","event":"Delivered to dim_product [4] at offset 803","logger":"kafka.build_kafka"}
{"timestamp":"2025-06-21T11:54:05.842735","level":"info","event":"Delivered to dim_product [4] at offset 804","logger":"kafka.build_kafka"}
{"timestamp":"2025-06-21T11:54:05.842830","level":"info","event":"Delivered to dim_product [4] at offset 805","logger":"kafka.build_kafka"}
{"timestamp":"2025-06-21T11:54:05.842908","level":"info","event":"Delivered to dim_product [4] at offset 806","logger":"kafka.build_kafka"}
{"timestamp":"2025-06-21T11:54:05.842971","level":"info","event":"Delivered to dim_product [4] at offset 807","logger":"kafka.build_kafka"}
{"timestamp":"2025-06-21T11:54:05.843032","level":"info","event":"Delivered to dim_product [4] at offset 808","logger":"kafka.build_kafka"}
{"timestamp":"2025-06-21T11:54:05.843095","level":"info","event":"Delivered to dim_product [4] at offset 809","logger":"kafka.build_kafka"}
{"timestamp":"2025-06-21T11:54:05.844439","level":"info","event":"Delivered to dim_product [0] at offset 902","logger":"kafka.build_kafka"}
{"timestamp":"2025-06-21T11:54:05.844652","level":"info","event":"Delivered to dim_product [0] at offset 903","logger":"kafka.build_kafka"}
{"timestamp":"2025-06-21T11:54:05.844739","level":"info","event":"Delivered to dim_product [0] at offset 904","logger":"kafka.build_kafka"}
{"timestamp":"2025-06-21T11:54:05.844811","level":"info","event":"Delivered to dim_product [0] at offset 905","logger":"kafka.build_kafka"}
{"timestamp":"2025-06-21T11:54:05.844880","level":"info","event":"Delivered to dim_product [0] at offset 906","logger":"kafka.build_kafka"}
{"timestamp":"2025-06-21T11:54:05.844945","level":"info","event":"Delivered to dim_product [0] at offset 907","logger":"kafka.build_kafka"}
{"timestamp":"2025-06-21T11:54:05.845012","level":"info","event":"Delivered to dim_product [0] at offset 908","logger":"kafka.build_kafka"}
{"timestamp":"2025-06-21T11:54:05.845070","level":"info","event":"Delivered to dim_product [0] at offset 909","logger":"kafka.build_kafka"}
{"timestamp":"2025-06-21T11:54:05.846488","level":"info","event":"Delivered to dim_product [1] at offset 902","logger":"kafka.build_kafka"}
{"timestamp":"2025-06-21T11:54:05.846618","level":"info","event":"Delivered to dim_product [1] at offset 903","logger":"kafka.build_kafka"}
{"timestamp":"2025-06-21T11:54:05.846667","level":"info","event":"Delivered to dim_product [1] at offset 904","logger":"kafka.build_kafka"}
{"timestamp":"2025-06-21T11:54:05.846740","level":"info","event":"Delivered to dim_product [1] at offset 905","logger":"kafka.build_kafka"}
{"timestamp":"2025-06-21T11:54:05.846788","level":"info","event":"Delivered to dim_product [1] at offset 906","logger":"kafka.build_kafka"}
{"timestamp":"2025-06-21T11:54:05.846839","level":"info","event":"Delivered to dim_product [1] at offset 907","logger":"kafka.build_kafka"}
{"timestamp":"2025-06-21T11:54:05.846901","level":"info","event":"Delivered to dim_product [1] at offset 908","logger":"kafka.build_kafka"}
{"timestamp":"2025-06-21T11:54:05.846968","level":"info","event":"Delivered to dim_product [1] at offset 909","logger":"kafka.build_kafka"}
{"timestamp":"2025-06-21T11:54:05.847070","level":"info","event":"Delivered to dim_product [1] at offset 910","logger":"kafka.build_kafka"}
{"timestamp":"2025-06-21T11:54:05.847143","level":"info","event":"Delivered to dim_product [1] at offset 911","logger":"kafka.build_kafka"}
{"timestamp":"2025-06-21T11:54:05.847207","level":"info","event":"Delivered to dim_product [1] at offset 912","logger":"kafka.build_kafka"}
{"timestamp":"2025-06-21T11:54:05.847266","level":"info","event":"Delivered to dim_product [1] at offset 913","logger":"kafka.build_kafka"}
{"timestamp":"2025-06-21T11:54:05.847329","level":"info","event":"Delivered to dim_product [1] at offset 914","logger":"kafka.build_kafka"}
{"timestamp":"2025-06-21T11:54:05.847761","level":"info","event":"Delivered to dim_product [2] at offset 806","logger":"kafka.build_kafka"}
{"timestamp":"2025-06-21T11:54:05.848001","level":"info","event":"Delivered to dim_product [2] at offset 807","logger":"kafka.build_kafka"}
{"timestamp":"2025-06-21T11:54:05.848102","level":"info","event":"Delivered to dim_product [2] at offset 808","logger":"kafka.build_kafka"}
{"timestamp":"2025-06-21T11:54:05.848177","level":"info","event":"Delivered to dim_product [2] at offset 809","logger":"kafka.build_kafka"}
{"timestamp":"2025-06-21T11:54:05.848244","level":"info","event":"Delivered to dim_product [2] at offset 810","logger":"kafka.build_kafka"}
{"timestamp":"2025-06-21T11:54:05.848302","level":"info","event":"Delivered to dim_product [2] at offset 811","logger":"kafka.build_kafka"}
{"timestamp":"2025-06-21T11:54:05.848362","level":"info","event":"Delivered to dim_product [2] at offset 812","logger":"kafka.build_kafka"}
{"timestamp":"2025-06-21T11:54:05.848423","level":"info","event":"Delivered to dim_product [2] at offset 813","logger":"kafka.build_kafka"}
{"timestamp":"2025-06-21T11:54:05.848487","level":"info","event":"Delivered to dim_product [2] at offset 814","logger":"kafka.build_kafka"}
{"timestamp":"2025-06-21T11:54:06.516571","level":"info","event":"extract dim_product","logger":"dags.etl_dim_product"}
{"timestamp":"2025-06-21T11:54:06.657520","level":"info","event":"transform dim_product","logger":"dags.etl_dim_product"}
{"timestamp":"2025-06-21T11:54:07.017452","level":"info","event":"Extract và transform dim_product thành công","logger":"dags.etl_dim_product"}
{"timestamp":"2025-06-21T11:54:08.509417","level":"info","event":"Tổng số bản ghi cần gửi: 50","logger":"dags.etl_dim_product"}
{"timestamp":"2025-06-21T11:54:08.915504","level":"info","event":"Batch 6: 50 bản ghi. Đang gửi lên Kafka...","logger":"dags.etl_dim_product"}
{"timestamp":"2025-06-21T11:54:11.589076","level":"info","event":"Delivered to dim_product [0] at offset 910","logger":"kafka.build_kafka"}
{"timestamp":"2025-06-21T11:54:11.589441","level":"info","event":"Delivered to dim_product [0] at offset 911","logger":"kafka.build_kafka"}
{"timestamp":"2025-06-21T11:54:11.589649","level":"info","event":"Delivered to dim_product [0] at offset 912","logger":"kafka.build_kafka"}
{"timestamp":"2025-06-21T11:54:11.589859","level":"info","event":"Delivered to dim_product [0] at offset 913","logger":"kafka.build_kafka"}
{"timestamp":"2025-06-21T11:54:11.590004","level":"info","event":"Delivered to dim_product [0] at offset 914","logger":"kafka.build_kafka"}
{"timestamp":"2025-06-21T11:54:11.590083","level":"info","event":"Delivered to dim_product [0] at offset 915","logger":"kafka.build_kafka"}
{"timestamp":"2025-06-21T11:54:11.590151","level":"info","event":"Delivered to dim_product [0] at offset 916","logger":"kafka.build_kafka"}
{"timestamp":"2025-06-21T11:54:11.590213","level":"info","event":"Delivered to dim_product [0] at offset 917","logger":"kafka.build_kafka"}
{"timestamp":"2025-06-21T11:54:11.590279","level":"info","event":"Delivered to dim_product [0] at offset 918","logger":"kafka.build_kafka"}
{"timestamp":"2025-06-21T11:54:11.590343","level":"info","event":"Delivered to dim_product [0] at offset 919","logger":"kafka.build_kafka"}
{"timestamp":"2025-06-21T11:54:11.590409","level":"info","event":"Delivered to dim_product [0] at offset 920","logger":"kafka.build_kafka"}
{"timestamp":"2025-06-21T11:54:11.590483","level":"info","event":"Delivered to dim_product [0] at offset 921","logger":"kafka.build_kafka"}
{"timestamp":"2025-06-21T11:54:11.598334","level":"info","event":"Delivered to dim_product [1] at offset 915","logger":"kafka.build_kafka"}
{"timestamp":"2025-06-21T11:54:11.598561","level":"info","event":"Delivered to dim_product [1] at offset 916","logger":"kafka.build_kafka"}
{"timestamp":"2025-06-21T11:54:11.598649","level":"info","event":"Delivered to dim_product [1] at offset 917","logger":"kafka.build_kafka"}
{"timestamp":"2025-06-21T11:54:11.598721","level":"info","event":"Delivered to dim_product [1] at offset 918","logger":"kafka.build_kafka"}
{"timestamp":"2025-06-21T11:54:11.598787","level":"info","event":"Delivered to dim_product [1] at offset 919","logger":"kafka.build_kafka"}
{"timestamp":"2025-06-21T11:54:11.598853","level":"info","event":"Delivered to dim_product [1] at offset 920","logger":"kafka.build_kafka"}
{"timestamp":"2025-06-21T11:54:11.598962","level":"info","event":"Delivered to dim_product [1] at offset 921","logger":"kafka.build_kafka"}
{"timestamp":"2025-06-21T11:54:11.599029","level":"info","event":"Delivered to dim_product [1] at offset 922","logger":"kafka.build_kafka"}
{"timestamp":"2025-06-21T11:54:11.599094","level":"info","event":"Delivered to dim_product [1] at offset 923","logger":"kafka.build_kafka"}
{"timestamp":"2025-06-21T11:54:11.613886","level":"info","event":"Delivered to dim_product [2] at offset 815","logger":"kafka.build_kafka"}
{"timestamp":"2025-06-21T11:54:11.614147","level":"info","event":"Delivered to dim_product [2] at offset 816","logger":"kafka.build_kafka"}
{"timestamp":"2025-06-21T11:54:11.614220","level":"info","event":"Delivered to dim_product [2] at offset 817","logger":"kafka.build_kafka"}
{"timestamp":"2025-06-21T11:54:11.614280","level":"info","event":"Delivered to dim_product [2] at offset 818","logger":"kafka.build_kafka"}
{"timestamp":"2025-06-21T11:54:11.614338","level":"info","event":"Delivered to dim_product [2] at offset 819","logger":"kafka.build_kafka"}
{"timestamp":"2025-06-21T11:54:11.614395","level":"info","event":"Delivered to dim_product [2] at offset 820","logger":"kafka.build_kafka"}
{"timestamp":"2025-06-21T11:54:11.614461","level":"info","event":"Delivered to dim_product [2] at offset 821","logger":"kafka.build_kafka"}
{"timestamp":"2025-06-21T11:54:11.614530","level":"info","event":"Delivered to dim_product [2] at offset 822","logger":"kafka.build_kafka"}
{"timestamp":"2025-06-21T11:54:11.614589","level":"info","event":"Delivered to dim_product [2] at offset 823","logger":"kafka.build_kafka"}
{"timestamp":"2025-06-21T11:54:11.620420","level":"info","event":"Delivered to dim_product [3] at offset 1058","logger":"kafka.build_kafka"}
{"timestamp":"2025-06-21T11:54:11.620633","level":"info","event":"Delivered to dim_product [3] at offset 1059","logger":"kafka.build_kafka"}
{"timestamp":"2025-06-21T11:54:11.620706","level":"info","event":"Delivered to dim_product [3] at offset 1060","logger":"kafka.build_kafka"}
{"timestamp":"2025-06-21T11:54:11.620774","level":"info","event":"Delivered to dim_product [3] at offset 1061","logger":"kafka.build_kafka"}
{"timestamp":"2025-06-21T11:54:11.620838","level":"info","event":"Delivered to dim_product [3] at offset 1062","logger":"kafka.build_kafka"}
{"timestamp":"2025-06-21T11:54:11.620901","level":"info","event":"Delivered to dim_product [3] at offset 1063","logger":"kafka.build_kafka"}
{"timestamp":"2025-06-21T11:54:11.620965","level":"info","event":"Delivered to dim_product [3] at offset 1064","logger":"kafka.build_kafka"}
{"timestamp":"2025-06-21T11:54:11.621027","level":"info","event":"Delivered to dim_product [3] at offset 1065","logger":"kafka.build_kafka"}
{"timestamp":"2025-06-21T11:54:11.621100","level":"info","event":"Delivered to dim_product [3] at offset 1066","logger":"kafka.build_kafka"}
{"timestamp":"2025-06-21T11:54:11.636780","level":"info","event":"Delivered to dim_product [4] at offset 810","logger":"kafka.build_kafka"}
{"timestamp":"2025-06-21T11:54:11.637070","level":"info","event":"Delivered to dim_product [4] at offset 811","logger":"kafka.build_kafka"}
{"timestamp":"2025-06-21T11:54:11.637167","level":"info","event":"Delivered to dim_product [4] at offset 812","logger":"kafka.build_kafka"}
{"timestamp":"2025-06-21T11:54:11.637243","level":"info","event":"Delivered to dim_product [4] at offset 813","logger":"kafka.build_kafka"}
{"timestamp":"2025-06-21T11:54:11.637322","level":"info","event":"Delivered to dim_product [4] at offset 814","logger":"kafka.build_kafka"}
{"timestamp":"2025-06-21T11:54:11.637447","level":"info","event":"Delivered to dim_product [4] at offset 815","logger":"kafka.build_kafka"}
{"timestamp":"2025-06-21T11:54:11.637547","level":"info","event":"Delivered to dim_product [4] at offset 816","logger":"kafka.build_kafka"}
{"timestamp":"2025-06-21T11:54:11.637624","level":"info","event":"Delivered to dim_product [4] at offset 817","logger":"kafka.build_kafka"}
{"timestamp":"2025-06-21T11:54:11.637690","level":"info","event":"Delivered to dim_product [4] at offset 818","logger":"kafka.build_kafka"}
{"timestamp":"2025-06-21T11:54:11.637755","level":"info","event":"Delivered to dim_product [4] at offset 819","logger":"kafka.build_kafka"}
{"timestamp":"2025-06-21T11:54:11.637825","level":"info","event":"Delivered to dim_product [4] at offset 820","logger":"kafka.build_kafka"}
{"timestamp":"2025-06-21T11:54:12.703015","level":"info","event":"extract dim_product","logger":"dags.etl_dim_product"}
{"timestamp":"2025-06-21T11:54:12.473884","level":"info","event":"transform dim_product","logger":"dags.etl_dim_product"}
{"timestamp":"2025-06-21T11:54:12.795411","level":"info","event":"Extract và transform dim_product thành công","logger":"dags.etl_dim_product"}
{"timestamp":"2025-06-21T11:54:15.928901","level":"info","event":"Tổng số bản ghi cần gửi: 50","logger":"dags.etl_dim_product"}
{"timestamp":"2025-06-21T11:54:16.430232","level":"info","event":"Batch 7: 50 bản ghi. Đang gửi lên Kafka...","logger":"dags.etl_dim_product"}
{"timestamp":"2025-06-21T11:54:24.853138","level":"info","event":"Error while receiving.","logger":"py4j.clientserver","error_detail":[{"exc_type":"Py4JNetworkError","exc_value":"Answer from Java side is empty","exc_notes":[],"syntax_error":null,"is_cause":false,"frames":[{"filename":"/home/airflow/.local/lib/python3.12/site-packages/py4j/clientserver.py","lineno":540,"name":"send_command"}]}]}
{"timestamp":"2025-06-21T11:54:24.853829","level":"info","event":"Closing down clientserver connection","logger":"py4j.clientserver"}
{"timestamp":"2025-06-21T11:54:24.854215","level":"info","event":"Exception while sending command.","logger":"root","error_detail":[{"exc_type":"Py4JNetworkError","exc_value":"Answer from Java side is empty","exc_notes":[],"syntax_error":null,"is_cause":false,"frames":[{"filename":"/home/airflow/.local/lib/python3.12/site-packages/py4j/java_gateway.py","lineno":1038,"name":"send_command"},{"filename":"/home/airflow/.local/lib/python3.12/site-packages/py4j/clientserver.py","lineno":540,"name":"send_command"}]}]}
{"timestamp":"2025-06-21T11:54:24.854616","level":"info","event":"Closing down clientserver connection","logger":"py4j.clientserver"}
{"timestamp":"2025-06-21T11:54:24.854762","level":"error","event":"Lỗi trong quá trình gửi Kafka: [Errno 111] Connection refused","logger":"dags.etl_dim_product"}
{"timestamp":"2025-06-21T11:54:24.854853","level":"info","event":"Closing down clientserver connection","logger":"py4j.clientserver"}
{"timestamp":"2025-06-21T11:54:24.854921","level":"info","event":"Closing down clientserver connection","logger":"py4j.clientserver"}
{"timestamp":"2025-06-21T11:54:24.878005","level":"info","event":"Closing down clientserver connection","logger":"py4j.clientserver"}
{"timestamp":"2025-06-21T11:54:25.884865Z","level":"info","event":"Task instance in failure state","chan":"stdout","logger":"task"}
{"timestamp":"2025-06-21T11:54:25.885400Z","level":"info","event":"Task start","chan":"stdout","logger":"task"}
{"timestamp":"2025-06-21T11:54:25.885861Z","level":"info","event":"Task:<Task(PythonOperator): dim_product_group.producer_kafka>","chan":"stdout","logger":"task"}
{"timestamp":"2025-06-21T11:54:25.886459Z","level":"info","event":"Failure caused by [Errno 111] Connection refused","chan":"stdout","logger":"task"}
{"timestamp":"2025-06-21T11:54:24.878370","level":"error","event":"Task failed with exception","logger":"task","error_detail":[{"exc_type":"ConnectionRefusedError","exc_value":"[Errno 111] Connection refused","exc_notes":[],"syntax_error":null,"is_cause":false,"frames":[{"filename":"/home/airflow/.local/lib/python3.12/site-packages/airflow/sdk/execution_time/task_runner.py","lineno":825,"name":"run"},{"filename":"/home/airflow/.local/lib/python3.12/site-packages/airflow/sdk/execution_time/task_runner.py","lineno":1088,"name":"_execute_task"},{"filename":"/home/airflow/.local/lib/python3.12/site-packages/airflow/sdk/bases/operator.py","lineno":408,"name":"wrapper"},{"filename":"/home/airflow/.local/lib/python3.12/site-packages/airflow/providers/standard/operators/python.py","lineno":212,"name":"execute"},{"filename":"/home/airflow/.local/lib/python3.12/site-packages/airflow/providers/standard/operators/python.py","lineno":235,"name":"execute_callable"},{"filename":"/home/airflow/.local/lib/python3.12/site-packages/airflow/sdk/execution_time/callback_runner.py","lineno":81,"name":"run"},{"filename":"/opt/airflow/dags/etl_dim_product.py","lineno":122,"name":"producer_product_kafka"},{"filename":"/home/airflow/.local/lib/python3.12/site-packages/pyspark/sql/session.py","lineno":2023,"name":"stop"},{"filename":"/home/airflow/.local/lib/python3.12/site-packages/pyspark/core/context.py","lineno":684,"name":"stop"},{"filename":"/home/airflow/.local/lib/python3.12/site-packages/py4j/java_gateway.py","lineno":1361,"name":"__call__"},{"filename":"/home/airflow/.local/lib/python3.12/site-packages/py4j/java_gateway.py","lineno":1036,"name":"send_command"},{"filename":"/home/airflow/.local/lib/python3.12/site-packages/py4j/clientserver.py","lineno":284,"name":"_get_connection"},{"filename":"/home/airflow/.local/lib/python3.12/site-packages/py4j/clientserver.py","lineno":291,"name":"_create_new_connection"},{"filename":"/home/airflow/.local/lib/python3.12/site-packages/py4j/clientserver.py","lineno":438,"name":"connect_to_java_server"}]}]}
{"timestamp":"2025-06-21T11:54:25.887737Z","level":"error","event":"\r[Stage 0:>                                                          (0 + 1) / 1]\r\r[Stage 0:===========================================================(1 + 0) / 1]\r\r                                                                                \r\r[Stage 1:>                                                          (0 + 1) / 1]\r\r[Stage 3:>                                                          (0 + 1) / 1]\r\r                                                                                \r\r[Stage 51:>                                                         (0 + 0) / 1]\r\r[Stage 51:>                                                         (0 + 1) / 1]\r\r                                                                                \r\r[Stage 55:>                                                         (0 + 1) / 1]\r\r                                                                                \r\r[Stage 66:>                                                         (0 + 0) / 1]","chan":"stderr","logger":"task"}
