{"timestamp":"2025-06-21T09:41:45.627869","level":"info","event":"DAG bundles loaded: dags-folder, example_dags","logger":"airflow.dag_processing.bundles.manager.DagBundlesManager"}
{"timestamp":"2025-06-21T09:41:45.632975","level":"info","event":"Filling up the DagBag from /opt/airflow/dags/etl_pipeline.py","logger":"airflow.models.dagbag.DagBag"}
{"timestamp":"2025-06-21T09:41:46.996391Z","level":"info","event":"Task instance is in running state","chan":"stdout","logger":"task"}
{"timestamp":"2025-06-21T09:41:46.997567Z","level":"info","event":" Previous state of the Task instance: queued","chan":"stdout","logger":"task"}
{"timestamp":"2025-06-21T09:41:46.998177Z","level":"info","event":"Current task name:dim_product_group.producer_kafka","chan":"stdout","logger":"task"}
{"timestamp":"2025-06-21T09:41:46.998575Z","level":"info","event":"Dag name:etl_pipeline","chan":"stdout","logger":"task"}
{"timestamp":"2025-06-21T09:41:47.928492Z","level":"error","event":"WARNING: Using incubator modules: jdk.incubator.vector","chan":"stderr","logger":"task"}
{"timestamp":"2025-06-21T09:41:50.883539Z","level":"error","event":":: loading settings :: url = jar:file:/home/airflow/.local/lib/python3.12/site-packages/pyspark/jars/ivy-2.5.3.jar!/org/apache/ivy/core/settings/ivysettings.xml","chan":"stderr","logger":"task"}
{"timestamp":"2025-06-21T09:41:51.014375Z","level":"error","event":"Ivy Default Cache set to: /home/airflow/.ivy2.5.2/cache","chan":"stderr","logger":"task"}
{"timestamp":"2025-06-21T09:41:51.015453Z","level":"error","event":"The jars for the packages stored in: /home/airflow/.ivy2.5.2/jars","chan":"stderr","logger":"task"}
{"timestamp":"2025-06-21T09:41:51.023309Z","level":"error","event":"org.postgresql#postgresql added as a dependency","chan":"stderr","logger":"task"}
{"timestamp":"2025-06-21T09:41:51.024434Z","level":"error","event":"org.apache.spark#spark-sql-kafka-0-10_2.12 added as a dependency","chan":"stderr","logger":"task"}
{"timestamp":"2025-06-21T09:41:51.025313Z","level":"error","event":":: resolving dependencies :: org.apache.spark#spark-submit-parent-c9ef1108-d412-43fb-afc1-f3e3272e1094;1.0","chan":"stderr","logger":"task"}
{"timestamp":"2025-06-21T09:41:51.025745Z","level":"error","event":"\tconfs: [default]","chan":"stderr","logger":"task"}
{"timestamp":"2025-06-21T09:41:51.202750Z","level":"error","event":"\tfound org.postgresql#postgresql;42.7.1 in central","chan":"stderr","logger":"task"}
{"timestamp":"2025-06-21T09:41:51.239248Z","level":"error","event":"\tfound org.checkerframework#checker-qual;3.41.0 in central","chan":"stderr","logger":"task"}
{"timestamp":"2025-06-21T09:41:51.329113Z","level":"error","event":"\tfound org.apache.spark#spark-sql-kafka-0-10_2.12;3.3.0 in central","chan":"stderr","logger":"task"}
{"timestamp":"2025-06-21T09:41:51.407090Z","level":"error","event":"\tfound org.apache.spark#spark-token-provider-kafka-0-10_2.12;3.3.0 in central","chan":"stderr","logger":"task"}
{"timestamp":"2025-06-21T09:41:51.450461Z","level":"error","event":"\tfound org.apache.kafka#kafka-clients;2.8.1 in central","chan":"stderr","logger":"task"}
{"timestamp":"2025-06-21T09:41:51.496849Z","level":"error","event":"\tfound org.lz4#lz4-java;1.8.0 in central","chan":"stderr","logger":"task"}
{"timestamp":"2025-06-21T09:41:51.565474Z","level":"error","event":"\tfound org.xerial.snappy#snappy-java;1.1.8.4 in central","chan":"stderr","logger":"task"}
{"timestamp":"2025-06-21T09:41:51.611050Z","level":"error","event":"\tfound org.slf4j#slf4j-api;1.7.32 in central","chan":"stderr","logger":"task"}
{"timestamp":"2025-06-21T09:41:51.667522Z","level":"error","event":"\tfound org.apache.hadoop#hadoop-client-runtime;3.3.2 in central","chan":"stderr","logger":"task"}
{"timestamp":"2025-06-21T09:41:51.700007Z","level":"error","event":"\tfound org.spark-project.spark#unused;1.0.0 in central","chan":"stderr","logger":"task"}
{"timestamp":"2025-06-21T09:41:51.786383Z","level":"error","event":"\tfound org.apache.hadoop#hadoop-client-api;3.3.2 in central","chan":"stderr","logger":"task"}
{"timestamp":"2025-06-21T09:41:51.889001Z","level":"error","event":"\tfound commons-logging#commons-logging;1.1.3 in central","chan":"stderr","logger":"task"}
{"timestamp":"2025-06-21T09:41:51.928103Z","level":"error","event":"\tfound com.google.code.findbugs#jsr305;3.0.0 in central","chan":"stderr","logger":"task"}
{"timestamp":"2025-06-21T09:41:51.975618Z","level":"error","event":"\tfound org.apache.commons#commons-pool2;2.11.1 in central","chan":"stderr","logger":"task"}
{"timestamp":"2025-06-21T09:41:52.032077Z","level":"error","event":":: resolution report :: resolve 968ms :: artifacts dl 38ms","chan":"stderr","logger":"task"}
{"timestamp":"2025-06-21T09:41:52.032961Z","level":"error","event":"\t:: modules in use:","chan":"stderr","logger":"task"}
{"timestamp":"2025-06-21T09:41:52.033599Z","level":"error","event":"\tcom.google.code.findbugs#jsr305;3.0.0 from central in [default]","chan":"stderr","logger":"task"}
{"timestamp":"2025-06-21T09:41:52.035807Z","level":"error","event":"\tcommons-logging#commons-logging;1.1.3 from central in [default]","chan":"stderr","logger":"task"}
{"timestamp":"2025-06-21T09:41:52.037163Z","level":"error","event":"\torg.apache.commons#commons-pool2;2.11.1 from central in [default]","chan":"stderr","logger":"task"}
{"timestamp":"2025-06-21T09:41:52.038247Z","level":"error","event":"\torg.apache.hadoop#hadoop-client-api;3.3.2 from central in [default]","chan":"stderr","logger":"task"}
{"timestamp":"2025-06-21T09:41:52.038865Z","level":"error","event":"\torg.apache.hadoop#hadoop-client-runtime;3.3.2 from central in [default]","chan":"stderr","logger":"task"}
{"timestamp":"2025-06-21T09:41:52.039887Z","level":"error","event":"\torg.apache.kafka#kafka-clients;2.8.1 from central in [default]","chan":"stderr","logger":"task"}
{"timestamp":"2025-06-21T09:41:52.042430Z","level":"error","event":"\torg.apache.spark#spark-sql-kafka-0-10_2.12;3.3.0 from central in [default]","chan":"stderr","logger":"task"}
{"timestamp":"2025-06-21T09:41:52.043648Z","level":"error","event":"\torg.apache.spark#spark-token-provider-kafka-0-10_2.12;3.3.0 from central in [default]","chan":"stderr","logger":"task"}
{"timestamp":"2025-06-21T09:41:52.044595Z","level":"error","event":"\torg.checkerframework#checker-qual;3.41.0 from central in [default]","chan":"stderr","logger":"task"}
{"timestamp":"2025-06-21T09:41:52.045258Z","level":"error","event":"\torg.lz4#lz4-java;1.8.0 from central in [default]","chan":"stderr","logger":"task"}
{"timestamp":"2025-06-21T09:41:52.046127Z","level":"error","event":"\torg.postgresql#postgresql;42.7.1 from central in [default]","chan":"stderr","logger":"task"}
{"timestamp":"2025-06-21T09:41:52.046772Z","level":"error","event":"\torg.slf4j#slf4j-api;1.7.32 from central in [default]","chan":"stderr","logger":"task"}
{"timestamp":"2025-06-21T09:41:52.047334Z","level":"error","event":"\torg.spark-project.spark#unused;1.0.0 from central in [default]","chan":"stderr","logger":"task"}
{"timestamp":"2025-06-21T09:41:52.048338Z","level":"error","event":"\torg.xerial.snappy#snappy-java;1.1.8.4 from central in [default]","chan":"stderr","logger":"task"}
{"timestamp":"2025-06-21T09:41:52.048898Z","level":"error","event":"\t---------------------------------------------------------------------","chan":"stderr","logger":"task"}
{"timestamp":"2025-06-21T09:41:52.049304Z","level":"error","event":"\t|                  |            modules            ||   artifacts   |","chan":"stderr","logger":"task"}
{"timestamp":"2025-06-21T09:41:52.049838Z","level":"error","event":"\t|       conf       | number| search|dwnlded|evicted|| number|dwnlded|","chan":"stderr","logger":"task"}
{"timestamp":"2025-06-21T09:41:52.050217Z","level":"error","event":"\t---------------------------------------------------------------------","chan":"stderr","logger":"task"}
{"timestamp":"2025-06-21T09:41:52.050577Z","level":"error","event":"\t|      default     |   14  |   0   |   0   |   0   ||   14  |   0   |","chan":"stderr","logger":"task"}
{"timestamp":"2025-06-21T09:41:52.050967Z","level":"error","event":"\t---------------------------------------------------------------------","chan":"stderr","logger":"task"}
{"timestamp":"2025-06-21T09:41:52.051439Z","level":"error","event":":: retrieving :: org.apache.spark#spark-submit-parent-c9ef1108-d412-43fb-afc1-f3e3272e1094","chan":"stderr","logger":"task"}
{"timestamp":"2025-06-21T09:41:52.051761Z","level":"error","event":"\tconfs: [default]","chan":"stderr","logger":"task"}
{"timestamp":"2025-06-21T09:41:52.066849Z","level":"error","event":"\t0 artifacts copied, 14 already retrieved (0kB/17ms)","chan":"stderr","logger":"task"}
{"timestamp":"2025-06-21T09:41:52.463120Z","level":"error","event":"25/06/21 09:41:52 WARN NativeCodeLoader: Unable to load native-hadoop library for your platform... using builtin-java classes where applicable","chan":"stderr","logger":"task"}
{"timestamp":"2025-06-21T09:41:52.871186Z","level":"error","event":"Using Spark's default log4j profile: org/apache/spark/log4j2-defaults.properties","chan":"stderr","logger":"task"}
{"timestamp":"2025-06-21T09:41:52.872663Z","level":"error","event":"Setting default log level to \"WARN\".","chan":"stderr","logger":"task"}
{"timestamp":"2025-06-21T09:41:52.873655Z","level":"error","event":"To adjust logging level use sc.setLogLevel(newLevel). For SparkR, use setLogLevel(newLevel).","chan":"stderr","logger":"task"}
{"timestamp":"2025-06-21T09:41:58.777070Z","level":"error","event":"25/06/21 09:41:58 WARN Utils: Service 'SparkUI' could not bind on port 4050. Attempting port 4051.","chan":"stderr","logger":"task"}
{"timestamp":"2025-06-21T09:41:58.778465Z","level":"error","event":"25/06/21 09:41:58 WARN Utils: Service 'SparkUI' could not bind on port 4051. Attempting port 4052.","chan":"stderr","logger":"task"}
{"timestamp":"2025-06-21T09:41:58.781656Z","level":"error","event":"25/06/21 09:41:58 WARN Utils: Service 'SparkUI' could not bind on port 4052. Attempting port 4053.","chan":"stderr","logger":"task"}
{"timestamp":"2025-06-21T09:42:03.514594","level":"info","event":"Thử lần 1/5 kiểm tra topic 'dim_product'...","logger":"kafka.build_kafka"}
{"timestamp":"2025-06-21T09:42:08.515059","level":"warning","event":"⚠Lỗi khi kiểm tra/tạo topic 'dim_product': KafkaError{code=_TRANSPORT,val=-195,str=\"Failed to get metadata: Local: Broker transport failure\"}","logger":"kafka.build_kafka"}
{"timestamp":"2025-06-21T09:42:08.515230","level":"info","event":"Đợi 3 giây rồi thử lại...","logger":"kafka.build_kafka"}
{"timestamp":"2025-06-21T09:42:11.516762","level":"info","event":"Thử lần 2/5 kiểm tra topic 'dim_product'...","logger":"kafka.build_kafka"}
{"timestamp":"2025-06-21T09:42:11.517679Z","level":"error","event":"%3|1750498931.517|FAIL|rdkafka#producer-2| [thrd:kafka:9092/bootstrap]: kafka:9092/bootstrap: Failed to resolve 'kafka:9092': Temporary failure in name resolution (after 8002ms in state CONNECT)","chan":"stderr","logger":"task"}
{"timestamp":"2025-06-21T09:42:11.518053Z","level":"error","event":"%3|1750498931.517|FAIL|rdkafka#producer-1| [thrd:kafka:9092/bootstrap]: kafka:9092/bootstrap: Failed to resolve 'kafka:9092': Temporary failure in name resolution (after 8003ms in state CONNECT)","chan":"stderr","logger":"task"}
{"timestamp":"2025-06-21T09:42:16.518418","level":"warning","event":"⚠Lỗi khi kiểm tra/tạo topic 'dim_product': KafkaError{code=_TRANSPORT,val=-195,str=\"Failed to get metadata: Local: Broker transport failure\"}","logger":"kafka.build_kafka"}
{"timestamp":"2025-06-21T09:42:16.518642","level":"info","event":"Đợi 3 giây rồi thử lại...","logger":"kafka.build_kafka"}
{"timestamp":"2025-06-21T09:42:19.520399","level":"info","event":"Thử lần 3/5 kiểm tra topic 'dim_product'...","logger":"kafka.build_kafka"}
{"timestamp":"2025-06-21T09:42:20.520764Z","level":"error","event":"%3|1750498940.520|FAIL|rdkafka#producer-2| [thrd:kafka:9092/bootstrap]: kafka:9092/bootstrap: Failed to resolve 'kafka:9092': Temporary failure in name resolution (after 8003ms in state CONNECT, 1 identical error(s) suppressed)","chan":"stderr","logger":"task"}
{"timestamp":"2025-06-21T09:42:20.523248Z","level":"error","event":"%3|1750498940.523|FAIL|rdkafka#producer-1| [thrd:kafka:9092/bootstrap]: kafka:9092/bootstrap: Failed to resolve 'kafka:9092': Temporary failure in name resolution (after 8001ms in state CONNECT, 1 identical error(s) suppressed)","chan":"stderr","logger":"task"}
{"timestamp":"2025-06-21T09:42:24.521490","level":"warning","event":"⚠Lỗi khi kiểm tra/tạo topic 'dim_product': KafkaError{code=_TRANSPORT,val=-195,str=\"Failed to get metadata: Local: Broker transport failure\"}","logger":"kafka.build_kafka"}
{"timestamp":"2025-06-21T09:42:24.521663","level":"info","event":"Đợi 3 giây rồi thử lại...","logger":"kafka.build_kafka"}
{"timestamp":"2025-06-21T09:42:25.940875","level":"info","event":"Thử lần 4/5 kiểm tra topic 'dim_product'...","logger":"kafka.build_kafka"}
{"timestamp":"2025-06-21T09:42:30.942081","level":"warning","event":"⚠Lỗi khi kiểm tra/tạo topic 'dim_product': KafkaError{code=_TRANSPORT,val=-195,str=\"Failed to get metadata: Local: Broker transport failure\"}","logger":"kafka.build_kafka"}
{"timestamp":"2025-06-21T09:42:30.942282","level":"info","event":"Đợi 3 giây rồi thử lại...","logger":"kafka.build_kafka"}
{"timestamp":"2025-06-21T09:42:33.942995","level":"info","event":"Thử lần 5/5 kiểm tra topic 'dim_product'...","logger":"kafka.build_kafka"}
{"timestamp":"2025-06-21T09:42:38.943970","level":"warning","event":"⚠Lỗi khi kiểm tra/tạo topic 'dim_product': KafkaError{code=_TRANSPORT,val=-195,str=\"Failed to get metadata: Local: Broker transport failure\"}","logger":"kafka.build_kafka"}
{"timestamp":"2025-06-21T09:42:38.944181","level":"error","event":"Thử 5 lần nhưng vẫn lỗi khi kiểm tra/tạo topic 'dim_product'.","logger":"kafka.build_kafka"}
{"timestamp":"2025-06-21T09:42:38.944392","level":"error","event":"Task failed with exception","logger":"task","error_detail":[{"exc_type":"KafkaException","exc_value":"KafkaError{code=_TRANSPORT,val=-195,str=\"Failed to get metadata: Local: Broker transport failure\"}","exc_notes":[],"syntax_error":null,"is_cause":false,"frames":[{"filename":"/home/airflow/.local/lib/python3.12/site-packages/airflow/sdk/execution_time/task_runner.py","lineno":825,"name":"run"},{"filename":"/home/airflow/.local/lib/python3.12/site-packages/airflow/sdk/execution_time/task_runner.py","lineno":1088,"name":"_execute_task"},{"filename":"/home/airflow/.local/lib/python3.12/site-packages/airflow/sdk/bases/operator.py","lineno":408,"name":"wrapper"},{"filename":"/home/airflow/.local/lib/python3.12/site-packages/airflow/providers/standard/operators/python.py","lineno":212,"name":"execute"},{"filename":"/home/airflow/.local/lib/python3.12/site-packages/airflow/providers/standard/operators/python.py","lineno":235,"name":"execute_callable"},{"filename":"/home/airflow/.local/lib/python3.12/site-packages/airflow/sdk/execution_time/callback_runner.py","lineno":81,"name":"run"},{"filename":"/opt/airflow/dags/etl_dim_product.py","lineno":76,"name":"producer_product_kafka"},{"filename":"/opt/airflow/dags/kafka/build_kafka.py","lineno":98,"name":"ensure_topic_exists"},{"filename":"/opt/airflow/dags/kafka/build_kafka.py","lineno":76,"name":"ensure_topic_exists"},{"filename":"/home/airflow/.local/lib/python3.12/site-packages/confluent_kafka/admin/__init__.py","lineno":639,"name":"list_topics"}]}]}
{"timestamp":"2025-06-21T09:42:38.982855Z","level":"info","event":"Task instance in failure state","chan":"stdout","logger":"task"}
{"timestamp":"2025-06-21T09:42:38.983332Z","level":"info","event":"Task start","chan":"stdout","logger":"task"}
{"timestamp":"2025-06-21T09:42:38.983661Z","level":"info","event":"Task:<Task(PythonOperator): dim_product_group.producer_kafka>","chan":"stdout","logger":"task"}
{"timestamp":"2025-06-21T09:42:38.983931Z","level":"info","event":"Failure caused by KafkaError{code=_TRANSPORT,val=-195,str=\"Failed to get metadata: Local: Broker transport failure\"}","chan":"stdout","logger":"task"}
{"timestamp":"2025-06-21T11:17:10.295825","level":"info","event":"DAG bundles loaded: dags-folder, example_dags","logger":"airflow.dag_processing.bundles.manager.DagBundlesManager"}
{"timestamp":"2025-06-21T11:17:10.297442","level":"info","event":"Filling up the DagBag from /opt/airflow/dags/etl_pipeline.py","logger":"airflow.models.dagbag.DagBag"}
{"timestamp":"2025-06-21T11:17:11.499963Z","level":"info","event":"Task instance is in running state","chan":"stdout","logger":"task"}
{"timestamp":"2025-06-21T11:17:11.500652Z","level":"info","event":" Previous state of the Task instance: queued","chan":"stdout","logger":"task"}
{"timestamp":"2025-06-21T11:17:11.501134Z","level":"info","event":"Current task name:dim_product_group.producer_kafka","chan":"stdout","logger":"task"}
{"timestamp":"2025-06-21T11:17:11.501469Z","level":"info","event":"Dag name:etl_pipeline","chan":"stdout","logger":"task"}
{"timestamp":"2025-06-21T11:17:12.089627Z","level":"error","event":"WARNING: Using incubator modules: jdk.incubator.vector","chan":"stderr","logger":"task"}
{"timestamp":"2025-06-21T11:17:15.646555Z","level":"error","event":":: loading settings :: url = jar:file:/home/airflow/.local/lib/python3.12/site-packages/pyspark/jars/ivy-2.5.3.jar!/org/apache/ivy/core/settings/ivysettings.xml","chan":"stderr","logger":"task"}
{"timestamp":"2025-06-21T11:17:15.693127Z","level":"error","event":"Server indicated the task shouldn't be running anymore. Terminating process","detail":{"detail":{"reason":"not_running","message":"TI is no longer in the running state and task should terminate","current_state":"failed"}},"logger":"task"}
{"timestamp":"2025-06-21T11:17:15.746338Z","level":"error","event":"Task killed!","logger":"task"}
{"timestamp":"2025-06-21T11:17:15.896722Z","level":"error","event":"Ivy Default Cache set to: /home/airflow/.ivy2.5.2/cache","chan":"stderr","logger":"task"}
{"timestamp":"2025-06-21T11:17:15.897878Z","level":"error","event":"The jars for the packages stored in: /home/airflow/.ivy2.5.2/jars","chan":"stderr","logger":"task"}
{"timestamp":"2025-06-21T11:17:15.916524Z","level":"error","event":"org.postgresql#postgresql added as a dependency","chan":"stderr","logger":"task"}
{"timestamp":"2025-06-21T11:17:15.918690Z","level":"error","event":"org.apache.spark#spark-sql-kafka-0-10_2.12 added as a dependency","chan":"stderr","logger":"task"}
{"timestamp":"2025-06-21T11:17:15.920036Z","level":"error","event":":: resolving dependencies :: org.apache.spark#spark-submit-parent-98635c68-aa79-42aa-88e0-7b1352289799;1.0","chan":"stderr","logger":"task"}
{"timestamp":"2025-06-21T11:17:15.923127Z","level":"error","event":"\tconfs: [default]","chan":"stderr","logger":"task"}
{"timestamp":"2025-06-21T11:17:16.181109Z","level":"error","event":"\tfound org.postgresql#postgresql;42.7.1 in central","chan":"stderr","logger":"task"}
{"timestamp":"2025-06-21T11:17:16.229563Z","level":"error","event":"\tfound org.checkerframework#checker-qual;3.41.0 in central","chan":"stderr","logger":"task"}
{"timestamp":"2025-06-21T11:17:16.409325Z","level":"error","event":"\tfound org.apache.spark#spark-sql-kafka-0-10_2.12;3.3.0 in spark-list","chan":"stderr","logger":"task"}
{"timestamp":"2025-06-21T11:17:16.547811Z","level":"error","event":"\tfound org.apache.spark#spark-token-provider-kafka-0-10_2.12;3.3.0 in central","chan":"stderr","logger":"task"}
{"timestamp":"2025-06-21T11:17:16.602739Z","level":"error","event":"\tfound org.apache.kafka#kafka-clients;2.8.1 in central","chan":"stderr","logger":"task"}
{"timestamp":"2025-06-21T11:17:16.702031Z","level":"error","event":"\tfound org.lz4#lz4-java;1.8.0 in central","chan":"stderr","logger":"task"}
{"timestamp":"2025-06-21T11:17:16.772669Z","level":"error","event":"\tfound org.xerial.snappy#snappy-java;1.1.8.4 in central","chan":"stderr","logger":"task"}
{"timestamp":"2025-06-21T11:17:16.846149Z","level":"error","event":"\tfound org.slf4j#slf4j-api;1.7.32 in central","chan":"stderr","logger":"task"}
{"timestamp":"2025-06-21T11:17:16.905306Z","level":"error","event":"\tfound org.apache.hadoop#hadoop-client-runtime;3.3.2 in central","chan":"stderr","logger":"task"}
{"timestamp":"2025-06-21T11:17:16.945812Z","level":"error","event":"\tfound org.spark-project.spark#unused;1.0.0 in central","chan":"stderr","logger":"task"}
{"timestamp":"2025-06-21T11:17:17.012289Z","level":"error","event":"\tfound org.apache.hadoop#hadoop-client-api;3.3.2 in central","chan":"stderr","logger":"task"}
{"timestamp":"2025-06-21T11:17:17.053399Z","level":"error","event":"\tfound commons-logging#commons-logging;1.1.3 in central","chan":"stderr","logger":"task"}
{"timestamp":"2025-06-21T11:17:17.118428Z","level":"error","event":"\tfound com.google.code.findbugs#jsr305;3.0.0 in central","chan":"stderr","logger":"task"}
{"timestamp":"2025-06-21T11:17:17.162949Z","level":"error","event":"\tfound org.apache.commons#commons-pool2;2.11.1 in spark-list","chan":"stderr","logger":"task"}
{"timestamp":"2025-06-21T11:17:17.288194Z","level":"error","event":":: resolution report :: resolve 1293ms :: artifacts dl 72ms","chan":"stderr","logger":"task"}
{"timestamp":"2025-06-21T11:17:17.289248Z","level":"error","event":"\t:: modules in use:","chan":"stderr","logger":"task"}
{"timestamp":"2025-06-21T11:17:17.290080Z","level":"error","event":"\tcom.google.code.findbugs#jsr305;3.0.0 from central in [default]","chan":"stderr","logger":"task"}
{"timestamp":"2025-06-21T11:17:17.290662Z","level":"error","event":"\tcommons-logging#commons-logging;1.1.3 from central in [default]","chan":"stderr","logger":"task"}
{"timestamp":"2025-06-21T11:17:17.291132Z","level":"error","event":"\torg.apache.commons#commons-pool2;2.11.1 from spark-list in [default]","chan":"stderr","logger":"task"}
{"timestamp":"2025-06-21T11:17:17.291434Z","level":"error","event":"\torg.apache.hadoop#hadoop-client-api;3.3.2 from central in [default]","chan":"stderr","logger":"task"}
{"timestamp":"2025-06-21T11:17:17.291733Z","level":"error","event":"\torg.apache.hadoop#hadoop-client-runtime;3.3.2 from central in [default]","chan":"stderr","logger":"task"}
{"timestamp":"2025-06-21T11:17:17.292025Z","level":"error","event":"\torg.apache.kafka#kafka-clients;2.8.1 from central in [default]","chan":"stderr","logger":"task"}
{"timestamp":"2025-06-21T11:17:17.292314Z","level":"error","event":"\torg.apache.spark#spark-sql-kafka-0-10_2.12;3.3.0 from spark-list in [default]","chan":"stderr","logger":"task"}
{"timestamp":"2025-06-21T11:17:17.294648Z","level":"error","event":"\torg.apache.spark#spark-token-provider-kafka-0-10_2.12;3.3.0 from central in [default]","chan":"stderr","logger":"task"}
{"timestamp":"2025-06-21T11:17:17.295456Z","level":"error","event":"\torg.checkerframework#checker-qual;3.41.0 from central in [default]","chan":"stderr","logger":"task"}
{"timestamp":"2025-06-21T11:17:17.297046Z","level":"error","event":"\torg.lz4#lz4-java;1.8.0 from central in [default]","chan":"stderr","logger":"task"}
{"timestamp":"2025-06-21T11:17:17.297587Z","level":"error","event":"\torg.postgresql#postgresql;42.7.1 from central in [default]","chan":"stderr","logger":"task"}
{"timestamp":"2025-06-21T11:17:17.297963Z","level":"error","event":"\torg.slf4j#slf4j-api;1.7.32 from central in [default]","chan":"stderr","logger":"task"}
{"timestamp":"2025-06-21T11:17:17.298238Z","level":"error","event":"\torg.spark-project.spark#unused;1.0.0 from central in [default]","chan":"stderr","logger":"task"}
{"timestamp":"2025-06-21T11:17:17.298547Z","level":"error","event":"\torg.xerial.snappy#snappy-java;1.1.8.4 from central in [default]","chan":"stderr","logger":"task"}
{"timestamp":"2025-06-21T11:17:17.300307Z","level":"error","event":"\t---------------------------------------------------------------------","chan":"stderr","logger":"task"}
{"timestamp":"2025-06-21T11:17:17.300918Z","level":"error","event":"\t|                  |            modules            ||   artifacts   |","chan":"stderr","logger":"task"}
{"timestamp":"2025-06-21T11:17:17.302278Z","level":"error","event":"\t|       conf       | number| search|dwnlded|evicted|| number|dwnlded|","chan":"stderr","logger":"task"}
{"timestamp":"2025-06-21T11:17:17.302963Z","level":"error","event":"\t---------------------------------------------------------------------","chan":"stderr","logger":"task"}
{"timestamp":"2025-06-21T11:17:17.303718Z","level":"error","event":"\t|      default     |   14  |   0   |   0   |   0   ||   14  |   0   |","chan":"stderr","logger":"task"}
{"timestamp":"2025-06-21T11:17:17.304096Z","level":"error","event":"\t---------------------------------------------------------------------","chan":"stderr","logger":"task"}
{"timestamp":"2025-06-21T11:17:17.304520Z","level":"error","event":":: retrieving :: org.apache.spark#spark-submit-parent-98635c68-aa79-42aa-88e0-7b1352289799","chan":"stderr","logger":"task"}
{"timestamp":"2025-06-21T11:17:17.304810Z","level":"error","event":"\tconfs: [default]","chan":"stderr","logger":"task"}
{"timestamp":"2025-06-21T11:17:17.342837Z","level":"error","event":"\t0 artifacts copied, 14 already retrieved (0kB/39ms)","chan":"stderr","logger":"task"}
{"timestamp":"2025-06-21T11:17:17.937078Z","level":"error","event":"25/06/21 11:17:17 WARN NativeCodeLoader: Unable to load native-hadoop library for your platform... using builtin-java classes where applicable","chan":"stderr","logger":"task"}
{"timestamp":"2025-06-21T11:17:18.264325Z","level":"error","event":"Using Spark's default log4j profile: org/apache/spark/log4j2-defaults.properties","chan":"stderr","logger":"task"}
{"timestamp":"2025-06-21T11:17:18.267028Z","level":"error","event":"Setting default log level to \"WARN\".","chan":"stderr","logger":"task"}
{"timestamp":"2025-06-21T11:17:18.267963Z","level":"error","event":"To adjust logging level use sc.setLogLevel(newLevel). For SparkR, use setLogLevel(newLevel).","chan":"stderr","logger":"task"}
