{"timestamp":"2025-06-17T19:19:30.325984","level":"info","event":"DAG bundles loaded: dags-folder, example_dags","logger":"airflow.dag_processing.bundles.manager.DagBundlesManager"}
{"timestamp":"2025-06-17T19:19:30.330065","level":"info","event":"Filling up the DagBag from /opt/airflow/dags/etl_pipeline.py","logger":"airflow.models.dagbag.DagBag"}
{"timestamp":"2025-06-17T19:19:39.101857Z","level":"info","event":"Task instance is in running state","chan":"stdout","logger":"task"}
{"timestamp":"2025-06-17T19:19:39.103049Z","level":"info","event":" Previous state of the Task instance: queued","chan":"stdout","logger":"task"}
{"timestamp":"2025-06-17T19:19:39.103587Z","level":"info","event":"Current task name:dim_customer_group.extract","chan":"stdout","logger":"task"}
{"timestamp":"2025-06-17T19:19:39.103925Z","level":"info","event":"Dag name:etl_pipeline","chan":"stdout","logger":"task"}
{"timestamp":"2025-06-17T19:19:39.544606Z","level":"error","event":"WARNING: Using incubator modules: jdk.incubator.vector","chan":"stderr","logger":"task"}
{"timestamp":"2025-06-17T19:19:41.413121Z","level":"error","event":":: loading settings :: url = jar:file:/home/airflow/.local/lib/python3.12/site-packages/pyspark/jars/ivy-2.5.3.jar!/org/apache/ivy/core/settings/ivysettings.xml","chan":"stderr","logger":"task"}
{"timestamp":"2025-06-17T19:19:41.621007Z","level":"error","event":"Ivy Default Cache set to: /home/airflow/.ivy2.5.2/cache","chan":"stderr","logger":"task"}
{"timestamp":"2025-06-17T19:19:41.621974Z","level":"error","event":"The jars for the packages stored in: /home/airflow/.ivy2.5.2/jars","chan":"stderr","logger":"task"}
{"timestamp":"2025-06-17T19:19:41.628139Z","level":"error","event":"org.postgresql#postgresql added as a dependency","chan":"stderr","logger":"task"}
{"timestamp":"2025-06-17T19:19:41.630010Z","level":"error","event":":: resolving dependencies :: org.apache.spark#spark-submit-parent-ea9bffd8-e801-478a-84f6-66d2f6bb4da9;1.0","chan":"stderr","logger":"task"}
{"timestamp":"2025-06-17T19:19:41.630704Z","level":"error","event":"\tconfs: [default]","chan":"stderr","logger":"task"}
{"timestamp":"2025-06-17T19:19:43.498535Z","level":"error","event":"\tfound org.postgresql#postgresql;42.7.1 in central","chan":"stderr","logger":"task"}
{"timestamp":"2025-06-17T19:19:43.848810Z","level":"error","event":"\tfound org.checkerframework#checker-qual;3.41.0 in central","chan":"stderr","logger":"task"}
{"timestamp":"2025-06-17T19:19:44.108756Z","level":"error","event":"downloading https://repo1.maven.org/maven2/org/postgresql/postgresql/42.7.1/postgresql-42.7.1.jar ...","chan":"stderr","logger":"task"}
{"timestamp":"2025-06-17T19:19:45.269474Z","level":"error","event":"\t[SUCCESSFUL ] org.postgresql#postgresql;42.7.1!postgresql.jar (1409ms)","chan":"stderr","logger":"task"}
{"timestamp":"2025-06-17T19:19:45.443983Z","level":"error","event":"downloading https://repo1.maven.org/maven2/org/checkerframework/checker-qual/3.41.0/checker-qual-3.41.0.jar ...","chan":"stderr","logger":"task"}
{"timestamp":"2025-06-17T19:19:45.661874Z","level":"error","event":"\t[SUCCESSFUL ] org.checkerframework#checker-qual;3.41.0!checker-qual.jar (389ms)","chan":"stderr","logger":"task"}
{"timestamp":"2025-06-17T19:19:45.664371Z","level":"error","event":":: resolution report :: resolve 2228ms :: artifacts dl 1805ms","chan":"stderr","logger":"task"}
{"timestamp":"2025-06-17T19:19:45.666700Z","level":"error","event":"\t:: modules in use:","chan":"stderr","logger":"task"}
{"timestamp":"2025-06-17T19:19:45.667019Z","level":"error","event":"\torg.checkerframework#checker-qual;3.41.0 from central in [default]","chan":"stderr","logger":"task"}
{"timestamp":"2025-06-17T19:19:45.667217Z","level":"error","event":"\torg.postgresql#postgresql;42.7.1 from central in [default]","chan":"stderr","logger":"task"}
{"timestamp":"2025-06-17T19:19:45.667400Z","level":"error","event":"\t---------------------------------------------------------------------","chan":"stderr","logger":"task"}
{"timestamp":"2025-06-17T19:19:45.667570Z","level":"error","event":"\t|                  |            modules            ||   artifacts   |","chan":"stderr","logger":"task"}
{"timestamp":"2025-06-17T19:19:45.667822Z","level":"error","event":"\t|       conf       | number| search|dwnlded|evicted|| number|dwnlded|","chan":"stderr","logger":"task"}
{"timestamp":"2025-06-17T19:19:45.668272Z","level":"error","event":"\t---------------------------------------------------------------------","chan":"stderr","logger":"task"}
{"timestamp":"2025-06-17T19:19:45.668600Z","level":"error","event":"\t|      default     |   2   |   2   |   2   |   0   ||   2   |   2   |","chan":"stderr","logger":"task"}
{"timestamp":"2025-06-17T19:19:45.668971Z","level":"error","event":"\t---------------------------------------------------------------------","chan":"stderr","logger":"task"}
{"timestamp":"2025-06-17T19:19:45.669325Z","level":"error","event":":: retrieving :: org.apache.spark#spark-submit-parent-ea9bffd8-e801-478a-84f6-66d2f6bb4da9","chan":"stderr","logger":"task"}
{"timestamp":"2025-06-17T19:19:45.669559Z","level":"error","event":"\tconfs: [default]","chan":"stderr","logger":"task"}
{"timestamp":"2025-06-17T19:19:45.676708Z","level":"error","event":"\t2 artifacts copied, 0 already retrieved (1282kB/11ms)","chan":"stderr","logger":"task"}
{"timestamp":"2025-06-17T19:19:46.238885Z","level":"error","event":"25/06/17 19:19:46 WARN NativeCodeLoader: Unable to load native-hadoop library for your platform... using builtin-java classes where applicable","chan":"stderr","logger":"task"}
{"timestamp":"2025-06-17T19:19:46.640619Z","level":"error","event":"Using Spark's default log4j profile: org/apache/spark/log4j2-defaults.properties","chan":"stderr","logger":"task"}
{"timestamp":"2025-06-17T19:19:46.659436Z","level":"error","event":"Setting default log level to \"WARN\".","chan":"stderr","logger":"task"}
{"timestamp":"2025-06-17T19:19:46.659968Z","level":"error","event":"To adjust logging level use sc.setLogLevel(newLevel). For SparkR, use setLogLevel(newLevel).","chan":"stderr","logger":"task"}
{"timestamp":"2025-06-17T19:20:00.787838Z","level":"info","event":"Task instance in failure state","chan":"stdout","logger":"task"}
{"timestamp":"2025-06-17T19:20:00.788517Z","level":"info","event":"Task start","chan":"stdout","logger":"task"}
{"timestamp":"2025-06-17T19:20:00.788950Z","level":"info","event":"Task:<Task(PythonOperator): dim_customer_group.extract>","chan":"stdout","logger":"task"}
{"timestamp":"2025-06-17T19:20:00.789534Z","level":"info","event":"Failure caused by An error occurred while calling o40.load.","chan":"stdout","logger":"task"}
{"timestamp":"2025-06-17T19:20:00.789901Z","level":"info","event":": org.postgresql.util.PSQLException: The connection attempt failed.","chan":"stdout","logger":"task"}
{"timestamp":"2025-06-17T19:20:00.790257Z","level":"info","event":"\tat org.postgresql.core.v3.ConnectionFactoryImpl.openConnectionImpl(ConnectionFactoryImpl.java:354)","chan":"stdout","logger":"task"}
{"timestamp":"2025-06-17T19:20:00.790625Z","level":"info","event":"\tat org.postgresql.core.ConnectionFactory.openConnection(ConnectionFactory.java:54)","chan":"stdout","logger":"task"}
{"timestamp":"2025-06-17T19:20:00.790972Z","level":"info","event":"\tat org.postgresql.jdbc.PgConnection.<init>(PgConnection.java:263)","chan":"stdout","logger":"task"}
{"timestamp":"2025-06-17T19:20:00.791410Z","level":"info","event":"\tat org.postgresql.Driver.makeConnection(Driver.java:444)","chan":"stdout","logger":"task"}
{"timestamp":"2025-06-17T19:20:00.791855Z","level":"info","event":"\tat org.postgresql.Driver.connect(Driver.java:297)","chan":"stdout","logger":"task"}
{"timestamp":"2025-06-17T19:20:00.792213Z","level":"info","event":"\tat org.apache.spark.sql.execution.datasources.jdbc.connection.BasicConnectionProvider.getConnection(BasicConnectionProvider.scala:50)","chan":"stdout","logger":"task"}
{"timestamp":"2025-06-17T19:20:00.792803Z","level":"info","event":"\tat org.apache.spark.sql.execution.datasources.jdbc.connection.ConnectionProviderBase.create(ConnectionProvider.scala:102)","chan":"stdout","logger":"task"}
{"timestamp":"2025-06-17T19:20:00.793435Z","level":"info","event":"\tat org.apache.spark.sql.jdbc.JdbcDialect.$anonfun$createConnectionFactory$1(JdbcDialects.scala:235)","chan":"stdout","logger":"task"}
{"timestamp":"2025-06-17T19:20:00.793858Z","level":"info","event":"\tat org.apache.spark.sql.jdbc.JdbcDialect.$anonfun$createConnectionFactory$1$adapted(JdbcDialects.scala:231)","chan":"stdout","logger":"task"}
{"timestamp":"2025-06-17T19:20:00.794293Z","level":"info","event":"\tat org.apache.spark.sql.execution.datasources.jdbc.JDBCRDD$.getQueryOutputSchema(JDBCRDD.scala:67)","chan":"stdout","logger":"task"}
{"timestamp":"2025-06-17T19:20:00.794609Z","level":"info","event":"\tat org.apache.spark.sql.execution.datasources.jdbc.JDBCRDD$.resolveTable(JDBCRDD.scala:62)","chan":"stdout","logger":"task"}
{"timestamp":"2025-06-17T19:20:00.794947Z","level":"info","event":"\tat org.apache.spark.sql.execution.datasources.jdbc.JDBCRelation$.getSchema(JDBCRelation.scala:243)","chan":"stdout","logger":"task"}
{"timestamp":"2025-06-17T19:20:00.795259Z","level":"info","event":"\tat org.apache.spark.sql.execution.datasources.jdbc.JdbcRelationProvider.createRelation(JdbcRelationProvider.scala:38)","chan":"stdout","logger":"task"}
{"timestamp":"2025-06-17T19:20:00.795564Z","level":"info","event":"\tat org.apache.spark.sql.execution.datasources.DataSource.resolveRelation(DataSource.scala:361)","chan":"stdout","logger":"task"}
{"timestamp":"2025-06-17T19:20:00.795922Z","level":"info","event":"\tat org.apache.spark.sql.catalyst.analysis.ResolveDataSource.org$apache$spark$sql$catalyst$analysis$ResolveDataSource$$loadV1BatchSource(ResolveDataSource.scala:143)","chan":"stdout","logger":"task"}
{"timestamp":"2025-06-17T19:20:00.796261Z","level":"info","event":"\tat org.apache.spark.sql.catalyst.analysis.ResolveDataSource$$anonfun$apply$1.$anonfun$applyOrElse$2(ResolveDataSource.scala:61)","chan":"stdout","logger":"task"}
{"timestamp":"2025-06-17T19:20:00.796589Z","level":"info","event":"\tat scala.Option.getOrElse(Option.scala:201)","chan":"stdout","logger":"task"}
{"timestamp":"2025-06-17T19:20:00.796884Z","level":"info","event":"\tat org.apache.spark.sql.catalyst.analysis.ResolveDataSource$$anonfun$apply$1.applyOrElse(ResolveDataSource.scala:61)","chan":"stdout","logger":"task"}
{"timestamp":"2025-06-17T19:20:00.797196Z","level":"info","event":"\tat org.apache.spark.sql.catalyst.analysis.ResolveDataSource$$anonfun$apply$1.applyOrElse(ResolveDataSource.scala:45)","chan":"stdout","logger":"task"}
{"timestamp":"2025-06-17T19:20:00.797513Z","level":"info","event":"\tat org.apache.spark.sql.catalyst.plans.logical.AnalysisHelper.$anonfun$resolveOperatorsUpWithPruning$3(AnalysisHelper.scala:139)","chan":"stdout","logger":"task"}
{"timestamp":"2025-06-17T19:20:00.797788Z","level":"info","event":"\tat org.apache.spark.sql.catalyst.trees.CurrentOrigin$.withOrigin(origin.scala:86)","chan":"stdout","logger":"task"}
{"timestamp":"2025-06-17T19:20:00.798043Z","level":"info","event":"\tat org.apache.spark.sql.catalyst.plans.logical.AnalysisHelper.$anonfun$resolveOperatorsUpWithPruning$1(AnalysisHelper.scala:139)","chan":"stdout","logger":"task"}
{"timestamp":"2025-06-17T19:20:00.798298Z","level":"info","event":"\tat org.apache.spark.sql.catalyst.plans.logical.AnalysisHelper$.allowInvokingTransformsInAnalyzer(AnalysisHelper.scala:416)","chan":"stdout","logger":"task"}
{"timestamp":"2025-06-17T19:20:00.798580Z","level":"info","event":"\tat org.apache.spark.sql.catalyst.plans.logical.AnalysisHelper.resolveOperatorsUpWithPruning(AnalysisHelper.scala:135)","chan":"stdout","logger":"task"}
{"timestamp":"2025-06-17T19:20:00.799924Z","level":"info","event":"\tat org.apache.spark.sql.catalyst.plans.logical.AnalysisHelper.resolveOperatorsUpWithPruning$(AnalysisHelper.scala:131)","chan":"stdout","logger":"task"}
{"timestamp":"2025-06-17T19:20:00.800380Z","level":"info","event":"\tat org.apache.spark.sql.catalyst.plans.logical.LogicalPlan.resolveOperatorsUpWithPruning(LogicalPlan.scala:37)","chan":"stdout","logger":"task"}
{"timestamp":"2025-06-17T19:20:00.801395Z","level":"info","event":"\tat org.apache.spark.sql.catalyst.plans.logical.AnalysisHelper.resolveOperatorsUp(AnalysisHelper.scala:112)","chan":"stdout","logger":"task"}
{"timestamp":"2025-06-17T19:20:00.803077Z","level":"info","event":"\tat org.apache.spark.sql.catalyst.plans.logical.AnalysisHelper.resolveOperatorsUp$(AnalysisHelper.scala:111)","chan":"stdout","logger":"task"}
{"timestamp":"2025-06-17T19:20:00.805132Z","level":"info","event":"\tat org.apache.spark.sql.catalyst.plans.logical.LogicalPlan.resolveOperatorsUp(LogicalPlan.scala:37)","chan":"stdout","logger":"task"}
{"timestamp":"2025-06-17T19:20:00.809338Z","level":"info","event":"\tat org.apache.spark.sql.catalyst.analysis.ResolveDataSource.apply(ResolveDataSource.scala:45)","chan":"stdout","logger":"task"}
{"timestamp":"2025-06-17T19:20:00.810975Z","level":"info","event":"\tat org.apache.spark.sql.catalyst.analysis.ResolveDataSource.apply(ResolveDataSource.scala:43)","chan":"stdout","logger":"task"}
{"timestamp":"2025-06-17T19:20:00.812102Z","level":"info","event":"\tat org.apache.spark.sql.catalyst.rules.RuleExecutor.$anonfun$execute$2(RuleExecutor.scala:242)","chan":"stdout","logger":"task"}
{"timestamp":"2025-06-17T19:20:00.812691Z","level":"info","event":"\tat scala.collection.LinearSeqOps.foldLeft(LinearSeq.scala:183)","chan":"stdout","logger":"task"}
{"timestamp":"2025-06-17T19:20:00.815436Z","level":"info","event":"\tat scala.collection.LinearSeqOps.foldLeft$(LinearSeq.scala:179)","chan":"stdout","logger":"task"}
{"timestamp":"2025-06-17T19:20:00.816871Z","level":"info","event":"\tat scala.collection.immutable.List.foldLeft(List.scala:79)","chan":"stdout","logger":"task"}
{"timestamp":"2025-06-17T19:20:00.817702Z","level":"info","event":"\tat org.apache.spark.sql.catalyst.rules.RuleExecutor.$anonfun$execute$1(RuleExecutor.scala:239)","chan":"stdout","logger":"task"}
{"timestamp":"2025-06-17T19:20:00.818584Z","level":"info","event":"\tat org.apache.spark.sql.catalyst.rules.RuleExecutor.$anonfun$execute$1$adapted(RuleExecutor.scala:231)","chan":"stdout","logger":"task"}
{"timestamp":"2025-06-17T19:20:00.821855Z","level":"info","event":"\tat scala.collection.immutable.List.foreach(List.scala:334)","chan":"stdout","logger":"task"}
{"timestamp":"2025-06-17T19:20:00.823948Z","level":"info","event":"\tat org.apache.spark.sql.catalyst.rules.RuleExecutor.execute(RuleExecutor.scala:231)","chan":"stdout","logger":"task"}
{"timestamp":"2025-06-17T19:20:00.826571Z","level":"info","event":"\tat org.apache.spark.sql.catalyst.analysis.Analyzer.org$apache$spark$sql$catalyst$analysis$Analyzer$$executeSameContext(Analyzer.scala:290)","chan":"stdout","logger":"task"}
{"timestamp":"2025-06-17T19:20:00.827730Z","level":"info","event":"\tat org.apache.spark.sql.catalyst.analysis.Analyzer.$anonfun$execute$1(Analyzer.scala:286)","chan":"stdout","logger":"task"}
{"timestamp":"2025-06-17T19:20:00.828469Z","level":"info","event":"\tat org.apache.spark.sql.catalyst.analysis.AnalysisContext$.withNewAnalysisContext(Analyzer.scala:234)","chan":"stdout","logger":"task"}
{"timestamp":"2025-06-17T19:20:00.829326Z","level":"info","event":"\tat org.apache.spark.sql.catalyst.analysis.Analyzer.execute(Analyzer.scala:286)","chan":"stdout","logger":"task"}
{"timestamp":"2025-06-17T19:20:00.830930Z","level":"info","event":"\tat org.apache.spark.sql.catalyst.analysis.Analyzer.execute(Analyzer.scala:249)","chan":"stdout","logger":"task"}
{"timestamp":"2025-06-17T19:20:00.832597Z","level":"info","event":"\tat org.apache.spark.sql.catalyst.rules.RuleExecutor.$anonfun$executeAndTrack$1(RuleExecutor.scala:201)","chan":"stdout","logger":"task"}
{"timestamp":"2025-06-17T19:20:00.833293Z","level":"info","event":"\tat org.apache.spark.sql.catalyst.QueryPlanningTracker$.withTracker(QueryPlanningTracker.scala:89)","chan":"stdout","logger":"task"}
{"timestamp":"2025-06-17T19:20:00.834837Z","level":"info","event":"\tat org.apache.spark.sql.catalyst.rules.RuleExecutor.executeAndTrack(RuleExecutor.scala:201)","chan":"stdout","logger":"task"}
{"timestamp":"2025-06-17T19:20:00.836669Z","level":"info","event":"\tat org.apache.spark.sql.catalyst.analysis.resolver.HybridAnalyzer.resolveInFixedPoint(HybridAnalyzer.scala:190)","chan":"stdout","logger":"task"}
{"timestamp":"2025-06-17T19:20:00.838091Z","level":"info","event":"\tat org.apache.spark.sql.catalyst.analysis.resolver.HybridAnalyzer.$anonfun$apply$1(HybridAnalyzer.scala:76)","chan":"stdout","logger":"task"}
{"timestamp":"2025-06-17T19:20:00.839166Z","level":"info","event":"\tat org.apache.spark.sql.catalyst.analysis.resolver.HybridAnalyzer.withTrackedAnalyzerBridgeState(HybridAnalyzer.scala:111)","chan":"stdout","logger":"task"}
{"timestamp":"2025-06-17T19:20:00.839744Z","level":"info","event":"\tat org.apache.spark.sql.catalyst.analysis.resolver.HybridAnalyzer.apply(HybridAnalyzer.scala:71)","chan":"stdout","logger":"task"}
{"timestamp":"2025-06-17T19:20:00.840776Z","level":"info","event":"\tat org.apache.spark.sql.catalyst.analysis.Analyzer.$anonfun$executeAndCheck$1(Analyzer.scala:280)","chan":"stdout","logger":"task"}
{"timestamp":"2025-06-17T19:20:00.842938Z","level":"info","event":"\tat org.apache.spark.sql.catalyst.plans.logical.AnalysisHelper$.markInAnalyzer(AnalysisHelper.scala:423)","chan":"stdout","logger":"task"}
{"timestamp":"2025-06-17T19:20:00.844846Z","level":"info","event":"\tat org.apache.spark.sql.catalyst.analysis.Analyzer.executeAndCheck(Analyzer.scala:280)","chan":"stdout","logger":"task"}
{"timestamp":"2025-06-17T19:20:00.845563Z","level":"info","event":"\tat org.apache.spark.sql.execution.QueryExecution.$anonfun$lazyAnalyzed$2(QueryExecution.scala:110)","chan":"stdout","logger":"task"}
{"timestamp":"2025-06-17T19:20:00.846185Z","level":"info","event":"\tat org.apache.spark.sql.catalyst.QueryPlanningTracker.measurePhase(QueryPlanningTracker.scala:148)","chan":"stdout","logger":"task"}
{"timestamp":"2025-06-17T19:20:00.846784Z","level":"info","event":"\tat org.apache.spark.sql.execution.QueryExecution.$anonfun$executePhase$2(QueryExecution.scala:278)","chan":"stdout","logger":"task"}
{"timestamp":"2025-06-17T19:20:00.849498Z","level":"info","event":"\tat org.apache.spark.sql.execution.QueryExecution$.withInternalError(QueryExecution.scala:654)","chan":"stdout","logger":"task"}
{"timestamp":"2025-06-17T19:20:00.850444Z","level":"info","event":"\tat org.apache.spark.sql.execution.QueryExecution.$anonfun$executePhase$1(QueryExecution.scala:278)","chan":"stdout","logger":"task"}
{"timestamp":"2025-06-17T19:20:00.851721Z","level":"info","event":"\tat org.apache.spark.sql.SparkSession.withActive(SparkSession.scala:804)","chan":"stdout","logger":"task"}
{"timestamp":"2025-06-17T19:20:00.852506Z","level":"info","event":"\tat org.apache.spark.sql.execution.QueryExecution.executePhase(QueryExecution.scala:277)","chan":"stdout","logger":"task"}
{"timestamp":"2025-06-17T19:20:00.854924Z","level":"info","event":"\tat org.apache.spark.sql.execution.QueryExecution.$anonfun$lazyAnalyzed$1(QueryExecution.scala:110)","chan":"stdout","logger":"task"}
{"timestamp":"2025-06-17T19:20:00.856407Z","level":"info","event":"\tat scala.util.Try$.apply(Try.scala:217)","chan":"stdout","logger":"task"}
{"timestamp":"2025-06-17T19:20:00.857102Z","level":"info","event":"\tat org.apache.spark.util.Utils$.doTryWithCallerStacktrace(Utils.scala:1378)","chan":"stdout","logger":"task"}
{"timestamp":"2025-06-17T19:20:00.858034Z","level":"info","event":"\tat org.apache.spark.util.Utils$.getTryWithCallerStacktrace(Utils.scala:1439)","chan":"stdout","logger":"task"}
{"timestamp":"2025-06-17T19:20:00.858585Z","level":"info","event":"\tat org.apache.spark.util.LazyTry.get(LazyTry.scala:58)","chan":"stdout","logger":"task"}
{"timestamp":"2025-06-17T19:20:00.859171Z","level":"info","event":"\tat org.apache.spark.sql.execution.QueryExecution.analyzed(QueryExecution.scala:121)","chan":"stdout","logger":"task"}
{"timestamp":"2025-06-17T19:20:00.860109Z","level":"info","event":"\tat org.apache.spark.sql.execution.QueryExecution.assertAnalyzed(QueryExecution.scala:80)","chan":"stdout","logger":"task"}
{"timestamp":"2025-06-17T19:20:00.860707Z","level":"info","event":"\tat org.apache.spark.sql.classic.Dataset$.$anonfun$ofRows$1(Dataset.scala:115)","chan":"stdout","logger":"task"}
{"timestamp":"2025-06-17T19:20:00.861104Z","level":"info","event":"\tat org.apache.spark.sql.SparkSession.withActive(SparkSession.scala:804)","chan":"stdout","logger":"task"}
{"timestamp":"2025-06-17T19:20:00.861589Z","level":"info","event":"\tat org.apache.spark.sql.classic.Dataset$.ofRows(Dataset.scala:113)","chan":"stdout","logger":"task"}
{"timestamp":"2025-06-17T19:20:00.861930Z","level":"info","event":"\tat org.apache.spark.sql.classic.DataFrameReader.load(DataFrameReader.scala:109)","chan":"stdout","logger":"task"}
{"timestamp":"2025-06-17T19:20:00.862367Z","level":"info","event":"\tat org.apache.spark.sql.classic.DataFrameReader.load(DataFrameReader.scala:92)","chan":"stdout","logger":"task"}
{"timestamp":"2025-06-17T19:20:00.862702Z","level":"info","event":"\tat org.apache.spark.sql.classic.DataFrameReader.load(DataFrameReader.scala:58)","chan":"stdout","logger":"task"}
{"timestamp":"2025-06-17T19:20:00.862987Z","level":"info","event":"\tat java.base/jdk.internal.reflect.NativeMethodAccessorImpl.invoke0(Native Method)","chan":"stdout","logger":"task"}
{"timestamp":"2025-06-17T19:20:00.863304Z","level":"info","event":"\tat java.base/jdk.internal.reflect.NativeMethodAccessorImpl.invoke(NativeMethodAccessorImpl.java:77)","chan":"stdout","logger":"task"}
{"timestamp":"2025-06-17T19:20:00.863607Z","level":"info","event":"\tat java.base/jdk.internal.reflect.DelegatingMethodAccessorImpl.invoke(DelegatingMethodAccessorImpl.java:43)","chan":"stdout","logger":"task"}
{"timestamp":"2025-06-17T19:20:00.863849Z","level":"info","event":"\tat java.base/java.lang.reflect.Method.invoke(Method.java:569)","chan":"stdout","logger":"task"}
{"timestamp":"2025-06-17T19:20:00.864115Z","level":"info","event":"\tat py4j.reflection.MethodInvoker.invoke(MethodInvoker.java:244)","chan":"stdout","logger":"task"}
{"timestamp":"2025-06-17T19:20:00.864363Z","level":"info","event":"\tat py4j.reflection.ReflectionEngine.invoke(ReflectionEngine.java:374)","chan":"stdout","logger":"task"}
{"timestamp":"2025-06-17T19:20:00.864818Z","level":"info","event":"\tat py4j.Gateway.invoke(Gateway.java:282)","chan":"stdout","logger":"task"}
{"timestamp":"2025-06-17T19:20:00.865142Z","level":"info","event":"\tat py4j.commands.AbstractCommand.invokeMethod(AbstractCommand.java:132)","chan":"stdout","logger":"task"}
{"timestamp":"2025-06-17T19:20:00.865620Z","level":"info","event":"\tat py4j.commands.CallCommand.execute(CallCommand.java:79)","chan":"stdout","logger":"task"}
{"timestamp":"2025-06-17T19:20:00.866022Z","level":"info","event":"\tat py4j.ClientServerConnection.waitForCommands(ClientServerConnection.java:184)","chan":"stdout","logger":"task"}
{"timestamp":"2025-06-17T19:20:00.866341Z","level":"info","event":"\tat py4j.ClientServerConnection.run(ClientServerConnection.java:108)","chan":"stdout","logger":"task"}
{"timestamp":"2025-06-17T19:20:00.866630Z","level":"info","event":"\tat java.base/java.lang.Thread.run(Thread.java:840)","chan":"stdout","logger":"task"}
{"timestamp":"2025-06-17T19:20:00.867249Z","level":"info","event":"\tSuppressed: org.apache.spark.util.Utils$OriginalTryStackTraceException: Full stacktrace of original doTryWithCallerStacktrace caller","chan":"stdout","logger":"task"}
{"timestamp":"2025-06-17T19:20:00.867715Z","level":"info","event":"\t\tat org.postgresql.core.v3.ConnectionFactoryImpl.openConnectionImpl(ConnectionFactoryImpl.java:354)","chan":"stdout","logger":"task"}
{"timestamp":"2025-06-17T19:20:00.868485Z","level":"info","event":"\t\tat org.postgresql.core.ConnectionFactory.openConnection(ConnectionFactory.java:54)","chan":"stdout","logger":"task"}
{"timestamp":"2025-06-17T19:20:00.868903Z","level":"info","event":"\t\tat org.postgresql.jdbc.PgConnection.<init>(PgConnection.java:263)","chan":"stdout","logger":"task"}
{"timestamp":"2025-06-17T19:20:00.869459Z","level":"info","event":"\t\tat org.postgresql.Driver.makeConnection(Driver.java:444)","chan":"stdout","logger":"task"}
{"timestamp":"2025-06-17T19:20:00.869842Z","level":"info","event":"\t\tat org.postgresql.Driver.connect(Driver.java:297)","chan":"stdout","logger":"task"}
{"timestamp":"2025-06-17T19:20:00.870191Z","level":"info","event":"\t\tat org.apache.spark.sql.execution.datasources.jdbc.connection.BasicConnectionProvider.getConnection(BasicConnectionProvider.scala:50)","chan":"stdout","logger":"task"}
{"timestamp":"2025-06-17T19:20:00.870546Z","level":"info","event":"\t\tat org.apache.spark.sql.execution.datasources.jdbc.connection.ConnectionProviderBase.create(ConnectionProvider.scala:102)","chan":"stdout","logger":"task"}
{"timestamp":"2025-06-17T19:20:00.870838Z","level":"info","event":"\t\tat org.apache.spark.sql.jdbc.JdbcDialect.$anonfun$createConnectionFactory$1(JdbcDialects.scala:235)","chan":"stdout","logger":"task"}
{"timestamp":"2025-06-17T19:20:00.871197Z","level":"info","event":"\t\tat org.apache.spark.sql.jdbc.JdbcDialect.$anonfun$createConnectionFactory$1$adapted(JdbcDialects.scala:231)","chan":"stdout","logger":"task"}
{"timestamp":"2025-06-17T19:20:00.871549Z","level":"info","event":"\t\tat org.apache.spark.sql.execution.datasources.jdbc.JDBCRDD$.getQueryOutputSchema(JDBCRDD.scala:67)","chan":"stdout","logger":"task"}
{"timestamp":"2025-06-17T19:20:00.871854Z","level":"info","event":"\t\tat org.apache.spark.sql.execution.datasources.jdbc.JDBCRDD$.resolveTable(JDBCRDD.scala:62)","chan":"stdout","logger":"task"}
{"timestamp":"2025-06-17T19:20:00.872145Z","level":"info","event":"\t\tat org.apache.spark.sql.execution.datasources.jdbc.JDBCRelation$.getSchema(JDBCRelation.scala:243)","chan":"stdout","logger":"task"}
{"timestamp":"2025-06-17T19:20:00.872513Z","level":"info","event":"\t\tat org.apache.spark.sql.execution.datasources.jdbc.JdbcRelationProvider.createRelation(JdbcRelationProvider.scala:38)","chan":"stdout","logger":"task"}
{"timestamp":"2025-06-17T19:20:00.872862Z","level":"info","event":"\t\tat org.apache.spark.sql.execution.datasources.DataSource.resolveRelation(DataSource.scala:361)","chan":"stdout","logger":"task"}
{"timestamp":"2025-06-17T19:20:00.873196Z","level":"info","event":"\t\tat org.apache.spark.sql.catalyst.analysis.ResolveDataSource.org$apache$spark$sql$catalyst$analysis$ResolveDataSource$$loadV1BatchSource(ResolveDataSource.scala:143)","chan":"stdout","logger":"task"}
{"timestamp":"2025-06-17T19:20:00.873503Z","level":"info","event":"\t\tat org.apache.spark.sql.catalyst.analysis.ResolveDataSource$$anonfun$apply$1.$anonfun$applyOrElse$2(ResolveDataSource.scala:61)","chan":"stdout","logger":"task"}
{"timestamp":"2025-06-17T19:20:00.873838Z","level":"info","event":"\t\tat scala.Option.getOrElse(Option.scala:201)","chan":"stdout","logger":"task"}
{"timestamp":"2025-06-17T19:20:00.874228Z","level":"info","event":"\t\tat org.apache.spark.sql.catalyst.analysis.ResolveDataSource$$anonfun$apply$1.applyOrElse(ResolveDataSource.scala:61)","chan":"stdout","logger":"task"}
{"timestamp":"2025-06-17T19:20:00.874669Z","level":"info","event":"\t\tat org.apache.spark.sql.catalyst.analysis.ResolveDataSource$$anonfun$apply$1.applyOrElse(ResolveDataSource.scala:45)","chan":"stdout","logger":"task"}
{"timestamp":"2025-06-17T19:20:00.877477Z","level":"info","event":"\t\tat org.apache.spark.sql.catalyst.plans.logical.AnalysisHelper.$anonfun$resolveOperatorsUpWithPruning$3(AnalysisHelper.scala:139)","chan":"stdout","logger":"task"}
{"timestamp":"2025-06-17T19:20:00.879171Z","level":"info","event":"\t\tat org.apache.spark.sql.catalyst.trees.CurrentOrigin$.withOrigin(origin.scala:86)","chan":"stdout","logger":"task"}
{"timestamp":"2025-06-17T19:20:00.879649Z","level":"info","event":"\t\tat org.apache.spark.sql.catalyst.plans.logical.AnalysisHelper.$anonfun$resolveOperatorsUpWithPruning$1(AnalysisHelper.scala:139)","chan":"stdout","logger":"task"}
{"timestamp":"2025-06-17T19:20:00.880040Z","level":"info","event":"\t\tat org.apache.spark.sql.catalyst.plans.logical.AnalysisHelper$.allowInvokingTransformsInAnalyzer(AnalysisHelper.scala:416)","chan":"stdout","logger":"task"}
{"timestamp":"2025-06-17T19:20:00.880436Z","level":"info","event":"\t\tat org.apache.spark.sql.catalyst.plans.logical.AnalysisHelper.resolveOperatorsUpWithPruning(AnalysisHelper.scala:135)","chan":"stdout","logger":"task"}
{"timestamp":"2025-06-17T19:20:00.880778Z","level":"info","event":"\t\tat org.apache.spark.sql.catalyst.plans.logical.AnalysisHelper.resolveOperatorsUpWithPruning$(AnalysisHelper.scala:131)","chan":"stdout","logger":"task"}
{"timestamp":"2025-06-17T19:20:00.881220Z","level":"info","event":"\t\tat org.apache.spark.sql.catalyst.plans.logical.LogicalPlan.resolveOperatorsUpWithPruning(LogicalPlan.scala:37)","chan":"stdout","logger":"task"}
{"timestamp":"2025-06-17T19:20:00.881629Z","level":"info","event":"\t\tat org.apache.spark.sql.catalyst.plans.logical.AnalysisHelper.resolveOperatorsUp(AnalysisHelper.scala:112)","chan":"stdout","logger":"task"}
{"timestamp":"2025-06-17T19:20:00.881982Z","level":"info","event":"\t\tat org.apache.spark.sql.catalyst.plans.logical.AnalysisHelper.resolveOperatorsUp$(AnalysisHelper.scala:111)","chan":"stdout","logger":"task"}
{"timestamp":"2025-06-17T19:20:00.882420Z","level":"info","event":"\t\tat org.apache.spark.sql.catalyst.plans.logical.LogicalPlan.resolveOperatorsUp(LogicalPlan.scala:37)","chan":"stdout","logger":"task"}
{"timestamp":"2025-06-17T19:20:00.882790Z","level":"info","event":"\t\tat org.apache.spark.sql.catalyst.analysis.ResolveDataSource.apply(ResolveDataSource.scala:45)","chan":"stdout","logger":"task"}
{"timestamp":"2025-06-17T19:20:00.883069Z","level":"info","event":"\t\tat org.apache.spark.sql.catalyst.analysis.ResolveDataSource.apply(ResolveDataSource.scala:43)","chan":"stdout","logger":"task"}
{"timestamp":"2025-06-17T19:20:00.883366Z","level":"info","event":"\t\tat org.apache.spark.sql.catalyst.rules.RuleExecutor.$anonfun$execute$2(RuleExecutor.scala:242)","chan":"stdout","logger":"task"}
{"timestamp":"2025-06-17T19:20:00.883707Z","level":"info","event":"\t\tat scala.collection.LinearSeqOps.foldLeft(LinearSeq.scala:183)","chan":"stdout","logger":"task"}
{"timestamp":"2025-06-17T19:20:00.884056Z","level":"info","event":"\t\tat scala.collection.LinearSeqOps.foldLeft$(LinearSeq.scala:179)","chan":"stdout","logger":"task"}
{"timestamp":"2025-06-17T19:20:00.884344Z","level":"info","event":"\t\tat scala.collection.immutable.List.foldLeft(List.scala:79)","chan":"stdout","logger":"task"}
{"timestamp":"2025-06-17T19:20:00.884668Z","level":"info","event":"\t\tat org.apache.spark.sql.catalyst.rules.RuleExecutor.$anonfun$execute$1(RuleExecutor.scala:239)","chan":"stdout","logger":"task"}
{"timestamp":"2025-06-17T19:20:00.884989Z","level":"info","event":"\t\tat org.apache.spark.sql.catalyst.rules.RuleExecutor.$anonfun$execute$1$adapted(RuleExecutor.scala:231)","chan":"stdout","logger":"task"}
{"timestamp":"2025-06-17T19:20:00.885291Z","level":"info","event":"\t\tat scala.collection.immutable.List.foreach(List.scala:334)","chan":"stdout","logger":"task"}
{"timestamp":"2025-06-17T19:20:00.885575Z","level":"info","event":"\t\tat org.apache.spark.sql.catalyst.rules.RuleExecutor.execute(RuleExecutor.scala:231)","chan":"stdout","logger":"task"}
{"timestamp":"2025-06-17T19:20:00.685757","level":"error","event":"Task failed with exception","logger":"task","error_detail":[{"exc_type":"Py4JJavaError","exc_value":"An error occurred while calling o40.load.\n: org.postgresql.util.PSQLException: The connection attempt failed.\n\tat org.postgresql.core.v3.ConnectionFactoryImpl.openConnectionImpl(ConnectionFactoryImpl.java:354)\n\tat org.postgresql.core.ConnectionFactory.openConnection(ConnectionFactory.java:54)\n\tat org.postgresql.jdbc.PgConnection.<init>(PgConnection.java:263)\n\tat org.postgresql.Driver.makeConnection(Driver.java:444)\n\tat org.postgresql.Driver.connect(Driver.java:297)\n\tat org.apache.spark.sql.execution.datasources.jdbc.connection.BasicConnectionProvider.getConnection(BasicConnectionProvider.scala:50)\n\tat org.apache.spark.sql.execution.datasources.jdbc.connection.ConnectionProviderBase.create(ConnectionProvider.scala:102)\n\tat org.apache.spark.sql.jdbc.JdbcDialect.$anonfun$createConnectionFactory$1(JdbcDialects.scala:235)\n\tat org.apache.spark.sql.jdbc.JdbcDialect.$anonfun$createConnectionFactory$1$adapted(JdbcDialects.scala:231)\n\tat org.apache.spark.sql.execution.datasources.jdbc.JDBCRDD$.getQueryOutputSchema(JDBCRDD.scala:67)\n\tat org.apache.spark.sql.execution.datasources.jdbc.JDBCRDD$.resolveTable(JDBCRDD.scala:62)\n\tat org.apache.spark.sql.execution.datasources.jdbc.JDBCRelation$.getSchema(JDBCRelation.scala:243)\n\tat org.apache.spark.sql.execution.datasources.jdbc.JdbcRelationProvider.createRelation(JdbcRelationProvider.scala:38)\n\tat org.apache.spark.sql.execution.datasources.DataSource.resolveRelation(DataSource.scala:361)\n\tat org.apache.spark.sql.catalyst.analysis.ResolveDataSource.org$apache$spark$sql$catalyst$analysis$ResolveDataSource$$loadV1BatchSource(ResolveDataSource.scala:143)\n\tat org.apache.spark.sql.catalyst.analysis.ResolveDataSource$$anonfun$apply$1.$anonfun$applyOrElse$2(ResolveDataSource.scala:61)\n\tat scala.Option.getOrElse(Option.scala:201)\n\tat org.apache.spark.sql.catalyst.analysis.ResolveDataSource$$anonfun$apply$1.applyOrElse(ResolveDataSource.scala:61)\n\tat org.apache.spark.sql.catalyst.analysis.ResolveDataSource$$anonfun$apply$1.applyOrElse(ResolveDataSource.scala:45)\n\tat org.apache.spark.sql.catalyst.plans.logical.AnalysisHelper.$anonfun$resolveOperatorsUpWithPruning$3(AnalysisHelper.scala:139)\n\tat org.apache.spark.sql.catalyst.trees.CurrentOrigin$.withOrigin(origin.scala:86)\n\tat org.apache.spark.sql.catalyst.plans.logical.AnalysisHelper.$anonfun$resolveOperatorsUpWithPruning$1(AnalysisHelper.scala:139)\n\tat org.apache.spark.sql.catalyst.plans.logical.AnalysisHelper$.allowInvokingTransformsInAnalyzer(AnalysisHelper.scala:416)\n\tat org.apache.spark.sql.catalyst.plans.logical.AnalysisHelper.resolveOperatorsUpWithPruning(AnalysisHelper.scala:135)\n\tat org.apache.spark.sql.catalyst.plans.logical.AnalysisHelper.resolveOperatorsUpWithPruning$(AnalysisHelper.scala:131)\n\tat org.apache.spark.sql.catalyst.plans.logical.LogicalPlan.resolveOperatorsUpWithPruning(LogicalPlan.scala:37)\n\tat org.apache.spark.sql.catalyst.plans.logical.AnalysisHelper.resolveOperatorsUp(AnalysisHelper.scala:112)\n\tat org.apache.spark.sql.catalyst.plans.logical.AnalysisHelper.resolveOperatorsUp$(AnalysisHelper.scala:111)\n\tat org.apache.spark.sql.catalyst.plans.logical.LogicalPlan.resolveOperatorsUp(LogicalPlan.scala:37)\n\tat org.apache.spark.sql.catalyst.analysis.ResolveDataSource.apply(ResolveDataSource.scala:45)\n\tat org.apache.spark.sql.catalyst.analysis.ResolveDataSource.apply(ResolveDataSource.scala:43)\n\tat org.apache.spark.sql.catalyst.rules.RuleExecutor.$anonfun$execute$2(RuleExecutor.scala:242)\n\tat scala.collection.LinearSeqOps.foldLeft(LinearSeq.scala:183)\n\tat scala.collection.LinearSeqOps.foldLeft$(LinearSeq.scala:179)\n\tat scala.collection.immutable.List.foldLeft(List.scala:79)\n\tat org.apache.spark.sql.catalyst.rules.RuleExecutor.$anonfun$execute$1(RuleExecutor.scala:239)\n\tat org.apache.spark.sql.catalyst.rules.RuleExecutor.$anonfun$execute$1$adapted(RuleExecutor.scala:231)\n\tat scala.collection.immutable.List.foreach(List.scala:334)\n\tat org.apache.spark.sql.catalyst.rules.RuleExecutor.execute(RuleExecutor.scala:231)\n\tat org.apache.spark.sql.catalyst.analysis.Analyzer.org$apache$spark$sql$catalyst$analysis$Analyzer$$executeSameContext(Analyzer.scala:290)\n\tat org.apache.spark.sql.catalyst.analysis.Analyzer.$anonfun$execute$1(Analyzer.scala:286)\n\tat org.apache.spark.sql.catalyst.analysis.AnalysisContext$.withNewAnalysisContext(Analyzer.scala:234)\n\tat org.apache.spark.sql.catalyst.analysis.Analyzer.execute(Analyzer.scala:286)\n\tat org.apache.spark.sql.catalyst.analysis.Analyzer.execute(Analyzer.scala:249)\n\tat org.apache.spark.sql.catalyst.rules.RuleExecutor.$anonfun$executeAndTrack$1(RuleExecutor.scala:201)\n\tat org.apache.spark.sql.catalyst.QueryPlanningTracker$.withTracker(QueryPlanningTracker.scala:89)\n\tat org.apache.spark.sql.catalyst.rules.RuleExecutor.executeAndTrack(RuleExecutor.scala:201)\n\tat org.apache.spark.sql.catalyst.analysis.resolver.HybridAnalyzer.resolveInFixedPoint(HybridAnalyzer.scala:190)\n\tat org.apache.spark.sql.catalyst.analysis.resolver.HybridAnalyzer.$anonfun$apply$1(HybridAnalyzer.scala:76)\n\tat org.apache.spark.sql.catalyst.analysis.resolver.HybridAnalyzer.withTrackedAnalyzerBridgeState(HybridAnalyzer.scala:111)\n\tat org.apache.spark.sql.catalyst.analysis.resolver.HybridAnalyzer.apply(HybridAnalyzer.scala:71)\n\tat org.apache.spark.sql.catalyst.analysis.Analyzer.$anonfun$executeAndCheck$1(Analyzer.scala:280)\n\tat org.apache.spark.sql.catalyst.plans.logical.AnalysisHelper$.markInAnalyzer(AnalysisHelper.scala:423)\n\tat org.apache.spark.sql.catalyst.analysis.Analyzer.executeAndCheck(Analyzer.scala:280)\n\tat org.apache.spark.sql.execution.QueryExecution.$anonfun$lazyAnalyzed$2(QueryExecution.scala:110)\n\tat org.apache.spark.sql.catalyst.QueryPlanningTracker.measurePhase(QueryPlanningTracker.scala:148)\n\tat org.apache.spark.sql.execution.QueryExecution.$anonfun$executePhase$2(QueryExecution.scala:278)\n\tat org.apache.spark.sql.execution.QueryExecution$.withInternalError(QueryExecution.scala:654)\n\tat org.apache.spark.sql.execution.QueryExecution.$anonfun$executePhase$1(QueryExecution.scala:278)\n\tat org.apache.spark.sql.SparkSession.withActive(SparkSession.scala:804)\n\tat org.apache.spark.sql.execution.QueryExecution.executePhase(QueryExecution.scala:277)\n\tat org.apache.spark.sql.execution.QueryExecution.$anonfun$lazyAnalyzed$1(QueryExecution.scala:110)\n\tat scala.util.Try$.apply(Try.scala:217)\n\tat org.apache.spark.util.Utils$.doTryWithCallerStacktrace(Utils.scala:1378)\n\tat org.apache.spark.util.Utils$.getTryWithCallerStacktrace(Utils.scala:1439)\n\tat org.apache.spark.util.LazyTry.get(LazyTry.scala:58)\n\tat org.apache.spark.sql.execution.QueryExecution.analyzed(QueryExecution.scala:121)\n\tat org.apache.spark.sql.execution.QueryExecution.assertAnalyzed(QueryExecution.scala:80)\n\tat org.apache.spark.sql.classic.Dataset$.$anonfun$ofRows$1(Dataset.scala:115)\n\tat org.apache.spark.sql.SparkSession.withActive(SparkSession.scala:804)\n\tat org.apache.spark.sql.classic.Dataset$.ofRows(Dataset.scala:113)\n\tat org.apache.spark.sql.classic.DataFrameReader.load(DataFrameReader.scala:109)\n\tat org.apache.spark.sql.classic.DataFrameReader.load(DataFrameReader.scala:92)\n\tat org.apache.spark.sql.classic.DataFrameReader.load(DataFrameReader.scala:58)\n\tat java.base/jdk.internal.reflect.NativeMethodAccessorImpl.invoke0(Native Method)\n\tat java.base/jdk.internal.reflect.NativeMethodAccessorImpl.invoke(NativeMethodAccessorImpl.java:77)\n\tat java.base/jdk.internal.reflect.DelegatingMethodAccessorImpl.invoke(DelegatingMethodAccessorImpl.java:43)\n\tat java.base/java.lang.reflect.Method.invoke(Method.java:569)\n\tat py4j.reflection.MethodInvoker.invoke(MethodInvoker.java:244)\n\tat py4j.reflection.ReflectionEngine.invoke(ReflectionEngine.java:374)\n\tat py4j.Gateway.invoke(Gateway.java:282)\n\tat py4j.commands.AbstractCommand.invokeMethod(AbstractCommand.java:132)\n\tat py4j.commands.CallCommand.execute(CallCommand.java:79)\n\tat py4j.ClientServerConnection.waitForCommands(ClientServerConnection.java:184)\n\tat py4j.ClientServerConnection.run(ClientServerConnection.java:108)\n\tat java.base/java.lang.Thread.run(Thread.java:840)\n\tSuppressed: org.apache.spark.util.Utils$OriginalTryStackTraceException: Full stacktrace of original doTryWithCallerStacktrace caller\n\t\tat org.postgresql.core.v3.ConnectionFactoryImpl.openConnectionImpl(ConnectionFactoryImpl.java:354)\n\t\tat org.postgresql.core.ConnectionFactory.openConnection(ConnectionFactory.java:54)\n\t\tat org.postgresql.jdbc.PgConnection.<init>(PgConnection.java:263)\n\t\tat org.postgresql.Driver.makeConnection(Driver.java:444)\n\t\tat org.postgresql.Driver.connect(Driver.java:297)\n\t\tat org.apache.spark.sql.execution.datasources.jdbc.connection.BasicConnectionProvider.getConnection(BasicConnectionProvider.scala:50)\n\t\tat org.apache.spark.sql.execution.datasources.jdbc.connection.ConnectionProviderBase.create(ConnectionProvider.scala:102)\n\t\tat org.apache.spark.sql.jdbc.JdbcDialect.$anonfun$createConnectionFactory$1(JdbcDialects.scala:235)\n\t\tat org.apache.spark.sql.jdbc.JdbcDialect.$anonfun$createConnectionFactory$1$adapted(JdbcDialects.scala:231)\n\t\tat org.apache.spark.sql.execution.datasources.jdbc.JDBCRDD$.getQueryOutputSchema(JDBCRDD.scala:67)\n\t\tat org.apache.spark.sql.execution.datasources.jdbc.JDBCRDD$.resolveTable(JDBCRDD.scala:62)\n\t\tat org.apache.spark.sql.execution.datasources.jdbc.JDBCRelation$.getSchema(JDBCRelation.scala:243)\n\t\tat org.apache.spark.sql.execution.datasources.jdbc.JdbcRelationProvider.createRelation(JdbcRelationProvider.scala:38)\n\t\tat org.apache.spark.sql.execution.datasources.DataSource.resolveRelation(DataSource.scala:361)\n\t\tat org.apache.spark.sql.catalyst.analysis.ResolveDataSource.org$apache$spark$sql$catalyst$analysis$ResolveDataSource$$loadV1BatchSource(ResolveDataSource.scala:143)\n\t\tat org.apache.spark.sql.catalyst.analysis.ResolveDataSource$$anonfun$apply$1.$anonfun$applyOrElse$2(ResolveDataSource.scala:61)\n\t\tat scala.Option.getOrElse(Option.scala:201)\n\t\tat org.apache.spark.sql.catalyst.analysis.ResolveDataSource$$anonfun$apply$1.applyOrElse(ResolveDataSource.scala:61)\n\t\tat org.apache.spark.sql.catalyst.analysis.ResolveDataSource$$anonfun$apply$1.applyOrElse(ResolveDataSource.scala:45)\n\t\tat org.apache.spark.sql.catalyst.plans.logical.AnalysisHelper.$anonfun$resolveOperatorsUpWithPruning$3(AnalysisHelper.scala:139)\n\t\tat org.apache.spark.sql.catalyst.trees.CurrentOrigin$.withOrigin(origin.scala:86)\n\t\tat org.apache.spark.sql.catalyst.plans.logical.AnalysisHelper.$anonfun$resolveOperatorsUpWithPruning$1(AnalysisHelper.scala:139)\n\t\tat org.apache.spark.sql.catalyst.plans.logical.AnalysisHelper$.allowInvokingTransformsInAnalyzer(AnalysisHelper.scala:416)\n\t\tat org.apache.spark.sql.catalyst.plans.logical.AnalysisHelper.resolveOperatorsUpWithPruning(AnalysisHelper.scala:135)\n\t\tat org.apache.spark.sql.catalyst.plans.logical.AnalysisHelper.resolveOperatorsUpWithPruning$(AnalysisHelper.scala:131)\n\t\tat org.apache.spark.sql.catalyst.plans.logical.LogicalPlan.resolveOperatorsUpWithPruning(LogicalPlan.scala:37)\n\t\tat org.apache.spark.sql.catalyst.plans.logical.AnalysisHelper.resolveOperatorsUp(AnalysisHelper.scala:112)\n\t\tat org.apache.spark.sql.catalyst.plans.logical.AnalysisHelper.resolveOperatorsUp$(AnalysisHelper.scala:111)\n\t\tat org.apache.spark.sql.catalyst.plans.logical.LogicalPlan.resolveOperatorsUp(LogicalPlan.scala:37)\n\t\tat org.apache.spark.sql.catalyst.analysis.ResolveDataSource.apply(ResolveDataSource.scala:45)\n\t\tat org.apache.spark.sql.catalyst.analysis.ResolveDataSource.apply(ResolveDataSource.scala:43)\n\t\tat org.apache.spark.sql.catalyst.rules.RuleExecutor.$anonfun$execute$2(RuleExecutor.scala:242)\n\t\tat scala.collection.LinearSeqOps.foldLeft(LinearSeq.scala:183)\n\t\tat scala.collection.LinearSeqOps.foldLeft$(LinearSeq.scala:179)\n\t\tat scala.collection.immutable.List.foldLeft(List.scala:79)\n\t\tat org.apache.spark.sql.catalyst.rules.RuleExecutor.$anonfun$execute$1(RuleExecutor.scala:239)\n\t\tat org.apache.spark.sql.catalyst.rules.RuleExecutor.$anonfun$execute$1$adapted(RuleExecutor.scala:231)\n\t\tat scala.collection.immutable.List.foreach(List.scala:334)\n\t\tat org.apache.spark.sql.catalyst.rules.RuleExecutor.execute(RuleExecutor.scala:231)\n\t\tat org.apache.spark.sql.catalyst.analysis.Analyzer.org$apache$spark$sql$catalyst$analysis$Analyzer$$executeSameContext(Analyzer.scala:290)\n\t\tat org.apache.spark.sql.catalyst.analysis.Analyzer.$anonfun$execute$1(Analyzer.scala:286)\n\t\tat org.apache.spark.sql.catalyst.analysis.AnalysisContext$.withNewAnalysisContext(Analyzer.scala:234)\n\t\tat org.apache.spark.sql.catalyst.analysis.Analyzer.execute(Analyzer.scala:286)\n\t\tat org.apache.spark.sql.catalyst.analysis.Analyzer.execute(Analyzer.scala:249)\n\t\tat org.apache.spark.sql.catalyst.rules.RuleExecutor.$anonfun$executeAndTrack$1(RuleExecutor.scala:201)\n\t\tat org.apache.spark.sql.catalyst.QueryPlanningTracker$.withTracker(QueryPlanningTracker.scala:89)\n\t\tat org.apache.spark.sql.catalyst.rules.RuleExecutor.executeAndTrack(RuleExecutor.scala:201)\n\t\tat org.apache.spark.sql.catalyst.analysis.resolver.HybridAnalyzer.resolveInFixedPoint(HybridAnalyzer.scala:190)\n\t\tat org.apache.spark.sql.catalyst.analysis.resolver.HybridAnalyzer.$anonfun$apply$1(HybridAnalyzer.scala:76)\n\t\tat org.apache.spark.sql.catalyst.analysis.resolver.HybridAnalyzer.withTrackedAnalyzerBridgeState(HybridAnalyzer.scala:111)\n\t\tat org.apache.spark.sql.catalyst.analysis.resolver.HybridAnalyzer.apply(HybridAnalyzer.scala:71)\n\t\tat org.apache.spark.sql.catalyst.analysis.Analyzer.$anonfun$executeAndCheck$1(Analyzer.scala:280)\n\t\tat org.apache.spark.sql.catalyst.plans.logical.AnalysisHelper$.markInAnalyzer(AnalysisHelper.scala:423)\n\t\tat org.apache.spark.sql.catalyst.analysis.Analyzer.executeAndCheck(Analyzer.scala:280)\n\t\tat org.apache.spark.sql.execution.QueryExecution.$anonfun$lazyAnalyzed$2(QueryExecution.scala:110)\n\t\tat org.apache.spark.sql.catalyst.QueryPlanningTracker.measurePhase(QueryPlanningTracker.scala:148)\n\t\tat org.apache.spark.sql.execution.QueryExecution.$anonfun$executePhase$2(QueryExecution.scala:278)\n\t\tat org.apache.spark.sql.execution.QueryExecution$.withInternalError(QueryExecution.scala:654)\n\t\tat org.apache.spark.sql.execution.QueryExecution.$anonfun$executePhase$1(QueryExecution.scala:278)\n\t\tat org.apache.spark.sql.SparkSession.withActive(SparkSession.scala:804)\n\t\tat org.apache.spark.sql.execution.QueryExecution.executePhase(QueryExecution.scala:277)\n\t\tat org.apache.spark.sql.execution.QueryExecution.$anonfun$lazyAnalyzed$1(QueryExecution.scala:110)\n\t\tat scala.util.Try$.apply(Try.scala:217)\n\t\tat org.apache.spark.util.Utils$.doTryWithCallerStacktrace(Utils.scala:1378)\n\t\tat org.apache.spark.util.LazyTry.tryT$lzycompute(LazyTry.scala:46)\n\t\tat org.apache.spark.util.LazyTry.tryT(LazyTry.scala:46)\n\t\t... 21 more\nCaused by: java.net.UnknownHostException: postgres_container\n\tat java.base/sun.nio.ch.NioSocketImpl.connect(NioSocketImpl.java:572)\n\tat java.base/java.net.SocksSocketImpl.connect(SocksSocketImpl.java:327)\n\tat java.base/java.net.Socket.connect(Socket.java:633)\n\tat org.postgresql.core.PGStream.createSocket(PGStream.java:243)\n\tat org.postgresql.core.PGStream.<init>(PGStream.java:98)\n\tat org.postgresql.core.v3.ConnectionFactoryImpl.tryConnect(ConnectionFactoryImpl.java:132)\n\tat org.postgresql.core.v3.ConnectionFactoryImpl.openConnectionImpl(ConnectionFactoryImpl.java:258)\n\tat org.postgresql.core.ConnectionFactory.openConnection(ConnectionFactory.java:54)\n\tat org.postgresql.jdbc.PgConnection.<init>(PgConnection.java:263)\n\tat org.postgresql.Driver.makeConnection(Driver.java:444)\n\tat org.postgresql.Driver.connect(Driver.java:297)\n\tat org.apache.spark.sql.execution.datasources.jdbc.connection.BasicConnectionProvider.getConnection(BasicConnectionProvider.scala:50)\n\tat org.apache.spark.sql.execution.datasources.jdbc.connection.ConnectionProviderBase.create(ConnectionProvider.scala:102)\n\tat org.apache.spark.sql.jdbc.JdbcDialect.$anonfun$createConnectionFactory$1(JdbcDialects.scala:235)\n\tat org.apache.spark.sql.jdbc.JdbcDialect.$anonfun$createConnectionFactory$1$adapted(JdbcDialects.scala:231)\n\tat org.apache.spark.sql.execution.datasources.jdbc.JDBCRDD$.getQueryOutputSchema(JDBCRDD.scala:67)\n\tat org.apache.spark.sql.execution.datasources.jdbc.JDBCRDD$.resolveTable(JDBCRDD.scala:62)\n\tat org.apache.spark.sql.execution.datasources.jdbc.JDBCRelation$.getSchema(JDBCRelation.scala:243)\n\tat org.apache.spark.sql.execution.datasources.jdbc.JdbcRelationProvider.createRelation(JdbcRelationProvider.scala:38)\n\tat org.apache.spark.sql.execution.datasources.DataSource.resolveRelation(DataSource.scala:361)\n\tat org.apache.spark.sql.catalyst.analysis.ResolveDataSource.org$apache$spark$sql$catalyst$analysis$ResolveDataSource$$loadV1BatchSource(ResolveDataSource.scala:143)\n\tat org.apache.spark.sql.catalyst.analysis.ResolveDataSource$$anonfun$apply$1.$anonfun$applyOrElse$2(ResolveDataSource.scala:61)\n\tat scala.Option.getOrElse(Option.scala:201)\n\tat org.apache.spark.sql.catalyst.analysis.ResolveDataSource$$anonfun$apply$1.applyOrElse(ResolveDataSource.scala:61)\n\tat org.apache.spark.sql.catalyst.analysis.ResolveDataSource$$anonfun$apply$1.applyOrElse(ResolveDataSource.scala:45)\n\tat org.apache.spark.sql.catalyst.plans.logical.AnalysisHelper.$anonfun$resolveOperatorsUpWithPruning$3(AnalysisHelper.scala:139)\n\tat org.apache.spark.sql.catalyst.trees.CurrentOrigin$.withOrigin(origin.scala:86)\n\tat org.apache.spark.sql.catalyst.plans.logical.AnalysisHelper.$anonfun$resolveOperatorsUpWithPruning$1(AnalysisHelper.scala:139)\n\tat org.apache.spark.sql.catalyst.plans.logical.AnalysisHelper$.allowInvokingTransformsInAnalyzer(AnalysisHelper.scala:416)\n\tat org.apache.spark.sql.catalyst.plans.logical.AnalysisHelper.resolveOperatorsUpWithPruning(AnalysisHelper.scala:135)\n\tat org.apache.spark.sql.catalyst.plans.logical.AnalysisHelper.resolveOperatorsUpWithPruning$(AnalysisHelper.scala:131)\n\tat org.apache.spark.sql.catalyst.plans.logical.LogicalPlan.resolveOperatorsUpWithPruning(LogicalPlan.scala:37)\n\tat org.apache.spark.sql.catalyst.plans.logical.AnalysisHelper.resolveOperatorsUp(AnalysisHelper.scala:112)\n\tat org.apache.spark.sql.catalyst.plans.logical.AnalysisHelper.resolveOperatorsUp$(AnalysisHelper.scala:111)\n\tat org.apache.spark.sql.catalyst.plans.logical.LogicalPlan.resolveOperatorsUp(LogicalPlan.scala:37)\n\tat org.apache.spark.sql.catalyst.analysis.ResolveDataSource.apply(ResolveDataSource.scala:45)\n\tat org.apache.spark.sql.catalyst.analysis.ResolveDataSource.apply(ResolveDataSource.scala:43)\n\tat org.apache.spark.sql.catalyst.rules.RuleExecutor.$anonfun$execute$2(RuleExecutor.scala:242)\n\tat scala.collection.LinearSeqOps.foldLeft(LinearSeq.scala:183)\n\tat scala.collection.LinearSeqOps.foldLeft$(LinearSeq.scala:179)\n\tat scala.collection.immutable.List.foldLeft(List.scala:79)\n\tat org.apache.spark.sql.catalyst.rules.RuleExecutor.$anonfun$execute$1(RuleExecutor.scala:239)\n\tat org.apache.spark.sql.catalyst.rules.RuleExecutor.$anonfun$execute$1$adapted(RuleExecutor.scala:231)\n\tat scala.collection.immutable.List.foreach(List.scala:334)\n\tat org.apache.spark.sql.catalyst.rules.RuleExecutor.execute(RuleExecutor.scala:231)\n\tat org.apache.spark.sql.catalyst.analysis.Analyzer.org$apache$spark$sql$catalyst$analysis$Analyzer$$executeSameContext(Analyzer.scala:290)\n\tat org.apache.spark.sql.catalyst.analysis.Analyzer.$anonfun$execute$1(Analyzer.scala:286)\n\tat org.apache.spark.sql.catalyst.analysis.AnalysisContext$.withNewAnalysisContext(Analyzer.scala:234)\n\tat org.apache.spark.sql.catalyst.analysis.Analyzer.execute(Analyzer.scala:286)\n\tat org.apache.spark.sql.catalyst.analysis.Analyzer.execute(Analyzer.scala:249)\n\tat org.apache.spark.sql.catalyst.rules.RuleExecutor.$anonfun$executeAndTrack$1(RuleExecutor.scala:201)\n\tat org.apache.spark.sql.catalyst.QueryPlanningTracker$.withTracker(QueryPlanningTracker.scala:89)\n\tat org.apache.spark.sql.catalyst.rules.RuleExecutor.executeAndTrack(RuleExecutor.scala:201)\n\tat org.apache.spark.sql.catalyst.analysis.resolver.HybridAnalyzer.resolveInFixedPoint(HybridAnalyzer.scala:190)\n\tat org.apache.spark.sql.catalyst.analysis.resolver.HybridAnalyzer.$anonfun$apply$1(HybridAnalyzer.scala:76)\n\tat org.apache.spark.sql.catalyst.analysis.resolver.HybridAnalyzer.withTrackedAnalyzerBridgeState(HybridAnalyzer.scala:111)\n\tat org.apache.spark.sql.catalyst.analysis.resolver.HybridAnalyzer.apply(HybridAnalyzer.scala:71)\n\tat org.apache.spark.sql.catalyst.analysis.Analyzer.$anonfun$executeAndCheck$1(Analyzer.scala:280)\n\tat org.apache.spark.sql.catalyst.plans.logical.AnalysisHelper$.markInAnalyzer(AnalysisHelper.scala:423)\n\tat org.apache.spark.sql.catalyst.analysis.Analyzer.executeAndCheck(Analyzer.scala:280)\n\tat org.apache.spark.sql.execution.QueryExecution.$anonfun$lazyAnalyzed$2(QueryExecution.scala:110)\n\tat org.apache.spark.sql.catalyst.QueryPlanningTracker.measurePhase(QueryPlanningTracker.scala:148)\n\tat org.apache.spark.sql.execution.QueryExecution.$anonfun$executePhase$2(QueryExecution.scala:278)\n\tat org.apache.spark.sql.execution.QueryExecution$.withInternalError(QueryExecution.scala:654)\n\tat org.apache.spark.sql.execution.QueryExecution.$anonfun$executePhase$1(QueryExecution.scala:278)\n\tat org.apache.spark.sql.SparkSession.withActive(SparkSession.scala:804)\n\tat org.apache.spark.sql.execution.QueryExecution.executePhase(QueryExecution.scala:277)\n\tat org.apache.spark.sql.execution.QueryExecution.$anonfun$lazyAnalyzed$1(QueryExecution.scala:110)\n\tat scala.util.Try$.apply(Try.scala:217)\n\tat org.apache.spark.util.Utils$.doTryWithCallerStacktrace(Utils.scala:1378)\n\tat org.apache.spark.util.LazyTry.tryT$lzycompute(LazyTry.scala:46)\n\tat org.apache.spark.util.LazyTry.tryT(LazyTry.scala:46)\n\t... 21 more\n","exc_notes":[],"syntax_error":null,"is_cause":false,"frames":[{"filename":"/home/airflow/.local/lib/python3.12/site-packages/airflow/sdk/execution_time/task_runner.py","lineno":825,"name":"run"},{"filename":"/home/airflow/.local/lib/python3.12/site-packages/airflow/sdk/execution_time/task_runner.py","lineno":1088,"name":"_execute_task"},{"filename":"/home/airflow/.local/lib/python3.12/site-packages/airflow/sdk/bases/operator.py","lineno":408,"name":"wrapper"},{"filename":"/home/airflow/.local/lib/python3.12/site-packages/airflow/providers/standard/operators/python.py","lineno":212,"name":"execute"},{"filename":"/home/airflow/.local/lib/python3.12/site-packages/airflow/providers/standard/operators/python.py","lineno":235,"name":"execute_callable"},{"filename":"/home/airflow/.local/lib/python3.12/site-packages/airflow/sdk/execution_time/callback_runner.py","lineno":81,"name":"run"},{"filename":"/opt/airflow/dags/etl_dim_customer.py","lineno":93,"name":"extract_customer"},{"filename":"/home/airflow/.local/lib/python3.12/site-packages/pyspark/sql/readwriter.py","lineno":318,"name":"load"},{"filename":"/home/airflow/.local/lib/python3.12/site-packages/py4j/java_gateway.py","lineno":1362,"name":"__call__"},{"filename":"/home/airflow/.local/lib/python3.12/site-packages/pyspark/errors/exceptions/captured.py","lineno":282,"name":"deco"},{"filename":"/home/airflow/.local/lib/python3.12/site-packages/py4j/protocol.py","lineno":327,"name":"get_return_value"}]}]}
{"timestamp":"2025-06-17T19:20:00.889004Z","level":"info","event":"\t\tat org.apache.spark.sql.catalyst.analysis.Analyzer.org$apache$spark$sql$catalyst$analysis$Analyzer$$executeSameContext(Analyzer.scala:290)","chan":"stdout","logger":"task"}
{"timestamp":"2025-06-17T19:20:00.889470Z","level":"info","event":"\t\tat org.apache.spark.sql.catalyst.analysis.Analyzer.$anonfun$execute$1(Analyzer.scala:286)","chan":"stdout","logger":"task"}
{"timestamp":"2025-06-17T19:20:00.889990Z","level":"info","event":"\t\tat org.apache.spark.sql.catalyst.analysis.AnalysisContext$.withNewAnalysisContext(Analyzer.scala:234)","chan":"stdout","logger":"task"}
{"timestamp":"2025-06-17T19:20:00.890481Z","level":"info","event":"\t\tat org.apache.spark.sql.catalyst.analysis.Analyzer.execute(Analyzer.scala:286)","chan":"stdout","logger":"task"}
{"timestamp":"2025-06-17T19:20:00.890906Z","level":"info","event":"\t\tat org.apache.spark.sql.catalyst.analysis.Analyzer.execute(Analyzer.scala:249)","chan":"stdout","logger":"task"}
{"timestamp":"2025-06-17T19:20:00.891313Z","level":"info","event":"\t\tat org.apache.spark.sql.catalyst.rules.RuleExecutor.$anonfun$executeAndTrack$1(RuleExecutor.scala:201)","chan":"stdout","logger":"task"}
{"timestamp":"2025-06-17T19:20:00.891700Z","level":"info","event":"\t\tat org.apache.spark.sql.catalyst.QueryPlanningTracker$.withTracker(QueryPlanningTracker.scala:89)","chan":"stdout","logger":"task"}
{"timestamp":"2025-06-17T19:20:00.892121Z","level":"info","event":"\t\tat org.apache.spark.sql.catalyst.rules.RuleExecutor.executeAndTrack(RuleExecutor.scala:201)","chan":"stdout","logger":"task"}
{"timestamp":"2025-06-17T19:20:00.892394Z","level":"info","event":"\t\tat org.apache.spark.sql.catalyst.analysis.resolver.HybridAnalyzer.resolveInFixedPoint(HybridAnalyzer.scala:190)","chan":"stdout","logger":"task"}
{"timestamp":"2025-06-17T19:20:00.892961Z","level":"info","event":"\t\tat org.apache.spark.sql.catalyst.analysis.resolver.HybridAnalyzer.$anonfun$apply$1(HybridAnalyzer.scala:76)","chan":"stdout","logger":"task"}
{"timestamp":"2025-06-17T19:20:00.893257Z","level":"info","event":"\t\tat org.apache.spark.sql.catalyst.analysis.resolver.HybridAnalyzer.withTrackedAnalyzerBridgeState(HybridAnalyzer.scala:111)","chan":"stdout","logger":"task"}
{"timestamp":"2025-06-17T19:20:00.893516Z","level":"info","event":"\t\tat org.apache.spark.sql.catalyst.analysis.resolver.HybridAnalyzer.apply(HybridAnalyzer.scala:71)","chan":"stdout","logger":"task"}
{"timestamp":"2025-06-17T19:20:00.893786Z","level":"info","event":"\t\tat org.apache.spark.sql.catalyst.analysis.Analyzer.$anonfun$executeAndCheck$1(Analyzer.scala:280)","chan":"stdout","logger":"task"}
{"timestamp":"2025-06-17T19:20:00.894035Z","level":"info","event":"\t\tat org.apache.spark.sql.catalyst.plans.logical.AnalysisHelper$.markInAnalyzer(AnalysisHelper.scala:423)","chan":"stdout","logger":"task"}
{"timestamp":"2025-06-17T19:20:00.894318Z","level":"info","event":"\t\tat org.apache.spark.sql.catalyst.analysis.Analyzer.executeAndCheck(Analyzer.scala:280)","chan":"stdout","logger":"task"}
{"timestamp":"2025-06-17T19:20:00.894630Z","level":"info","event":"\t\tat org.apache.spark.sql.execution.QueryExecution.$anonfun$lazyAnalyzed$2(QueryExecution.scala:110)","chan":"stdout","logger":"task"}
{"timestamp":"2025-06-17T19:20:00.894937Z","level":"info","event":"\t\tat org.apache.spark.sql.catalyst.QueryPlanningTracker.measurePhase(QueryPlanningTracker.scala:148)","chan":"stdout","logger":"task"}
{"timestamp":"2025-06-17T19:20:00.895302Z","level":"info","event":"\t\tat org.apache.spark.sql.execution.QueryExecution.$anonfun$executePhase$2(QueryExecution.scala:278)","chan":"stdout","logger":"task"}
{"timestamp":"2025-06-17T19:20:00.896078Z","level":"info","event":"\t\tat org.apache.spark.sql.execution.QueryExecution$.withInternalError(QueryExecution.scala:654)","chan":"stdout","logger":"task"}
{"timestamp":"2025-06-17T19:20:00.896858Z","level":"info","event":"\t\tat org.apache.spark.sql.execution.QueryExecution.$anonfun$executePhase$1(QueryExecution.scala:278)","chan":"stdout","logger":"task"}
{"timestamp":"2025-06-17T19:20:00.897208Z","level":"info","event":"\t\tat org.apache.spark.sql.SparkSession.withActive(SparkSession.scala:804)","chan":"stdout","logger":"task"}
{"timestamp":"2025-06-17T19:20:00.897539Z","level":"info","event":"\t\tat org.apache.spark.sql.execution.QueryExecution.executePhase(QueryExecution.scala:277)","chan":"stdout","logger":"task"}
{"timestamp":"2025-06-17T19:20:00.897935Z","level":"info","event":"\t\tat org.apache.spark.sql.execution.QueryExecution.$anonfun$lazyAnalyzed$1(QueryExecution.scala:110)","chan":"stdout","logger":"task"}
{"timestamp":"2025-06-17T19:20:00.898642Z","level":"info","event":"\t\tat scala.util.Try$.apply(Try.scala:217)","chan":"stdout","logger":"task"}
{"timestamp":"2025-06-17T19:20:00.899025Z","level":"info","event":"\t\tat org.apache.spark.util.Utils$.doTryWithCallerStacktrace(Utils.scala:1378)","chan":"stdout","logger":"task"}
{"timestamp":"2025-06-17T19:20:00.899362Z","level":"info","event":"\t\tat org.apache.spark.util.LazyTry.tryT$lzycompute(LazyTry.scala:46)","chan":"stdout","logger":"task"}
{"timestamp":"2025-06-17T19:20:00.899691Z","level":"info","event":"\t\tat org.apache.spark.util.LazyTry.tryT(LazyTry.scala:46)","chan":"stdout","logger":"task"}
{"timestamp":"2025-06-17T19:20:00.900007Z","level":"info","event":"\t\t... 21 more","chan":"stdout","logger":"task"}
{"timestamp":"2025-06-17T19:20:00.901356Z","level":"info","event":"Caused by: java.net.UnknownHostException: postgres_container","chan":"stdout","logger":"task"}
{"timestamp":"2025-06-17T19:20:00.901816Z","level":"info","event":"\tat java.base/sun.nio.ch.NioSocketImpl.connect(NioSocketImpl.java:572)","chan":"stdout","logger":"task"}
{"timestamp":"2025-06-17T19:20:00.902395Z","level":"info","event":"\tat java.base/java.net.SocksSocketImpl.connect(SocksSocketImpl.java:327)","chan":"stdout","logger":"task"}
{"timestamp":"2025-06-17T19:20:00.903203Z","level":"info","event":"\tat java.base/java.net.Socket.connect(Socket.java:633)","chan":"stdout","logger":"task"}
{"timestamp":"2025-06-17T19:20:00.903890Z","level":"info","event":"\tat org.postgresql.core.PGStream.createSocket(PGStream.java:243)","chan":"stdout","logger":"task"}
{"timestamp":"2025-06-17T19:20:00.904616Z","level":"info","event":"\tat org.postgresql.core.PGStream.<init>(PGStream.java:98)","chan":"stdout","logger":"task"}
{"timestamp":"2025-06-17T19:20:00.905048Z","level":"info","event":"\tat org.postgresql.core.v3.ConnectionFactoryImpl.tryConnect(ConnectionFactoryImpl.java:132)","chan":"stdout","logger":"task"}
{"timestamp":"2025-06-17T19:20:00.908622Z","level":"info","event":"\tat org.postgresql.core.v3.ConnectionFactoryImpl.openConnectionImpl(ConnectionFactoryImpl.java:258)","chan":"stdout","logger":"task"}
{"timestamp":"2025-06-17T19:20:00.909792Z","level":"info","event":"\tat org.postgresql.core.ConnectionFactory.openConnection(ConnectionFactory.java:54)","chan":"stdout","logger":"task"}
{"timestamp":"2025-06-17T19:20:00.910589Z","level":"info","event":"\tat org.postgresql.jdbc.PgConnection.<init>(PgConnection.java:263)","chan":"stdout","logger":"task"}
{"timestamp":"2025-06-17T19:20:00.912036Z","level":"info","event":"\tat org.postgresql.Driver.makeConnection(Driver.java:444)","chan":"stdout","logger":"task"}
{"timestamp":"2025-06-17T19:20:00.913888Z","level":"info","event":"\tat org.postgresql.Driver.connect(Driver.java:297)","chan":"stdout","logger":"task"}
{"timestamp":"2025-06-17T19:20:00.914563Z","level":"info","event":"\tat org.apache.spark.sql.execution.datasources.jdbc.connection.BasicConnectionProvider.getConnection(BasicConnectionProvider.scala:50)","chan":"stdout","logger":"task"}
{"timestamp":"2025-06-17T19:20:00.915467Z","level":"info","event":"\tat org.apache.spark.sql.execution.datasources.jdbc.connection.ConnectionProviderBase.create(ConnectionProvider.scala:102)","chan":"stdout","logger":"task"}
{"timestamp":"2025-06-17T19:20:00.916015Z","level":"info","event":"\tat org.apache.spark.sql.jdbc.JdbcDialect.$anonfun$createConnectionFactory$1(JdbcDialects.scala:235)","chan":"stdout","logger":"task"}
{"timestamp":"2025-06-17T19:20:00.918194Z","level":"info","event":"\tat org.apache.spark.sql.jdbc.JdbcDialect.$anonfun$createConnectionFactory$1$adapted(JdbcDialects.scala:231)","chan":"stdout","logger":"task"}
{"timestamp":"2025-06-17T19:20:00.919865Z","level":"info","event":"\tat org.apache.spark.sql.execution.datasources.jdbc.JDBCRDD$.getQueryOutputSchema(JDBCRDD.scala:67)","chan":"stdout","logger":"task"}
{"timestamp":"2025-06-17T19:20:00.920482Z","level":"info","event":"\tat org.apache.spark.sql.execution.datasources.jdbc.JDBCRDD$.resolveTable(JDBCRDD.scala:62)","chan":"stdout","logger":"task"}
{"timestamp":"2025-06-17T19:20:00.920942Z","level":"info","event":"\tat org.apache.spark.sql.execution.datasources.jdbc.JDBCRelation$.getSchema(JDBCRelation.scala:243)","chan":"stdout","logger":"task"}
{"timestamp":"2025-06-17T19:20:00.921504Z","level":"info","event":"\tat org.apache.spark.sql.execution.datasources.jdbc.JdbcRelationProvider.createRelation(JdbcRelationProvider.scala:38)","chan":"stdout","logger":"task"}
{"timestamp":"2025-06-17T19:20:00.921867Z","level":"info","event":"\tat org.apache.spark.sql.execution.datasources.DataSource.resolveRelation(DataSource.scala:361)","chan":"stdout","logger":"task"}
{"timestamp":"2025-06-17T19:20:00.922216Z","level":"info","event":"\tat org.apache.spark.sql.catalyst.analysis.ResolveDataSource.org$apache$spark$sql$catalyst$analysis$ResolveDataSource$$loadV1BatchSource(ResolveDataSource.scala:143)","chan":"stdout","logger":"task"}
{"timestamp":"2025-06-17T19:20:00.925353Z","level":"info","event":"\tat org.apache.spark.sql.catalyst.analysis.ResolveDataSource$$anonfun$apply$1.$anonfun$applyOrElse$2(ResolveDataSource.scala:61)","chan":"stdout","logger":"task"}
{"timestamp":"2025-06-17T19:20:00.926276Z","level":"info","event":"\tat scala.Option.getOrElse(Option.scala:201)","chan":"stdout","logger":"task"}
{"timestamp":"2025-06-17T19:20:00.926927Z","level":"info","event":"\tat org.apache.spark.sql.catalyst.analysis.ResolveDataSource$$anonfun$apply$1.applyOrElse(ResolveDataSource.scala:61)","chan":"stdout","logger":"task"}
{"timestamp":"2025-06-17T19:20:00.928128Z","level":"info","event":"\tat org.apache.spark.sql.catalyst.analysis.ResolveDataSource$$anonfun$apply$1.applyOrElse(ResolveDataSource.scala:45)","chan":"stdout","logger":"task"}
{"timestamp":"2025-06-17T19:20:00.928939Z","level":"info","event":"\tat org.apache.spark.sql.catalyst.plans.logical.AnalysisHelper.$anonfun$resolveOperatorsUpWithPruning$3(AnalysisHelper.scala:139)","chan":"stdout","logger":"task"}
{"timestamp":"2025-06-17T19:20:00.929403Z","level":"info","event":"\tat org.apache.spark.sql.catalyst.trees.CurrentOrigin$.withOrigin(origin.scala:86)","chan":"stdout","logger":"task"}
{"timestamp":"2025-06-17T19:20:00.929905Z","level":"info","event":"\tat org.apache.spark.sql.catalyst.plans.logical.AnalysisHelper.$anonfun$resolveOperatorsUpWithPruning$1(AnalysisHelper.scala:139)","chan":"stdout","logger":"task"}
{"timestamp":"2025-06-17T19:20:00.930296Z","level":"info","event":"\tat org.apache.spark.sql.catalyst.plans.logical.AnalysisHelper$.allowInvokingTransformsInAnalyzer(AnalysisHelper.scala:416)","chan":"stdout","logger":"task"}
{"timestamp":"2025-06-17T19:20:00.930671Z","level":"info","event":"\tat org.apache.spark.sql.catalyst.plans.logical.AnalysisHelper.resolveOperatorsUpWithPruning(AnalysisHelper.scala:135)","chan":"stdout","logger":"task"}
{"timestamp":"2025-06-17T19:20:00.931001Z","level":"info","event":"\tat org.apache.spark.sql.catalyst.plans.logical.AnalysisHelper.resolveOperatorsUpWithPruning$(AnalysisHelper.scala:131)","chan":"stdout","logger":"task"}
{"timestamp":"2025-06-17T19:20:00.931326Z","level":"info","event":"\tat org.apache.spark.sql.catalyst.plans.logical.LogicalPlan.resolveOperatorsUpWithPruning(LogicalPlan.scala:37)","chan":"stdout","logger":"task"}
{"timestamp":"2025-06-17T19:20:00.931632Z","level":"info","event":"\tat org.apache.spark.sql.catalyst.plans.logical.AnalysisHelper.resolveOperatorsUp(AnalysisHelper.scala:112)","chan":"stdout","logger":"task"}
{"timestamp":"2025-06-17T19:20:00.931929Z","level":"info","event":"\tat org.apache.spark.sql.catalyst.plans.logical.AnalysisHelper.resolveOperatorsUp$(AnalysisHelper.scala:111)","chan":"stdout","logger":"task"}
{"timestamp":"2025-06-17T19:20:00.932194Z","level":"info","event":"\tat org.apache.spark.sql.catalyst.plans.logical.LogicalPlan.resolveOperatorsUp(LogicalPlan.scala:37)","chan":"stdout","logger":"task"}
{"timestamp":"2025-06-17T19:20:00.932427Z","level":"info","event":"\tat org.apache.spark.sql.catalyst.analysis.ResolveDataSource.apply(ResolveDataSource.scala:45)","chan":"stdout","logger":"task"}
{"timestamp":"2025-06-17T19:20:00.932656Z","level":"info","event":"\tat org.apache.spark.sql.catalyst.analysis.ResolveDataSource.apply(ResolveDataSource.scala:43)","chan":"stdout","logger":"task"}
{"timestamp":"2025-06-17T19:20:00.932883Z","level":"info","event":"\tat org.apache.spark.sql.catalyst.rules.RuleExecutor.$anonfun$execute$2(RuleExecutor.scala:242)","chan":"stdout","logger":"task"}
{"timestamp":"2025-06-17T19:20:00.933140Z","level":"info","event":"\tat scala.collection.LinearSeqOps.foldLeft(LinearSeq.scala:183)","chan":"stdout","logger":"task"}
{"timestamp":"2025-06-17T19:20:00.933446Z","level":"info","event":"\tat scala.collection.LinearSeqOps.foldLeft$(LinearSeq.scala:179)","chan":"stdout","logger":"task"}
{"timestamp":"2025-06-17T19:20:00.933747Z","level":"info","event":"\tat scala.collection.immutable.List.foldLeft(List.scala:79)","chan":"stdout","logger":"task"}
{"timestamp":"2025-06-17T19:20:00.934095Z","level":"info","event":"\tat org.apache.spark.sql.catalyst.rules.RuleExecutor.$anonfun$execute$1(RuleExecutor.scala:239)","chan":"stdout","logger":"task"}
{"timestamp":"2025-06-17T19:20:00.934417Z","level":"info","event":"\tat org.apache.spark.sql.catalyst.rules.RuleExecutor.$anonfun$execute$1$adapted(RuleExecutor.scala:231)","chan":"stdout","logger":"task"}
{"timestamp":"2025-06-17T19:20:00.934769Z","level":"info","event":"\tat scala.collection.immutable.List.foreach(List.scala:334)","chan":"stdout","logger":"task"}
{"timestamp":"2025-06-17T19:20:00.935113Z","level":"info","event":"\tat org.apache.spark.sql.catalyst.rules.RuleExecutor.execute(RuleExecutor.scala:231)","chan":"stdout","logger":"task"}
{"timestamp":"2025-06-17T19:20:00.935492Z","level":"info","event":"\tat org.apache.spark.sql.catalyst.analysis.Analyzer.org$apache$spark$sql$catalyst$analysis$Analyzer$$executeSameContext(Analyzer.scala:290)","chan":"stdout","logger":"task"}
{"timestamp":"2025-06-17T19:20:00.935850Z","level":"info","event":"\tat org.apache.spark.sql.catalyst.analysis.Analyzer.$anonfun$execute$1(Analyzer.scala:286)","chan":"stdout","logger":"task"}
{"timestamp":"2025-06-17T19:20:00.938775Z","level":"info","event":"\tat org.apache.spark.sql.catalyst.analysis.AnalysisContext$.withNewAnalysisContext(Analyzer.scala:234)","chan":"stdout","logger":"task"}
{"timestamp":"2025-06-17T19:20:00.952076Z","level":"info","event":"\tat org.apache.spark.sql.catalyst.analysis.Analyzer.execute(Analyzer.scala:286)","chan":"stdout","logger":"task"}
{"timestamp":"2025-06-17T19:20:00.953160Z","level":"info","event":"\tat org.apache.spark.sql.catalyst.analysis.Analyzer.execute(Analyzer.scala:249)","chan":"stdout","logger":"task"}
{"timestamp":"2025-06-17T19:20:00.953855Z","level":"info","event":"\tat org.apache.spark.sql.catalyst.rules.RuleExecutor.$anonfun$executeAndTrack$1(RuleExecutor.scala:201)","chan":"stdout","logger":"task"}
{"timestamp":"2025-06-17T19:20:00.954291Z","level":"info","event":"\tat org.apache.spark.sql.catalyst.QueryPlanningTracker$.withTracker(QueryPlanningTracker.scala:89)","chan":"stdout","logger":"task"}
{"timestamp":"2025-06-17T19:20:00.958748Z","level":"info","event":"\tat org.apache.spark.sql.catalyst.rules.RuleExecutor.executeAndTrack(RuleExecutor.scala:201)","chan":"stdout","logger":"task"}
{"timestamp":"2025-06-17T19:20:00.961103Z","level":"info","event":"\tat org.apache.spark.sql.catalyst.analysis.resolver.HybridAnalyzer.resolveInFixedPoint(HybridAnalyzer.scala:190)","chan":"stdout","logger":"task"}
{"timestamp":"2025-06-17T19:20:00.961799Z","level":"info","event":"\tat org.apache.spark.sql.catalyst.analysis.resolver.HybridAnalyzer.$anonfun$apply$1(HybridAnalyzer.scala:76)","chan":"stdout","logger":"task"}
{"timestamp":"2025-06-17T19:20:00.962382Z","level":"info","event":"\tat org.apache.spark.sql.catalyst.analysis.resolver.HybridAnalyzer.withTrackedAnalyzerBridgeState(HybridAnalyzer.scala:111)","chan":"stdout","logger":"task"}
{"timestamp":"2025-06-17T19:20:00.962730Z","level":"info","event":"\tat org.apache.spark.sql.catalyst.analysis.resolver.HybridAnalyzer.apply(HybridAnalyzer.scala:71)","chan":"stdout","logger":"task"}
{"timestamp":"2025-06-17T19:20:00.963399Z","level":"info","event":"\tat org.apache.spark.sql.catalyst.analysis.Analyzer.$anonfun$executeAndCheck$1(Analyzer.scala:280)","chan":"stdout","logger":"task"}
{"timestamp":"2025-06-17T19:20:00.964044Z","level":"info","event":"\tat org.apache.spark.sql.catalyst.plans.logical.AnalysisHelper$.markInAnalyzer(AnalysisHelper.scala:423)","chan":"stdout","logger":"task"}
{"timestamp":"2025-06-17T19:20:00.965774Z","level":"info","event":"\tat org.apache.spark.sql.catalyst.analysis.Analyzer.executeAndCheck(Analyzer.scala:280)","chan":"stdout","logger":"task"}
{"timestamp":"2025-06-17T19:20:00.969999Z","level":"info","event":"\tat org.apache.spark.sql.execution.QueryExecution.$anonfun$lazyAnalyzed$2(QueryExecution.scala:110)","chan":"stdout","logger":"task"}
{"timestamp":"2025-06-17T19:20:00.970825Z","level":"info","event":"\tat org.apache.spark.sql.catalyst.QueryPlanningTracker.measurePhase(QueryPlanningTracker.scala:148)","chan":"stdout","logger":"task"}
{"timestamp":"2025-06-17T19:20:00.971594Z","level":"info","event":"\tat org.apache.spark.sql.execution.QueryExecution.$anonfun$executePhase$2(QueryExecution.scala:278)","chan":"stdout","logger":"task"}
{"timestamp":"2025-06-17T19:20:00.972296Z","level":"info","event":"\tat org.apache.spark.sql.execution.QueryExecution$.withInternalError(QueryExecution.scala:654)","chan":"stdout","logger":"task"}
{"timestamp":"2025-06-17T19:20:00.973483Z","level":"info","event":"\tat org.apache.spark.sql.execution.QueryExecution.$anonfun$executePhase$1(QueryExecution.scala:278)","chan":"stdout","logger":"task"}
{"timestamp":"2025-06-17T19:20:00.982113Z","level":"info","event":"\tat org.apache.spark.sql.SparkSession.withActive(SparkSession.scala:804)","chan":"stdout","logger":"task"}
{"timestamp":"2025-06-17T19:20:00.984361Z","level":"info","event":"\tat org.apache.spark.sql.execution.QueryExecution.executePhase(QueryExecution.scala:277)","chan":"stdout","logger":"task"}
{"timestamp":"2025-06-17T19:20:00.985277Z","level":"info","event":"\tat org.apache.spark.sql.execution.QueryExecution.$anonfun$lazyAnalyzed$1(QueryExecution.scala:110)","chan":"stdout","logger":"task"}
{"timestamp":"2025-06-17T19:20:00.985946Z","level":"info","event":"\tat scala.util.Try$.apply(Try.scala:217)","chan":"stdout","logger":"task"}
{"timestamp":"2025-06-17T19:20:00.986755Z","level":"info","event":"\tat org.apache.spark.util.Utils$.doTryWithCallerStacktrace(Utils.scala:1378)","chan":"stdout","logger":"task"}
{"timestamp":"2025-06-17T19:20:00.987295Z","level":"info","event":"\tat org.apache.spark.util.LazyTry.tryT$lzycompute(LazyTry.scala:46)","chan":"stdout","logger":"task"}
{"timestamp":"2025-06-17T19:20:00.987823Z","level":"info","event":"\tat org.apache.spark.util.LazyTry.tryT(LazyTry.scala:46)","chan":"stdout","logger":"task"}
{"timestamp":"2025-06-17T19:20:00.988220Z","level":"info","event":"\t... 21 more","chan":"stdout","logger":"task"}
{"timestamp":"2025-06-17T19:20:00.988590Z","level":"info","event":"","chan":"stdout","logger":"task"}
