{"timestamp":"2025-06-17T19:55:17.500135","level":"info","event":"DAG bundles loaded: dags-folder, example_dags","logger":"airflow.dag_processing.bundles.manager.DagBundlesManager"}
{"timestamp":"2025-06-17T19:55:17.500746","level":"info","event":"Filling up the DagBag from /opt/airflow/dags/etl_pipeline.py","logger":"airflow.models.dagbag.DagBag"}
{"timestamp":"2025-06-17T19:55:17.964602Z","level":"info","event":"Task instance is in running state","chan":"stdout","logger":"task"}
{"timestamp":"2025-06-17T19:55:17.965351Z","level":"info","event":" Previous state of the Task instance: queued","chan":"stdout","logger":"task"}
{"timestamp":"2025-06-17T19:55:17.965747Z","level":"info","event":"Current task name:dim_customer_group.extract","chan":"stdout","logger":"task"}
{"timestamp":"2025-06-17T19:55:17.966028Z","level":"info","event":"Dag name:etl_pipeline","chan":"stdout","logger":"task"}
{"timestamp":"2025-06-17T19:55:18.399748Z","level":"error","event":"WARNING: Using incubator modules: jdk.incubator.vector","chan":"stderr","logger":"task"}
{"timestamp":"2025-06-17T19:55:20.151889Z","level":"error","event":":: loading settings :: url = jar:file:/home/airflow/.local/lib/python3.12/site-packages/pyspark/jars/ivy-2.5.3.jar!/org/apache/ivy/core/settings/ivysettings.xml","chan":"stderr","logger":"task"}
{"timestamp":"2025-06-17T19:55:20.221830Z","level":"error","event":"Ivy Default Cache set to: /home/airflow/.ivy2.5.2/cache","chan":"stderr","logger":"task"}
{"timestamp":"2025-06-17T19:55:20.222409Z","level":"error","event":"The jars for the packages stored in: /home/airflow/.ivy2.5.2/jars","chan":"stderr","logger":"task"}
{"timestamp":"2025-06-17T19:55:20.225540Z","level":"error","event":"org.postgresql#postgresql added as a dependency","chan":"stderr","logger":"task"}
{"timestamp":"2025-06-17T19:55:20.226259Z","level":"error","event":":: resolving dependencies :: org.apache.spark#spark-submit-parent-411ae9e6-e9da-458d-8f05-73a11997cb7e;1.0","chan":"stderr","logger":"task"}
{"timestamp":"2025-06-17T19:55:20.226581Z","level":"error","event":"\tconfs: [default]","chan":"stderr","logger":"task"}
{"timestamp":"2025-06-17T19:55:20.325414Z","level":"error","event":"\tfound org.postgresql#postgresql;42.7.1 in central","chan":"stderr","logger":"task"}
{"timestamp":"2025-06-17T19:55:20.348099Z","level":"error","event":"\tfound org.checkerframework#checker-qual;3.41.0 in central","chan":"stderr","logger":"task"}
{"timestamp":"2025-06-17T19:55:20.362636Z","level":"error","event":":: resolution report :: resolve 132ms :: artifacts dl 4ms","chan":"stderr","logger":"task"}
{"timestamp":"2025-06-17T19:55:20.363265Z","level":"error","event":"\t:: modules in use:","chan":"stderr","logger":"task"}
{"timestamp":"2025-06-17T19:55:20.363804Z","level":"error","event":"\torg.checkerframework#checker-qual;3.41.0 from central in [default]","chan":"stderr","logger":"task"}
{"timestamp":"2025-06-17T19:55:20.364189Z","level":"error","event":"\torg.postgresql#postgresql;42.7.1 from central in [default]","chan":"stderr","logger":"task"}
{"timestamp":"2025-06-17T19:55:20.364514Z","level":"error","event":"\t---------------------------------------------------------------------","chan":"stderr","logger":"task"}
{"timestamp":"2025-06-17T19:55:20.364778Z","level":"error","event":"\t|                  |            modules            ||   artifacts   |","chan":"stderr","logger":"task"}
{"timestamp":"2025-06-17T19:55:20.365069Z","level":"error","event":"\t|       conf       | number| search|dwnlded|evicted|| number|dwnlded|","chan":"stderr","logger":"task"}
{"timestamp":"2025-06-17T19:55:20.365353Z","level":"error","event":"\t---------------------------------------------------------------------","chan":"stderr","logger":"task"}
{"timestamp":"2025-06-17T19:55:20.365701Z","level":"error","event":"\t|      default     |   2   |   0   |   0   |   0   ||   2   |   0   |","chan":"stderr","logger":"task"}
{"timestamp":"2025-06-17T19:55:20.366045Z","level":"error","event":"\t---------------------------------------------------------------------","chan":"stderr","logger":"task"}
{"timestamp":"2025-06-17T19:55:20.366838Z","level":"error","event":":: retrieving :: org.apache.spark#spark-submit-parent-411ae9e6-e9da-458d-8f05-73a11997cb7e","chan":"stderr","logger":"task"}
{"timestamp":"2025-06-17T19:55:20.367185Z","level":"error","event":"\tconfs: [default]","chan":"stderr","logger":"task"}
{"timestamp":"2025-06-17T19:55:20.372998Z","level":"error","event":"\t0 artifacts copied, 2 already retrieved (0kB/6ms)","chan":"stderr","logger":"task"}
{"timestamp":"2025-06-17T19:55:20.576562Z","level":"error","event":"25/06/17 19:55:20 WARN NativeCodeLoader: Unable to load native-hadoop library for your platform... using builtin-java classes where applicable","chan":"stderr","logger":"task"}
{"timestamp":"2025-06-17T19:55:20.793836Z","level":"error","event":"Using Spark's default log4j profile: org/apache/spark/log4j2-defaults.properties","chan":"stderr","logger":"task"}
{"timestamp":"2025-06-17T19:55:20.794980Z","level":"error","event":"Setting default log level to \"WARN\".","chan":"stderr","logger":"task"}
{"timestamp":"2025-06-17T19:55:20.795602Z","level":"error","event":"To adjust logging level use sc.setLogLevel(newLevel). For SparkR, use setLogLevel(newLevel).","chan":"stderr","logger":"task"}
{"timestamp":"2025-06-17T19:55:26.849276","level":"info","event":"Done. Returned value was: DataFrame[client_id: string, name: string, email: string, phone: string, address: string, total_spent: double, num_order: bigint]","logger":"airflow.task.operators.airflow.providers.standard.operators.python.PythonOperator"}
{"timestamp":"2025-06-17T19:55:26.849793","level":"info","event":"Pushing xcom","ti":"RuntimeTaskInstance(id=UUID('01977f71-3bf4-704f-9dad-c63c60d545b9'), task_id='dim_customer_group.extract', dag_id='etl_pipeline', run_id='scheduled__2025-06-17T19:50:00+00:00', try_number=2, map_index=-1, hostname='a0efdb7dc36b', context_carrier={}, task=<Task(PythonOperator): dim_customer_group.extract>, bundle_instance=LocalDagBundle(name=dags-folder), max_tries=1, start_date=datetime.datetime(2025, 6, 17, 19, 55, 17, 40332, tzinfo=TzInfo(UTC)), end_date=None, is_mapped=False)","logger":"task"}
{"timestamp":"2025-06-17T19:55:26.850542","level":"error","event":"Task failed with exception","logger":"task","error_detail":[{"exc_type":"TypeError","exc_value":"cannot serialize object of type <class 'pyspark.sql.classic.dataframe.DataFrame'>","exc_notes":[],"syntax_error":null,"is_cause":false,"frames":[{"filename":"/home/airflow/.local/lib/python3.12/site-packages/airflow/sdk/execution_time/task_runner.py","lineno":827,"name":"run"},{"filename":"/home/airflow/.local/lib/python3.12/site-packages/airflow/sdk/execution_time/task_runner.py","lineno":1141,"name":"_push_xcom_if_needed"},{"filename":"/home/airflow/.local/lib/python3.12/site-packages/airflow/sdk/execution_time/task_runner.py","lineno":515,"name":"_xcom_push"},{"filename":"/home/airflow/.local/lib/python3.12/site-packages/airflow/sdk/bases/xcom.py","lineno":64,"name":"set"},{"filename":"/home/airflow/.local/lib/python3.12/site-packages/airflow/sdk/bases/xcom.py","lineno":283,"name":"serialize_value"},{"filename":"/home/airflow/.local/lib/python3.12/site-packages/airflow/serialization/serde.py","lineno":185,"name":"serialize"}]}]}
{"timestamp":"2025-06-17T19:55:26.853247Z","level":"info","event":"Task instance in failure state","chan":"stdout","logger":"task"}
{"timestamp":"2025-06-17T19:55:26.853553Z","level":"info","event":"Task start","chan":"stdout","logger":"task"}
{"timestamp":"2025-06-17T19:55:26.853842Z","level":"info","event":"Task:<Task(PythonOperator): dim_customer_group.extract>","chan":"stdout","logger":"task"}
{"timestamp":"2025-06-17T19:55:26.854069Z","level":"info","event":"Failure caused by cannot serialize object of type <class 'pyspark.sql.classic.dataframe.DataFrame'>","chan":"stdout","logger":"task"}
