{"timestamp":"2025-06-13T20:05:48.405893","level":"info","event":"DAG bundles loaded: dags-folder, example_dags","logger":"airflow.dag_processing.bundles.manager.DagBundlesManager"}
{"timestamp":"2025-06-13T20:05:48.406440","level":"info","event":"Filling up the DagBag from /opt/airflow/dags/etl_pipeline.py","logger":"airflow.models.dagbag.DagBag"}
{"timestamp":"2025-06-13T20:05:48.489942Z","level":"info","event":"Task instance is in running state","chan":"stdout","logger":"task"}
{"timestamp":"2025-06-13T20:05:48.490594Z","level":"info","event":" Previous state of the Task instance: queued","chan":"stdout","logger":"task"}
{"timestamp":"2025-06-13T20:05:48.490887Z","level":"info","event":"Current task name:fact_sales_group.load","chan":"stdout","logger":"task"}
{"timestamp":"2025-06-13T20:05:48.491163Z","level":"info","event":"Dag name:etl_pipeline","chan":"stdout","logger":"task"}
{"timestamp":"2025-06-13T20:05:48.485091","level":"warning","event":"/opt/airflow/dags/etl_fact_sales.py:59: UserWarning: pandas only supports SQLAlchemy connectable (engine/connection) or database string URI or sqlite3 DBAPI2 connection. Other DBAPI2 objects are not tested. Please consider using SQLAlchemy.\n  df = pd.read_sql(query, pg_conn)\n","logger":"py.warnings"}
{"timestamp":"2025-06-13T20:05:48.539484","level":"info","event":"Secrets backends loaded for worker","count":1,"backend_classes":["EnvironmentVariablesBackend"],"logger":"supervisor"}
{"timestamp":"2025-06-13T20:05:48.549910","level":"info","event":"Connection Retrieved 'sqlserver_default'","logger":"airflow.hooks.base"}
{"timestamp":"2025-06-13T20:05:48.601999","level":"warning","event":"/opt/airflow/dags/etl_fact_sales.py:13: UserWarning: pandas only supports SQLAlchemy connectable (engine/connection) or database string URI or sqlite3 DBAPI2 connection. Other DBAPI2 objects are not tested. Please consider using SQLAlchemy.\n  date_df = pd.read_sql(\"SELECT date, date_key FROM dim_date\", sql_conn)\n","logger":"py.warnings"}
{"timestamp":"2025-06-13T20:05:48.619169","level":"warning","event":"/opt/airflow/dags/etl_fact_sales.py:17: UserWarning: pandas only supports SQLAlchemy connectable (engine/connection) or database string URI or sqlite3 DBAPI2 connection. Other DBAPI2 objects are not tested. Please consider using SQLAlchemy.\n  customer_df = pd.read_sql(\"SELECT client_id, customer_key FROM dim_customer\", sql_conn)\n","logger":"py.warnings"}
{"timestamp":"2025-06-13T20:05:48.628677","level":"warning","event":"/opt/airflow/dags/etl_fact_sales.py:21: UserWarning: pandas only supports SQLAlchemy connectable (engine/connection) or database string URI or sqlite3 DBAPI2 connection. Other DBAPI2 objects are not tested. Please consider using SQLAlchemy.\n  product_df = pd.read_sql(\"SELECT product_id, product_key FROM dim_product\", sql_conn)\n","logger":"py.warnings"}
{"timestamp":"2025-06-13T20:05:48.637833","level":"warning","event":"/opt/airflow/dags/etl_fact_sales.py:25: UserWarning: pandas only supports SQLAlchemy connectable (engine/connection) or database string URI or sqlite3 DBAPI2 connection. Other DBAPI2 objects are not tested. Please consider using SQLAlchemy.\n  order_df = pd.read_sql(\"SELECT order_id, order_key FROM dim_order\", sql_conn)\n","logger":"py.warnings"}
{"timestamp":"2025-06-13T20:05:48.672390","level":"info","event":"Secrets backends loaded for worker","count":1,"backend_classes":["EnvironmentVariablesBackend"],"logger":"supervisor"}
{"timestamp":"2025-06-13T20:05:48.682048","level":"info","event":"Connection Retrieved 'sqlserver_default'","logger":"airflow.hooks.base"}
{"timestamp":"2025-06-13T20:05:58.238252Z","level":"info","event":"Đã thêm fact_sales 0 bản ghi mới, bỏ qua 9342 bản ghi trùng","chan":"stdout","logger":"task"}
{"timestamp":"2025-06-13T20:05:58.240775","level":"info","event":"Done. Returned value was: None","logger":"airflow.task.operators.airflow.providers.standard.operators.python.PythonOperator"}
{"timestamp":"2025-06-13T20:05:58.255858Z","level":"info","event":"Task instance in success state","chan":"stdout","logger":"task"}
{"timestamp":"2025-06-13T20:05:58.256242Z","level":"info","event":" Previous state of the Task instance: running","chan":"stdout","logger":"task"}
{"timestamp":"2025-06-13T20:05:58.256527Z","level":"info","event":"Task operator:<Task(PythonOperator): fact_sales_group.load>","chan":"stdout","logger":"task"}
