{"timestamp":"2025-06-14T15:04:44.854521","level":"info","event":"DAG bundles loaded: dags-folder, example_dags","logger":"airflow.dag_processing.bundles.manager.DagBundlesManager"}
{"timestamp":"2025-06-14T15:04:44.872757","level":"info","event":"Filling up the DagBag from /opt/airflow/dags/etl_pipeline.py","logger":"airflow.models.dagbag.DagBag"}
{"timestamp":"2025-06-14T15:04:46.914761Z","level":"error","event":"%3|1749913486.914|FAIL|rdkafka#producer-1| [thrd:localhost:9092/bootstrap]: localhost:9092/bootstrap: Connect to ipv4#127.0.0.1:9092 failed: Connection refused (after 4ms in state CONNECT)","chan":"stderr","logger":"task"}
{"timestamp":"2025-06-14T15:04:46.974774Z","level":"error","event":"%3|1749913486.974|FAIL|rdkafka#consumer-2| [thrd:localhost:9092/bootstrap]: localhost:9092/bootstrap: Connect to ipv4#127.0.0.1:9092 failed: Connection refused (after 0ms in state CONNECT)","chan":"stderr","logger":"task"}
{"timestamp":"2025-06-14T15:04:47.023196Z","level":"error","event":"%3|1749913487.023|FAIL|rdkafka#consumer-2| [thrd:localhost:9092/bootstrap]: localhost:9092/bootstrap: Connect to ipv4#127.0.0.1:9092 failed: Connection refused (after 0ms in state CONNECT, 1 identical error(s) suppressed)","chan":"stderr","logger":"task"}
{"timestamp":"2025-06-14T15:04:47.204506","level":"warning","event":"/opt/airflow/dags/etl_dim_customer.py:18: UserWarning: MessageFactory class is deprecated. Please use GetMessageClass() instead of MessageFactory.GetPrototype. MessageFactory class will be removed after 2024.\n  CustomerMessage = factory.GetPrototype(descriptor)\n","logger":"py.warnings"}
{"timestamp":"2025-06-14T15:04:47.407533Z","level":"info","event":"Task instance is in running state","chan":"stdout","logger":"task"}
{"timestamp":"2025-06-14T15:04:47.407985Z","level":"info","event":" Previous state of the Task instance: queued","chan":"stdout","logger":"task"}
{"timestamp":"2025-06-14T15:04:47.408361Z","level":"info","event":"Current task name:dim_customer_group.load","chan":"stdout","logger":"task"}
{"timestamp":"2025-06-14T15:04:47.408688Z","level":"info","event":"Dag name:etl_pipeline","chan":"stdout","logger":"task"}
{"timestamp":"2025-06-14T15:04:47.497905","level":"info","event":"Secrets backends loaded for worker","count":1,"backend_classes":["EnvironmentVariablesBackend"],"logger":"supervisor"}
{"timestamp":"2025-06-14T15:04:47.522368","level":"info","event":"Connection Retrieved 'postgres_default'","logger":"airflow.hooks.base"}
{"timestamp":"2025-06-14T15:04:47.571851","level":"warning","event":"/opt/airflow/dags/etl_dim_customer.py:33: UserWarning: pandas only supports SQLAlchemy connectable (engine/connection) or database string URI or sqlite3 DBAPI2 connection. Other DBAPI2 objects are not tested. Please consider using SQLAlchemy.\n  df = pd.read_sql(\"\"\"\n","logger":"py.warnings"}
{"timestamp":"2025-06-14T15:04:47.685806","level":"info","event":"Secrets backends loaded for worker","count":1,"backend_classes":["EnvironmentVariablesBackend"],"logger":"supervisor"}
{"timestamp":"2025-06-14T15:04:47.699753","level":"info","event":"Connection Retrieved 'sqlserver_default'","logger":"airflow.hooks.base"}
{"timestamp":"2025-06-14T15:04:47.913961Z","level":"error","event":"%3|1749913487.913|FAIL|rdkafka#producer-1| [thrd:localhost:9092/bootstrap]: localhost:9092/bootstrap: Connect to ipv4#127.0.0.1:9092 failed: Connection refused (after 0ms in state CONNECT, 1 identical error(s) suppressed)","chan":"stderr","logger":"task"}
{"timestamp":"2025-06-14T15:04:49.415188Z","level":"info","event":"Đã thêm dim_customer 0 bản ghi mới, bỏ qua 0 bản ghi trùng","chan":"stdout","logger":"task"}
{"timestamp":"2025-06-14T15:04:49.416952","level":"info","event":"Done. Returned value was: None","logger":"airflow.task.operators.airflow.providers.standard.operators.python.PythonOperator"}
{"timestamp":"2025-06-14T15:04:49.458084Z","level":"info","event":"Task instance in success state","chan":"stdout","logger":"task"}
{"timestamp":"2025-06-14T15:04:49.458642Z","level":"info","event":" Previous state of the Task instance: running","chan":"stdout","logger":"task"}
{"timestamp":"2025-06-14T15:04:49.459213Z","level":"info","event":"Task operator:<Task(PythonOperator): dim_customer_group.load>","chan":"stdout","logger":"task"}
