{"timestamp":"2025-05-14T07:50:01.812615","level":"info","event":"DAG bundles loaded: dags-folder, example_dags","logger":"airflow.dag_processing.bundles.manager.DagBundlesManager"}
{"timestamp":"2025-05-14T07:50:01.813234","level":"info","event":"Filling up the DagBag from /opt/airflow/dags/etl_pipeline.py","logger":"airflow.models.dagbag.DagBag"}
{"timestamp":"2025-05-14T07:50:02.782674Z","level":"info","event":"Task instance is in running state","chan":"stdout","logger":"task"}
{"timestamp":"2025-05-14T07:50:02.783495Z","level":"info","event":" Previous state of the Task instance: queued","chan":"stdout","logger":"task"}
{"timestamp":"2025-05-14T07:50:02.783860Z","level":"info","event":"Current task name:run_full_etl","chan":"stdout","logger":"task"}
{"timestamp":"2025-05-14T07:50:02.784149Z","level":"info","event":"Dag name:etl_pipeline","chan":"stdout","logger":"task"}
{"timestamp":"2025-05-14T07:50:01.910243","level":"warning","event":"/opt/airflow/dags/etl_dim_date.py:8: UserWarning: pandas only supports SQLAlchemy connectable (engine/connection) or database string URI or sqlite3 DBAPI2 connection. Other DBAPI2 objects are not tested. Please consider using SQLAlchemy.\n  df = pd.read_sql(\"\"\"\n","logger":"py.warnings"}
{"timestamp":"2025-05-14T07:50:01.924968","level":"info","event":"Secrets backends loaded for worker","count":1,"backend_classes":["EnvironmentVariablesBackend"],"logger":"supervisor"}
{"timestamp":"2025-05-14T07:50:02.784329","level":"info","event":"Connection Retrieved 'sqlserver_default'","logger":"airflow.hooks.base"}
{"timestamp":"2025-05-14T07:50:05.200076Z","level":"info","event":"Đã thêm dim_date 1461 bản ghi mới","chan":"stdout","logger":"task"}
{"timestamp":"2025-05-14T07:50:05.209318","level":"warning","event":"/opt/airflow/dags/etl_dim_customer.py:6: UserWarning: pandas only supports SQLAlchemy connectable (engine/connection) or database string URI or sqlite3 DBAPI2 connection. Other DBAPI2 objects are not tested. Please consider using SQLAlchemy.\n  df = pd.read_sql(\"\"\"\n","logger":"py.warnings"}
{"timestamp":"2025-05-14T07:50:05.222042","level":"info","event":"Secrets backends loaded for worker","count":1,"backend_classes":["EnvironmentVariablesBackend"],"logger":"supervisor"}
{"timestamp":"2025-05-14T07:50:05.230366","level":"info","event":"Connection Retrieved 'sqlserver_default'","logger":"airflow.hooks.base"}
{"timestamp":"2025-05-14T07:50:08.168988Z","level":"info","event":"Đã thêm dim_customer 1257 bản ghi mới","chan":"stdout","logger":"task"}
{"timestamp":"2025-05-14T07:50:08.179419","level":"warning","event":"/opt/airflow/dags/etl_dim_product.py:6: UserWarning: pandas only supports SQLAlchemy connectable (engine/connection) or database string URI or sqlite3 DBAPI2 connection. Other DBAPI2 objects are not tested. Please consider using SQLAlchemy.\n  df = pd.read_sql(\"\"\"\n","logger":"py.warnings"}
{"timestamp":"2025-05-14T07:50:08.190858","level":"info","event":"Secrets backends loaded for worker","count":1,"backend_classes":["EnvironmentVariablesBackend"],"logger":"supervisor"}
{"timestamp":"2025-05-14T07:50:08.199913","level":"info","event":"Connection Retrieved 'sqlserver_default'","logger":"airflow.hooks.base"}
{"timestamp":"2025-05-14T07:50:12.649445Z","level":"info","event":"Đã thêm dim_product 1729 bản ghi mới","chan":"stdout","logger":"task"}
{"timestamp":"2025-05-14T07:50:12.662371","level":"warning","event":"/opt/airflow/dags/etl_dim_order.py:6: UserWarning: pandas only supports SQLAlchemy connectable (engine/connection) or database string URI or sqlite3 DBAPI2 connection. Other DBAPI2 objects are not tested. Please consider using SQLAlchemy.\n  df = pd.read_sql(\"\"\"\n","logger":"py.warnings"}
{"timestamp":"2025-05-14T07:50:12.681473","level":"info","event":"Secrets backends loaded for worker","count":1,"backend_classes":["EnvironmentVariablesBackend"],"logger":"supervisor"}
{"timestamp":"2025-05-14T07:50:12.690716","level":"info","event":"Connection Retrieved 'sqlserver_default'","logger":"airflow.hooks.base"}
{"timestamp":"2025-05-14T07:50:26.262952Z","level":"info","event":"Đã thêm dim_order 9342 bản ghi mới","chan":"stdout","logger":"task"}
{"timestamp":"2025-05-14T07:50:26.272951","level":"warning","event":"/opt/airflow/dags/etl_fact_sales.py:59: UserWarning: pandas only supports SQLAlchemy connectable (engine/connection) or database string URI or sqlite3 DBAPI2 connection. Other DBAPI2 objects are not tested. Please consider using SQLAlchemy.\n  df = pd.read_sql(query, pg_conn)\n","logger":"py.warnings"}
{"timestamp":"2025-05-14T07:50:26.334552","level":"info","event":"Secrets backends loaded for worker","count":1,"backend_classes":["EnvironmentVariablesBackend"],"logger":"supervisor"}
{"timestamp":"2025-05-14T07:50:26.344356","level":"info","event":"Connection Retrieved 'sqlserver_default'","logger":"airflow.hooks.base"}
{"timestamp":"2025-05-14T07:50:26.366209","level":"warning","event":"/opt/airflow/dags/etl_fact_sales.py:13: UserWarning: pandas only supports SQLAlchemy connectable (engine/connection) or database string URI or sqlite3 DBAPI2 connection. Other DBAPI2 objects are not tested. Please consider using SQLAlchemy.\n  date_df = pd.read_sql(\"SELECT date, date_key FROM dim_date\", sql_conn)\n","logger":"py.warnings"}
{"timestamp":"2025-05-14T07:50:26.372739","level":"warning","event":"/opt/airflow/dags/etl_fact_sales.py:17: UserWarning: pandas only supports SQLAlchemy connectable (engine/connection) or database string URI or sqlite3 DBAPI2 connection. Other DBAPI2 objects are not tested. Please consider using SQLAlchemy.\n  customer_df = pd.read_sql(\"SELECT client_id, customer_key FROM dim_customer\", sql_conn)\n","logger":"py.warnings"}
{"timestamp":"2025-05-14T07:50:26.381353","level":"warning","event":"/opt/airflow/dags/etl_fact_sales.py:21: UserWarning: pandas only supports SQLAlchemy connectable (engine/connection) or database string URI or sqlite3 DBAPI2 connection. Other DBAPI2 objects are not tested. Please consider using SQLAlchemy.\n  product_df = pd.read_sql(\"SELECT product_id, product_key FROM dim_product\", sql_conn)\n","logger":"py.warnings"}
{"timestamp":"2025-05-14T07:50:26.389326","level":"warning","event":"/opt/airflow/dags/etl_fact_sales.py:25: UserWarning: pandas only supports SQLAlchemy connectable (engine/connection) or database string URI or sqlite3 DBAPI2 connection. Other DBAPI2 objects are not tested. Please consider using SQLAlchemy.\n  order_df = pd.read_sql(\"SELECT order_id, order_key FROM dim_order\", sql_conn)\n","logger":"py.warnings"}
{"timestamp":"2025-05-14T07:50:26.429741","level":"info","event":"Secrets backends loaded for worker","count":1,"backend_classes":["EnvironmentVariablesBackend"],"logger":"supervisor"}
{"timestamp":"2025-05-14T07:50:26.438387","level":"info","event":"Connection Retrieved 'sqlserver_default'","logger":"airflow.hooks.base"}
{"timestamp":"2025-05-14T07:50:35.655126Z","level":"info","event":"Đã thêm fact_sales 0 bản ghi mới, bỏ qua 9342 bản ghi trùng","chan":"stdout","logger":"task"}
{"timestamp":"2025-05-14T07:50:35.666249","level":"warning","event":"/opt/airflow/dags/etl_fact_status.py:24: UserWarning: pandas only supports SQLAlchemy connectable (engine/connection) or database string URI or sqlite3 DBAPI2 connection. Other DBAPI2 objects are not tested. Please consider using SQLAlchemy.\n  df = pd.read_sql(\"\"\"\n","logger":"py.warnings"}
{"timestamp":"2025-05-14T07:50:35.698673","level":"info","event":"Secrets backends loaded for worker","count":1,"backend_classes":["EnvironmentVariablesBackend"],"logger":"supervisor"}
{"timestamp":"2025-05-14T07:50:35.707693","level":"info","event":"Connection Retrieved 'sqlserver_default'","logger":"airflow.hooks.base"}
{"timestamp":"2025-05-14T07:50:35.727114","level":"warning","event":"/opt/airflow/dags/etl_fact_status.py:9: UserWarning: pandas only supports SQLAlchemy connectable (engine/connection) or database string URI or sqlite3 DBAPI2 connection. Other DBAPI2 objects are not tested. Please consider using SQLAlchemy.\n  date_df = pd.read_sql(\"SELECT date, date_key FROM dim_date\", sql_conn)\n","logger":"py.warnings"}
{"timestamp":"2025-05-14T07:50:35.732988","level":"warning","event":"/opt/airflow/dags/etl_fact_status.py:12: UserWarning: pandas only supports SQLAlchemy connectable (engine/connection) or database string URI or sqlite3 DBAPI2 connection. Other DBAPI2 objects are not tested. Please consider using SQLAlchemy.\n  order_df = pd.read_sql(\"SELECT order_id, order_key FROM dim_order\", sql_conn)\n","logger":"py.warnings"}
{"timestamp":"2025-05-14T07:50:35.757334","level":"info","event":"Secrets backends loaded for worker","count":1,"backend_classes":["EnvironmentVariablesBackend"],"logger":"supervisor"}
{"timestamp":"2025-05-14T07:50:35.765493","level":"info","event":"Connection Retrieved 'sqlserver_default'","logger":"airflow.hooks.base"}
{"timestamp":"2025-05-14T07:50:42.171932Z","level":"info","event":"Đã thêm fact_sales 0 bản ghi mới, bỏ qua 3731 bản ghi trùng","chan":"stdout","logger":"task"}
{"timestamp":"2025-05-14T07:50:42.173512","level":"info","event":"Done. Returned value was: None","logger":"airflow.task.operators.airflow.providers.standard.operators.python.PythonOperator"}
{"timestamp":"2025-05-14T07:50:42.193964Z","level":"info","event":"Task instance in success state","chan":"stdout","logger":"task"}
{"timestamp":"2025-05-14T07:50:42.194465Z","level":"info","event":" Previous state of the Task instance: running","chan":"stdout","logger":"task"}
{"timestamp":"2025-05-14T07:50:42.194744Z","level":"info","event":"Task operator:<Task(PythonOperator): run_full_etl>","chan":"stdout","logger":"task"}
