{"timestamp":"2025-06-21T15:43:32.820867","level":"info","event":"DAG bundles loaded: dags-folder, example_dags","logger":"airflow.dag_processing.bundles.manager.DagBundlesManager"}
{"timestamp":"2025-06-21T15:43:32.822259","level":"info","event":"Filling up the DagBag from /opt/airflow/dags/etl_pipeline.py","logger":"airflow.models.dagbag.DagBag"}
{"timestamp":"2025-06-21T15:43:34.060609Z","level":"info","event":"Task instance is in running state","chan":"stdout","logger":"task"}
{"timestamp":"2025-06-21T15:43:34.061489Z","level":"info","event":" Previous state of the Task instance: queued","chan":"stdout","logger":"task"}
{"timestamp":"2025-06-21T15:43:34.061927Z","level":"info","event":"Current task name:dim_date_group.consumer_kafka","chan":"stdout","logger":"task"}
{"timestamp":"2025-06-21T15:43:34.062269Z","level":"info","event":"Dag name:etl_pipeline","chan":"stdout","logger":"task"}
{"timestamp":"2025-06-21T15:43:34.033307","level":"info","event":"Secrets backends loaded for worker","count":1,"backend_classes":["EnvironmentVariablesBackend"],"logger":"supervisor"}
{"timestamp":"2025-06-21T15:43:34.062002","level":"info","event":"Connection Retrieved 'sqlserver_default'","logger":"airflow.hooks.base"}
{"timestamp":"2025-06-21T15:43:35.315073","level":"info","event":"Không có message nào mới.","logger":"dags.etl_dim_date"}
{"timestamp":"2025-06-21T15:43:36.415692","level":"info","event":"Không có message nào mới.","logger":"dags.etl_dim_date"}
{"timestamp":"2025-06-21T15:43:37.516888","level":"info","event":"Không có message nào mới.","logger":"dags.etl_dim_date"}
{"timestamp":"2025-06-21T15:43:41.494949","level":"info","event":"Không có message nào mới.","logger":"dags.etl_dim_date"}
{"timestamp":"2025-06-21T15:43:42.596124","level":"info","event":"Không có message nào mới.","logger":"dags.etl_dim_date"}
{"timestamp":"2025-06-21T15:43:43.697847","level":"info","event":"Không có message nào mới.","logger":"dags.etl_dim_date"}
{"timestamp":"2025-06-21T15:43:44.798900","level":"info","event":"Không có message nào mới.","logger":"dags.etl_dim_date"}
{"timestamp":"2025-06-21T15:43:45.900124","level":"info","event":"Không có message nào mới.","logger":"dags.etl_dim_date"}
{"timestamp":"2025-06-21T15:43:47.001837","level":"info","event":"Không có message nào mới.","logger":"dags.etl_dim_date"}
{"timestamp":"2025-06-21T15:43:48.103209","level":"info","event":"Không có message nào mới.","logger":"dags.etl_dim_date"}
{"timestamp":"2025-06-21T15:43:48.105953","level":"info","event":"Đã thêm 1461 bản ghi mới vào dim_date, bỏ qua 0 bản ghi trùng","logger":"dags.etl_dim_date"}
{"timestamp":"2025-06-21T15:43:48.114397","level":"info","event":"Done. Returned value was: None","logger":"airflow.task.operators.airflow.providers.standard.operators.python.PythonOperator"}
{"timestamp":"2025-06-21T15:43:48.139086Z","level":"info","event":"Task instance in success state","chan":"stdout","logger":"task"}
{"timestamp":"2025-06-21T15:43:48.139680Z","level":"info","event":" Previous state of the Task instance: running","chan":"stdout","logger":"task"}
{"timestamp":"2025-06-21T15:43:48.140076Z","level":"info","event":"Task operator:<Task(PythonOperator): dim_date_group.consumer_kafka>","chan":"stdout","logger":"task"}
