{"timestamp":"2025-06-17T21:16:50.641786","level":"info","event":"DAG bundles loaded: dags-folder, example_dags","logger":"airflow.dag_processing.bundles.manager.DagBundlesManager"}
{"timestamp":"2025-06-17T21:16:50.643385","level":"info","event":"Filling up the DagBag from /opt/airflow/dags/etl_pipeline.py","logger":"airflow.models.dagbag.DagBag"}
{"timestamp":"2025-06-17T21:16:52.166909Z","level":"info","event":"Task instance is in running state","chan":"stdout","logger":"task"}
{"timestamp":"2025-06-17T21:16:52.168658Z","level":"info","event":" Previous state of the Task instance: queued","chan":"stdout","logger":"task"}
{"timestamp":"2025-06-17T21:16:52.170119Z","level":"info","event":"Current task name:dim_customer_group.extract_transform","chan":"stdout","logger":"task"}
{"timestamp":"2025-06-17T21:16:52.170771Z","level":"info","event":"Dag name:etl_pipeline","chan":"stdout","logger":"task"}
{"timestamp":"2025-06-17T21:16:52.901153Z","level":"error","event":"WARNING: Using incubator modules: jdk.incubator.vector","chan":"stderr","logger":"task"}
{"timestamp":"2025-06-17T21:16:54.449987Z","level":"error","event":":: loading settings :: url = jar:file:/home/airflow/.local/lib/python3.12/site-packages/pyspark/jars/ivy-2.5.3.jar!/org/apache/ivy/core/settings/ivysettings.xml","chan":"stderr","logger":"task"}
{"timestamp":"2025-06-17T21:16:54.533279Z","level":"error","event":"Ivy Default Cache set to: /home/airflow/.ivy2.5.2/cache","chan":"stderr","logger":"task"}
{"timestamp":"2025-06-17T21:16:54.533803Z","level":"error","event":"The jars for the packages stored in: /home/airflow/.ivy2.5.2/jars","chan":"stderr","logger":"task"}
{"timestamp":"2025-06-17T21:16:54.536483Z","level":"error","event":"org.postgresql#postgresql added as a dependency","chan":"stderr","logger":"task"}
{"timestamp":"2025-06-17T21:16:54.537094Z","level":"error","event":"org.apache.spark#spark-sql-kafka-0-10_2.12 added as a dependency","chan":"stderr","logger":"task"}
{"timestamp":"2025-06-17T21:16:54.537602Z","level":"error","event":":: resolving dependencies :: org.apache.spark#spark-submit-parent-8e6163f5-d6b1-4de1-b79b-b23a8aa7f3d5;1.0","chan":"stderr","logger":"task"}
{"timestamp":"2025-06-17T21:16:54.537996Z","level":"error","event":"\tconfs: [default]","chan":"stderr","logger":"task"}
{"timestamp":"2025-06-17T21:16:54.669676Z","level":"error","event":"\tfound org.postgresql#postgresql;42.7.1 in central","chan":"stderr","logger":"task"}
{"timestamp":"2025-06-17T21:16:54.700628Z","level":"error","event":"\tfound org.checkerframework#checker-qual;3.41.0 in central","chan":"stderr","logger":"task"}
{"timestamp":"2025-06-17T21:16:54.818235Z","level":"error","event":"\tfound org.apache.spark#spark-sql-kafka-0-10_2.12;3.3.0 in central","chan":"stderr","logger":"task"}
{"timestamp":"2025-06-17T21:16:54.890298Z","level":"error","event":"\tfound org.apache.spark#spark-token-provider-kafka-0-10_2.12;3.3.0 in central","chan":"stderr","logger":"task"}
{"timestamp":"2025-06-17T21:16:54.931460Z","level":"error","event":"\tfound org.apache.kafka#kafka-clients;2.8.1 in central","chan":"stderr","logger":"task"}
{"timestamp":"2025-06-17T21:16:54.971110Z","level":"error","event":"\tfound org.lz4#lz4-java;1.8.0 in central","chan":"stderr","logger":"task"}
{"timestamp":"2025-06-17T21:16:55.012428Z","level":"error","event":"\tfound org.xerial.snappy#snappy-java;1.1.8.4 in central","chan":"stderr","logger":"task"}
{"timestamp":"2025-06-17T21:16:55.043020Z","level":"error","event":"\tfound org.slf4j#slf4j-api;1.7.32 in central","chan":"stderr","logger":"task"}
{"timestamp":"2025-06-17T21:16:55.091698Z","level":"error","event":"\tfound org.apache.hadoop#hadoop-client-runtime;3.3.2 in central","chan":"stderr","logger":"task"}
{"timestamp":"2025-06-17T21:16:55.114660Z","level":"error","event":"\tfound org.spark-project.spark#unused;1.0.0 in central","chan":"stderr","logger":"task"}
{"timestamp":"2025-06-17T21:16:55.147567Z","level":"error","event":"\tfound org.apache.hadoop#hadoop-client-api;3.3.2 in central","chan":"stderr","logger":"task"}
{"timestamp":"2025-06-17T21:16:55.175018Z","level":"error","event":"\tfound commons-logging#commons-logging;1.1.3 in central","chan":"stderr","logger":"task"}
{"timestamp":"2025-06-17T21:16:55.196991Z","level":"error","event":"\tfound com.google.code.findbugs#jsr305;3.0.0 in central","chan":"stderr","logger":"task"}
{"timestamp":"2025-06-17T21:16:55.218463Z","level":"error","event":"\tfound org.apache.commons#commons-pool2;2.11.1 in central","chan":"stderr","logger":"task"}
{"timestamp":"2025-06-17T21:16:55.265717Z","level":"error","event":":: resolution report :: resolve 709ms :: artifacts dl 19ms","chan":"stderr","logger":"task"}
{"timestamp":"2025-06-17T21:16:55.266254Z","level":"error","event":"\t:: modules in use:","chan":"stderr","logger":"task"}
{"timestamp":"2025-06-17T21:16:55.266705Z","level":"error","event":"\tcom.google.code.findbugs#jsr305;3.0.0 from central in [default]","chan":"stderr","logger":"task"}
{"timestamp":"2025-06-17T21:16:55.267101Z","level":"error","event":"\tcommons-logging#commons-logging;1.1.3 from central in [default]","chan":"stderr","logger":"task"}
{"timestamp":"2025-06-17T21:16:55.267419Z","level":"error","event":"\torg.apache.commons#commons-pool2;2.11.1 from central in [default]","chan":"stderr","logger":"task"}
{"timestamp":"2025-06-17T21:16:55.267682Z","level":"error","event":"\torg.apache.hadoop#hadoop-client-api;3.3.2 from central in [default]","chan":"stderr","logger":"task"}
{"timestamp":"2025-06-17T21:16:55.267934Z","level":"error","event":"\torg.apache.hadoop#hadoop-client-runtime;3.3.2 from central in [default]","chan":"stderr","logger":"task"}
{"timestamp":"2025-06-17T21:16:55.268173Z","level":"error","event":"\torg.apache.kafka#kafka-clients;2.8.1 from central in [default]","chan":"stderr","logger":"task"}
{"timestamp":"2025-06-17T21:16:55.268437Z","level":"error","event":"\torg.apache.spark#spark-sql-kafka-0-10_2.12;3.3.0 from central in [default]","chan":"stderr","logger":"task"}
{"timestamp":"2025-06-17T21:16:55.268728Z","level":"error","event":"\torg.apache.spark#spark-token-provider-kafka-0-10_2.12;3.3.0 from central in [default]","chan":"stderr","logger":"task"}
{"timestamp":"2025-06-17T21:16:55.268981Z","level":"error","event":"\torg.checkerframework#checker-qual;3.41.0 from central in [default]","chan":"stderr","logger":"task"}
{"timestamp":"2025-06-17T21:16:55.269204Z","level":"error","event":"\torg.lz4#lz4-java;1.8.0 from central in [default]","chan":"stderr","logger":"task"}
{"timestamp":"2025-06-17T21:16:55.269428Z","level":"error","event":"\torg.postgresql#postgresql;42.7.1 from central in [default]","chan":"stderr","logger":"task"}
{"timestamp":"2025-06-17T21:16:55.269689Z","level":"error","event":"\torg.slf4j#slf4j-api;1.7.32 from central in [default]","chan":"stderr","logger":"task"}
{"timestamp":"2025-06-17T21:16:55.269960Z","level":"error","event":"\torg.spark-project.spark#unused;1.0.0 from central in [default]","chan":"stderr","logger":"task"}
{"timestamp":"2025-06-17T21:16:55.270195Z","level":"error","event":"\torg.xerial.snappy#snappy-java;1.1.8.4 from central in [default]","chan":"stderr","logger":"task"}
{"timestamp":"2025-06-17T21:16:55.270487Z","level":"error","event":"\t---------------------------------------------------------------------","chan":"stderr","logger":"task"}
{"timestamp":"2025-06-17T21:16:55.270752Z","level":"error","event":"\t|                  |            modules            ||   artifacts   |","chan":"stderr","logger":"task"}
{"timestamp":"2025-06-17T21:16:55.271065Z","level":"error","event":"\t|       conf       | number| search|dwnlded|evicted|| number|dwnlded|","chan":"stderr","logger":"task"}
{"timestamp":"2025-06-17T21:16:55.271321Z","level":"error","event":"\t---------------------------------------------------------------------","chan":"stderr","logger":"task"}
{"timestamp":"2025-06-17T21:16:55.271617Z","level":"error","event":"\t|      default     |   14  |   0   |   0   |   0   ||   14  |   0   |","chan":"stderr","logger":"task"}
{"timestamp":"2025-06-17T21:16:55.272136Z","level":"error","event":"\t---------------------------------------------------------------------","chan":"stderr","logger":"task"}
{"timestamp":"2025-06-17T21:16:55.276481Z","level":"error","event":":: retrieving :: org.apache.spark#spark-submit-parent-8e6163f5-d6b1-4de1-b79b-b23a8aa7f3d5","chan":"stderr","logger":"task"}
{"timestamp":"2025-06-17T21:16:55.277107Z","level":"error","event":"\tconfs: [default]","chan":"stderr","logger":"task"}
{"timestamp":"2025-06-17T21:16:55.285426Z","level":"error","event":"\t0 artifacts copied, 14 already retrieved (0kB/9ms)","chan":"stderr","logger":"task"}
{"timestamp":"2025-06-17T21:16:55.618618Z","level":"error","event":"25/06/17 21:16:55 WARN NativeCodeLoader: Unable to load native-hadoop library for your platform... using builtin-java classes where applicable","chan":"stderr","logger":"task"}
{"timestamp":"2025-06-17T21:16:55.905337Z","level":"error","event":"Using Spark's default log4j profile: org/apache/spark/log4j2-defaults.properties","chan":"stderr","logger":"task"}
{"timestamp":"2025-06-17T21:16:55.927299Z","level":"error","event":"Setting default log level to \"WARN\".","chan":"stderr","logger":"task"}
{"timestamp":"2025-06-17T21:16:55.928100Z","level":"error","event":"To adjust logging level use sc.setLogLevel(newLevel). For SparkR, use setLogLevel(newLevel).","chan":"stderr","logger":"task"}
{"timestamp":"2025-06-17T21:17:15.398553","level":"info","event":"Done. Returned value was:                                  client_id  ... num_order\n0     0bd38138-d3ee-4648-b257-b85261abd775  ...       NaN\n1     f4a3e0cd-f7a1-435b-8f18-b2cdc9a305de  ...       NaN\n2     b684ab59-f28f-4a79-9f91-98f970bc499a  ...       NaN\n3     3822ae35-ab21-4ff2-8ca0-4ff3cadf75de  ...       NaN\n4     8ffb0f02-c902-4ccb-a87a-aaa65e4e1e56  ...       NaN\n...                                    ...  ...       ...\n1252  580dea16-cfe3-4830-ac20-e6322bc96529  ...       NaN\n1253  5be51a32-e63b-40a9-9df8-0489a2137820  ...       NaN\n1254  ae019577-bf73-4f7b-9114-c0603c278888  ...       NaN\n1255  6f3aba1f-c322-4476-9e5a-460fd23ba322  ...       NaN\n1256  e943ba67-a935-4923-bbda-8dba65db2af4  ...       NaN\n\n[1257 rows x 7 columns]","logger":"airflow.task.operators.airflow.providers.standard.operators.python.PythonOperator"}
{"timestamp":"2025-06-17T21:17:15.399078","level":"info","event":"Pushing xcom","ti":"RuntimeTaskInstance(id=UUID('01977fc0-7408-79b3-b468-9115a12df9fc'), task_id='dim_customer_group.extract_transform', dag_id='etl_pipeline', run_id='scheduled__2025-06-17T21:00:00+00:00', try_number=4, map_index=-1, hostname='989485eb72a0', context_carrier={}, task=<Task(PythonOperator): dim_customer_group.extract_transform>, bundle_instance=LocalDagBundle(name=dags-folder), max_tries=4, start_date=datetime.datetime(2025, 6, 17, 21, 16, 49, 412828, tzinfo=TzInfo(UTC)), end_date=None, is_mapped=False)","logger":"task"}
{"timestamp":"2025-06-17T21:17:15.542946Z","level":"info","event":"Task instance in success state","chan":"stdout","logger":"task"}
{"timestamp":"2025-06-17T21:17:15.544468Z","level":"info","event":" Previous state of the Task instance: running","chan":"stdout","logger":"task"}
{"timestamp":"2025-06-17T21:17:15.545807Z","level":"info","event":"Task operator:<Task(PythonOperator): dim_customer_group.extract_transform>","chan":"stdout","logger":"task"}
{"timestamp":"2025-06-17T21:17:16.237851Z","level":"error","event":"\r[Stage 0:>                                                          (0 + 0) / 1]\r\r[Stage 0:>                                                          (0 + 1) / 1]","chan":"stderr","logger":"task"}
