{"timestamp":"2025-06-14T17:10:20.434794","level":"info","event":"DAG bundles loaded: dags-folder, example_dags","logger":"airflow.dag_processing.bundles.manager.DagBundlesManager"}
{"timestamp":"2025-06-14T17:10:20.435529","level":"info","event":"Filling up the DagBag from /opt/airflow/dags/etl_pipeline.py","logger":"airflow.models.dagbag.DagBag"}
{"timestamp":"2025-06-14T17:10:20.616376Z","level":"info","event":"Task instance is in running state","chan":"stdout","logger":"task"}
{"timestamp":"2025-06-14T17:10:20.617046Z","level":"info","event":" Previous state of the Task instance: queued","chan":"stdout","logger":"task"}
{"timestamp":"2025-06-14T17:10:20.617347Z","level":"info","event":"Current task name:fact_sales_group.transform","chan":"stdout","logger":"task"}
{"timestamp":"2025-06-14T17:10:20.617668Z","level":"info","event":"Dag name:etl_pipeline","chan":"stdout","logger":"task"}
{"timestamp":"2025-06-14T17:10:20.596506","level":"info","event":"Secrets backends loaded for worker","count":1,"backend_classes":["EnvironmentVariablesBackend"],"logger":"supervisor"}
{"timestamp":"2025-06-14T17:10:20.617286","level":"info","event":"Connection Retrieved 'postgres_default'","logger":"airflow.hooks.base"}
{"timestamp":"2025-06-14T17:10:20.629456","level":"warning","event":"/opt/airflow/dags/etl_fact_sales.py:59: UserWarning: pandas only supports SQLAlchemy connectable (engine/connection) or database string URI or sqlite3 DBAPI2 connection. Other DBAPI2 objects are not tested. Please consider using SQLAlchemy.\n  df = pd.read_sql(query, pg_conn)\n","logger":"py.warnings"}
{"timestamp":"2025-06-14T17:10:20.676198","level":"info","event":"Secrets backends loaded for worker","count":1,"backend_classes":["EnvironmentVariablesBackend"],"logger":"supervisor"}
{"timestamp":"2025-06-14T17:10:20.685231","level":"info","event":"Connection Retrieved 'sqlserver_default'","logger":"airflow.hooks.base"}
{"timestamp":"2025-06-14T17:10:20.724904","level":"warning","event":"/opt/airflow/dags/etl_fact_sales.py:13: UserWarning: pandas only supports SQLAlchemy connectable (engine/connection) or database string URI or sqlite3 DBAPI2 connection. Other DBAPI2 objects are not tested. Please consider using SQLAlchemy.\n  date_df = pd.read_sql(\"SELECT date, date_key FROM dim_date\", sql_conn)\n","logger":"py.warnings"}
{"timestamp":"2025-06-14T17:10:20.730623","level":"warning","event":"/opt/airflow/dags/etl_fact_sales.py:17: UserWarning: pandas only supports SQLAlchemy connectable (engine/connection) or database string URI or sqlite3 DBAPI2 connection. Other DBAPI2 objects are not tested. Please consider using SQLAlchemy.\n  customer_df = pd.read_sql(\"SELECT client_id, customer_key FROM dim_customer\", sql_conn)\n","logger":"py.warnings"}
{"timestamp":"2025-06-14T17:10:20.734814","level":"warning","event":"/opt/airflow/dags/etl_fact_sales.py:21: UserWarning: pandas only supports SQLAlchemy connectable (engine/connection) or database string URI or sqlite3 DBAPI2 connection. Other DBAPI2 objects are not tested. Please consider using SQLAlchemy.\n  product_df = pd.read_sql(\"SELECT product_id, product_key FROM dim_product\", sql_conn)\n","logger":"py.warnings"}
{"timestamp":"2025-06-14T17:10:20.741835","level":"warning","event":"/opt/airflow/dags/etl_fact_sales.py:25: UserWarning: pandas only supports SQLAlchemy connectable (engine/connection) or database string URI or sqlite3 DBAPI2 connection. Other DBAPI2 objects are not tested. Please consider using SQLAlchemy.\n  order_df = pd.read_sql(\"SELECT order_id, order_key FROM dim_order\", sql_conn)\n","logger":"py.warnings"}
{"timestamp":"2025-06-14T17:10:20.771114Z","level":"info","event":"cẩn thận","chan":"stdout","logger":"task"}
{"timestamp":"2025-06-14T17:10:20.773579","level":"info","event":"Done. Returned value was: Empty DataFrame\nColumns: [order_item_id, order_id, customer_key, product_key, date_key, order_key, quantity, unit_price, total_price, cost, revenue, profit]\nIndex: []","logger":"airflow.task.operators.airflow.providers.standard.operators.python.PythonOperator"}
{"timestamp":"2025-06-14T17:10:20.773887","level":"info","event":"Pushing xcom","ti":"RuntimeTaskInstance(id=UUID('01976f6b-6bbc-75aa-8d28-d4575aecf299'), task_id='fact_sales_group.transform', dag_id='etl_pipeline', run_id='scheduled__2025-06-14T17:10:00+00:00', try_number=1, map_index=-1, hostname='b2bda57f10c1', context_carrier={}, task=<Task(PythonOperator): fact_sales_group.transform>, bundle_instance=LocalDagBundle(name=dags-folder), max_tries=1, start_date=datetime.datetime(2025, 6, 14, 17, 10, 19, 952682, tzinfo=TzInfo(UTC)), end_date=None, is_mapped=False)","logger":"task"}
{"timestamp":"2025-06-14T17:10:20.815434Z","level":"info","event":"Task instance in success state","chan":"stdout","logger":"task"}
{"timestamp":"2025-06-14T17:10:20.815903Z","level":"info","event":" Previous state of the Task instance: running","chan":"stdout","logger":"task"}
{"timestamp":"2025-06-14T17:10:20.816239Z","level":"info","event":"Task operator:<Task(PythonOperator): fact_sales_group.transform>","chan":"stdout","logger":"task"}
