{"timestamp":"2025-06-21T15:30:12.011300","level":"info","event":"DAG bundles loaded: dags-folder, example_dags","logger":"airflow.dag_processing.bundles.manager.DagBundlesManager"}
{"timestamp":"2025-06-21T15:30:12.013125","level":"info","event":"Filling up the DagBag from /opt/airflow/dags/etl_pipeline.py","logger":"airflow.models.dagbag.DagBag"}
{"timestamp":"2025-06-21T15:30:13.295587Z","level":"info","event":"Task instance is in running state","chan":"stdout","logger":"task"}
{"timestamp":"2025-06-21T15:30:13.296580Z","level":"info","event":" Previous state of the Task instance: queued","chan":"stdout","logger":"task"}
{"timestamp":"2025-06-21T15:30:13.297084Z","level":"info","event":"Current task name:dim_customer_group.producer_kafka","chan":"stdout","logger":"task"}
{"timestamp":"2025-06-21T15:30:13.297483Z","level":"info","event":"Dag name:etl_pipeline","chan":"stdout","logger":"task"}
{"timestamp":"2025-06-21T15:30:14.006037Z","level":"error","event":"WARNING: Using incubator modules: jdk.incubator.vector","chan":"stderr","logger":"task"}
{"timestamp":"2025-06-21T15:30:16.877575Z","level":"error","event":":: loading settings :: url = jar:file:/home/airflow/.local/lib/python3.12/site-packages/pyspark/jars/ivy-2.5.3.jar!/org/apache/ivy/core/settings/ivysettings.xml","chan":"stderr","logger":"task"}
{"timestamp":"2025-06-21T15:30:16.999548Z","level":"error","event":"Ivy Default Cache set to: /home/airflow/.ivy2.5.2/cache","chan":"stderr","logger":"task"}
{"timestamp":"2025-06-21T15:30:17.000508Z","level":"error","event":"The jars for the packages stored in: /home/airflow/.ivy2.5.2/jars","chan":"stderr","logger":"task"}
{"timestamp":"2025-06-21T15:30:17.010210Z","level":"error","event":"org.postgresql#postgresql added as a dependency","chan":"stderr","logger":"task"}
{"timestamp":"2025-06-21T15:30:17.011594Z","level":"error","event":"org.apache.spark#spark-sql-kafka-0-10_2.12 added as a dependency","chan":"stderr","logger":"task"}
{"timestamp":"2025-06-21T15:30:17.017363Z","level":"error","event":":: resolving dependencies :: org.apache.spark#spark-submit-parent-e87d2bca-648d-4eca-8f6e-07220e4a48c9;1.0","chan":"stderr","logger":"task"}
{"timestamp":"2025-06-21T15:30:17.041552Z","level":"error","event":"\tconfs: [default]","chan":"stderr","logger":"task"}
{"timestamp":"2025-06-21T15:30:17.277648Z","level":"error","event":"\tfound org.postgresql#postgresql;42.7.1 in central","chan":"stderr","logger":"task"}
{"timestamp":"2025-06-21T15:30:17.361913Z","level":"error","event":"\tfound org.checkerframework#checker-qual;3.41.0 in central","chan":"stderr","logger":"task"}
{"timestamp":"2025-06-21T15:30:17.606286Z","level":"error","event":"\tfound org.apache.spark#spark-sql-kafka-0-10_2.12;3.3.0 in central","chan":"stderr","logger":"task"}
{"timestamp":"2025-06-21T15:30:18.203314Z","level":"error","event":"\tfound org.apache.spark#spark-token-provider-kafka-0-10_2.12;3.3.0 in central","chan":"stderr","logger":"task"}
{"timestamp":"2025-06-21T15:30:18.588302Z","level":"error","event":"\tfound org.apache.kafka#kafka-clients;2.8.1 in central","chan":"stderr","logger":"task"}
{"timestamp":"2025-06-21T15:30:18.788439Z","level":"error","event":"\tfound org.lz4#lz4-java;1.8.0 in central","chan":"stderr","logger":"task"}
{"timestamp":"2025-06-21T15:30:18.891472Z","level":"error","event":"\tfound org.xerial.snappy#snappy-java;1.1.8.4 in central","chan":"stderr","logger":"task"}
{"timestamp":"2025-06-21T15:30:18.962206Z","level":"error","event":"\tfound org.slf4j#slf4j-api;1.7.32 in central","chan":"stderr","logger":"task"}
{"timestamp":"2025-06-21T15:30:19.052886Z","level":"error","event":"\tfound org.apache.hadoop#hadoop-client-runtime;3.3.2 in central","chan":"stderr","logger":"task"}
{"timestamp":"2025-06-21T15:30:19.163861Z","level":"error","event":"\tfound org.spark-project.spark#unused;1.0.0 in central","chan":"stderr","logger":"task"}
{"timestamp":"2025-06-21T15:30:19.238335Z","level":"error","event":"\tfound org.apache.hadoop#hadoop-client-api;3.3.2 in central","chan":"stderr","logger":"task"}
{"timestamp":"2025-06-21T15:30:19.310500Z","level":"error","event":"\tfound commons-logging#commons-logging;1.1.3 in central","chan":"stderr","logger":"task"}
{"timestamp":"2025-06-21T15:30:19.350972Z","level":"error","event":"\tfound com.google.code.findbugs#jsr305;3.0.0 in central","chan":"stderr","logger":"task"}
{"timestamp":"2025-06-21T15:30:19.403429Z","level":"error","event":"\tfound org.apache.commons#commons-pool2;2.11.1 in central","chan":"stderr","logger":"task"}
{"timestamp":"2025-06-21T15:30:19.548779Z","level":"error","event":":: resolution report :: resolve 2453ms :: artifacts dl 79ms","chan":"stderr","logger":"task"}
{"timestamp":"2025-06-21T15:30:19.550109Z","level":"error","event":"\t:: modules in use:","chan":"stderr","logger":"task"}
{"timestamp":"2025-06-21T15:30:19.550814Z","level":"error","event":"\tcom.google.code.findbugs#jsr305;3.0.0 from central in [default]","chan":"stderr","logger":"task"}
{"timestamp":"2025-06-21T15:30:19.551168Z","level":"error","event":"\tcommons-logging#commons-logging;1.1.3 from central in [default]","chan":"stderr","logger":"task"}
{"timestamp":"2025-06-21T15:30:19.551444Z","level":"error","event":"\torg.apache.commons#commons-pool2;2.11.1 from central in [default]","chan":"stderr","logger":"task"}
{"timestamp":"2025-06-21T15:30:19.554322Z","level":"error","event":"\torg.apache.hadoop#hadoop-client-api;3.3.2 from central in [default]","chan":"stderr","logger":"task"}
{"timestamp":"2025-06-21T15:30:19.563402Z","level":"error","event":"\torg.apache.hadoop#hadoop-client-runtime;3.3.2 from central in [default]","chan":"stderr","logger":"task"}
{"timestamp":"2025-06-21T15:30:19.564173Z","level":"error","event":"\torg.apache.kafka#kafka-clients;2.8.1 from central in [default]","chan":"stderr","logger":"task"}
{"timestamp":"2025-06-21T15:30:19.564660Z","level":"error","event":"\torg.apache.spark#spark-sql-kafka-0-10_2.12;3.3.0 from central in [default]","chan":"stderr","logger":"task"}
{"timestamp":"2025-06-21T15:30:19.564985Z","level":"error","event":"\torg.apache.spark#spark-token-provider-kafka-0-10_2.12;3.3.0 from central in [default]","chan":"stderr","logger":"task"}
{"timestamp":"2025-06-21T15:30:19.565367Z","level":"error","event":"\torg.checkerframework#checker-qual;3.41.0 from central in [default]","chan":"stderr","logger":"task"}
{"timestamp":"2025-06-21T15:30:19.565693Z","level":"error","event":"\torg.lz4#lz4-java;1.8.0 from central in [default]","chan":"stderr","logger":"task"}
{"timestamp":"2025-06-21T15:30:19.565974Z","level":"error","event":"\torg.postgresql#postgresql;42.7.1 from central in [default]","chan":"stderr","logger":"task"}
{"timestamp":"2025-06-21T15:30:19.566271Z","level":"error","event":"\torg.slf4j#slf4j-api;1.7.32 from central in [default]","chan":"stderr","logger":"task"}
{"timestamp":"2025-06-21T15:30:19.566618Z","level":"error","event":"\torg.spark-project.spark#unused;1.0.0 from central in [default]","chan":"stderr","logger":"task"}
{"timestamp":"2025-06-21T15:30:19.566920Z","level":"error","event":"\torg.xerial.snappy#snappy-java;1.1.8.4 from central in [default]","chan":"stderr","logger":"task"}
{"timestamp":"2025-06-21T15:30:19.567202Z","level":"error","event":"\t---------------------------------------------------------------------","chan":"stderr","logger":"task"}
{"timestamp":"2025-06-21T15:30:19.567479Z","level":"error","event":"\t|                  |            modules            ||   artifacts   |","chan":"stderr","logger":"task"}
{"timestamp":"2025-06-21T15:30:19.567772Z","level":"error","event":"\t|       conf       | number| search|dwnlded|evicted|| number|dwnlded|","chan":"stderr","logger":"task"}
{"timestamp":"2025-06-21T15:30:19.568087Z","level":"error","event":"\t---------------------------------------------------------------------","chan":"stderr","logger":"task"}
{"timestamp":"2025-06-21T15:30:19.568379Z","level":"error","event":"\t|      default     |   14  |   0   |   0   |   0   ||   14  |   0   |","chan":"stderr","logger":"task"}
{"timestamp":"2025-06-21T15:30:19.568727Z","level":"error","event":"\t---------------------------------------------------------------------","chan":"stderr","logger":"task"}
{"timestamp":"2025-06-21T15:30:19.587809Z","level":"error","event":":: retrieving :: org.apache.spark#spark-submit-parent-e87d2bca-648d-4eca-8f6e-07220e4a48c9","chan":"stderr","logger":"task"}
{"timestamp":"2025-06-21T15:30:19.588759Z","level":"error","event":"\tconfs: [default]","chan":"stderr","logger":"task"}
{"timestamp":"2025-06-21T15:30:19.661402Z","level":"error","event":"\t0 artifacts copied, 14 already retrieved (0kB/73ms)","chan":"stderr","logger":"task"}
{"timestamp":"2025-06-21T15:30:20.353717Z","level":"error","event":"25/06/21 15:30:20 WARN NativeCodeLoader: Unable to load native-hadoop library for your platform... using builtin-java classes where applicable","chan":"stderr","logger":"task"}
{"timestamp":"2025-06-21T15:30:20.876418Z","level":"error","event":"Using Spark's default log4j profile: org/apache/spark/log4j2-defaults.properties","chan":"stderr","logger":"task"}
{"timestamp":"2025-06-21T15:30:20.877928Z","level":"error","event":"Setting default log level to \"WARN\".","chan":"stderr","logger":"task"}
{"timestamp":"2025-06-21T15:30:20.878578Z","level":"error","event":"To adjust logging level use sc.setLogLevel(newLevel). For SparkR, use setLogLevel(newLevel).","chan":"stderr","logger":"task"}
{"timestamp":"2025-06-21T15:30:23.587787Z","level":"error","event":"25/06/21 15:30:23 WARN Utils: Service 'SparkUI' could not bind on port 4050. Attempting port 4051.","chan":"stderr","logger":"task"}
{"timestamp":"2025-06-21T15:30:32.126506","level":"info","event":"Thử lần 1/5 kiểm tra topic 'dim_customer'...","logger":"kafka.build_kafka"}
{"timestamp":"2025-06-21T15:30:32.183856","level":"info","event":"Topic 'dim_customer' đã tồn tại.","logger":"kafka.build_kafka"}
{"timestamp":"2025-06-21T15:30:32.385570","level":"info","event":"extract dim_customer","logger":"dags.etl_dim_customer"}
{"timestamp":"2025-06-21T15:30:33.172464","level":"info","event":"transform_dim_customer","logger":"dags.etl_dim_customer"}
{"timestamp":"2025-06-21T15:30:34.716193","level":"info","event":"extract_transform success","logger":"dags.etl_dim_customer"}
{"timestamp":"2025-06-21T15:30:41.215030","level":"info","event":"Tổng số bản ghi cần gửi: 50","logger":"dags.etl_dim_customer"}
{"timestamp":"2025-06-21T15:30:41.605864","level":"info","event":"Batch 1: 50 bản ghi. Đang gửi lên Kafka...","logger":"dags.etl_dim_customer"}
{"timestamp":"2025-06-21T15:30:42.990968","level":"info","event":"Delivered to dim_customer [2] at offset 685","logger":"kafka.build_kafka"}
{"timestamp":"2025-06-21T15:30:42.994565","level":"info","event":"Delivered to dim_customer [2] at offset 686","logger":"kafka.build_kafka"}
{"timestamp":"2025-06-21T15:30:42.997233","level":"info","event":"Delivered to dim_customer [2] at offset 687","logger":"kafka.build_kafka"}
{"timestamp":"2025-06-21T15:30:43.000205","level":"info","event":"Delivered to dim_customer [2] at offset 688","logger":"kafka.build_kafka"}
{"timestamp":"2025-06-21T15:30:43.000947","level":"info","event":"Delivered to dim_customer [2] at offset 689","logger":"kafka.build_kafka"}
{"timestamp":"2025-06-21T15:30:43.001264","level":"info","event":"Delivered to dim_customer [2] at offset 690","logger":"kafka.build_kafka"}
{"timestamp":"2025-06-21T15:30:43.001578","level":"info","event":"Delivered to dim_customer [2] at offset 691","logger":"kafka.build_kafka"}
{"timestamp":"2025-06-21T15:30:43.001695","level":"info","event":"Delivered to dim_customer [2] at offset 692","logger":"kafka.build_kafka"}
{"timestamp":"2025-06-21T15:30:43.001811","level":"info","event":"Delivered to dim_customer [2] at offset 693","logger":"kafka.build_kafka"}
{"timestamp":"2025-06-21T15:30:43.001936","level":"info","event":"Delivered to dim_customer [3] at offset 747","logger":"kafka.build_kafka"}
{"timestamp":"2025-06-21T15:30:43.002049","level":"info","event":"Delivered to dim_customer [3] at offset 748","logger":"kafka.build_kafka"}
{"timestamp":"2025-06-21T15:30:43.002157","level":"info","event":"Delivered to dim_customer [3] at offset 749","logger":"kafka.build_kafka"}
{"timestamp":"2025-06-21T15:30:43.002276","level":"info","event":"Delivered to dim_customer [3] at offset 750","logger":"kafka.build_kafka"}
{"timestamp":"2025-06-21T15:30:43.002376","level":"info","event":"Delivered to dim_customer [3] at offset 751","logger":"kafka.build_kafka"}
{"timestamp":"2025-06-21T15:30:43.002474","level":"info","event":"Delivered to dim_customer [3] at offset 752","logger":"kafka.build_kafka"}
{"timestamp":"2025-06-21T15:30:43.006727","level":"info","event":"Delivered to dim_customer [3] at offset 753","logger":"kafka.build_kafka"}
{"timestamp":"2025-06-21T15:30:43.007195","level":"info","event":"Delivered to dim_customer [3] at offset 754","logger":"kafka.build_kafka"}
{"timestamp":"2025-06-21T15:30:43.007325","level":"info","event":"Delivered to dim_customer [3] at offset 755","logger":"kafka.build_kafka"}
{"timestamp":"2025-06-21T15:30:43.007410","level":"info","event":"Delivered to dim_customer [3] at offset 756","logger":"kafka.build_kafka"}
{"timestamp":"2025-06-21T15:30:43.007488","level":"info","event":"Delivered to dim_customer [3] at offset 757","logger":"kafka.build_kafka"}
{"timestamp":"2025-06-21T15:30:43.007584","level":"info","event":"Delivered to dim_customer [4] at offset 722","logger":"kafka.build_kafka"}
{"timestamp":"2025-06-21T15:30:43.007674","level":"info","event":"Delivered to dim_customer [4] at offset 723","logger":"kafka.build_kafka"}
{"timestamp":"2025-06-21T15:30:43.007755","level":"info","event":"Delivered to dim_customer [4] at offset 724","logger":"kafka.build_kafka"}
{"timestamp":"2025-06-21T15:30:43.007878","level":"info","event":"Delivered to dim_customer [4] at offset 725","logger":"kafka.build_kafka"}
{"timestamp":"2025-06-21T15:30:43.007963","level":"info","event":"Delivered to dim_customer [4] at offset 726","logger":"kafka.build_kafka"}
{"timestamp":"2025-06-21T15:30:43.008044","level":"info","event":"Delivered to dim_customer [4] at offset 727","logger":"kafka.build_kafka"}
{"timestamp":"2025-06-21T15:30:43.008133","level":"info","event":"Delivered to dim_customer [4] at offset 728","logger":"kafka.build_kafka"}
{"timestamp":"2025-06-21T15:30:43.008219","level":"info","event":"Delivered to dim_customer [4] at offset 729","logger":"kafka.build_kafka"}
{"timestamp":"2025-06-21T15:30:43.008301","level":"info","event":"Delivered to dim_customer [4] at offset 730","logger":"kafka.build_kafka"}
{"timestamp":"2025-06-21T15:30:43.008382","level":"info","event":"Delivered to dim_customer [0] at offset 814","logger":"kafka.build_kafka"}
{"timestamp":"2025-06-21T15:30:43.008462","level":"info","event":"Delivered to dim_customer [0] at offset 815","logger":"kafka.build_kafka"}
{"timestamp":"2025-06-21T15:30:43.008543","level":"info","event":"Delivered to dim_customer [0] at offset 816","logger":"kafka.build_kafka"}
{"timestamp":"2025-06-21T15:30:43.008622","level":"info","event":"Delivered to dim_customer [0] at offset 817","logger":"kafka.build_kafka"}
{"timestamp":"2025-06-21T15:30:43.008704","level":"info","event":"Delivered to dim_customer [0] at offset 818","logger":"kafka.build_kafka"}
{"timestamp":"2025-06-21T15:30:43.008776","level":"info","event":"Delivered to dim_customer [0] at offset 819","logger":"kafka.build_kafka"}
{"timestamp":"2025-06-21T15:30:43.008866","level":"info","event":"Delivered to dim_customer [1] at offset 746","logger":"kafka.build_kafka"}
{"timestamp":"2025-06-21T15:30:43.008945","level":"info","event":"Delivered to dim_customer [1] at offset 747","logger":"kafka.build_kafka"}
{"timestamp":"2025-06-21T15:30:43.009023","level":"info","event":"Delivered to dim_customer [1] at offset 748","logger":"kafka.build_kafka"}
{"timestamp":"2025-06-21T15:30:43.009106","level":"info","event":"Delivered to dim_customer [1] at offset 749","logger":"kafka.build_kafka"}
{"timestamp":"2025-06-21T15:30:43.009179","level":"info","event":"Delivered to dim_customer [1] at offset 750","logger":"kafka.build_kafka"}
{"timestamp":"2025-06-21T15:30:43.009255","level":"info","event":"Delivered to dim_customer [1] at offset 751","logger":"kafka.build_kafka"}
{"timestamp":"2025-06-21T15:30:43.009330","level":"info","event":"Delivered to dim_customer [1] at offset 752","logger":"kafka.build_kafka"}
{"timestamp":"2025-06-21T15:30:43.009406","level":"info","event":"Delivered to dim_customer [1] at offset 753","logger":"kafka.build_kafka"}
{"timestamp":"2025-06-21T15:30:43.009481","level":"info","event":"Delivered to dim_customer [1] at offset 754","logger":"kafka.build_kafka"}
{"timestamp":"2025-06-21T15:30:43.009558","level":"info","event":"Delivered to dim_customer [1] at offset 755","logger":"kafka.build_kafka"}
{"timestamp":"2025-06-21T15:30:43.009633","level":"info","event":"Delivered to dim_customer [1] at offset 756","logger":"kafka.build_kafka"}
{"timestamp":"2025-06-21T15:30:43.009706","level":"info","event":"Delivered to dim_customer [1] at offset 757","logger":"kafka.build_kafka"}
{"timestamp":"2025-06-21T15:30:43.009789","level":"info","event":"Delivered to dim_customer [1] at offset 758","logger":"kafka.build_kafka"}
{"timestamp":"2025-06-21T15:30:43.012785","level":"info","event":"Delivered to dim_customer [1] at offset 759","logger":"kafka.build_kafka"}
{"timestamp":"2025-06-21T15:30:43.013056","level":"info","event":"Delivered to dim_customer [1] at offset 760","logger":"kafka.build_kafka"}
{"timestamp":"2025-06-21T15:30:43.697404","level":"info","event":"extract dim_customer","logger":"dags.etl_dim_customer"}
{"timestamp":"2025-06-21T15:30:43.793755","level":"info","event":"transform_dim_customer","logger":"dags.etl_dim_customer"}
{"timestamp":"2025-06-21T15:30:44.453856","level":"info","event":"extract_transform success","logger":"dags.etl_dim_customer"}
{"timestamp":"2025-06-21T15:30:45.078001","level":"info","event":"Tổng số bản ghi cần gửi: 50","logger":"dags.etl_dim_customer"}
{"timestamp":"2025-06-21T15:30:45.456144","level":"info","event":"Batch 2: 50 bản ghi. Đang gửi lên Kafka...","logger":"dags.etl_dim_customer"}
{"timestamp":"2025-06-21T15:30:45.769617","level":"info","event":"Delivered to dim_customer [0] at offset 820","logger":"kafka.build_kafka"}
{"timestamp":"2025-06-21T15:30:45.770092","level":"info","event":"Delivered to dim_customer [0] at offset 821","logger":"kafka.build_kafka"}
{"timestamp":"2025-06-21T15:30:45.770218","level":"info","event":"Delivered to dim_customer [0] at offset 822","logger":"kafka.build_kafka"}
{"timestamp":"2025-06-21T15:30:45.770311","level":"info","event":"Delivered to dim_customer [0] at offset 823","logger":"kafka.build_kafka"}
{"timestamp":"2025-06-21T15:30:45.770399","level":"info","event":"Delivered to dim_customer [0] at offset 824","logger":"kafka.build_kafka"}
{"timestamp":"2025-06-21T15:30:45.770486","level":"info","event":"Delivered to dim_customer [0] at offset 825","logger":"kafka.build_kafka"}
{"timestamp":"2025-06-21T15:30:45.770582","level":"info","event":"Delivered to dim_customer [0] at offset 826","logger":"kafka.build_kafka"}
{"timestamp":"2025-06-21T15:30:45.770700","level":"info","event":"Delivered to dim_customer [0] at offset 827","logger":"kafka.build_kafka"}
{"timestamp":"2025-06-21T15:30:45.770809","level":"info","event":"Delivered to dim_customer [0] at offset 828","logger":"kafka.build_kafka"}
{"timestamp":"2025-06-21T15:30:45.770908","level":"info","event":"Delivered to dim_customer [0] at offset 829","logger":"kafka.build_kafka"}
{"timestamp":"2025-06-21T15:30:45.771000","level":"info","event":"Delivered to dim_customer [0] at offset 830","logger":"kafka.build_kafka"}
{"timestamp":"2025-06-21T15:30:45.771087","level":"info","event":"Delivered to dim_customer [0] at offset 831","logger":"kafka.build_kafka"}
{"timestamp":"2025-06-21T15:30:45.771207","level":"info","event":"Delivered to dim_customer [0] at offset 832","logger":"kafka.build_kafka"}
{"timestamp":"2025-06-21T15:30:45.771592","level":"info","event":"Delivered to dim_customer [1] at offset 761","logger":"kafka.build_kafka"}
{"timestamp":"2025-06-21T15:30:45.771772","level":"info","event":"Delivered to dim_customer [1] at offset 762","logger":"kafka.build_kafka"}
{"timestamp":"2025-06-21T15:30:45.771861","level":"info","event":"Delivered to dim_customer [1] at offset 763","logger":"kafka.build_kafka"}
{"timestamp":"2025-06-21T15:30:45.771941","level":"info","event":"Delivered to dim_customer [1] at offset 764","logger":"kafka.build_kafka"}
{"timestamp":"2025-06-21T15:30:45.772027","level":"info","event":"Delivered to dim_customer [1] at offset 765","logger":"kafka.build_kafka"}
{"timestamp":"2025-06-21T15:30:45.772110","level":"info","event":"Delivered to dim_customer [1] at offset 766","logger":"kafka.build_kafka"}
{"timestamp":"2025-06-21T15:30:45.772214","level":"info","event":"Delivered to dim_customer [1] at offset 767","logger":"kafka.build_kafka"}
{"timestamp":"2025-06-21T15:30:45.772311","level":"info","event":"Delivered to dim_customer [1] at offset 768","logger":"kafka.build_kafka"}
{"timestamp":"2025-06-21T15:30:45.772394","level":"info","event":"Delivered to dim_customer [1] at offset 769","logger":"kafka.build_kafka"}
{"timestamp":"2025-06-21T15:30:45.773013","level":"info","event":"Delivered to dim_customer [2] at offset 694","logger":"kafka.build_kafka"}
{"timestamp":"2025-06-21T15:30:45.773404","level":"info","event":"Delivered to dim_customer [2] at offset 695","logger":"kafka.build_kafka"}
{"timestamp":"2025-06-21T15:30:45.773674","level":"info","event":"Delivered to dim_customer [2] at offset 696","logger":"kafka.build_kafka"}
{"timestamp":"2025-06-21T15:30:45.773761","level":"info","event":"Delivered to dim_customer [2] at offset 697","logger":"kafka.build_kafka"}
{"timestamp":"2025-06-21T15:30:45.773847","level":"info","event":"Delivered to dim_customer [2] at offset 698","logger":"kafka.build_kafka"}
{"timestamp":"2025-06-21T15:30:45.773924","level":"info","event":"Delivered to dim_customer [2] at offset 699","logger":"kafka.build_kafka"}
{"timestamp":"2025-06-21T15:30:45.774007","level":"info","event":"Delivered to dim_customer [2] at offset 700","logger":"kafka.build_kafka"}
{"timestamp":"2025-06-21T15:30:45.774104","level":"info","event":"Delivered to dim_customer [2] at offset 701","logger":"kafka.build_kafka"}
{"timestamp":"2025-06-21T15:30:45.774195","level":"info","event":"Delivered to dim_customer [2] at offset 702","logger":"kafka.build_kafka"}
{"timestamp":"2025-06-21T15:30:45.774280","level":"info","event":"Delivered to dim_customer [2] at offset 703","logger":"kafka.build_kafka"}
{"timestamp":"2025-06-21T15:30:45.774368","level":"info","event":"Delivered to dim_customer [2] at offset 704","logger":"kafka.build_kafka"}
{"timestamp":"2025-06-21T15:30:45.774978","level":"info","event":"Delivered to dim_customer [3] at offset 758","logger":"kafka.build_kafka"}
{"timestamp":"2025-06-21T15:30:45.775173","level":"info","event":"Delivered to dim_customer [3] at offset 759","logger":"kafka.build_kafka"}
{"timestamp":"2025-06-21T15:30:45.775581","level":"info","event":"Delivered to dim_customer [3] at offset 760","logger":"kafka.build_kafka"}
{"timestamp":"2025-06-21T15:30:45.775693","level":"info","event":"Delivered to dim_customer [3] at offset 761","logger":"kafka.build_kafka"}
{"timestamp":"2025-06-21T15:30:45.775774","level":"info","event":"Delivered to dim_customer [3] at offset 762","logger":"kafka.build_kafka"}
{"timestamp":"2025-06-21T15:30:45.775987","level":"info","event":"Delivered to dim_customer [3] at offset 763","logger":"kafka.build_kafka"}
{"timestamp":"2025-06-21T15:30:45.776117","level":"info","event":"Delivered to dim_customer [3] at offset 764","logger":"kafka.build_kafka"}
{"timestamp":"2025-06-21T15:30:45.776215","level":"info","event":"Delivered to dim_customer [3] at offset 765","logger":"kafka.build_kafka"}
{"timestamp":"2025-06-21T15:30:45.776320","level":"info","event":"Delivered to dim_customer [4] at offset 731","logger":"kafka.build_kafka"}
{"timestamp":"2025-06-21T15:30:45.776401","level":"info","event":"Delivered to dim_customer [4] at offset 732","logger":"kafka.build_kafka"}
{"timestamp":"2025-06-21T15:30:45.776480","level":"info","event":"Delivered to dim_customer [4] at offset 733","logger":"kafka.build_kafka"}
{"timestamp":"2025-06-21T15:30:45.776558","level":"info","event":"Delivered to dim_customer [4] at offset 734","logger":"kafka.build_kafka"}
{"timestamp":"2025-06-21T15:30:45.776816","level":"info","event":"Delivered to dim_customer [4] at offset 735","logger":"kafka.build_kafka"}
{"timestamp":"2025-06-21T15:30:45.777097","level":"info","event":"Delivered to dim_customer [4] at offset 736","logger":"kafka.build_kafka"}
{"timestamp":"2025-06-21T15:30:45.777211","level":"info","event":"Delivered to dim_customer [4] at offset 737","logger":"kafka.build_kafka"}
{"timestamp":"2025-06-21T15:30:45.777307","level":"info","event":"Delivered to dim_customer [4] at offset 738","logger":"kafka.build_kafka"}
{"timestamp":"2025-06-21T15:30:45.777395","level":"info","event":"Delivered to dim_customer [4] at offset 739","logger":"kafka.build_kafka"}
{"timestamp":"2025-06-21T15:30:46.295041","level":"info","event":"extract dim_customer","logger":"dags.etl_dim_customer"}
{"timestamp":"2025-06-21T15:30:46.372037","level":"info","event":"transform_dim_customer","logger":"dags.etl_dim_customer"}
{"timestamp":"2025-06-21T15:30:46.980309","level":"info","event":"extract_transform success","logger":"dags.etl_dim_customer"}
{"timestamp":"2025-06-21T15:30:47.577010","level":"info","event":"Tổng số bản ghi cần gửi: 50","logger":"dags.etl_dim_customer"}
{"timestamp":"2025-06-21T15:30:48.139034","level":"info","event":"Batch 3: 50 bản ghi. Đang gửi lên Kafka...","logger":"dags.etl_dim_customer"}
{"timestamp":"2025-06-21T15:30:49.094826","level":"info","event":"Delivered to dim_customer [4] at offset 740","logger":"kafka.build_kafka"}
{"timestamp":"2025-06-21T15:30:49.095192","level":"info","event":"Delivered to dim_customer [4] at offset 741","logger":"kafka.build_kafka"}
{"timestamp":"2025-06-21T15:30:49.095315","level":"info","event":"Delivered to dim_customer [4] at offset 742","logger":"kafka.build_kafka"}
{"timestamp":"2025-06-21T15:30:49.095517","level":"info","event":"Delivered to dim_customer [4] at offset 743","logger":"kafka.build_kafka"}
{"timestamp":"2025-06-21T15:30:49.095741","level":"info","event":"Delivered to dim_customer [4] at offset 744","logger":"kafka.build_kafka"}
{"timestamp":"2025-06-21T15:30:49.095834","level":"info","event":"Delivered to dim_customer [4] at offset 745","logger":"kafka.build_kafka"}
{"timestamp":"2025-06-21T15:30:49.095928","level":"info","event":"Delivered to dim_customer [4] at offset 746","logger":"kafka.build_kafka"}
{"timestamp":"2025-06-21T15:30:49.096034","level":"info","event":"Delivered to dim_customer [4] at offset 747","logger":"kafka.build_kafka"}
{"timestamp":"2025-06-21T15:30:49.096127","level":"info","event":"Delivered to dim_customer [4] at offset 748","logger":"kafka.build_kafka"}
{"timestamp":"2025-06-21T15:30:49.096219","level":"info","event":"Delivered to dim_customer [4] at offset 749","logger":"kafka.build_kafka"}
{"timestamp":"2025-06-21T15:30:49.106485","level":"info","event":"Delivered to dim_customer [0] at offset 833","logger":"kafka.build_kafka"}
{"timestamp":"2025-06-21T15:30:49.106829","level":"info","event":"Delivered to dim_customer [0] at offset 834","logger":"kafka.build_kafka"}
{"timestamp":"2025-06-21T15:30:49.106993","level":"info","event":"Delivered to dim_customer [0] at offset 835","logger":"kafka.build_kafka"}
{"timestamp":"2025-06-21T15:30:49.107130","level":"info","event":"Delivered to dim_customer [0] at offset 836","logger":"kafka.build_kafka"}
{"timestamp":"2025-06-21T15:30:49.107252","level":"info","event":"Delivered to dim_customer [0] at offset 837","logger":"kafka.build_kafka"}
{"timestamp":"2025-06-21T15:30:49.107385","level":"info","event":"Delivered to dim_customer [0] at offset 838","logger":"kafka.build_kafka"}
{"timestamp":"2025-06-21T15:30:49.107498","level":"info","event":"Delivered to dim_customer [0] at offset 839","logger":"kafka.build_kafka"}
{"timestamp":"2025-06-21T15:30:49.107641","level":"info","event":"Delivered to dim_customer [0] at offset 840","logger":"kafka.build_kafka"}
{"timestamp":"2025-06-21T15:30:49.107772","level":"info","event":"Delivered to dim_customer [0] at offset 841","logger":"kafka.build_kafka"}
{"timestamp":"2025-06-21T15:30:49.108102","level":"info","event":"Delivered to dim_customer [0] at offset 842","logger":"kafka.build_kafka"}
{"timestamp":"2025-06-21T15:30:49.112364","level":"info","event":"Delivered to dim_customer [1] at offset 770","logger":"kafka.build_kafka"}
{"timestamp":"2025-06-21T15:30:49.112639","level":"info","event":"Delivered to dim_customer [1] at offset 771","logger":"kafka.build_kafka"}
{"timestamp":"2025-06-21T15:30:49.112782","level":"info","event":"Delivered to dim_customer [1] at offset 772","logger":"kafka.build_kafka"}
{"timestamp":"2025-06-21T15:30:49.112923","level":"info","event":"Delivered to dim_customer [1] at offset 773","logger":"kafka.build_kafka"}
{"timestamp":"2025-06-21T15:30:49.113004","level":"info","event":"Delivered to dim_customer [1] at offset 774","logger":"kafka.build_kafka"}
{"timestamp":"2025-06-21T15:30:49.113081","level":"info","event":"Delivered to dim_customer [1] at offset 775","logger":"kafka.build_kafka"}
{"timestamp":"2025-06-21T15:30:49.113155","level":"info","event":"Delivered to dim_customer [1] at offset 776","logger":"kafka.build_kafka"}
{"timestamp":"2025-06-21T15:30:49.113229","level":"info","event":"Delivered to dim_customer [1] at offset 777","logger":"kafka.build_kafka"}
{"timestamp":"2025-06-21T15:30:49.113309","level":"info","event":"Delivered to dim_customer [1] at offset 778","logger":"kafka.build_kafka"}
{"timestamp":"2025-06-21T15:30:49.117644","level":"info","event":"Delivered to dim_customer [2] at offset 705","logger":"kafka.build_kafka"}
{"timestamp":"2025-06-21T15:30:49.120197","level":"info","event":"Delivered to dim_customer [2] at offset 706","logger":"kafka.build_kafka"}
{"timestamp":"2025-06-21T15:30:49.120532","level":"info","event":"Delivered to dim_customer [2] at offset 707","logger":"kafka.build_kafka"}
{"timestamp":"2025-06-21T15:30:49.120648","level":"info","event":"Delivered to dim_customer [2] at offset 708","logger":"kafka.build_kafka"}
{"timestamp":"2025-06-21T15:30:49.120884","level":"info","event":"Delivered to dim_customer [2] at offset 709","logger":"kafka.build_kafka"}
{"timestamp":"2025-06-21T15:30:49.121032","level":"info","event":"Delivered to dim_customer [2] at offset 710","logger":"kafka.build_kafka"}
{"timestamp":"2025-06-21T15:30:49.121338","level":"info","event":"Delivered to dim_customer [2] at offset 711","logger":"kafka.build_kafka"}
{"timestamp":"2025-06-21T15:30:49.121503","level":"info","event":"Delivered to dim_customer [2] at offset 712","logger":"kafka.build_kafka"}
{"timestamp":"2025-06-21T15:30:49.122024","level":"info","event":"Delivered to dim_customer [2] at offset 713","logger":"kafka.build_kafka"}
{"timestamp":"2025-06-21T15:30:49.122307","level":"info","event":"Delivered to dim_customer [3] at offset 766","logger":"kafka.build_kafka"}
{"timestamp":"2025-06-21T15:30:49.122460","level":"info","event":"Delivered to dim_customer [3] at offset 767","logger":"kafka.build_kafka"}
{"timestamp":"2025-06-21T15:30:49.122727","level":"info","event":"Delivered to dim_customer [3] at offset 768","logger":"kafka.build_kafka"}
{"timestamp":"2025-06-21T15:30:49.122838","level":"info","event":"Delivered to dim_customer [3] at offset 769","logger":"kafka.build_kafka"}
{"timestamp":"2025-06-21T15:30:49.122927","level":"info","event":"Delivered to dim_customer [3] at offset 770","logger":"kafka.build_kafka"}
{"timestamp":"2025-06-21T15:30:49.123001","level":"info","event":"Delivered to dim_customer [3] at offset 771","logger":"kafka.build_kafka"}
{"timestamp":"2025-06-21T15:30:49.123115","level":"info","event":"Delivered to dim_customer [3] at offset 772","logger":"kafka.build_kafka"}
{"timestamp":"2025-06-21T15:30:49.123205","level":"info","event":"Delivered to dim_customer [3] at offset 773","logger":"kafka.build_kafka"}
{"timestamp":"2025-06-21T15:30:49.123503","level":"info","event":"Delivered to dim_customer [3] at offset 774","logger":"kafka.build_kafka"}
{"timestamp":"2025-06-21T15:30:49.123838","level":"info","event":"Delivered to dim_customer [3] at offset 775","logger":"kafka.build_kafka"}
{"timestamp":"2025-06-21T15:30:49.124009","level":"info","event":"Delivered to dim_customer [3] at offset 776","logger":"kafka.build_kafka"}
{"timestamp":"2025-06-21T15:30:49.124269","level":"info","event":"Delivered to dim_customer [3] at offset 777","logger":"kafka.build_kafka"}
{"timestamp":"2025-06-21T15:30:49.952256","level":"info","event":"extract dim_customer","logger":"dags.etl_dim_customer"}
{"timestamp":"2025-06-21T15:30:50.030354","level":"info","event":"transform_dim_customer","logger":"dags.etl_dim_customer"}
{"timestamp":"2025-06-21T15:30:50.792919","level":"info","event":"extract_transform success","logger":"dags.etl_dim_customer"}
{"timestamp":"2025-06-21T15:30:51.315629","level":"info","event":"Tổng số bản ghi cần gửi: 50","logger":"dags.etl_dim_customer"}
{"timestamp":"2025-06-21T15:30:51.561516","level":"info","event":"Batch 4: 50 bản ghi. Đang gửi lên Kafka...","logger":"dags.etl_dim_customer"}
{"timestamp":"2025-06-21T15:30:51.821929","level":"info","event":"Delivered to dim_customer [2] at offset 714","logger":"kafka.build_kafka"}
{"timestamp":"2025-06-21T15:30:51.822262","level":"info","event":"Delivered to dim_customer [2] at offset 715","logger":"kafka.build_kafka"}
{"timestamp":"2025-06-21T15:30:51.822392","level":"info","event":"Delivered to dim_customer [2] at offset 716","logger":"kafka.build_kafka"}
{"timestamp":"2025-06-21T15:30:51.822483","level":"info","event":"Delivered to dim_customer [2] at offset 717","logger":"kafka.build_kafka"}
{"timestamp":"2025-06-21T15:30:51.822577","level":"info","event":"Delivered to dim_customer [2] at offset 718","logger":"kafka.build_kafka"}
{"timestamp":"2025-06-21T15:30:51.822676","level":"info","event":"Delivered to dim_customer [2] at offset 719","logger":"kafka.build_kafka"}
{"timestamp":"2025-06-21T15:30:51.822771","level":"info","event":"Delivered to dim_customer [2] at offset 720","logger":"kafka.build_kafka"}
{"timestamp":"2025-06-21T15:30:51.823029","level":"info","event":"Delivered to dim_customer [2] at offset 721","logger":"kafka.build_kafka"}
{"timestamp":"2025-06-21T15:30:51.823311","level":"info","event":"Delivered to dim_customer [2] at offset 722","logger":"kafka.build_kafka"}
{"timestamp":"2025-06-21T15:30:51.825869","level":"info","event":"Delivered to dim_customer [3] at offset 778","logger":"kafka.build_kafka"}
{"timestamp":"2025-06-21T15:30:51.826619","level":"info","event":"Delivered to dim_customer [3] at offset 779","logger":"kafka.build_kafka"}
{"timestamp":"2025-06-21T15:30:51.826897","level":"info","event":"Delivered to dim_customer [3] at offset 780","logger":"kafka.build_kafka"}
{"timestamp":"2025-06-21T15:30:51.827007","level":"info","event":"Delivered to dim_customer [3] at offset 781","logger":"kafka.build_kafka"}
{"timestamp":"2025-06-21T15:30:51.827136","level":"info","event":"Delivered to dim_customer [3] at offset 782","logger":"kafka.build_kafka"}
{"timestamp":"2025-06-21T15:30:51.827236","level":"info","event":"Delivered to dim_customer [3] at offset 783","logger":"kafka.build_kafka"}
{"timestamp":"2025-06-21T15:30:51.827318","level":"info","event":"Delivered to dim_customer [3] at offset 784","logger":"kafka.build_kafka"}
{"timestamp":"2025-06-21T15:30:51.827458","level":"info","event":"Delivered to dim_customer [3] at offset 785","logger":"kafka.build_kafka"}
{"timestamp":"2025-06-21T15:30:51.827637","level":"info","event":"Delivered to dim_customer [3] at offset 786","logger":"kafka.build_kafka"}
{"timestamp":"2025-06-21T15:30:51.827985","level":"info","event":"Delivered to dim_customer [3] at offset 787","logger":"kafka.build_kafka"}
{"timestamp":"2025-06-21T15:30:51.828205","level":"info","event":"Delivered to dim_customer [3] at offset 788","logger":"kafka.build_kafka"}
{"timestamp":"2025-06-21T15:30:51.828323","level":"info","event":"Delivered to dim_customer [4] at offset 750","logger":"kafka.build_kafka"}
{"timestamp":"2025-06-21T15:30:51.828403","level":"info","event":"Delivered to dim_customer [4] at offset 751","logger":"kafka.build_kafka"}
{"timestamp":"2025-06-21T15:30:51.828483","level":"info","event":"Delivered to dim_customer [4] at offset 752","logger":"kafka.build_kafka"}
{"timestamp":"2025-06-21T15:30:51.828568","level":"info","event":"Delivered to dim_customer [4] at offset 753","logger":"kafka.build_kafka"}
{"timestamp":"2025-06-21T15:30:51.828657","level":"info","event":"Delivered to dim_customer [0] at offset 843","logger":"kafka.build_kafka"}
{"timestamp":"2025-06-21T15:30:51.828740","level":"info","event":"Delivered to dim_customer [0] at offset 844","logger":"kafka.build_kafka"}
{"timestamp":"2025-06-21T15:30:51.828813","level":"info","event":"Delivered to dim_customer [0] at offset 845","logger":"kafka.build_kafka"}
{"timestamp":"2025-06-21T15:30:51.828882","level":"info","event":"Delivered to dim_customer [0] at offset 846","logger":"kafka.build_kafka"}
{"timestamp":"2025-06-21T15:30:51.828956","level":"info","event":"Delivered to dim_customer [0] at offset 847","logger":"kafka.build_kafka"}
{"timestamp":"2025-06-21T15:30:51.829033","level":"info","event":"Delivered to dim_customer [0] at offset 848","logger":"kafka.build_kafka"}
{"timestamp":"2025-06-21T15:30:51.829118","level":"info","event":"Delivered to dim_customer [0] at offset 849","logger":"kafka.build_kafka"}
{"timestamp":"2025-06-21T15:30:51.829199","level":"info","event":"Delivered to dim_customer [0] at offset 850","logger":"kafka.build_kafka"}
{"timestamp":"2025-06-21T15:30:51.829277","level":"info","event":"Delivered to dim_customer [0] at offset 851","logger":"kafka.build_kafka"}
{"timestamp":"2025-06-21T15:30:51.829358","level":"info","event":"Delivered to dim_customer [0] at offset 852","logger":"kafka.build_kafka"}
{"timestamp":"2025-06-21T15:30:51.829439","level":"info","event":"Delivered to dim_customer [0] at offset 853","logger":"kafka.build_kafka"}
{"timestamp":"2025-06-21T15:30:51.829523","level":"info","event":"Delivered to dim_customer [0] at offset 854","logger":"kafka.build_kafka"}
{"timestamp":"2025-06-21T15:30:51.829603","level":"info","event":"Delivered to dim_customer [0] at offset 855","logger":"kafka.build_kafka"}
{"timestamp":"2025-06-21T15:30:51.829677","level":"info","event":"Delivered to dim_customer [0] at offset 856","logger":"kafka.build_kafka"}
{"timestamp":"2025-06-21T15:30:51.829760","level":"info","event":"Delivered to dim_customer [1] at offset 779","logger":"kafka.build_kafka"}
{"timestamp":"2025-06-21T15:30:51.829838","level":"info","event":"Delivered to dim_customer [1] at offset 780","logger":"kafka.build_kafka"}
{"timestamp":"2025-06-21T15:30:51.829973","level":"info","event":"Delivered to dim_customer [1] at offset 781","logger":"kafka.build_kafka"}
{"timestamp":"2025-06-21T15:30:51.830074","level":"info","event":"Delivered to dim_customer [1] at offset 782","logger":"kafka.build_kafka"}
{"timestamp":"2025-06-21T15:30:51.830667","level":"info","event":"Delivered to dim_customer [1] at offset 783","logger":"kafka.build_kafka"}
{"timestamp":"2025-06-21T15:30:51.830858","level":"info","event":"Delivered to dim_customer [1] at offset 784","logger":"kafka.build_kafka"}
{"timestamp":"2025-06-21T15:30:51.831205","level":"info","event":"Delivered to dim_customer [1] at offset 785","logger":"kafka.build_kafka"}
{"timestamp":"2025-06-21T15:30:51.831650","level":"info","event":"Delivered to dim_customer [1] at offset 786","logger":"kafka.build_kafka"}
{"timestamp":"2025-06-21T15:30:51.831825","level":"info","event":"Delivered to dim_customer [1] at offset 787","logger":"kafka.build_kafka"}
{"timestamp":"2025-06-21T15:30:51.832013","level":"info","event":"Delivered to dim_customer [1] at offset 788","logger":"kafka.build_kafka"}
{"timestamp":"2025-06-21T15:30:51.832113","level":"info","event":"Delivered to dim_customer [1] at offset 789","logger":"kafka.build_kafka"}
{"timestamp":"2025-06-21T15:30:51.832510","level":"info","event":"Delivered to dim_customer [1] at offset 790","logger":"kafka.build_kafka"}
{"timestamp":"2025-06-21T15:30:52.300029","level":"info","event":"extract dim_customer","logger":"dags.etl_dim_customer"}
{"timestamp":"2025-06-21T15:30:52.350663","level":"info","event":"transform_dim_customer","logger":"dags.etl_dim_customer"}
{"timestamp":"2025-06-21T15:30:52.808731","level":"info","event":"extract_transform success","logger":"dags.etl_dim_customer"}
{"timestamp":"2025-06-21T15:30:53.204306","level":"info","event":"Tổng số bản ghi cần gửi: 50","logger":"dags.etl_dim_customer"}
{"timestamp":"2025-06-21T15:30:53.472484","level":"info","event":"Batch 5: 50 bản ghi. Đang gửi lên Kafka...","logger":"dags.etl_dim_customer"}
{"timestamp":"2025-06-21T15:30:53.753368","level":"info","event":"Delivered to dim_customer [4] at offset 754","logger":"kafka.build_kafka"}
{"timestamp":"2025-06-21T15:30:53.753725","level":"info","event":"Delivered to dim_customer [4] at offset 755","logger":"kafka.build_kafka"}
{"timestamp":"2025-06-21T15:30:53.753854","level":"info","event":"Delivered to dim_customer [4] at offset 756","logger":"kafka.build_kafka"}
{"timestamp":"2025-06-21T15:30:53.753952","level":"info","event":"Delivered to dim_customer [4] at offset 757","logger":"kafka.build_kafka"}
{"timestamp":"2025-06-21T15:30:53.754035","level":"info","event":"Delivered to dim_customer [4] at offset 758","logger":"kafka.build_kafka"}
{"timestamp":"2025-06-21T15:30:53.754109","level":"info","event":"Delivered to dim_customer [4] at offset 759","logger":"kafka.build_kafka"}
{"timestamp":"2025-06-21T15:30:53.754188","level":"info","event":"Delivered to dim_customer [4] at offset 760","logger":"kafka.build_kafka"}
{"timestamp":"2025-06-21T15:30:53.754268","level":"info","event":"Delivered to dim_customer [4] at offset 761","logger":"kafka.build_kafka"}
{"timestamp":"2025-06-21T15:30:53.754343","level":"info","event":"Delivered to dim_customer [4] at offset 762","logger":"kafka.build_kafka"}
{"timestamp":"2025-06-21T15:30:53.754436","level":"info","event":"Delivered to dim_customer [0] at offset 857","logger":"kafka.build_kafka"}
{"timestamp":"2025-06-21T15:30:53.754527","level":"info","event":"Delivered to dim_customer [0] at offset 858","logger":"kafka.build_kafka"}
{"timestamp":"2025-06-21T15:30:53.754606","level":"info","event":"Delivered to dim_customer [0] at offset 859","logger":"kafka.build_kafka"}
{"timestamp":"2025-06-21T15:30:53.754690","level":"info","event":"Delivered to dim_customer [0] at offset 860","logger":"kafka.build_kafka"}
{"timestamp":"2025-06-21T15:30:53.754774","level":"info","event":"Delivered to dim_customer [0] at offset 861","logger":"kafka.build_kafka"}
{"timestamp":"2025-06-21T15:30:53.754864","level":"info","event":"Delivered to dim_customer [0] at offset 862","logger":"kafka.build_kafka"}
{"timestamp":"2025-06-21T15:30:53.754946","level":"info","event":"Delivered to dim_customer [0] at offset 863","logger":"kafka.build_kafka"}
{"timestamp":"2025-06-21T15:30:53.755024","level":"info","event":"Delivered to dim_customer [0] at offset 864","logger":"kafka.build_kafka"}
{"timestamp":"2025-06-21T15:30:53.755133","level":"info","event":"Delivered to dim_customer [0] at offset 865","logger":"kafka.build_kafka"}
{"timestamp":"2025-06-21T15:30:53.755230","level":"info","event":"Delivered to dim_customer [0] at offset 866","logger":"kafka.build_kafka"}
{"timestamp":"2025-06-21T15:30:53.755312","level":"info","event":"Delivered to dim_customer [0] at offset 867","logger":"kafka.build_kafka"}
{"timestamp":"2025-06-21T15:30:53.755394","level":"info","event":"Delivered to dim_customer [0] at offset 868","logger":"kafka.build_kafka"}
{"timestamp":"2025-06-21T15:30:53.755477","level":"info","event":"Delivered to dim_customer [0] at offset 869","logger":"kafka.build_kafka"}
{"timestamp":"2025-06-21T15:30:53.755558","level":"info","event":"Delivered to dim_customer [0] at offset 870","logger":"kafka.build_kafka"}
{"timestamp":"2025-06-21T15:30:53.755639","level":"info","event":"Delivered to dim_customer [0] at offset 871","logger":"kafka.build_kafka"}
{"timestamp":"2025-06-21T15:30:53.755725","level":"info","event":"Delivered to dim_customer [0] at offset 872","logger":"kafka.build_kafka"}
{"timestamp":"2025-06-21T15:30:53.755813","level":"info","event":"Delivered to dim_customer [0] at offset 873","logger":"kafka.build_kafka"}
{"timestamp":"2025-06-21T15:30:53.755949","level":"info","event":"Delivered to dim_customer [1] at offset 791","logger":"kafka.build_kafka"}
{"timestamp":"2025-06-21T15:30:53.756028","level":"info","event":"Delivered to dim_customer [1] at offset 792","logger":"kafka.build_kafka"}
{"timestamp":"2025-06-21T15:30:53.756105","level":"info","event":"Delivered to dim_customer [1] at offset 793","logger":"kafka.build_kafka"}
{"timestamp":"2025-06-21T15:30:53.756187","level":"info","event":"Delivered to dim_customer [1] at offset 794","logger":"kafka.build_kafka"}
{"timestamp":"2025-06-21T15:30:53.756268","level":"info","event":"Delivered to dim_customer [1] at offset 795","logger":"kafka.build_kafka"}
{"timestamp":"2025-06-21T15:30:53.756355","level":"info","event":"Delivered to dim_customer [1] at offset 796","logger":"kafka.build_kafka"}
{"timestamp":"2025-06-21T15:30:53.756436","level":"info","event":"Delivered to dim_customer [2] at offset 723","logger":"kafka.build_kafka"}
{"timestamp":"2025-06-21T15:30:53.756516","level":"info","event":"Delivered to dim_customer [2] at offset 724","logger":"kafka.build_kafka"}
{"timestamp":"2025-06-21T15:30:53.756640","level":"info","event":"Delivered to dim_customer [2] at offset 725","logger":"kafka.build_kafka"}
{"timestamp":"2025-06-21T15:30:53.756721","level":"info","event":"Delivered to dim_customer [2] at offset 726","logger":"kafka.build_kafka"}
{"timestamp":"2025-06-21T15:30:53.756839","level":"info","event":"Delivered to dim_customer [2] at offset 727","logger":"kafka.build_kafka"}
{"timestamp":"2025-06-21T15:30:53.756930","level":"info","event":"Delivered to dim_customer [2] at offset 728","logger":"kafka.build_kafka"}
{"timestamp":"2025-06-21T15:30:53.757012","level":"info","event":"Delivered to dim_customer [2] at offset 729","logger":"kafka.build_kafka"}
{"timestamp":"2025-06-21T15:30:53.757093","level":"info","event":"Delivered to dim_customer [2] at offset 730","logger":"kafka.build_kafka"}
{"timestamp":"2025-06-21T15:30:53.757201","level":"info","event":"Delivered to dim_customer [3] at offset 789","logger":"kafka.build_kafka"}
{"timestamp":"2025-06-21T15:30:53.757295","level":"info","event":"Delivered to dim_customer [3] at offset 790","logger":"kafka.build_kafka"}
{"timestamp":"2025-06-21T15:30:53.757385","level":"info","event":"Delivered to dim_customer [3] at offset 791","logger":"kafka.build_kafka"}
{"timestamp":"2025-06-21T15:30:53.757479","level":"info","event":"Delivered to dim_customer [3] at offset 792","logger":"kafka.build_kafka"}
{"timestamp":"2025-06-21T15:30:53.757574","level":"info","event":"Delivered to dim_customer [3] at offset 793","logger":"kafka.build_kafka"}
{"timestamp":"2025-06-21T15:30:53.757662","level":"info","event":"Delivered to dim_customer [3] at offset 794","logger":"kafka.build_kafka"}
{"timestamp":"2025-06-21T15:30:53.757750","level":"info","event":"Delivered to dim_customer [3] at offset 795","logger":"kafka.build_kafka"}
{"timestamp":"2025-06-21T15:30:53.757842","level":"info","event":"Delivered to dim_customer [3] at offset 796","logger":"kafka.build_kafka"}
{"timestamp":"2025-06-21T15:30:53.757934","level":"info","event":"Delivered to dim_customer [3] at offset 797","logger":"kafka.build_kafka"}
{"timestamp":"2025-06-21T15:30:53.758059","level":"info","event":"Delivered to dim_customer [3] at offset 798","logger":"kafka.build_kafka"}
{"timestamp":"2025-06-21T15:30:54.362044","level":"info","event":"extract dim_customer","logger":"dags.etl_dim_customer"}
{"timestamp":"2025-06-21T15:30:54.451988","level":"info","event":"transform_dim_customer","logger":"dags.etl_dim_customer"}
{"timestamp":"2025-06-21T15:30:55.138042","level":"info","event":"extract_transform success","logger":"dags.etl_dim_customer"}
{"timestamp":"2025-06-21T15:30:55.652252","level":"info","event":"Tổng số bản ghi cần gửi: 50","logger":"dags.etl_dim_customer"}
{"timestamp":"2025-06-21T15:30:56.085448","level":"info","event":"Batch 6: 50 bản ghi. Đang gửi lên Kafka...","logger":"dags.etl_dim_customer"}
{"timestamp":"2025-06-21T15:30:56.423495","level":"info","event":"Delivered to dim_customer [2] at offset 731","logger":"kafka.build_kafka"}
{"timestamp":"2025-06-21T15:30:56.426217","level":"info","event":"Delivered to dim_customer [2] at offset 732","logger":"kafka.build_kafka"}
{"timestamp":"2025-06-21T15:30:56.428284","level":"info","event":"Delivered to dim_customer [2] at offset 733","logger":"kafka.build_kafka"}
{"timestamp":"2025-06-21T15:30:56.429136","level":"info","event":"Delivered to dim_customer [2] at offset 734","logger":"kafka.build_kafka"}
{"timestamp":"2025-06-21T15:30:56.432092","level":"info","event":"Delivered to dim_customer [2] at offset 735","logger":"kafka.build_kafka"}
{"timestamp":"2025-06-21T15:30:56.433399","level":"info","event":"Delivered to dim_customer [2] at offset 736","logger":"kafka.build_kafka"}
{"timestamp":"2025-06-21T15:30:56.434158","level":"info","event":"Delivered to dim_customer [2] at offset 737","logger":"kafka.build_kafka"}
{"timestamp":"2025-06-21T15:30:56.435184","level":"info","event":"Delivered to dim_customer [2] at offset 738","logger":"kafka.build_kafka"}
{"timestamp":"2025-06-21T15:30:56.435551","level":"info","event":"Delivered to dim_customer [2] at offset 739","logger":"kafka.build_kafka"}
{"timestamp":"2025-06-21T15:30:56.435650","level":"info","event":"Delivered to dim_customer [2] at offset 740","logger":"kafka.build_kafka"}
{"timestamp":"2025-06-21T15:30:56.436453","level":"info","event":"Delivered to dim_customer [2] at offset 741","logger":"kafka.build_kafka"}
{"timestamp":"2025-06-21T15:30:56.437027","level":"info","event":"Delivered to dim_customer [2] at offset 742","logger":"kafka.build_kafka"}
{"timestamp":"2025-06-21T15:30:56.438003","level":"info","event":"Delivered to dim_customer [2] at offset 743","logger":"kafka.build_kafka"}
{"timestamp":"2025-06-21T15:30:56.438121","level":"info","event":"Delivered to dim_customer [2] at offset 744","logger":"kafka.build_kafka"}
{"timestamp":"2025-06-21T15:30:56.438835","level":"info","event":"Delivered to dim_customer [2] at offset 745","logger":"kafka.build_kafka"}
{"timestamp":"2025-06-21T15:30:56.439687","level":"info","event":"Delivered to dim_customer [3] at offset 799","logger":"kafka.build_kafka"}
{"timestamp":"2025-06-21T15:30:56.440044","level":"info","event":"Delivered to dim_customer [3] at offset 800","logger":"kafka.build_kafka"}
{"timestamp":"2025-06-21T15:30:56.440558","level":"info","event":"Delivered to dim_customer [3] at offset 801","logger":"kafka.build_kafka"}
{"timestamp":"2025-06-21T15:30:56.441101","level":"info","event":"Delivered to dim_customer [3] at offset 802","logger":"kafka.build_kafka"}
{"timestamp":"2025-06-21T15:30:56.443440","level":"info","event":"Delivered to dim_customer [3] at offset 803","logger":"kafka.build_kafka"}
{"timestamp":"2025-06-21T15:30:56.447718","level":"info","event":"Delivered to dim_customer [3] at offset 804","logger":"kafka.build_kafka"}
{"timestamp":"2025-06-21T15:30:56.449535","level":"info","event":"Delivered to dim_customer [3] at offset 805","logger":"kafka.build_kafka"}
{"timestamp":"2025-06-21T15:30:56.454133","level":"info","event":"Delivered to dim_customer [3] at offset 806","logger":"kafka.build_kafka"}
{"timestamp":"2025-06-21T15:30:56.455118","level":"info","event":"Delivered to dim_customer [3] at offset 807","logger":"kafka.build_kafka"}
{"timestamp":"2025-06-21T15:30:56.455300","level":"info","event":"Delivered to dim_customer [3] at offset 808","logger":"kafka.build_kafka"}
{"timestamp":"2025-06-21T15:30:56.455399","level":"info","event":"Delivered to dim_customer [4] at offset 763","logger":"kafka.build_kafka"}
{"timestamp":"2025-06-21T15:30:56.455961","level":"info","event":"Delivered to dim_customer [4] at offset 764","logger":"kafka.build_kafka"}
{"timestamp":"2025-06-21T15:30:56.456528","level":"info","event":"Delivered to dim_customer [4] at offset 765","logger":"kafka.build_kafka"}
{"timestamp":"2025-06-21T15:30:56.457267","level":"info","event":"Delivered to dim_customer [4] at offset 766","logger":"kafka.build_kafka"}
{"timestamp":"2025-06-21T15:30:56.457401","level":"info","event":"Delivered to dim_customer [4] at offset 767","logger":"kafka.build_kafka"}
{"timestamp":"2025-06-21T15:30:56.457485","level":"info","event":"Delivered to dim_customer [4] at offset 768","logger":"kafka.build_kafka"}
{"timestamp":"2025-06-21T15:30:56.457566","level":"info","event":"Delivered to dim_customer [4] at offset 769","logger":"kafka.build_kafka"}
{"timestamp":"2025-06-21T15:30:56.457643","level":"info","event":"Delivered to dim_customer [4] at offset 770","logger":"kafka.build_kafka"}
{"timestamp":"2025-06-21T15:30:56.457727","level":"info","event":"Delivered to dim_customer [4] at offset 771","logger":"kafka.build_kafka"}
{"timestamp":"2025-06-21T15:30:56.457819","level":"info","event":"Delivered to dim_customer [0] at offset 874","logger":"kafka.build_kafka"}
{"timestamp":"2025-06-21T15:30:56.457903","level":"info","event":"Delivered to dim_customer [0] at offset 875","logger":"kafka.build_kafka"}
{"timestamp":"2025-06-21T15:30:56.457981","level":"info","event":"Delivered to dim_customer [0] at offset 876","logger":"kafka.build_kafka"}
{"timestamp":"2025-06-21T15:30:56.460579","level":"info","event":"Delivered to dim_customer [0] at offset 877","logger":"kafka.build_kafka"}
{"timestamp":"2025-06-21T15:30:56.461753","level":"info","event":"Delivered to dim_customer [0] at offset 878","logger":"kafka.build_kafka"}
{"timestamp":"2025-06-21T15:30:56.463374","level":"info","event":"Delivered to dim_customer [0] at offset 879","logger":"kafka.build_kafka"}
{"timestamp":"2025-06-21T15:30:56.465124","level":"info","event":"Delivered to dim_customer [0] at offset 880","logger":"kafka.build_kafka"}
{"timestamp":"2025-06-21T15:30:56.465269","level":"info","event":"Delivered to dim_customer [1] at offset 797","logger":"kafka.build_kafka"}
{"timestamp":"2025-06-21T15:30:56.465403","level":"info","event":"Delivered to dim_customer [1] at offset 798","logger":"kafka.build_kafka"}
{"timestamp":"2025-06-21T15:30:56.465501","level":"info","event":"Delivered to dim_customer [1] at offset 799","logger":"kafka.build_kafka"}
{"timestamp":"2025-06-21T15:30:56.465576","level":"info","event":"Delivered to dim_customer [1] at offset 800","logger":"kafka.build_kafka"}
{"timestamp":"2025-06-21T15:30:56.465654","level":"info","event":"Delivered to dim_customer [1] at offset 801","logger":"kafka.build_kafka"}
{"timestamp":"2025-06-21T15:30:56.465727","level":"info","event":"Delivered to dim_customer [1] at offset 802","logger":"kafka.build_kafka"}
{"timestamp":"2025-06-21T15:30:56.465807","level":"info","event":"Delivered to dim_customer [1] at offset 803","logger":"kafka.build_kafka"}
{"timestamp":"2025-06-21T15:30:56.465871","level":"info","event":"Delivered to dim_customer [1] at offset 804","logger":"kafka.build_kafka"}
{"timestamp":"2025-06-21T15:30:56.465933","level":"info","event":"Delivered to dim_customer [1] at offset 805","logger":"kafka.build_kafka"}
{"timestamp":"2025-06-21T15:30:57.120522","level":"info","event":"extract dim_customer","logger":"dags.etl_dim_customer"}
{"timestamp":"2025-06-21T15:30:57.233536","level":"info","event":"transform_dim_customer","logger":"dags.etl_dim_customer"}
{"timestamp":"2025-06-21T15:30:57.919264","level":"info","event":"extract_transform success","logger":"dags.etl_dim_customer"}
{"timestamp":"2025-06-21T15:30:58.526254","level":"info","event":"Tổng số bản ghi cần gửi: 50","logger":"dags.etl_dim_customer"}
{"timestamp":"2025-06-21T15:30:58.821092","level":"info","event":"Batch 7: 50 bản ghi. Đang gửi lên Kafka...","logger":"dags.etl_dim_customer"}
{"timestamp":"2025-06-21T15:30:59.094757","level":"info","event":"Delivered to dim_customer [2] at offset 746","logger":"kafka.build_kafka"}
{"timestamp":"2025-06-21T15:30:59.095106","level":"info","event":"Delivered to dim_customer [2] at offset 747","logger":"kafka.build_kafka"}
{"timestamp":"2025-06-21T15:30:59.095219","level":"info","event":"Delivered to dim_customer [2] at offset 748","logger":"kafka.build_kafka"}
{"timestamp":"2025-06-21T15:30:59.095300","level":"info","event":"Delivered to dim_customer [2] at offset 749","logger":"kafka.build_kafka"}
{"timestamp":"2025-06-21T15:30:59.095376","level":"info","event":"Delivered to dim_customer [2] at offset 750","logger":"kafka.build_kafka"}
{"timestamp":"2025-06-21T15:30:59.095453","level":"info","event":"Delivered to dim_customer [2] at offset 751","logger":"kafka.build_kafka"}
{"timestamp":"2025-06-21T15:30:59.095527","level":"info","event":"Delivered to dim_customer [2] at offset 752","logger":"kafka.build_kafka"}
{"timestamp":"2025-06-21T15:30:59.095600","level":"info","event":"Delivered to dim_customer [2] at offset 753","logger":"kafka.build_kafka"}
{"timestamp":"2025-06-21T15:30:59.095686","level":"info","event":"Delivered to dim_customer [3] at offset 809","logger":"kafka.build_kafka"}
{"timestamp":"2025-06-21T15:30:59.095764","level":"info","event":"Delivered to dim_customer [3] at offset 810","logger":"kafka.build_kafka"}
{"timestamp":"2025-06-21T15:30:59.095839","level":"info","event":"Delivered to dim_customer [3] at offset 811","logger":"kafka.build_kafka"}
{"timestamp":"2025-06-21T15:30:59.095915","level":"info","event":"Delivered to dim_customer [3] at offset 812","logger":"kafka.build_kafka"}
{"timestamp":"2025-06-21T15:30:59.096104","level":"info","event":"Delivered to dim_customer [3] at offset 813","logger":"kafka.build_kafka"}
{"timestamp":"2025-06-21T15:30:59.096228","level":"info","event":"Delivered to dim_customer [3] at offset 814","logger":"kafka.build_kafka"}
{"timestamp":"2025-06-21T15:30:59.096312","level":"info","event":"Delivered to dim_customer [3] at offset 815","logger":"kafka.build_kafka"}
{"timestamp":"2025-06-21T15:30:59.096388","level":"info","event":"Delivered to dim_customer [3] at offset 816","logger":"kafka.build_kafka"}
{"timestamp":"2025-06-21T15:30:59.096465","level":"info","event":"Delivered to dim_customer [4] at offset 772","logger":"kafka.build_kafka"}
{"timestamp":"2025-06-21T15:30:59.096543","level":"info","event":"Delivered to dim_customer [4] at offset 773","logger":"kafka.build_kafka"}
{"timestamp":"2025-06-21T15:30:59.096621","level":"info","event":"Delivered to dim_customer [4] at offset 774","logger":"kafka.build_kafka"}
{"timestamp":"2025-06-21T15:30:59.096737","level":"info","event":"Delivered to dim_customer [4] at offset 775","logger":"kafka.build_kafka"}
{"timestamp":"2025-06-21T15:30:59.096827","level":"info","event":"Delivered to dim_customer [4] at offset 776","logger":"kafka.build_kafka"}
{"timestamp":"2025-06-21T15:30:59.096903","level":"info","event":"Delivered to dim_customer [4] at offset 777","logger":"kafka.build_kafka"}
{"timestamp":"2025-06-21T15:30:59.097009","level":"info","event":"Delivered to dim_customer [4] at offset 778","logger":"kafka.build_kafka"}
{"timestamp":"2025-06-21T15:30:59.097093","level":"info","event":"Delivered to dim_customer [4] at offset 779","logger":"kafka.build_kafka"}
{"timestamp":"2025-06-21T15:30:59.097207","level":"info","event":"Delivered to dim_customer [4] at offset 780","logger":"kafka.build_kafka"}
{"timestamp":"2025-06-21T15:30:59.097405","level":"info","event":"Delivered to dim_customer [4] at offset 781","logger":"kafka.build_kafka"}
{"timestamp":"2025-06-21T15:30:59.097665","level":"info","event":"Delivered to dim_customer [4] at offset 782","logger":"kafka.build_kafka"}
{"timestamp":"2025-06-21T15:30:59.097750","level":"info","event":"Delivered to dim_customer [4] at offset 783","logger":"kafka.build_kafka"}
{"timestamp":"2025-06-21T15:30:59.101725","level":"info","event":"Delivered to dim_customer [0] at offset 881","logger":"kafka.build_kafka"}
{"timestamp":"2025-06-21T15:30:59.101958","level":"info","event":"Delivered to dim_customer [0] at offset 882","logger":"kafka.build_kafka"}
{"timestamp":"2025-06-21T15:30:59.102061","level":"info","event":"Delivered to dim_customer [0] at offset 883","logger":"kafka.build_kafka"}
{"timestamp":"2025-06-21T15:30:59.102140","level":"info","event":"Delivered to dim_customer [0] at offset 884","logger":"kafka.build_kafka"}
{"timestamp":"2025-06-21T15:30:59.102216","level":"info","event":"Delivered to dim_customer [0] at offset 885","logger":"kafka.build_kafka"}
{"timestamp":"2025-06-21T15:30:59.102282","level":"info","event":"Delivered to dim_customer [0] at offset 886","logger":"kafka.build_kafka"}
{"timestamp":"2025-06-21T15:30:59.102356","level":"info","event":"Delivered to dim_customer [0] at offset 887","logger":"kafka.build_kafka"}
{"timestamp":"2025-06-21T15:30:59.103032","level":"info","event":"Delivered to dim_customer [0] at offset 888","logger":"kafka.build_kafka"}
{"timestamp":"2025-06-21T15:30:59.103174","level":"info","event":"Delivered to dim_customer [0] at offset 889","logger":"kafka.build_kafka"}
{"timestamp":"2025-06-21T15:30:59.103254","level":"info","event":"Delivered to dim_customer [0] at offset 890","logger":"kafka.build_kafka"}
{"timestamp":"2025-06-21T15:30:59.103337","level":"info","event":"Delivered to dim_customer [0] at offset 891","logger":"kafka.build_kafka"}
{"timestamp":"2025-06-21T15:30:59.103411","level":"info","event":"Delivered to dim_customer [0] at offset 892","logger":"kafka.build_kafka"}
{"timestamp":"2025-06-21T15:30:59.103636","level":"info","event":"Delivered to dim_customer [0] at offset 893","logger":"kafka.build_kafka"}
{"timestamp":"2025-06-21T15:30:59.103732","level":"info","event":"Delivered to dim_customer [0] at offset 894","logger":"kafka.build_kafka"}
{"timestamp":"2025-06-21T15:30:59.104108","level":"info","event":"Delivered to dim_customer [0] at offset 895","logger":"kafka.build_kafka"}
{"timestamp":"2025-06-21T15:30:59.104391","level":"info","event":"Delivered to dim_customer [0] at offset 896","logger":"kafka.build_kafka"}
{"timestamp":"2025-06-21T15:30:59.104530","level":"info","event":"Delivered to dim_customer [0] at offset 897","logger":"kafka.build_kafka"}
{"timestamp":"2025-06-21T15:30:59.108269","level":"info","event":"Delivered to dim_customer [1] at offset 806","logger":"kafka.build_kafka"}
{"timestamp":"2025-06-21T15:30:59.108536","level":"info","event":"Delivered to dim_customer [1] at offset 807","logger":"kafka.build_kafka"}
{"timestamp":"2025-06-21T15:30:59.108728","level":"info","event":"Delivered to dim_customer [1] at offset 808","logger":"kafka.build_kafka"}
{"timestamp":"2025-06-21T15:30:59.108810","level":"info","event":"Delivered to dim_customer [1] at offset 809","logger":"kafka.build_kafka"}
{"timestamp":"2025-06-21T15:30:59.108885","level":"info","event":"Delivered to dim_customer [1] at offset 810","logger":"kafka.build_kafka"}
{"timestamp":"2025-06-21T15:30:59.747173","level":"info","event":"extract dim_customer","logger":"dags.etl_dim_customer"}
{"timestamp":"2025-06-21T15:30:59.883763","level":"info","event":"transform_dim_customer","logger":"dags.etl_dim_customer"}
{"timestamp":"2025-06-21T15:31:00.417634","level":"info","event":"extract_transform success","logger":"dags.etl_dim_customer"}
{"timestamp":"2025-06-21T15:31:00.897109","level":"info","event":"Tổng số bản ghi cần gửi: 50","logger":"dags.etl_dim_customer"}
{"timestamp":"2025-06-21T15:31:01.189373","level":"info","event":"Batch 8: 50 bản ghi. Đang gửi lên Kafka...","logger":"dags.etl_dim_customer"}
{"timestamp":"2025-06-21T15:31:01.482705","level":"info","event":"Delivered to dim_customer [0] at offset 898","logger":"kafka.build_kafka"}
{"timestamp":"2025-06-21T15:31:01.483460","level":"info","event":"Delivered to dim_customer [0] at offset 899","logger":"kafka.build_kafka"}
{"timestamp":"2025-06-21T15:31:01.483607","level":"info","event":"Delivered to dim_customer [0] at offset 900","logger":"kafka.build_kafka"}
{"timestamp":"2025-06-21T15:31:01.483696","level":"info","event":"Delivered to dim_customer [0] at offset 901","logger":"kafka.build_kafka"}
{"timestamp":"2025-06-21T15:31:01.483787","level":"info","event":"Delivered to dim_customer [0] at offset 902","logger":"kafka.build_kafka"}
{"timestamp":"2025-06-21T15:31:01.483873","level":"info","event":"Delivered to dim_customer [0] at offset 903","logger":"kafka.build_kafka"}
{"timestamp":"2025-06-21T15:31:01.484032","level":"info","event":"Delivered to dim_customer [0] at offset 904","logger":"kafka.build_kafka"}
{"timestamp":"2025-06-21T15:31:01.484246","level":"info","event":"Delivered to dim_customer [0] at offset 905","logger":"kafka.build_kafka"}
{"timestamp":"2025-06-21T15:31:01.484346","level":"info","event":"Delivered to dim_customer [0] at offset 906","logger":"kafka.build_kafka"}
{"timestamp":"2025-06-21T15:31:01.484428","level":"info","event":"Delivered to dim_customer [0] at offset 907","logger":"kafka.build_kafka"}
{"timestamp":"2025-06-21T15:31:01.484522","level":"info","event":"Delivered to dim_customer [1] at offset 811","logger":"kafka.build_kafka"}
{"timestamp":"2025-06-21T15:31:01.484702","level":"info","event":"Delivered to dim_customer [1] at offset 812","logger":"kafka.build_kafka"}
{"timestamp":"2025-06-21T15:31:01.484802","level":"info","event":"Delivered to dim_customer [1] at offset 813","logger":"kafka.build_kafka"}
{"timestamp":"2025-06-21T15:31:01.485041","level":"info","event":"Delivered to dim_customer [1] at offset 814","logger":"kafka.build_kafka"}
{"timestamp":"2025-06-21T15:31:01.485226","level":"info","event":"Delivered to dim_customer [1] at offset 815","logger":"kafka.build_kafka"}
{"timestamp":"2025-06-21T15:31:01.485328","level":"info","event":"Delivered to dim_customer [1] at offset 816","logger":"kafka.build_kafka"}
{"timestamp":"2025-06-21T15:31:01.485415","level":"info","event":"Delivered to dim_customer [1] at offset 817","logger":"kafka.build_kafka"}
{"timestamp":"2025-06-21T15:31:01.485485","level":"info","event":"Delivered to dim_customer [1] at offset 818","logger":"kafka.build_kafka"}
{"timestamp":"2025-06-21T15:31:01.485552","level":"info","event":"Delivered to dim_customer [1] at offset 819","logger":"kafka.build_kafka"}
{"timestamp":"2025-06-21T15:31:01.485626","level":"info","event":"Delivered to dim_customer [2] at offset 754","logger":"kafka.build_kafka"}
{"timestamp":"2025-06-21T15:31:01.485763","level":"info","event":"Delivered to dim_customer [2] at offset 755","logger":"kafka.build_kafka"}
{"timestamp":"2025-06-21T15:31:01.486201","level":"info","event":"Delivered to dim_customer [2] at offset 756","logger":"kafka.build_kafka"}
{"timestamp":"2025-06-21T15:31:01.486299","level":"info","event":"Delivered to dim_customer [2] at offset 757","logger":"kafka.build_kafka"}
{"timestamp":"2025-06-21T15:31:01.486463","level":"info","event":"Delivered to dim_customer [2] at offset 758","logger":"kafka.build_kafka"}
{"timestamp":"2025-06-21T15:31:01.486568","level":"info","event":"Delivered to dim_customer [2] at offset 759","logger":"kafka.build_kafka"}
{"timestamp":"2025-06-21T15:31:01.486739","level":"info","event":"Delivered to dim_customer [2] at offset 760","logger":"kafka.build_kafka"}
{"timestamp":"2025-06-21T15:31:01.486833","level":"info","event":"Delivered to dim_customer [2] at offset 761","logger":"kafka.build_kafka"}
{"timestamp":"2025-06-21T15:31:01.487159","level":"info","event":"Delivered to dim_customer [2] at offset 762","logger":"kafka.build_kafka"}
{"timestamp":"2025-06-21T15:31:01.487267","level":"info","event":"Delivered to dim_customer [2] at offset 763","logger":"kafka.build_kafka"}
{"timestamp":"2025-06-21T15:31:01.487346","level":"info","event":"Delivered to dim_customer [2] at offset 764","logger":"kafka.build_kafka"}
{"timestamp":"2025-06-21T15:31:01.488210","level":"info","event":"Delivered to dim_customer [2] at offset 765","logger":"kafka.build_kafka"}
{"timestamp":"2025-06-21T15:31:01.489274","level":"info","event":"Delivered to dim_customer [2] at offset 766","logger":"kafka.build_kafka"}
{"timestamp":"2025-06-21T15:31:01.489539","level":"info","event":"Delivered to dim_customer [3] at offset 817","logger":"kafka.build_kafka"}
{"timestamp":"2025-06-21T15:31:01.489801","level":"info","event":"Delivered to dim_customer [3] at offset 818","logger":"kafka.build_kafka"}
{"timestamp":"2025-06-21T15:31:01.491374","level":"info","event":"Delivered to dim_customer [3] at offset 819","logger":"kafka.build_kafka"}
{"timestamp":"2025-06-21T15:31:01.491690","level":"info","event":"Delivered to dim_customer [3] at offset 820","logger":"kafka.build_kafka"}
{"timestamp":"2025-06-21T15:31:01.492358","level":"info","event":"Delivered to dim_customer [3] at offset 821","logger":"kafka.build_kafka"}
{"timestamp":"2025-06-21T15:31:01.492566","level":"info","event":"Delivered to dim_customer [3] at offset 822","logger":"kafka.build_kafka"}
{"timestamp":"2025-06-21T15:31:01.492733","level":"info","event":"Delivered to dim_customer [4] at offset 784","logger":"kafka.build_kafka"}
{"timestamp":"2025-06-21T15:31:01.492818","level":"info","event":"Delivered to dim_customer [4] at offset 785","logger":"kafka.build_kafka"}
{"timestamp":"2025-06-21T15:31:01.493108","level":"info","event":"Delivered to dim_customer [4] at offset 786","logger":"kafka.build_kafka"}
{"timestamp":"2025-06-21T15:31:01.493292","level":"info","event":"Delivered to dim_customer [4] at offset 787","logger":"kafka.build_kafka"}
{"timestamp":"2025-06-21T15:31:01.493381","level":"info","event":"Delivered to dim_customer [4] at offset 788","logger":"kafka.build_kafka"}
{"timestamp":"2025-06-21T15:31:01.493464","level":"info","event":"Delivered to dim_customer [4] at offset 789","logger":"kafka.build_kafka"}
{"timestamp":"2025-06-21T15:31:01.493550","level":"info","event":"Delivered to dim_customer [4] at offset 790","logger":"kafka.build_kafka"}
{"timestamp":"2025-06-21T15:31:01.493695","level":"info","event":"Delivered to dim_customer [4] at offset 791","logger":"kafka.build_kafka"}
{"timestamp":"2025-06-21T15:31:01.495616","level":"info","event":"Delivered to dim_customer [4] at offset 792","logger":"kafka.build_kafka"}
{"timestamp":"2025-06-21T15:31:01.495866","level":"info","event":"Delivered to dim_customer [4] at offset 793","logger":"kafka.build_kafka"}
{"timestamp":"2025-06-21T15:31:01.496043","level":"info","event":"Delivered to dim_customer [4] at offset 794","logger":"kafka.build_kafka"}
{"timestamp":"2025-06-21T15:31:01.496197","level":"info","event":"Delivered to dim_customer [4] at offset 795","logger":"kafka.build_kafka"}
{"timestamp":"2025-06-21T15:31:01.226630","level":"info","event":"extract dim_customer","logger":"dags.etl_dim_customer"}
{"timestamp":"2025-06-21T15:31:00.037357","level":"info","event":"transform_dim_customer","logger":"dags.etl_dim_customer"}
{"timestamp":"2025-06-21T15:31:00.476708","level":"info","event":"extract_transform success","logger":"dags.etl_dim_customer"}
{"timestamp":"2025-06-21T15:31:00.935380","level":"info","event":"Tổng số bản ghi cần gửi: 50","logger":"dags.etl_dim_customer"}
{"timestamp":"2025-06-21T15:31:01.271928","level":"info","event":"Batch 9: 50 bản ghi. Đang gửi lên Kafka...","logger":"dags.etl_dim_customer"}
{"timestamp":"2025-06-21T15:31:01.529097","level":"info","event":"Delivered to dim_customer [0] at offset 908","logger":"kafka.build_kafka"}
{"timestamp":"2025-06-21T15:31:01.529543","level":"info","event":"Delivered to dim_customer [0] at offset 909","logger":"kafka.build_kafka"}
{"timestamp":"2025-06-21T15:31:01.529680","level":"info","event":"Delivered to dim_customer [0] at offset 910","logger":"kafka.build_kafka"}
{"timestamp":"2025-06-21T15:31:01.529765","level":"info","event":"Delivered to dim_customer [0] at offset 911","logger":"kafka.build_kafka"}
{"timestamp":"2025-06-21T15:31:01.529845","level":"info","event":"Delivered to dim_customer [0] at offset 912","logger":"kafka.build_kafka"}
{"timestamp":"2025-06-21T15:31:01.529924","level":"info","event":"Delivered to dim_customer [0] at offset 913","logger":"kafka.build_kafka"}
{"timestamp":"2025-06-21T15:31:01.530003","level":"info","event":"Delivered to dim_customer [0] at offset 914","logger":"kafka.build_kafka"}
{"timestamp":"2025-06-21T15:31:01.530083","level":"info","event":"Delivered to dim_customer [0] at offset 915","logger":"kafka.build_kafka"}
{"timestamp":"2025-06-21T15:31:01.530163","level":"info","event":"Delivered to dim_customer [0] at offset 916","logger":"kafka.build_kafka"}
{"timestamp":"2025-06-21T15:31:01.538009","level":"info","event":"Delivered to dim_customer [1] at offset 820","logger":"kafka.build_kafka"}
{"timestamp":"2025-06-21T15:31:01.538293","level":"info","event":"Delivered to dim_customer [1] at offset 821","logger":"kafka.build_kafka"}
{"timestamp":"2025-06-21T15:31:01.538408","level":"info","event":"Delivered to dim_customer [1] at offset 822","logger":"kafka.build_kafka"}
{"timestamp":"2025-06-21T15:31:01.538507","level":"info","event":"Delivered to dim_customer [1] at offset 823","logger":"kafka.build_kafka"}
{"timestamp":"2025-06-21T15:31:01.538644","level":"info","event":"Delivered to dim_customer [1] at offset 824","logger":"kafka.build_kafka"}
{"timestamp":"2025-06-21T15:31:01.538732","level":"info","event":"Delivered to dim_customer [1] at offset 825","logger":"kafka.build_kafka"}
{"timestamp":"2025-06-21T15:31:01.538803","level":"info","event":"Delivered to dim_customer [1] at offset 826","logger":"kafka.build_kafka"}
{"timestamp":"2025-06-21T15:31:01.538876","level":"info","event":"Delivered to dim_customer [1] at offset 827","logger":"kafka.build_kafka"}
{"timestamp":"2025-06-21T15:31:01.538968","level":"info","event":"Delivered to dim_customer [1] at offset 828","logger":"kafka.build_kafka"}
{"timestamp":"2025-06-21T15:31:01.539046","level":"info","event":"Delivered to dim_customer [1] at offset 829","logger":"kafka.build_kafka"}
{"timestamp":"2025-06-21T15:31:01.539116","level":"info","event":"Delivered to dim_customer [1] at offset 830","logger":"kafka.build_kafka"}
{"timestamp":"2025-06-21T15:31:01.539189","level":"info","event":"Delivered to dim_customer [1] at offset 831","logger":"kafka.build_kafka"}
{"timestamp":"2025-06-21T15:31:01.539270","level":"info","event":"Delivered to dim_customer [1] at offset 832","logger":"kafka.build_kafka"}
{"timestamp":"2025-06-21T15:31:01.539340","level":"info","event":"Delivered to dim_customer [1] at offset 833","logger":"kafka.build_kafka"}
{"timestamp":"2025-06-21T15:31:01.551751","level":"info","event":"Delivered to dim_customer [2] at offset 767","logger":"kafka.build_kafka"}
{"timestamp":"2025-06-21T15:31:01.552173","level":"info","event":"Delivered to dim_customer [2] at offset 768","logger":"kafka.build_kafka"}
{"timestamp":"2025-06-21T15:31:01.552309","level":"info","event":"Delivered to dim_customer [2] at offset 769","logger":"kafka.build_kafka"}
{"timestamp":"2025-06-21T15:31:01.552520","level":"info","event":"Delivered to dim_customer [2] at offset 770","logger":"kafka.build_kafka"}
{"timestamp":"2025-06-21T15:31:01.552596","level":"info","event":"Delivered to dim_customer [2] at offset 771","logger":"kafka.build_kafka"}
{"timestamp":"2025-06-21T15:31:01.552672","level":"info","event":"Delivered to dim_customer [2] at offset 772","logger":"kafka.build_kafka"}
{"timestamp":"2025-06-21T15:31:01.552748","level":"info","event":"Delivered to dim_customer [2] at offset 773","logger":"kafka.build_kafka"}
{"timestamp":"2025-06-21T15:31:01.552815","level":"info","event":"Delivered to dim_customer [2] at offset 774","logger":"kafka.build_kafka"}
{"timestamp":"2025-06-21T15:31:01.552889","level":"info","event":"Delivered to dim_customer [2] at offset 775","logger":"kafka.build_kafka"}
{"timestamp":"2025-06-21T15:31:01.552955","level":"info","event":"Delivered to dim_customer [2] at offset 776","logger":"kafka.build_kafka"}
{"timestamp":"2025-06-21T15:31:01.553037","level":"info","event":"Delivered to dim_customer [3] at offset 823","logger":"kafka.build_kafka"}
{"timestamp":"2025-06-21T15:31:01.553120","level":"info","event":"Delivered to dim_customer [3] at offset 824","logger":"kafka.build_kafka"}
{"timestamp":"2025-06-21T15:31:01.553200","level":"info","event":"Delivered to dim_customer [3] at offset 825","logger":"kafka.build_kafka"}
{"timestamp":"2025-06-21T15:31:01.553277","level":"info","event":"Delivered to dim_customer [3] at offset 826","logger":"kafka.build_kafka"}
{"timestamp":"2025-06-21T15:31:01.553354","level":"info","event":"Delivered to dim_customer [3] at offset 827","logger":"kafka.build_kafka"}
{"timestamp":"2025-06-21T15:31:01.553471","level":"info","event":"Delivered to dim_customer [3] at offset 828","logger":"kafka.build_kafka"}
{"timestamp":"2025-06-21T15:31:01.553562","level":"info","event":"Delivered to dim_customer [3] at offset 829","logger":"kafka.build_kafka"}
{"timestamp":"2025-06-21T15:31:01.553667","level":"info","event":"Delivered to dim_customer [3] at offset 830","logger":"kafka.build_kafka"}
{"timestamp":"2025-06-21T15:31:01.553754","level":"info","event":"Delivered to dim_customer [3] at offset 831","logger":"kafka.build_kafka"}
{"timestamp":"2025-06-21T15:31:01.556904","level":"info","event":"Delivered to dim_customer [4] at offset 796","logger":"kafka.build_kafka"}
{"timestamp":"2025-06-21T15:31:01.557227","level":"info","event":"Delivered to dim_customer [4] at offset 797","logger":"kafka.build_kafka"}
{"timestamp":"2025-06-21T15:31:01.557819","level":"info","event":"Delivered to dim_customer [4] at offset 798","logger":"kafka.build_kafka"}
{"timestamp":"2025-06-21T15:31:01.557965","level":"info","event":"Delivered to dim_customer [4] at offset 799","logger":"kafka.build_kafka"}
{"timestamp":"2025-06-21T15:31:01.558065","level":"info","event":"Delivered to dim_customer [4] at offset 800","logger":"kafka.build_kafka"}
{"timestamp":"2025-06-21T15:31:01.558243","level":"info","event":"Delivered to dim_customer [4] at offset 801","logger":"kafka.build_kafka"}
{"timestamp":"2025-06-21T15:31:01.558346","level":"info","event":"Delivered to dim_customer [4] at offset 802","logger":"kafka.build_kafka"}
{"timestamp":"2025-06-21T15:31:01.558437","level":"info","event":"Delivered to dim_customer [4] at offset 803","logger":"kafka.build_kafka"}
{"timestamp":"2025-06-21T15:31:02.172825","level":"info","event":"extract dim_customer","logger":"dags.etl_dim_customer"}
{"timestamp":"2025-06-21T15:31:02.305915","level":"info","event":"transform_dim_customer","logger":"dags.etl_dim_customer"}
{"timestamp":"2025-06-21T15:31:02.821716","level":"info","event":"extract_transform success","logger":"dags.etl_dim_customer"}
{"timestamp":"2025-06-21T15:31:03.300498","level":"info","event":"Tổng số bản ghi cần gửi: 50","logger":"dags.etl_dim_customer"}
{"timestamp":"2025-06-21T15:31:03.529150","level":"info","event":"Batch 10: 50 bản ghi. Đang gửi lên Kafka...","logger":"dags.etl_dim_customer"}
{"timestamp":"2025-06-21T15:31:03.781839","level":"info","event":"Delivered to dim_customer [2] at offset 777","logger":"kafka.build_kafka"}
{"timestamp":"2025-06-21T15:31:03.782227","level":"info","event":"Delivered to dim_customer [2] at offset 778","logger":"kafka.build_kafka"}
{"timestamp":"2025-06-21T15:31:03.782343","level":"info","event":"Delivered to dim_customer [2] at offset 779","logger":"kafka.build_kafka"}
{"timestamp":"2025-06-21T15:31:03.782423","level":"info","event":"Delivered to dim_customer [2] at offset 780","logger":"kafka.build_kafka"}
{"timestamp":"2025-06-21T15:31:03.782516","level":"info","event":"Delivered to dim_customer [2] at offset 781","logger":"kafka.build_kafka"}
{"timestamp":"2025-06-21T15:31:03.782656","level":"info","event":"Delivered to dim_customer [2] at offset 782","logger":"kafka.build_kafka"}
{"timestamp":"2025-06-21T15:31:03.782756","level":"info","event":"Delivered to dim_customer [2] at offset 783","logger":"kafka.build_kafka"}
{"timestamp":"2025-06-21T15:31:03.782837","level":"info","event":"Delivered to dim_customer [2] at offset 784","logger":"kafka.build_kafka"}
{"timestamp":"2025-06-21T15:31:03.783011","level":"info","event":"Delivered to dim_customer [2] at offset 785","logger":"kafka.build_kafka"}
{"timestamp":"2025-06-21T15:31:03.783158","level":"info","event":"Delivered to dim_customer [2] at offset 786","logger":"kafka.build_kafka"}
{"timestamp":"2025-06-21T15:31:03.794697","level":"info","event":"Delivered to dim_customer [3] at offset 832","logger":"kafka.build_kafka"}
{"timestamp":"2025-06-21T15:31:03.794938","level":"info","event":"Delivered to dim_customer [3] at offset 833","logger":"kafka.build_kafka"}
{"timestamp":"2025-06-21T15:31:03.795026","level":"info","event":"Delivered to dim_customer [3] at offset 834","logger":"kafka.build_kafka"}
{"timestamp":"2025-06-21T15:31:03.795080","level":"info","event":"Delivered to dim_customer [3] at offset 835","logger":"kafka.build_kafka"}
{"timestamp":"2025-06-21T15:31:03.795142","level":"info","event":"Delivered to dim_customer [3] at offset 836","logger":"kafka.build_kafka"}
{"timestamp":"2025-06-21T15:31:03.795191","level":"info","event":"Delivered to dim_customer [3] at offset 837","logger":"kafka.build_kafka"}
{"timestamp":"2025-06-21T15:31:03.795239","level":"info","event":"Delivered to dim_customer [3] at offset 838","logger":"kafka.build_kafka"}
{"timestamp":"2025-06-21T15:31:03.795287","level":"info","event":"Delivered to dim_customer [3] at offset 839","logger":"kafka.build_kafka"}
{"timestamp":"2025-06-21T15:31:03.795336","level":"info","event":"Delivered to dim_customer [3] at offset 840","logger":"kafka.build_kafka"}
{"timestamp":"2025-06-21T15:31:03.795408","level":"info","event":"Delivered to dim_customer [3] at offset 841","logger":"kafka.build_kafka"}
{"timestamp":"2025-06-21T15:31:03.804621","level":"info","event":"Delivered to dim_customer [4] at offset 804","logger":"kafka.build_kafka"}
{"timestamp":"2025-06-21T15:31:03.804900","level":"info","event":"Delivered to dim_customer [4] at offset 805","logger":"kafka.build_kafka"}
{"timestamp":"2025-06-21T15:31:03.804996","level":"info","event":"Delivered to dim_customer [4] at offset 806","logger":"kafka.build_kafka"}
{"timestamp":"2025-06-21T15:31:03.805051","level":"info","event":"Delivered to dim_customer [4] at offset 807","logger":"kafka.build_kafka"}
{"timestamp":"2025-06-21T15:31:03.805118","level":"info","event":"Delivered to dim_customer [4] at offset 808","logger":"kafka.build_kafka"}
{"timestamp":"2025-06-21T15:31:03.805203","level":"info","event":"Delivered to dim_customer [4] at offset 809","logger":"kafka.build_kafka"}
{"timestamp":"2025-06-21T15:31:03.805255","level":"info","event":"Delivered to dim_customer [4] at offset 810","logger":"kafka.build_kafka"}
{"timestamp":"2025-06-21T15:31:03.805304","level":"info","event":"Delivered to dim_customer [4] at offset 811","logger":"kafka.build_kafka"}
{"timestamp":"2025-06-21T15:31:03.809790","level":"info","event":"Delivered to dim_customer [0] at offset 917","logger":"kafka.build_kafka"}
{"timestamp":"2025-06-21T15:31:03.810058","level":"info","event":"Delivered to dim_customer [0] at offset 918","logger":"kafka.build_kafka"}
{"timestamp":"2025-06-21T15:31:03.810174","level":"info","event":"Delivered to dim_customer [0] at offset 919","logger":"kafka.build_kafka"}
{"timestamp":"2025-06-21T15:31:03.810255","level":"info","event":"Delivered to dim_customer [0] at offset 920","logger":"kafka.build_kafka"}
{"timestamp":"2025-06-21T15:31:03.810331","level":"info","event":"Delivered to dim_customer [0] at offset 921","logger":"kafka.build_kafka"}
{"timestamp":"2025-06-21T15:31:03.810529","level":"info","event":"Delivered to dim_customer [0] at offset 922","logger":"kafka.build_kafka"}
{"timestamp":"2025-06-21T15:31:03.810632","level":"info","event":"Delivered to dim_customer [0] at offset 923","logger":"kafka.build_kafka"}
{"timestamp":"2025-06-21T15:31:03.810755","level":"info","event":"Delivered to dim_customer [0] at offset 924","logger":"kafka.build_kafka"}
{"timestamp":"2025-06-21T15:31:03.810836","level":"info","event":"Delivered to dim_customer [0] at offset 925","logger":"kafka.build_kafka"}
{"timestamp":"2025-06-21T15:31:03.810910","level":"info","event":"Delivered to dim_customer [0] at offset 926","logger":"kafka.build_kafka"}
{"timestamp":"2025-06-21T15:31:03.811073","level":"info","event":"Delivered to dim_customer [0] at offset 927","logger":"kafka.build_kafka"}
{"timestamp":"2025-06-21T15:31:03.811197","level":"info","event":"Delivered to dim_customer [0] at offset 928","logger":"kafka.build_kafka"}
{"timestamp":"2025-06-21T15:31:03.811358","level":"info","event":"Delivered to dim_customer [0] at offset 929","logger":"kafka.build_kafka"}
{"timestamp":"2025-06-21T15:31:03.813407","level":"info","event":"Delivered to dim_customer [1] at offset 834","logger":"kafka.build_kafka"}
{"timestamp":"2025-06-21T15:31:03.813711","level":"info","event":"Delivered to dim_customer [1] at offset 835","logger":"kafka.build_kafka"}
{"timestamp":"2025-06-21T15:31:03.813831","level":"info","event":"Delivered to dim_customer [1] at offset 836","logger":"kafka.build_kafka"}
{"timestamp":"2025-06-21T15:31:03.814007","level":"info","event":"Delivered to dim_customer [1] at offset 837","logger":"kafka.build_kafka"}
{"timestamp":"2025-06-21T15:31:03.814101","level":"info","event":"Delivered to dim_customer [1] at offset 838","logger":"kafka.build_kafka"}
{"timestamp":"2025-06-21T15:31:03.816049","level":"info","event":"Delivered to dim_customer [1] at offset 839","logger":"kafka.build_kafka"}
{"timestamp":"2025-06-21T15:31:03.816644","level":"info","event":"Delivered to dim_customer [1] at offset 840","logger":"kafka.build_kafka"}
{"timestamp":"2025-06-21T15:31:03.816767","level":"info","event":"Delivered to dim_customer [1] at offset 841","logger":"kafka.build_kafka"}
{"timestamp":"2025-06-21T15:31:03.816870","level":"info","event":"Delivered to dim_customer [1] at offset 842","logger":"kafka.build_kafka"}
{"timestamp":"2025-06-21T15:31:04.328930","level":"info","event":"extract dim_customer","logger":"dags.etl_dim_customer"}
{"timestamp":"2025-06-21T15:31:04.580237","level":"info","event":"transform_dim_customer","logger":"dags.etl_dim_customer"}
{"timestamp":"2025-06-21T15:31:04.879111","level":"info","event":"extract_transform success","logger":"dags.etl_dim_customer"}
{"timestamp":"2025-06-21T15:31:30.980086Z","level":"error","event":"Server indicated the task shouldn't be running anymore. Terminating process","detail":{"detail":{"reason":"not_running","message":"TI is no longer in the running state and task should terminate","current_state":"failed"}},"logger":"task"}
{"timestamp":"2025-06-21T15:31:11.288726","level":"info","event":"Tổng số bản ghi cần gửi: 50","logger":"dags.etl_dim_customer"}
{"timestamp":"2025-06-21T15:31:31.147323","level":"info","event":"Batch 11: 50 bản ghi. Đang gửi lên Kafka...","logger":"dags.etl_dim_customer"}
{"timestamp":"2025-06-21T15:31:31.126636Z","level":"error","event":"\r[Stage 0:>                                                          (0 + 0) / 1]\r\r[Stage 0:>                                                          (0 + 1) / 1]\r\r                                                                                \r\r[Stage 111:>                                                        (0 + 0) / 1]\r\r[Stage 111:>                                                        (0 + 1) / 1]\r\r                                                                                \r25/06/21 15:31:31 ERROR Utils: Aborting task","chan":"stderr","logger":"task"}
{"timestamp":"2025-06-21T15:31:31.129407Z","level":"error","event":"java.net.SocketException: Connection reset","chan":"stderr","logger":"task"}
{"timestamp":"2025-06-21T15:31:31.130235Z","level":"error","event":"\tat java.base/sun.nio.ch.NioSocketImpl.implRead(NioSocketImpl.java:328)","chan":"stderr","logger":"task"}
{"timestamp":"2025-06-21T15:31:31.130763Z","level":"error","event":"\tat java.base/sun.nio.ch.NioSocketImpl.read(NioSocketImpl.java:355)","chan":"stderr","logger":"task"}
{"timestamp":"2025-06-21T15:31:31.131564Z","level":"error","event":"\tat java.base/sun.nio.ch.NioSocketImpl$1.read(NioSocketImpl.java:808)","chan":"stderr","logger":"task"}
{"timestamp":"2025-06-21T15:31:31.132164Z","level":"error","event":"\tat java.base/java.net.Socket$SocketInputStream.read(Socket.java:966)","chan":"stderr","logger":"task"}
{"timestamp":"2025-06-21T15:31:31.134710Z","level":"error","event":"\tat java.base/java.net.Socket$SocketInputStream.read(Socket.java:961)","chan":"stderr","logger":"task"}
{"timestamp":"2025-06-21T15:31:31.141435Z","level":"error","event":"\tat java.base/java.io.DataInputStream.readInt(DataInputStream.java:381)","chan":"stderr","logger":"task"}
{"timestamp":"2025-06-21T15:31:31.142133Z","level":"error","event":"\tat org.apache.spark.api.python.PythonRDD$.$anonfun$toLocalIteratorAndServe$2(PythonRDD.scala:255)","chan":"stderr","logger":"task"}
{"timestamp":"2025-06-21T15:31:31.142695Z","level":"error","event":"\tat scala.runtime.java8.JFunction0$mcV$sp.apply(JFunction0$mcV$sp.scala:18)","chan":"stderr","logger":"task"}
{"timestamp":"2025-06-21T15:31:31.143088Z","level":"error","event":"\tat org.apache.spark.util.Utils$.tryWithSafeFinallyAndFailureCallbacks(Utils.scala:1323)","chan":"stderr","logger":"task"}
{"timestamp":"2025-06-21T15:31:31.143473Z","level":"error","event":"\tat org.apache.spark.api.python.PythonRDD$.$anonfun$toLocalIteratorAndServe$1(PythonRDD.scala:283)","chan":"stderr","logger":"task"}
{"timestamp":"2025-06-21T15:31:31.143856Z","level":"error","event":"\tat org.apache.spark.api.python.PythonRDD$.$anonfun$toLocalIteratorAndServe$1$adapted(PythonRDD.scala:234)","chan":"stderr","logger":"task"}
{"timestamp":"2025-06-21T15:31:31.144592Z","level":"error","event":"\tat org.apache.spark.security.SocketFuncServer.handleConnection(SocketAuthServer.scala:114)","chan":"stderr","logger":"task"}
{"timestamp":"2025-06-21T15:31:31.146336Z","level":"error","event":"\tat org.apache.spark.security.SocketFuncServer.handleConnection(SocketAuthServer.scala:108)","chan":"stderr","logger":"task"}
{"timestamp":"2025-06-21T15:31:31.146980Z","level":"error","event":"\tat org.apache.spark.security.SocketAuthServer$$anon$1.$anonfun$run$4(SocketAuthServer.scala:69)","chan":"stderr","logger":"task"}
{"timestamp":"2025-06-21T15:31:31.147922Z","level":"error","event":"\tat scala.util.Try$.apply(Try.scala:217)","chan":"stderr","logger":"task"}
{"timestamp":"2025-06-21T15:31:31.148312Z","level":"error","event":"\tat org.apache.spark.security.SocketAuthServer$$anon$1.run(SocketAuthServer.scala:69)","chan":"stderr","logger":"task"}
{"timestamp":"2025-06-21T15:31:31.150022Z","level":"error","event":"Task killed!","logger":"task"}
{"timestamp":"2025-06-21T15:31:31.151224Z","level":"error","event":"25/06/21 15:31:31 WARN Utils: Suppressing exception in catch: Broken pipe","chan":"stderr","logger":"task"}
{"timestamp":"2025-06-21T15:31:31.158030Z","level":"error","event":"java.net.SocketException: Broken pipe","chan":"stderr","logger":"task"}
{"timestamp":"2025-06-21T15:31:31.163161Z","level":"error","event":"\tat java.base/sun.nio.ch.NioSocketImpl.implWrite(NioSocketImpl.java:425)","chan":"stderr","logger":"task"}
{"timestamp":"2025-06-21T15:31:31.165086Z","level":"error","event":"\tat java.base/sun.nio.ch.NioSocketImpl.write(NioSocketImpl.java:445)","chan":"stderr","logger":"task"}
{"timestamp":"2025-06-21T15:31:31.166572Z","level":"error","event":"\tat java.base/sun.nio.ch.NioSocketImpl$2.write(NioSocketImpl.java:831)","chan":"stderr","logger":"task"}
{"timestamp":"2025-06-21T15:31:31.168644Z","level":"error","event":"\tat java.base/java.net.Socket$SocketOutputStream.write(Socket.java:1035)","chan":"stderr","logger":"task"}
{"timestamp":"2025-06-21T15:31:31.169632Z","level":"error","event":"\tat java.base/java.io.DataOutputStream.writeInt(DataOutputStream.java:208)","chan":"stderr","logger":"task"}
{"timestamp":"2025-06-21T15:31:31.172720Z","level":"error","event":"\tat org.apache.spark.api.python.PythonRDD$.$anonfun$toLocalIteratorAndServe$7(PythonRDD.scala:282)","chan":"stderr","logger":"task"}
{"timestamp":"2025-06-21T15:31:31.178965Z","level":"error","event":"\tat org.apache.spark.util.Utils$.tryWithSafeFinallyAndFailureCallbacks(Utils.scala:1334)","chan":"stderr","logger":"task"}
{"timestamp":"2025-06-21T15:31:31.179843Z","level":"error","event":"\tat org.apache.spark.api.python.PythonRDD$.$anonfun$toLocalIteratorAndServe$1(PythonRDD.scala:283)","chan":"stderr","logger":"task"}
{"timestamp":"2025-06-21T15:31:31.180309Z","level":"error","event":"\tat org.apache.spark.api.python.PythonRDD$.$anonfun$toLocalIteratorAndServe$1$adapted(PythonRDD.scala:234)","chan":"stderr","logger":"task"}
{"timestamp":"2025-06-21T15:31:31.181933Z","level":"error","event":"\tat org.apache.spark.security.SocketFuncServer.handleConnection(SocketAuthServer.scala:114)","chan":"stderr","logger":"task"}
{"timestamp":"2025-06-21T15:31:31.192272Z","level":"error","event":"\tat org.apache.spark.security.SocketFuncServer.handleConnection(SocketAuthServer.scala:108)","chan":"stderr","logger":"task"}
{"timestamp":"2025-06-21T15:31:31.194556Z","level":"error","event":"\tat org.apache.spark.security.SocketAuthServer$$anon$1.$anonfun$run$4(SocketAuthServer.scala:69)","chan":"stderr","logger":"task"}
{"timestamp":"2025-06-21T15:31:31.195643Z","level":"error","event":"\tat scala.util.Try$.apply(Try.scala:217)","chan":"stderr","logger":"task"}
{"timestamp":"2025-06-21T15:31:31.196093Z","level":"error","event":"\tat org.apache.spark.security.SocketAuthServer$$anon$1.run(SocketAuthServer.scala:69)","chan":"stderr","logger":"task"}
