{"timestamp":"2025-06-22T02:01:17.301003","level":"info","event":"DAG bundles loaded: dags-folder, example_dags","logger":"airflow.dag_processing.bundles.manager.DagBundlesManager"}
{"timestamp":"2025-06-22T02:01:17.302028","level":"info","event":"Filling up the DagBag from /opt/airflow/dags/etl_pipeline.py","logger":"airflow.models.dagbag.DagBag"}
{"timestamp":"2025-06-22T02:01:19.977581Z","level":"info","event":"Task instance is in running state","chan":"stdout","logger":"task"}
{"timestamp":"2025-06-22T02:01:19.978976Z","level":"info","event":" Previous state of the Task instance: queued","chan":"stdout","logger":"task"}
{"timestamp":"2025-06-22T02:01:19.980161Z","level":"info","event":"Current task name:dim_order_group.producer_kafka","chan":"stdout","logger":"task"}
{"timestamp":"2025-06-22T02:01:19.981160Z","level":"info","event":"Dag name:etl_pipeline","chan":"stdout","logger":"task"}
{"timestamp":"2025-06-22T02:01:19.981859Z","level":"error","event":"WARNING: Using incubator modules: jdk.incubator.vector","chan":"stderr","logger":"task"}
{"timestamp":"2025-06-22T02:01:21.544479Z","level":"error","event":":: loading settings :: url = jar:file:/home/airflow/.local/lib/python3.12/site-packages/pyspark/jars/ivy-2.5.3.jar!/org/apache/ivy/core/settings/ivysettings.xml","chan":"stderr","logger":"task"}
{"timestamp":"2025-06-22T02:01:21.676528Z","level":"error","event":"Ivy Default Cache set to: /home/airflow/.ivy2.5.2/cache","chan":"stderr","logger":"task"}
{"timestamp":"2025-06-22T02:01:21.677465Z","level":"error","event":"The jars for the packages stored in: /home/airflow/.ivy2.5.2/jars","chan":"stderr","logger":"task"}
{"timestamp":"2025-06-22T02:01:21.681536Z","level":"error","event":"org.postgresql#postgresql added as a dependency","chan":"stderr","logger":"task"}
{"timestamp":"2025-06-22T02:01:21.682324Z","level":"error","event":"org.apache.spark#spark-sql-kafka-0-10_2.12 added as a dependency","chan":"stderr","logger":"task"}
{"timestamp":"2025-06-22T02:01:21.682991Z","level":"error","event":":: resolving dependencies :: org.apache.spark#spark-submit-parent-e83a2e0f-ba61-4c47-8208-50e4415c7e06;1.0","chan":"stderr","logger":"task"}
{"timestamp":"2025-06-22T02:01:21.683664Z","level":"error","event":"\tconfs: [default]","chan":"stderr","logger":"task"}
{"timestamp":"2025-06-22T02:01:21.848163Z","level":"error","event":"\tfound org.postgresql#postgresql;42.7.1 in spark-list","chan":"stderr","logger":"task"}
{"timestamp":"2025-06-22T02:01:21.890999Z","level":"error","event":"\tfound org.checkerframework#checker-qual;3.41.0 in central","chan":"stderr","logger":"task"}
{"timestamp":"2025-06-22T02:01:22.017429Z","level":"error","event":"\tfound org.apache.spark#spark-sql-kafka-0-10_2.12;3.3.0 in central","chan":"stderr","logger":"task"}
{"timestamp":"2025-06-22T02:01:22.098565Z","level":"error","event":"\tfound org.apache.spark#spark-token-provider-kafka-0-10_2.12;3.3.0 in central","chan":"stderr","logger":"task"}
{"timestamp":"2025-06-22T02:01:22.153510Z","level":"error","event":"\tfound org.apache.kafka#kafka-clients;2.8.1 in central","chan":"stderr","logger":"task"}
{"timestamp":"2025-06-22T02:01:22.200093Z","level":"error","event":"\tfound org.lz4#lz4-java;1.8.0 in central","chan":"stderr","logger":"task"}
{"timestamp":"2025-06-22T02:01:22.236649Z","level":"error","event":"\tfound org.xerial.snappy#snappy-java;1.1.8.4 in central","chan":"stderr","logger":"task"}
{"timestamp":"2025-06-22T02:01:22.267523Z","level":"error","event":"\tfound org.slf4j#slf4j-api;1.7.32 in central","chan":"stderr","logger":"task"}
{"timestamp":"2025-06-22T02:01:22.308020Z","level":"error","event":"\tfound org.apache.hadoop#hadoop-client-runtime;3.3.2 in central","chan":"stderr","logger":"task"}
{"timestamp":"2025-06-22T02:01:22.343408Z","level":"error","event":"\tfound org.spark-project.spark#unused;1.0.0 in central","chan":"stderr","logger":"task"}
{"timestamp":"2025-06-22T02:01:22.382140Z","level":"error","event":"\tfound org.apache.hadoop#hadoop-client-api;3.3.2 in central","chan":"stderr","logger":"task"}
{"timestamp":"2025-06-22T02:01:22.423494Z","level":"error","event":"\tfound commons-logging#commons-logging;1.1.3 in central","chan":"stderr","logger":"task"}
{"timestamp":"2025-06-22T02:01:22.448514Z","level":"error","event":"\tfound com.google.code.findbugs#jsr305;3.0.0 in central","chan":"stderr","logger":"task"}
{"timestamp":"2025-06-22T02:01:22.477955Z","level":"error","event":"\tfound org.apache.commons#commons-pool2;2.11.1 in spark-list","chan":"stderr","logger":"task"}
{"timestamp":"2025-06-22T02:01:22.529305Z","level":"error","event":":: resolution report :: resolve 828ms :: artifacts dl 18ms","chan":"stderr","logger":"task"}
{"timestamp":"2025-06-22T02:01:22.530465Z","level":"error","event":"\t:: modules in use:","chan":"stderr","logger":"task"}
{"timestamp":"2025-06-22T02:01:22.531413Z","level":"error","event":"\tcom.google.code.findbugs#jsr305;3.0.0 from central in [default]","chan":"stderr","logger":"task"}
{"timestamp":"2025-06-22T02:01:22.532136Z","level":"error","event":"\tcommons-logging#commons-logging;1.1.3 from central in [default]","chan":"stderr","logger":"task"}
{"timestamp":"2025-06-22T02:01:22.532771Z","level":"error","event":"\torg.apache.commons#commons-pool2;2.11.1 from spark-list in [default]","chan":"stderr","logger":"task"}
{"timestamp":"2025-06-22T02:01:22.533430Z","level":"error","event":"\torg.apache.hadoop#hadoop-client-api;3.3.2 from central in [default]","chan":"stderr","logger":"task"}
{"timestamp":"2025-06-22T02:01:22.534091Z","level":"error","event":"\torg.apache.hadoop#hadoop-client-runtime;3.3.2 from central in [default]","chan":"stderr","logger":"task"}
{"timestamp":"2025-06-22T02:01:22.534683Z","level":"error","event":"\torg.apache.kafka#kafka-clients;2.8.1 from central in [default]","chan":"stderr","logger":"task"}
{"timestamp":"2025-06-22T02:01:22.535666Z","level":"error","event":"\torg.apache.spark#spark-sql-kafka-0-10_2.12;3.3.0 from central in [default]","chan":"stderr","logger":"task"}
{"timestamp":"2025-06-22T02:01:22.536351Z","level":"error","event":"\torg.apache.spark#spark-token-provider-kafka-0-10_2.12;3.3.0 from central in [default]","chan":"stderr","logger":"task"}
{"timestamp":"2025-06-22T02:01:22.537004Z","level":"error","event":"\torg.checkerframework#checker-qual;3.41.0 from central in [default]","chan":"stderr","logger":"task"}
{"timestamp":"2025-06-22T02:01:22.537695Z","level":"error","event":"\torg.lz4#lz4-java;1.8.0 from central in [default]","chan":"stderr","logger":"task"}
{"timestamp":"2025-06-22T02:01:22.538295Z","level":"error","event":"\torg.postgresql#postgresql;42.7.1 from spark-list in [default]","chan":"stderr","logger":"task"}
{"timestamp":"2025-06-22T02:01:22.538883Z","level":"error","event":"\torg.slf4j#slf4j-api;1.7.32 from central in [default]","chan":"stderr","logger":"task"}
{"timestamp":"2025-06-22T02:01:22.539448Z","level":"error","event":"\torg.spark-project.spark#unused;1.0.0 from central in [default]","chan":"stderr","logger":"task"}
{"timestamp":"2025-06-22T02:01:22.539999Z","level":"error","event":"\torg.xerial.snappy#snappy-java;1.1.8.4 from central in [default]","chan":"stderr","logger":"task"}
{"timestamp":"2025-06-22T02:01:22.540610Z","level":"error","event":"\t---------------------------------------------------------------------","chan":"stderr","logger":"task"}
{"timestamp":"2025-06-22T02:01:22.541196Z","level":"error","event":"\t|                  |            modules            ||   artifacts   |","chan":"stderr","logger":"task"}
{"timestamp":"2025-06-22T02:01:22.541741Z","level":"error","event":"\t|       conf       | number| search|dwnlded|evicted|| number|dwnlded|","chan":"stderr","logger":"task"}
{"timestamp":"2025-06-22T02:01:22.542274Z","level":"error","event":"\t---------------------------------------------------------------------","chan":"stderr","logger":"task"}
{"timestamp":"2025-06-22T02:01:22.543143Z","level":"error","event":"\t|      default     |   14  |   0   |   0   |   0   ||   14  |   0   |","chan":"stderr","logger":"task"}
{"timestamp":"2025-06-22T02:01:22.543698Z","level":"error","event":"\t---------------------------------------------------------------------","chan":"stderr","logger":"task"}
{"timestamp":"2025-06-22T02:01:22.544383Z","level":"error","event":":: retrieving :: org.apache.spark#spark-submit-parent-e83a2e0f-ba61-4c47-8208-50e4415c7e06","chan":"stderr","logger":"task"}
{"timestamp":"2025-06-22T02:01:22.545041Z","level":"error","event":"\tconfs: [default]","chan":"stderr","logger":"task"}
{"timestamp":"2025-06-22T02:01:22.556810Z","level":"error","event":"\t0 artifacts copied, 14 already retrieved (0kB/13ms)","chan":"stderr","logger":"task"}
{"timestamp":"2025-06-22T02:01:23.058829Z","level":"error","event":"25/06/22 02:01:23 WARN NativeCodeLoader: Unable to load native-hadoop library for your platform... using builtin-java classes where applicable","chan":"stderr","logger":"task"}
{"timestamp":"2025-06-22T02:01:23.577646Z","level":"error","event":"Using Spark's default log4j profile: org/apache/spark/log4j2-defaults.properties","chan":"stderr","logger":"task"}
{"timestamp":"2025-06-22T02:01:23.579797Z","level":"error","event":"Setting default log level to \"WARN\".","chan":"stderr","logger":"task"}
{"timestamp":"2025-06-22T02:01:23.581438Z","level":"error","event":"To adjust logging level use sc.setLogLevel(newLevel). For SparkR, use setLogLevel(newLevel).","chan":"stderr","logger":"task"}
{"timestamp":"2025-06-22T02:01:31.665908","level":"info","event":"Thử lần 1/3 kiểm tra topic 'dim_order'...","logger":"kafka.build_kafka"}
{"timestamp":"2025-06-22T02:01:31.730189","level":"info","event":"Topic 'dim_order' đã tồn tại.","logger":"kafka.build_kafka"}
{"timestamp":"2025-06-22T02:01:31.832552","level":"info","event":"extract_dim_order","logger":"dags.etl_dim_order"}
{"timestamp":"2025-06-22T02:01:33.528578","level":"info","event":"transform dim_order","logger":"dags.etl_dim_order"}
{"timestamp":"2025-06-22T02:01:34.147249","level":"info","event":"Extract và transform dim_order thành công","logger":"dags.etl_dim_order"}
{"timestamp":"2025-06-22T02:01:37.915849","level":"info","event":"Tổng số bản ghi cần gửi: 5000","logger":"dags.etl_dim_order"}
{"timestamp":"2025-06-22T02:01:38.191801","level":"info","event":"Batch 1: 5000 bản ghi. Đang gửi lên Kafka...","logger":"dags.etl_dim_order"}
{"timestamp":"2025-06-22T02:01:39.394298","level":"info","event":"extract_dim_order","logger":"dags.etl_dim_order"}
{"timestamp":"2025-06-22T02:01:39.452706","level":"info","event":"transform dim_order","logger":"dags.etl_dim_order"}
{"timestamp":"2025-06-22T02:01:39.516976","level":"info","event":"Extract và transform dim_order thành công","logger":"dags.etl_dim_order"}
{"timestamp":"2025-06-22T02:01:39.861861","level":"info","event":"Tổng số bản ghi cần gửi: 4342","logger":"dags.etl_dim_order"}
{"timestamp":"2025-06-22T02:01:40.044198","level":"info","event":"Batch 2: 4342 bản ghi. Đang gửi lên Kafka...","logger":"dags.etl_dim_order"}
{"timestamp":"2025-06-22T02:01:40.572580","level":"info","event":"extract_dim_order","logger":"dags.etl_dim_order"}
{"timestamp":"2025-06-22T02:01:40.612375","level":"info","event":"transform dim_order","logger":"dags.etl_dim_order"}
{"timestamp":"2025-06-22T02:01:40.651410","level":"info","event":"Extract và transform dim_order thành công","logger":"dags.etl_dim_order"}
{"timestamp":"2025-06-22T02:01:40.752367","level":"info","event":"Đã hết dữ liệu để push lên Kafka.","logger":"dags.etl_dim_order"}
{"timestamp":"2025-06-22T02:01:40.752799","level":"info","event":"Đã đẩy 9342 bản ghi lên Kafka.","logger":"dags.etl_dim_order"}
{"timestamp":"2025-06-22T02:01:40.917931","level":"info","event":"Done. Returned value was: None","logger":"airflow.task.operators.airflow.providers.standard.operators.python.PythonOperator"}
{"timestamp":"2025-06-22T02:01:40.948584Z","level":"info","event":"Task instance in success state","chan":"stdout","logger":"task"}
{"timestamp":"2025-06-22T02:01:40.949704Z","level":"info","event":" Previous state of the Task instance: running","chan":"stdout","logger":"task"}
{"timestamp":"2025-06-22T02:01:40.950608Z","level":"info","event":"Task operator:<Task(PythonOperator): dim_order_group.producer_kafka>","chan":"stdout","logger":"task"}
{"timestamp":"2025-06-22T02:01:41.399530Z","level":"error","event":"\r[Stage 0:>                                                          (0 + 1) / 1]","chan":"stderr","logger":"task"}
