{"timestamp":"2025-06-14T15:04:44.866906","level":"info","event":"DAG bundles loaded: dags-folder, example_dags","logger":"airflow.dag_processing.bundles.manager.DagBundlesManager"}
{"timestamp":"2025-06-14T15:04:44.877774","level":"info","event":"Filling up the DagBag from /opt/airflow/dags/etl_pipeline.py","logger":"airflow.models.dagbag.DagBag"}
{"timestamp":"2025-06-14T15:04:47.168266Z","level":"error","event":"%3|1749913487.168|FAIL|rdkafka#producer-1| [thrd:localhost:9092/bootstrap]: localhost:9092/bootstrap: Connect to ipv4#127.0.0.1:9092 failed: Connection refused (after 5ms in state CONNECT)","chan":"stderr","logger":"task"}
{"timestamp":"2025-06-14T15:04:47.198891Z","level":"error","event":"%3|1749913487.198|FAIL|rdkafka#consumer-2| [thrd:localhost:9092/bootstrap]: localhost:9092/bootstrap: Connect to ipv4#127.0.0.1:9092 failed: Connection refused (after 0ms in state CONNECT)","chan":"stderr","logger":"task"}
{"timestamp":"2025-06-14T15:04:47.250731Z","level":"error","event":"%3|1749913487.250|FAIL|rdkafka#consumer-2| [thrd:localhost:9092/bootstrap]: localhost:9092/bootstrap: Connect to ipv4#127.0.0.1:9092 failed: Connection refused (after 0ms in state CONNECT, 1 identical error(s) suppressed)","chan":"stderr","logger":"task"}
{"timestamp":"2025-06-14T15:04:47.560094","level":"warning","event":"/opt/airflow/dags/etl_dim_customer.py:18: UserWarning: MessageFactory class is deprecated. Please use GetMessageClass() instead of MessageFactory.GetPrototype. MessageFactory class will be removed after 2024.\n  CustomerMessage = factory.GetPrototype(descriptor)\n","logger":"py.warnings"}
{"timestamp":"2025-06-14T15:04:47.607365Z","level":"info","event":"Task instance is in running state","chan":"stdout","logger":"task"}
{"timestamp":"2025-06-14T15:04:47.610419Z","level":"info","event":" Previous state of the Task instance: queued","chan":"stdout","logger":"task"}
{"timestamp":"2025-06-14T15:04:47.613438Z","level":"info","event":"Current task name:dim_product_group.load","chan":"stdout","logger":"task"}
{"timestamp":"2025-06-14T15:04:47.614084Z","level":"info","event":"Dag name:etl_pipeline","chan":"stdout","logger":"task"}
{"timestamp":"2025-06-14T15:04:47.565990","level":"info","event":"Secrets backends loaded for worker","count":1,"backend_classes":["EnvironmentVariablesBackend"],"logger":"supervisor"}
{"timestamp":"2025-06-14T15:04:47.608684","level":"info","event":"Connection Retrieved 'postgres_default'","logger":"airflow.hooks.base"}
{"timestamp":"2025-06-14T15:04:47.759689","level":"warning","event":"/opt/airflow/dags/etl_dim_product.py:6: UserWarning: pandas only supports SQLAlchemy connectable (engine/connection) or database string URI or sqlite3 DBAPI2 connection. Other DBAPI2 objects are not tested. Please consider using SQLAlchemy.\n  df = pd.read_sql(\"\"\"\n","logger":"py.warnings"}
{"timestamp":"2025-06-14T15:04:47.783538","level":"info","event":"Secrets backends loaded for worker","count":1,"backend_classes":["EnvironmentVariablesBackend"],"logger":"supervisor"}
{"timestamp":"2025-06-14T15:04:47.793522","level":"info","event":"Connection Retrieved 'sqlserver_default'","logger":"airflow.hooks.base"}
{"timestamp":"2025-06-14T15:04:48.142291Z","level":"error","event":"%3|1749913488.142|FAIL|rdkafka#producer-1| [thrd:localhost:9092/bootstrap]: localhost:9092/bootstrap: Connect to ipv4#127.0.0.1:9092 failed: Connection refused (after 0ms in state CONNECT, 1 identical error(s) suppressed)","chan":"stderr","logger":"task"}
{"timestamp":"2025-06-14T15:04:51.487586Z","level":"info","event":"Đã thêm dim_product 0 bản ghi mới, bỏ qua 1729 bản ghi trùng","chan":"stdout","logger":"task"}
{"timestamp":"2025-06-14T15:04:51.509219Z","level":"info","event":"Task instance in success state","chan":"stdout","logger":"task"}
{"timestamp":"2025-06-14T15:04:51.509900Z","level":"info","event":" Previous state of the Task instance: running","chan":"stdout","logger":"task"}
{"timestamp":"2025-06-14T15:04:51.510565Z","level":"info","event":"Task operator:<Task(PythonOperator): dim_product_group.load>","chan":"stdout","logger":"task"}
{"timestamp":"2025-06-14T15:04:51.490210","level":"info","event":"Done. Returned value was: None","logger":"airflow.task.operators.airflow.providers.standard.operators.python.PythonOperator"}
