{"timestamp":"2025-06-17T19:19:22.025479","level":"info","event":"DAG bundles loaded: dags-folder, example_dags","logger":"airflow.dag_processing.bundles.manager.DagBundlesManager"}
{"timestamp":"2025-06-17T19:19:22.042896","level":"info","event":"Filling up the DagBag from /opt/airflow/dags/etl_pipeline.py","logger":"airflow.models.dagbag.DagBag"}
{"timestamp":"2025-06-17T19:19:34.926580Z","level":"info","event":"Task instance is in running state","chan":"stdout","logger":"task"}
{"timestamp":"2025-06-17T19:19:34.930801Z","level":"info","event":" Previous state of the Task instance: queued","chan":"stdout","logger":"task"}
{"timestamp":"2025-06-17T19:19:34.931470Z","level":"info","event":"Current task name:dim_customer_group.extract","chan":"stdout","logger":"task"}
{"timestamp":"2025-06-17T19:19:34.932179Z","level":"info","event":"Dag name:etl_pipeline","chan":"stdout","logger":"task"}
{"timestamp":"2025-06-17T19:19:38.796542Z","level":"error","event":"WARNING: Using incubator modules: jdk.incubator.vector","chan":"stderr","logger":"task"}
{"timestamp":"2025-06-17T19:19:41.409254Z","level":"error","event":":: loading settings :: url = jar:file:/home/airflow/.local/lib/python3.12/site-packages/pyspark/jars/ivy-2.5.3.jar!/org/apache/ivy/core/settings/ivysettings.xml","chan":"stderr","logger":"task"}
{"timestamp":"2025-06-17T19:19:41.621058Z","level":"error","event":"Ivy Default Cache set to: /home/airflow/.ivy2.5.2/cache","chan":"stderr","logger":"task"}
{"timestamp":"2025-06-17T19:19:41.622104Z","level":"error","event":"The jars for the packages stored in: /home/airflow/.ivy2.5.2/jars","chan":"stderr","logger":"task"}
{"timestamp":"2025-06-17T19:19:41.628152Z","level":"error","event":"org.postgresql#postgresql added as a dependency","chan":"stderr","logger":"task"}
{"timestamp":"2025-06-17T19:19:41.630329Z","level":"error","event":":: resolving dependencies :: org.apache.spark#spark-submit-parent-ba0a05ad-358c-4449-8ef6-5c801ab171d9;1.0","chan":"stderr","logger":"task"}
{"timestamp":"2025-06-17T19:19:41.631187Z","level":"error","event":"\tconfs: [default]","chan":"stderr","logger":"task"}
{"timestamp":"2025-06-17T19:19:43.502619Z","level":"error","event":"\tfound org.postgresql#postgresql;42.7.1 in central","chan":"stderr","logger":"task"}
{"timestamp":"2025-06-17T19:19:43.878226Z","level":"error","event":"\tfound org.checkerframework#checker-qual;3.41.0 in central","chan":"stderr","logger":"task"}
{"timestamp":"2025-06-17T19:19:44.207044Z","level":"error","event":"downloading https://repo1.maven.org/maven2/org/postgresql/postgresql/42.7.1/postgresql-42.7.1.jar ...","chan":"stderr","logger":"task"}
{"timestamp":"2025-06-17T19:19:45.758541Z","level":"error","event":"downloading https://repo1.maven.org/maven2/org/checkerframework/checker-qual/3.41.0/checker-qual-3.41.0.jar ...","chan":"stderr","logger":"task"}
{"timestamp":"2025-06-17T19:19:46.039844Z","level":"error","event":"\t[SUCCESSFUL ] org.checkerframework#checker-qual;3.41.0!checker-qual.jar (453ms)","chan":"stderr","logger":"task"}
{"timestamp":"2025-06-17T19:19:46.040544Z","level":"error","event":":: resolution report :: resolve 2261ms :: artifacts dl 2150ms","chan":"stderr","logger":"task"}
{"timestamp":"2025-06-17T19:19:46.041058Z","level":"error","event":"\t:: modules in use:","chan":"stderr","logger":"task"}
{"timestamp":"2025-06-17T19:19:46.041578Z","level":"error","event":"\torg.checkerframework#checker-qual;3.41.0 from central in [default]","chan":"stderr","logger":"task"}
{"timestamp":"2025-06-17T19:19:46.042668Z","level":"error","event":"\torg.postgresql#postgresql;42.7.1 from central in [default]","chan":"stderr","logger":"task"}
{"timestamp":"2025-06-17T19:19:46.043061Z","level":"error","event":"\t---------------------------------------------------------------------","chan":"stderr","logger":"task"}
{"timestamp":"2025-06-17T19:19:46.043390Z","level":"error","event":"\t|                  |            modules            ||   artifacts   |","chan":"stderr","logger":"task"}
{"timestamp":"2025-06-17T19:19:46.043757Z","level":"error","event":"\t|       conf       | number| search|dwnlded|evicted|| number|dwnlded|","chan":"stderr","logger":"task"}
{"timestamp":"2025-06-17T19:19:46.044054Z","level":"error","event":"\t---------------------------------------------------------------------","chan":"stderr","logger":"task"}
{"timestamp":"2025-06-17T19:19:46.044302Z","level":"error","event":"\t|      default     |   2   |   2   |   2   |   0   ||   2   |   1   |","chan":"stderr","logger":"task"}
{"timestamp":"2025-06-17T19:19:46.044500Z","level":"error","event":"\t---------------------------------------------------------------------","chan":"stderr","logger":"task"}
{"timestamp":"2025-06-17T19:19:46.044797Z","level":"error","event":"","chan":"stderr","logger":"task"}
{"timestamp":"2025-06-17T19:19:46.045087Z","level":"error","event":":: problems summary ::","chan":"stderr","logger":"task"}
{"timestamp":"2025-06-17T19:19:46.045324Z","level":"error","event":":::: WARNINGS","chan":"stderr","logger":"task"}
{"timestamp":"2025-06-17T19:19:46.045543Z","level":"error","event":"\t\t[FAILED     ] org.postgresql#postgresql;42.7.1!postgresql.jar: Downloaded file size (0) doesn't match expected Content Length (1084174) for https://repo1.maven.org/maven2/org/postgresql/postgresql/42.7.1/postgresql-42.7.1.jar. Please retry. (1690ms)","chan":"stderr","logger":"task"}
{"timestamp":"2025-06-17T19:19:46.045848Z","level":"error","event":"","chan":"stderr","logger":"task"}
{"timestamp":"2025-06-17T19:19:46.046079Z","level":"error","event":"\t\t[FAILED     ] org.postgresql#postgresql;42.7.1!postgresql.jar: Downloaded file size (0) doesn't match expected Content Length (1084174) for https://repo1.maven.org/maven2/org/postgresql/postgresql/42.7.1/postgresql-42.7.1.jar. Please retry. (1690ms)","chan":"stderr","logger":"task"}
{"timestamp":"2025-06-17T19:19:46.046327Z","level":"error","event":"","chan":"stderr","logger":"task"}
{"timestamp":"2025-06-17T19:19:46.046562Z","level":"error","event":"\t==== central: tried","chan":"stderr","logger":"task"}
{"timestamp":"2025-06-17T19:19:46.046756Z","level":"error","event":"","chan":"stderr","logger":"task"}
{"timestamp":"2025-06-17T19:19:46.046910Z","level":"error","event":"\t  https://repo1.maven.org/maven2/org/postgresql/postgresql/42.7.1/postgresql-42.7.1.jar","chan":"stderr","logger":"task"}
{"timestamp":"2025-06-17T19:19:46.047130Z","level":"error","event":"","chan":"stderr","logger":"task"}
{"timestamp":"2025-06-17T19:19:46.047353Z","level":"error","event":"\t\t::::::::::::::::::::::::::::::::::::::::::::::","chan":"stderr","logger":"task"}
{"timestamp":"2025-06-17T19:19:46.047588Z","level":"error","event":"","chan":"stderr","logger":"task"}
{"timestamp":"2025-06-17T19:19:46.048077Z","level":"error","event":"\t\t::              FAILED DOWNLOADS            ::","chan":"stderr","logger":"task"}
{"timestamp":"2025-06-17T19:19:46.048410Z","level":"error","event":"","chan":"stderr","logger":"task"}
{"timestamp":"2025-06-17T19:19:46.048642Z","level":"error","event":"\t\t:: ^ see resolution messages for details  ^ ::","chan":"stderr","logger":"task"}
{"timestamp":"2025-06-17T19:19:46.048865Z","level":"error","event":"","chan":"stderr","logger":"task"}
{"timestamp":"2025-06-17T19:19:46.049052Z","level":"error","event":"\t\t::::::::::::::::::::::::::::::::::::::::::::::","chan":"stderr","logger":"task"}
{"timestamp":"2025-06-17T19:19:46.049213Z","level":"error","event":"","chan":"stderr","logger":"task"}
{"timestamp":"2025-06-17T19:19:46.049358Z","level":"error","event":"\t\t:: org.postgresql#postgresql;42.7.1!postgresql.jar","chan":"stderr","logger":"task"}
{"timestamp":"2025-06-17T19:19:46.049504Z","level":"error","event":"","chan":"stderr","logger":"task"}
{"timestamp":"2025-06-17T19:19:46.049699Z","level":"error","event":"\t\t::::::::::::::::::::::::::::::::::::::::::::::","chan":"stderr","logger":"task"}
{"timestamp":"2025-06-17T19:19:46.049861Z","level":"error","event":"","chan":"stderr","logger":"task"}
{"timestamp":"2025-06-17T19:19:46.050038Z","level":"error","event":"","chan":"stderr","logger":"task"}
{"timestamp":"2025-06-17T19:19:46.050195Z","level":"error","event":"","chan":"stderr","logger":"task"}
{"timestamp":"2025-06-17T19:19:46.050351Z","level":"error","event":":: USE VERBOSE OR DEBUG MESSAGE LEVEL FOR MORE DETAILS","chan":"stderr","logger":"task"}
{"timestamp":"2025-06-17T19:19:46.050591Z","level":"error","event":"Exception in thread \"main\" java.lang.RuntimeException: [download failed: org.postgresql#postgresql;42.7.1!postgresql.jar]","chan":"stderr","logger":"task"}
{"timestamp":"2025-06-17T19:19:46.050766Z","level":"error","event":"\tat org.apache.spark.util.MavenUtils$.resolveMavenCoordinates(MavenUtils.scala:540)","chan":"stderr","logger":"task"}
{"timestamp":"2025-06-17T19:19:46.050926Z","level":"error","event":"\tat org.apache.spark.util.DependencyUtils$.resolveMavenDependencies(DependencyUtils.scala:123)","chan":"stderr","logger":"task"}
{"timestamp":"2025-06-17T19:19:46.051123Z","level":"error","event":"\tat org.apache.spark.deploy.SparkSubmit.prepareSubmitEnvironment(SparkSubmit.scala:341)","chan":"stderr","logger":"task"}
{"timestamp":"2025-06-17T19:19:46.051357Z","level":"error","event":"\tat org.apache.spark.deploy.SparkSubmit.org$apache$spark$deploy$SparkSubmit$$runMain(SparkSubmit.scala:961)","chan":"stderr","logger":"task"}
{"timestamp":"2025-06-17T19:19:46.051540Z","level":"error","event":"\tat org.apache.spark.deploy.SparkSubmit.doRunMain$1(SparkSubmit.scala:204)","chan":"stderr","logger":"task"}
{"timestamp":"2025-06-17T19:19:46.051762Z","level":"error","event":"\tat org.apache.spark.deploy.SparkSubmit.submit(SparkSubmit.scala:227)","chan":"stderr","logger":"task"}
{"timestamp":"2025-06-17T19:19:46.051985Z","level":"error","event":"\tat org.apache.spark.deploy.SparkSubmit.doSubmit(SparkSubmit.scala:96)","chan":"stderr","logger":"task"}
{"timestamp":"2025-06-17T19:19:46.052237Z","level":"error","event":"\tat org.apache.spark.deploy.SparkSubmit$$anon$2.doSubmit(SparkSubmit.scala:1132)","chan":"stderr","logger":"task"}
{"timestamp":"2025-06-17T19:19:46.052424Z","level":"error","event":"\tat org.apache.spark.deploy.SparkSubmit$.main(SparkSubmit.scala:1141)","chan":"stderr","logger":"task"}
{"timestamp":"2025-06-17T19:19:46.052589Z","level":"error","event":"\tat org.apache.spark.deploy.SparkSubmit.main(SparkSubmit.scala)","chan":"stderr","logger":"task"}
{"timestamp":"2025-06-17T19:19:46.162518","level":"error","event":"Task failed with exception","logger":"task","error_detail":[{"exc_type":"PySparkRuntimeError","exc_value":"[JAVA_GATEWAY_EXITED] Java gateway process exited before sending its port number.","exc_notes":[],"syntax_error":null,"is_cause":false,"frames":[{"filename":"/home/airflow/.local/lib/python3.12/site-packages/airflow/sdk/execution_time/task_runner.py","lineno":825,"name":"run"},{"filename":"/home/airflow/.local/lib/python3.12/site-packages/airflow/sdk/execution_time/task_runner.py","lineno":1088,"name":"_execute_task"},{"filename":"/home/airflow/.local/lib/python3.12/site-packages/airflow/sdk/bases/operator.py","lineno":408,"name":"wrapper"},{"filename":"/home/airflow/.local/lib/python3.12/site-packages/airflow/providers/standard/operators/python.py","lineno":212,"name":"execute"},{"filename":"/home/airflow/.local/lib/python3.12/site-packages/airflow/providers/standard/operators/python.py","lineno":235,"name":"execute_callable"},{"filename":"/home/airflow/.local/lib/python3.12/site-packages/airflow/sdk/execution_time/callback_runner.py","lineno":81,"name":"run"},{"filename":"/opt/airflow/dags/etl_dim_customer.py","lineno":73,"name":"extract_customer"},{"filename":"/opt/airflow/dags/etl_dim_customer.py","lineno":49,"name":"get_spark"},{"filename":"/home/airflow/.local/lib/python3.12/site-packages/pyspark/sql/session.py","lineno":556,"name":"getOrCreate"},{"filename":"/home/airflow/.local/lib/python3.12/site-packages/pyspark/core/context.py","lineno":523,"name":"getOrCreate"},{"filename":"/home/airflow/.local/lib/python3.12/site-packages/pyspark/core/context.py","lineno":205,"name":"__init__"},{"filename":"/home/airflow/.local/lib/python3.12/site-packages/pyspark/core/context.py","lineno":444,"name":"_ensure_initialized"},{"filename":"/home/airflow/.local/lib/python3.12/site-packages/pyspark/java_gateway.py","lineno":111,"name":"launch_gateway"}]}]}
{"timestamp":"2025-06-17T19:19:46.164258Z","level":"info","event":"Task instance in failure state","chan":"stdout","logger":"task"}
{"timestamp":"2025-06-17T19:19:46.164767Z","level":"info","event":"Task start","chan":"stdout","logger":"task"}
{"timestamp":"2025-06-17T19:19:46.165469Z","level":"info","event":"Task:<Task(PythonOperator): dim_customer_group.extract>","chan":"stdout","logger":"task"}
{"timestamp":"2025-06-17T19:19:46.165904Z","level":"info","event":"Failure caused by [JAVA_GATEWAY_EXITED] Java gateway process exited before sending its port number.","chan":"stdout","logger":"task"}
