{"timestamp":"2025-06-14T17:00:14.563555","level":"info","event":"DAG bundles loaded: dags-folder, example_dags","logger":"airflow.dag_processing.bundles.manager.DagBundlesManager"}
{"timestamp":"2025-06-14T17:00:14.564152","level":"info","event":"Filling up the DagBag from /opt/airflow/dags/etl_pipeline.py","logger":"airflow.models.dagbag.DagBag"}
{"timestamp":"2025-06-14T17:00:14.782950Z","level":"info","event":"Task instance is in running state","chan":"stdout","logger":"task"}
{"timestamp":"2025-06-14T17:00:14.783765Z","level":"info","event":" Previous state of the Task instance: queued","chan":"stdout","logger":"task"}
{"timestamp":"2025-06-14T17:00:14.784104Z","level":"info","event":"Current task name:fact_status_group.load","chan":"stdout","logger":"task"}
{"timestamp":"2025-06-14T17:00:14.784417Z","level":"info","event":"Dag name:etl_pipeline","chan":"stdout","logger":"task"}
{"timestamp":"2025-06-14T17:00:14.759257","level":"info","event":"Secrets backends loaded for worker","count":1,"backend_classes":["EnvironmentVariablesBackend"],"logger":"supervisor"}
{"timestamp":"2025-06-14T17:00:14.783810","level":"info","event":"Connection Retrieved 'postgres_default'","logger":"airflow.hooks.base"}
{"timestamp":"2025-06-14T17:00:14.795184","level":"warning","event":"/opt/airflow/dags/etl_fact_status.py:24: UserWarning: pandas only supports SQLAlchemy connectable (engine/connection) or database string URI or sqlite3 DBAPI2 connection. Other DBAPI2 objects are not tested. Please consider using SQLAlchemy.\n  df = pd.read_sql(\"\"\"\n","logger":"py.warnings"}
{"timestamp":"2025-06-14T17:00:14.824155","level":"info","event":"Secrets backends loaded for worker","count":1,"backend_classes":["EnvironmentVariablesBackend"],"logger":"supervisor"}
{"timestamp":"2025-06-14T17:00:14.833477","level":"info","event":"Connection Retrieved 'sqlserver_default'","logger":"airflow.hooks.base"}
{"timestamp":"2025-06-14T17:00:14.875187","level":"warning","event":"/opt/airflow/dags/etl_fact_status.py:9: UserWarning: pandas only supports SQLAlchemy connectable (engine/connection) or database string URI or sqlite3 DBAPI2 connection. Other DBAPI2 objects are not tested. Please consider using SQLAlchemy.\n  date_df = pd.read_sql(\"SELECT date, date_key FROM dim_date\", sql_conn)\n","logger":"py.warnings"}
{"timestamp":"2025-06-14T17:00:14.881134","level":"warning","event":"/opt/airflow/dags/etl_fact_status.py:12: UserWarning: pandas only supports SQLAlchemy connectable (engine/connection) or database string URI or sqlite3 DBAPI2 connection. Other DBAPI2 objects are not tested. Please consider using SQLAlchemy.\n  order_df = pd.read_sql(\"SELECT order_id, order_key FROM dim_order\", sql_conn)\n","logger":"py.warnings"}
{"timestamp":"2025-06-14T17:00:14.903991","level":"info","event":"Secrets backends loaded for worker","count":1,"backend_classes":["EnvironmentVariablesBackend"],"logger":"supervisor"}
{"timestamp":"2025-06-14T17:00:14.911800","level":"info","event":"Connection Retrieved 'sqlserver_default'","logger":"airflow.hooks.base"}
{"timestamp":"2025-06-14T17:00:21.272031Z","level":"info","event":"Đã thêm fact_sales 0 bản ghi mới, bỏ qua 3731 bản ghi trùng","chan":"stdout","logger":"task"}
{"timestamp":"2025-06-14T17:00:21.274633","level":"info","event":"Done. Returned value was: None","logger":"airflow.task.operators.airflow.providers.standard.operators.python.PythonOperator"}
{"timestamp":"2025-06-14T17:00:21.771240Z","level":"info","event":"Task instance in success state","chan":"stdout","logger":"task"}
{"timestamp":"2025-06-14T17:00:21.771738Z","level":"info","event":" Previous state of the Task instance: running","chan":"stdout","logger":"task"}
{"timestamp":"2025-06-14T17:00:21.772081Z","level":"info","event":"Task operator:<Task(PythonOperator): fact_status_group.load>","chan":"stdout","logger":"task"}
