{"timestamp":"2025-06-21T11:22:34.388024","level":"info","event":"DAG bundles loaded: dags-folder, example_dags","logger":"airflow.dag_processing.bundles.manager.DagBundlesManager"}
{"timestamp":"2025-06-21T11:22:34.388960","level":"info","event":"Filling up the DagBag from /opt/airflow/dags/etl_pipeline.py","logger":"airflow.models.dagbag.DagBag"}
{"timestamp":"2025-06-21T11:22:35.168106Z","level":"info","event":"Task instance is in running state","chan":"stdout","logger":"task"}
{"timestamp":"2025-06-21T11:22:35.169406Z","level":"info","event":" Previous state of the Task instance: queued","chan":"stdout","logger":"task"}
{"timestamp":"2025-06-21T11:22:35.169959Z","level":"info","event":"Current task name:fact_status_group.consumer_kafka","chan":"stdout","logger":"task"}
{"timestamp":"2025-06-21T11:22:35.170363Z","level":"info","event":"Dag name:etl_pipeline","chan":"stdout","logger":"task"}
{"timestamp":"2025-06-21T11:22:35.148839","level":"info","event":"Secrets backends loaded for worker","count":1,"backend_classes":["EnvironmentVariablesBackend"],"logger":"supervisor"}
{"timestamp":"2025-06-21T11:22:35.184635","level":"info","event":"Connection Retrieved 'sqlserver_default'","logger":"airflow.hooks.base"}
{"timestamp":"2025-06-21T11:22:36.448074Z","level":"info","event":"Không có message nào mới.","chan":"stdout","logger":"task"}
{"timestamp":"2025-06-21T11:22:37.554471Z","level":"info","event":"Không có message nào mới.","chan":"stdout","logger":"task"}
{"timestamp":"2025-06-21T11:22:38.655765Z","level":"info","event":"Không có message nào mới.","chan":"stdout","logger":"task"}
{"timestamp":"2025-06-21T11:22:39.761919Z","level":"info","event":"Không có message nào mới.","chan":"stdout","logger":"task"}
{"timestamp":"2025-06-21T11:22:40.862909Z","level":"info","event":"Không có message nào mới.","chan":"stdout","logger":"task"}
{"timestamp":"2025-06-21T11:22:41.963616Z","level":"info","event":"Không có message nào mới.","chan":"stdout","logger":"task"}
{"timestamp":"2025-06-21T11:22:43.064292Z","level":"info","event":"Không có message nào mới.","chan":"stdout","logger":"task"}
{"timestamp":"2025-06-21T11:22:44.164902Z","level":"info","event":"Không có message nào mới.","chan":"stdout","logger":"task"}
{"timestamp":"2025-06-21T11:22:45.267529Z","level":"info","event":"Không có message nào mới.","chan":"stdout","logger":"task"}
{"timestamp":"2025-06-21T11:22:46.368580Z","level":"info","event":"Không có message nào mới.","chan":"stdout","logger":"task"}
{"timestamp":"2025-06-21T11:22:46.368606","level":"info","event":"Đã thêm fact_status 0 bản ghi mới, bỏ qua 0 bản ghi trùng","logger":"dags.etl_fact_status"}
{"timestamp":"2025-06-21T11:22:46.374855","level":"info","event":"Done. Returned value was: None","logger":"airflow.task.operators.airflow.providers.standard.operators.python.PythonOperator"}
{"timestamp":"2025-06-21T11:22:46.397260Z","level":"info","event":"Task instance in success state","chan":"stdout","logger":"task"}
{"timestamp":"2025-06-21T11:22:46.397767Z","level":"info","event":" Previous state of the Task instance: running","chan":"stdout","logger":"task"}
{"timestamp":"2025-06-21T11:22:46.398190Z","level":"info","event":"Task operator:<Task(PythonOperator): fact_status_group.consumer_kafka>","chan":"stdout","logger":"task"}
