{"timestamp":"2025-06-21T15:01:45.249941","level":"info","event":"DAG bundles loaded: dags-folder, example_dags","logger":"airflow.dag_processing.bundles.manager.DagBundlesManager"}
{"timestamp":"2025-06-21T15:01:45.251839","level":"info","event":"Filling up the DagBag from /opt/airflow/dags/etl_pipeline.py","logger":"airflow.models.dagbag.DagBag"}
{"timestamp":"2025-06-21T15:01:47.330675Z","level":"info","event":"Task instance is in running state","chan":"stdout","logger":"task"}
{"timestamp":"2025-06-21T15:01:47.332655Z","level":"info","event":" Previous state of the Task instance: queued","chan":"stdout","logger":"task"}
{"timestamp":"2025-06-21T15:01:47.334369Z","level":"info","event":"Current task name:dim_date_group.consumer_kafka","chan":"stdout","logger":"task"}
{"timestamp":"2025-06-21T15:01:47.335525Z","level":"info","event":"Dag name:etl_pipeline","chan":"stdout","logger":"task"}
{"timestamp":"2025-06-21T15:01:47.256235","level":"info","event":"Secrets backends loaded for worker","count":1,"backend_classes":["EnvironmentVariablesBackend"],"logger":"supervisor"}
{"timestamp":"2025-06-21T15:01:47.333878","level":"info","event":"Connection Retrieved 'sqlserver_default'","logger":"airflow.hooks.base"}
{"timestamp":"2025-06-21T15:01:48.693154","level":"info","event":"Không có message nào mới.","logger":"dags.etl_dim_date"}
{"timestamp":"2025-06-21T15:01:49.795135","level":"info","event":"Không có message nào mới.","logger":"dags.etl_dim_date"}
{"timestamp":"2025-06-21T15:01:57.906744","level":"info","event":"Không có message nào mới.","logger":"dags.etl_dim_date"}
{"timestamp":"2025-06-21T15:01:59.013322","level":"info","event":"Không có message nào mới.","logger":"dags.etl_dim_date"}
{"timestamp":"2025-06-21T15:02:00.115949","level":"info","event":"Không có message nào mới.","logger":"dags.etl_dim_date"}
{"timestamp":"2025-06-21T15:02:01.217829","level":"info","event":"Không có message nào mới.","logger":"dags.etl_dim_date"}
{"timestamp":"2025-06-21T15:02:02.319597","level":"info","event":"Không có message nào mới.","logger":"dags.etl_dim_date"}
{"timestamp":"2025-06-21T15:02:03.421923","level":"info","event":"Không có message nào mới.","logger":"dags.etl_dim_date"}
{"timestamp":"2025-06-21T15:02:04.522786","level":"info","event":"Không có message nào mới.","logger":"dags.etl_dim_date"}
{"timestamp":"2025-06-21T15:02:05.623797","level":"info","event":"Không có message nào mới.","logger":"dags.etl_dim_date"}
{"timestamp":"2025-06-21T15:02:05.627641","level":"info","event":"Đã thêm 0 bản ghi mới vào dim_date, bỏ qua 1461 bản ghi trùng","logger":"dags.etl_dim_date"}
{"timestamp":"2025-06-21T15:02:05.641053","level":"info","event":"Done. Returned value was: None","logger":"airflow.task.operators.airflow.providers.standard.operators.python.PythonOperator"}
{"timestamp":"2025-06-21T15:02:05.726677Z","level":"info","event":"Task instance in success state","chan":"stdout","logger":"task"}
{"timestamp":"2025-06-21T15:02:05.728216Z","level":"info","event":" Previous state of the Task instance: running","chan":"stdout","logger":"task"}
{"timestamp":"2025-06-21T15:02:05.729413Z","level":"info","event":"Task operator:<Task(PythonOperator): dim_date_group.consumer_kafka>","chan":"stdout","logger":"task"}
