{"timestamp":"2025-05-14T14:00:01.566631","level":"info","event":"DAG bundles loaded: dags-folder, example_dags","logger":"airflow.dag_processing.bundles.manager.DagBundlesManager"}
{"timestamp":"2025-05-14T14:00:01.568312","level":"info","event":"Filling up the DagBag from /opt/airflow/dags/etl_pipeline.py","logger":"airflow.models.dagbag.DagBag"}
{"timestamp":"2025-05-14T14:00:01.740812Z","level":"info","event":"Task instance is in running state","chan":"stdout","logger":"task"}
{"timestamp":"2025-05-14T14:00:01.741712Z","level":"info","event":" Previous state of the Task instance: queued","chan":"stdout","logger":"task"}
{"timestamp":"2025-05-14T14:00:01.742230Z","level":"info","event":"Current task name:run_full_etl","chan":"stdout","logger":"task"}
{"timestamp":"2025-05-14T14:00:01.742644Z","level":"info","event":"Dag name:etl_pipeline","chan":"stdout","logger":"task"}
{"timestamp":"2025-05-14T14:00:01.661774","level":"warning","event":"/opt/airflow/dags/etl_dim_date.py:8: UserWarning: pandas only supports SQLAlchemy connectable (engine/connection) or database string URI or sqlite3 DBAPI2 connection. Other DBAPI2 objects are not tested. Please consider using SQLAlchemy.\n  df = pd.read_sql(\"\"\"\n","logger":"py.warnings"}
{"timestamp":"2025-05-14T14:00:01.677595","level":"info","event":"Secrets backends loaded for worker","count":1,"backend_classes":["EnvironmentVariablesBackend"],"logger":"supervisor"}
{"timestamp":"2025-05-14T14:00:01.741922","level":"info","event":"Connection Retrieved 'sqlserver_default'","logger":"airflow.hooks.base"}
{"timestamp":"2025-05-14T14:00:04.587121Z","level":"info","event":"Đã thêm dim_date 1461 bản ghi mới","chan":"stdout","logger":"task"}
{"timestamp":"2025-05-14T14:00:04.639811","level":"warning","event":"/opt/airflow/dags/etl_dim_customer.py:6: UserWarning: pandas only supports SQLAlchemy connectable (engine/connection) or database string URI or sqlite3 DBAPI2 connection. Other DBAPI2 objects are not tested. Please consider using SQLAlchemy.\n  df = pd.read_sql(\"\"\"\n","logger":"py.warnings"}
{"timestamp":"2025-05-14T14:00:04.665618","level":"info","event":"Secrets backends loaded for worker","count":1,"backend_classes":["EnvironmentVariablesBackend"],"logger":"supervisor"}
{"timestamp":"2025-05-14T14:00:04.681942","level":"info","event":"Connection Retrieved 'sqlserver_default'","logger":"airflow.hooks.base"}
{"timestamp":"2025-05-14T14:00:08.301269Z","level":"info","event":"Đã thêm dim_customer 1257 bản ghi mới","chan":"stdout","logger":"task"}
{"timestamp":"2025-05-14T14:00:08.329852","level":"warning","event":"/opt/airflow/dags/etl_dim_product.py:6: UserWarning: pandas only supports SQLAlchemy connectable (engine/connection) or database string URI or sqlite3 DBAPI2 connection. Other DBAPI2 objects are not tested. Please consider using SQLAlchemy.\n  df = pd.read_sql(\"\"\"\n","logger":"py.warnings"}
{"timestamp":"2025-05-14T14:00:08.347991","level":"info","event":"Secrets backends loaded for worker","count":1,"backend_classes":["EnvironmentVariablesBackend"],"logger":"supervisor"}
{"timestamp":"2025-05-14T14:00:08.356364","level":"info","event":"Connection Retrieved 'sqlserver_default'","logger":"airflow.hooks.base"}
{"timestamp":"2025-05-14T14:00:13.934224Z","level":"info","event":"Đã thêm dim_product 1729 bản ghi mới","chan":"stdout","logger":"task"}
{"timestamp":"2025-05-14T14:00:13.965056","level":"warning","event":"/opt/airflow/dags/etl_dim_order.py:6: UserWarning: pandas only supports SQLAlchemy connectable (engine/connection) or database string URI or sqlite3 DBAPI2 connection. Other DBAPI2 objects are not tested. Please consider using SQLAlchemy.\n  df = pd.read_sql(\"\"\"\n","logger":"py.warnings"}
{"timestamp":"2025-05-14T14:00:14.530346","level":"info","event":"Secrets backends loaded for worker","count":1,"backend_classes":["EnvironmentVariablesBackend"],"logger":"supervisor"}
{"timestamp":"2025-05-14T14:00:14.548319","level":"info","event":"Connection Retrieved 'sqlserver_default'","logger":"airflow.hooks.base"}
{"timestamp":"2025-05-14T14:00:23.212841Z","level":"info","event":"Đã thêm dim_order 9342 bản ghi mới","chan":"stdout","logger":"task"}
{"timestamp":"2025-05-14T14:00:23.251507","level":"warning","event":"/opt/airflow/dags/etl_fact_sales.py:59: UserWarning: pandas only supports SQLAlchemy connectable (engine/connection) or database string URI or sqlite3 DBAPI2 connection. Other DBAPI2 objects are not tested. Please consider using SQLAlchemy.\n  df = pd.read_sql(query, pg_conn)\n","logger":"py.warnings"}
{"timestamp":"2025-05-14T14:00:23.304824","level":"info","event":"Secrets backends loaded for worker","count":1,"backend_classes":["EnvironmentVariablesBackend"],"logger":"supervisor"}
{"timestamp":"2025-05-14T14:00:23.316417","level":"info","event":"Connection Retrieved 'sqlserver_default'","logger":"airflow.hooks.base"}
{"timestamp":"2025-05-14T14:00:23.415231","level":"warning","event":"/opt/airflow/dags/etl_fact_sales.py:13: UserWarning: pandas only supports SQLAlchemy connectable (engine/connection) or database string URI or sqlite3 DBAPI2 connection. Other DBAPI2 objects are not tested. Please consider using SQLAlchemy.\n  date_df = pd.read_sql(\"SELECT date, date_key FROM dim_date\", sql_conn)\n","logger":"py.warnings"}
{"timestamp":"2025-05-14T14:00:23.435858","level":"warning","event":"/opt/airflow/dags/etl_fact_sales.py:17: UserWarning: pandas only supports SQLAlchemy connectable (engine/connection) or database string URI or sqlite3 DBAPI2 connection. Other DBAPI2 objects are not tested. Please consider using SQLAlchemy.\n  customer_df = pd.read_sql(\"SELECT client_id, customer_key FROM dim_customer\", sql_conn)\n","logger":"py.warnings"}
{"timestamp":"2025-05-14T14:00:23.444622","level":"warning","event":"/opt/airflow/dags/etl_fact_sales.py:21: UserWarning: pandas only supports SQLAlchemy connectable (engine/connection) or database string URI or sqlite3 DBAPI2 connection. Other DBAPI2 objects are not tested. Please consider using SQLAlchemy.\n  product_df = pd.read_sql(\"SELECT product_id, product_key FROM dim_product\", sql_conn)\n","logger":"py.warnings"}
{"timestamp":"2025-05-14T14:00:23.452699","level":"warning","event":"/opt/airflow/dags/etl_fact_sales.py:25: UserWarning: pandas only supports SQLAlchemy connectable (engine/connection) or database string URI or sqlite3 DBAPI2 connection. Other DBAPI2 objects are not tested. Please consider using SQLAlchemy.\n  order_df = pd.read_sql(\"SELECT order_id, order_key FROM dim_order\", sql_conn)\n","logger":"py.warnings"}
{"timestamp":"2025-05-14T14:00:23.492731","level":"info","event":"Secrets backends loaded for worker","count":1,"backend_classes":["EnvironmentVariablesBackend"],"logger":"supervisor"}
{"timestamp":"2025-05-14T14:00:23.502176","level":"info","event":"Connection Retrieved 'sqlserver_default'","logger":"airflow.hooks.base"}
{"timestamp":"2025-05-14T14:00:34.689829Z","level":"info","event":"Đã thêm fact_sales 0 bản ghi mới, bỏ qua 9342 bản ghi trùng","chan":"stdout","logger":"task"}
{"timestamp":"2025-05-14T14:00:34.755262","level":"warning","event":"/opt/airflow/dags/etl_fact_status.py:24: UserWarning: pandas only supports SQLAlchemy connectable (engine/connection) or database string URI or sqlite3 DBAPI2 connection. Other DBAPI2 objects are not tested. Please consider using SQLAlchemy.\n  df = pd.read_sql(\"\"\"\n","logger":"py.warnings"}
{"timestamp":"2025-05-14T14:00:34.808830","level":"info","event":"Secrets backends loaded for worker","count":1,"backend_classes":["EnvironmentVariablesBackend"],"logger":"supervisor"}
{"timestamp":"2025-05-14T14:00:34.820675","level":"info","event":"Connection Retrieved 'sqlserver_default'","logger":"airflow.hooks.base"}
{"timestamp":"2025-05-14T14:00:35.165305","level":"warning","event":"/opt/airflow/dags/etl_fact_status.py:9: UserWarning: pandas only supports SQLAlchemy connectable (engine/connection) or database string URI or sqlite3 DBAPI2 connection. Other DBAPI2 objects are not tested. Please consider using SQLAlchemy.\n  date_df = pd.read_sql(\"SELECT date, date_key FROM dim_date\", sql_conn)\n","logger":"py.warnings"}
{"timestamp":"2025-05-14T14:00:35.226248","level":"warning","event":"/opt/airflow/dags/etl_fact_status.py:12: UserWarning: pandas only supports SQLAlchemy connectable (engine/connection) or database string URI or sqlite3 DBAPI2 connection. Other DBAPI2 objects are not tested. Please consider using SQLAlchemy.\n  order_df = pd.read_sql(\"SELECT order_id, order_key FROM dim_order\", sql_conn)\n","logger":"py.warnings"}
{"timestamp":"2025-05-14T14:00:35.286091","level":"info","event":"Secrets backends loaded for worker","count":1,"backend_classes":["EnvironmentVariablesBackend"],"logger":"supervisor"}
{"timestamp":"2025-05-14T14:00:35.299145","level":"info","event":"Connection Retrieved 'sqlserver_default'","logger":"airflow.hooks.base"}
{"timestamp":"2025-05-14T14:00:43.777541Z","level":"info","event":"Đã thêm fact_sales 0 bản ghi mới, bỏ qua 3731 bản ghi trùng","chan":"stdout","logger":"task"}
{"timestamp":"2025-05-14T14:00:43.779838","level":"info","event":"Done. Returned value was: None","logger":"airflow.task.operators.airflow.providers.standard.operators.python.PythonOperator"}
{"timestamp":"2025-05-14T14:00:43.866476Z","level":"info","event":"Task instance in success state","chan":"stdout","logger":"task"}
{"timestamp":"2025-05-14T14:00:43.867295Z","level":"info","event":" Previous state of the Task instance: running","chan":"stdout","logger":"task"}
{"timestamp":"2025-05-14T14:00:43.867772Z","level":"info","event":"Task operator:<Task(PythonOperator): run_full_etl>","chan":"stdout","logger":"task"}
