{"timestamp":"2025-06-20T22:08:13.756282","level":"info","event":"DAG bundles loaded: dags-folder, example_dags","logger":"airflow.dag_processing.bundles.manager.DagBundlesManager"}
{"timestamp":"2025-06-20T22:08:13.757572","level":"info","event":"Filling up the DagBag from /opt/airflow/dags/etl_pipeline.py","logger":"airflow.models.dagbag.DagBag"}
{"timestamp":"2025-06-20T22:08:15.826467Z","level":"info","event":"Task instance is in running state","chan":"stdout","logger":"task"}
{"timestamp":"2025-06-20T22:08:15.827732Z","level":"info","event":" Previous state of the Task instance: queued","chan":"stdout","logger":"task"}
{"timestamp":"2025-06-20T22:08:15.828381Z","level":"info","event":"Current task name:dim_product_group.consumer_kafka","chan":"stdout","logger":"task"}
{"timestamp":"2025-06-20T22:08:15.828977Z","level":"info","event":"Dag name:etl_pipeline","chan":"stdout","logger":"task"}
{"timestamp":"2025-06-20T22:08:15.762598","level":"info","event":"Secrets backends loaded for worker","count":1,"backend_classes":["EnvironmentVariablesBackend"],"logger":"supervisor"}
{"timestamp":"2025-06-20T22:08:15.828998","level":"info","event":"Connection Retrieved 'sqlserver_default'","logger":"airflow.hooks.base"}
{"timestamp":"2025-06-20T22:08:17.056275Z","level":"info","event":"Không có message nào mới.","chan":"stdout","logger":"task"}
{"timestamp":"2025-06-20T22:08:18.156914Z","level":"info","event":"Không có message nào mới.","chan":"stdout","logger":"task"}
{"timestamp":"2025-06-20T22:08:19.258021Z","level":"info","event":"Không có message nào mới.","chan":"stdout","logger":"task"}
{"timestamp":"2025-06-20T22:08:20.359160Z","level":"info","event":"Không có message nào mới.","chan":"stdout","logger":"task"}
{"timestamp":"2025-06-20T22:08:21.812927Z","level":"info","event":"Không có message nào mới.","chan":"stdout","logger":"task"}
{"timestamp":"2025-06-20T22:08:22.913672Z","level":"info","event":"Không có message nào mới.","chan":"stdout","logger":"task"}
{"timestamp":"2025-06-20T22:08:24.014125Z","level":"info","event":"Không có message nào mới.","chan":"stdout","logger":"task"}
{"timestamp":"2025-06-20T22:08:25.114684Z","level":"info","event":"Không có message nào mới.","chan":"stdout","logger":"task"}
{"timestamp":"2025-06-20T22:08:26.215437Z","level":"info","event":"Không có message nào mới.","chan":"stdout","logger":"task"}
{"timestamp":"2025-06-20T22:08:27.315818Z","level":"info","event":"Không có message nào mới.","chan":"stdout","logger":"task"}
{"timestamp":"2025-06-20T22:08:27.318393Z","level":"info","event":"Đã thêm dim_product 50 bản ghi mới, bỏ qua 0 bản ghi trùng","chan":"stdout","logger":"task"}
{"timestamp":"2025-06-20T22:08:27.325598","level":"info","event":"Done. Returned value was: None","logger":"airflow.task.operators.airflow.providers.standard.operators.python.PythonOperator"}
{"timestamp":"2025-06-20T22:08:27.344679Z","level":"info","event":"Task instance in success state","chan":"stdout","logger":"task"}
{"timestamp":"2025-06-20T22:08:27.345157Z","level":"info","event":" Previous state of the Task instance: running","chan":"stdout","logger":"task"}
{"timestamp":"2025-06-20T22:08:27.345506Z","level":"info","event":"Task operator:<Task(PythonOperator): dim_product_group.consumer_kafka>","chan":"stdout","logger":"task"}
