{"timestamp":"2025-06-21T23:41:47.631035","level":"info","event":"DAG bundles loaded: dags-folder, example_dags","logger":"airflow.dag_processing.bundles.manager.DagBundlesManager"}
{"timestamp":"2025-06-21T23:41:47.632318","level":"info","event":"Filling up the DagBag from /opt/airflow/dags/etl_pipeline.py","logger":"airflow.models.dagbag.DagBag"}
{"timestamp":"2025-06-21T23:41:51.587443Z","level":"info","event":"Task instance is in running state","chan":"stdout","logger":"task"}
{"timestamp":"2025-06-21T23:41:51.588380Z","level":"info","event":" Previous state of the Task instance: queued","chan":"stdout","logger":"task"}
{"timestamp":"2025-06-21T23:41:51.588793Z","level":"info","event":"Current task name:install_spark_dependencies","chan":"stdout","logger":"task"}
{"timestamp":"2025-06-21T23:41:51.589121Z","level":"info","event":"Dag name:etl_pipeline","chan":"stdout","logger":"task"}
{"timestamp":"2025-06-21T23:41:51.589433Z","level":"error","event":"WARNING: Using incubator modules: jdk.incubator.vector","chan":"stderr","logger":"task"}
{"timestamp":"2025-06-21T23:41:52.575345Z","level":"error","event":":: loading settings :: url = jar:file:/home/airflow/.local/lib/python3.12/site-packages/pyspark/jars/ivy-2.5.3.jar!/org/apache/ivy/core/settings/ivysettings.xml","chan":"stderr","logger":"task"}
{"timestamp":"2025-06-21T23:41:52.673393Z","level":"error","event":"Ivy Default Cache set to: /home/airflow/.ivy2.5.2/cache","chan":"stderr","logger":"task"}
{"timestamp":"2025-06-21T23:41:52.674273Z","level":"error","event":"The jars for the packages stored in: /home/airflow/.ivy2.5.2/jars","chan":"stderr","logger":"task"}
{"timestamp":"2025-06-21T23:41:52.687800Z","level":"error","event":"org.postgresql#postgresql added as a dependency","chan":"stderr","logger":"task"}
{"timestamp":"2025-06-21T23:41:52.688474Z","level":"error","event":"org.apache.spark#spark-sql-kafka-0-10_2.12 added as a dependency","chan":"stderr","logger":"task"}
{"timestamp":"2025-06-21T23:41:52.688894Z","level":"error","event":":: resolving dependencies :: org.apache.spark#spark-submit-parent-880d24d8-7208-4e87-a0fe-3d951326a84f;1.0","chan":"stderr","logger":"task"}
{"timestamp":"2025-06-21T23:41:52.689312Z","level":"error","event":"\tconfs: [default]","chan":"stderr","logger":"task"}
{"timestamp":"2025-06-21T23:41:54.466765Z","level":"error","event":"\tfound org.postgresql#postgresql;42.7.1 in central","chan":"stderr","logger":"task"}
{"timestamp":"2025-06-21T23:41:54.906714Z","level":"error","event":"\tfound org.checkerframework#checker-qual;3.41.0 in central","chan":"stderr","logger":"task"}
{"timestamp":"2025-06-21T23:41:59.104190Z","level":"error","event":"\tfound org.apache.spark#spark-sql-kafka-0-10_2.12;3.3.0 in central","chan":"stderr","logger":"task"}
{"timestamp":"2025-06-21T23:41:59.879687Z","level":"error","event":"\tfound org.apache.spark#spark-token-provider-kafka-0-10_2.12;3.3.0 in central","chan":"stderr","logger":"task"}
{"timestamp":"2025-06-21T23:42:00.374246Z","level":"error","event":"\tfound org.apache.kafka#kafka-clients;2.8.1 in central","chan":"stderr","logger":"task"}
{"timestamp":"2025-06-21T23:42:00.812172Z","level":"error","event":"\tfound org.lz4#lz4-java;1.8.0 in central","chan":"stderr","logger":"task"}
{"timestamp":"2025-06-21T23:42:01.257303Z","level":"error","event":"\tfound org.xerial.snappy#snappy-java;1.1.8.4 in central","chan":"stderr","logger":"task"}
{"timestamp":"2025-06-21T23:42:03.084847Z","level":"error","event":"\tfound org.slf4j#slf4j-api;1.7.32 in central","chan":"stderr","logger":"task"}
{"timestamp":"2025-06-21T23:42:04.564266Z","level":"error","event":"\tfound org.apache.hadoop#hadoop-client-runtime;3.3.2 in central","chan":"stderr","logger":"task"}
{"timestamp":"2025-06-21T23:42:05.706001Z","level":"error","event":"\tfound org.spark-project.spark#unused;1.0.0 in central","chan":"stderr","logger":"task"}
{"timestamp":"2025-06-21T23:42:06.142466Z","level":"error","event":"\tfound org.apache.hadoop#hadoop-client-api;3.3.2 in central","chan":"stderr","logger":"task"}
{"timestamp":"2025-06-21T23:42:08.135656Z","level":"error","event":"\tfound commons-logging#commons-logging;1.1.3 in central","chan":"stderr","logger":"task"}
{"timestamp":"2025-06-21T23:42:08.551482Z","level":"error","event":"\tfound com.google.code.findbugs#jsr305;3.0.0 in central","chan":"stderr","logger":"task"}
{"timestamp":"2025-06-21T23:42:12.409069Z","level":"error","event":"\tfound org.apache.commons#commons-pool2;2.11.1 in central","chan":"stderr","logger":"task"}
{"timestamp":"2025-06-21T23:42:12.605469Z","level":"error","event":"downloading https://repo1.maven.org/maven2/org/postgresql/postgresql/42.7.1/postgresql-42.7.1.jar ...","chan":"stderr","logger":"task"}
{"timestamp":"2025-06-21T23:42:14.981266Z","level":"error","event":"\t[SUCCESSFUL ] org.postgresql#postgresql;42.7.1!postgresql.jar (2560ms)","chan":"stderr","logger":"task"}
{"timestamp":"2025-06-21T23:42:15.183650Z","level":"error","event":"downloading https://repo1.maven.org/maven2/org/apache/spark/spark-sql-kafka-0-10_2.12/3.3.0/spark-sql-kafka-0-10_2.12-3.3.0.jar ...","chan":"stderr","logger":"task"}
{"timestamp":"2025-06-21T23:42:16.266389Z","level":"error","event":"\t[SUCCESSFUL ] org.apache.spark#spark-sql-kafka-0-10_2.12;3.3.0!spark-sql-kafka-0-10_2.12.jar (1284ms)","chan":"stderr","logger":"task"}
{"timestamp":"2025-06-21T23:42:16.468865Z","level":"error","event":"downloading https://repo1.maven.org/maven2/org/checkerframework/checker-qual/3.41.0/checker-qual-3.41.0.jar ...","chan":"stderr","logger":"task"}
{"timestamp":"2025-06-21T23:42:17.122833Z","level":"error","event":"\t[SUCCESSFUL ] org.checkerframework#checker-qual;3.41.0!checker-qual.jar (855ms)","chan":"stderr","logger":"task"}
{"timestamp":"2025-06-21T23:42:17.321082Z","level":"error","event":"downloading https://repo1.maven.org/maven2/org/apache/spark/spark-token-provider-kafka-0-10_2.12/3.3.0/spark-token-provider-kafka-0-10_2.12-3.3.0.jar ...","chan":"stderr","logger":"task"}
{"timestamp":"2025-06-21T23:42:17.629534Z","level":"error","event":"\t[SUCCESSFUL ] org.apache.spark#spark-token-provider-kafka-0-10_2.12;3.3.0!spark-token-provider-kafka-0-10_2.12.jar (506ms)","chan":"stderr","logger":"task"}
{"timestamp":"2025-06-21T23:42:17.828882Z","level":"error","event":"downloading https://repo1.maven.org/maven2/org/apache/kafka/kafka-clients/2.8.1/kafka-clients-2.8.1.jar ...","chan":"stderr","logger":"task"}
{"timestamp":"2025-06-21T23:42:24.465873Z","level":"error","event":"\t[SUCCESSFUL ] org.apache.kafka#kafka-clients;2.8.1!kafka-clients.jar (6835ms)","chan":"stderr","logger":"task"}
{"timestamp":"2025-06-21T23:42:24.663339Z","level":"error","event":"downloading https://repo1.maven.org/maven2/com/google/code/findbugs/jsr305/3.0.0/jsr305-3.0.0.jar ...","chan":"stderr","logger":"task"}
{"timestamp":"2025-06-21T23:42:24.882180Z","level":"error","event":"\t[SUCCESSFUL ] com.google.code.findbugs#jsr305;3.0.0!jsr305.jar (415ms)","chan":"stderr","logger":"task"}
{"timestamp":"2025-06-21T23:42:25.080466Z","level":"error","event":"downloading https://repo1.maven.org/maven2/org/apache/commons/commons-pool2/2.11.1/commons-pool2-2.11.1.jar ...","chan":"stderr","logger":"task"}
{"timestamp":"2025-06-21T23:42:25.400279Z","level":"error","event":"\t[SUCCESSFUL ] org.apache.commons#commons-pool2;2.11.1!commons-pool2.jar (517ms)","chan":"stderr","logger":"task"}
{"timestamp":"2025-06-21T23:42:25.598990Z","level":"error","event":"downloading https://repo1.maven.org/maven2/org/spark-project/spark/unused/1.0.0/unused-1.0.0.jar ...","chan":"stderr","logger":"task"}
{"timestamp":"2025-06-21T23:42:25.800190Z","level":"error","event":"\t[SUCCESSFUL ] org.spark-project.spark#unused;1.0.0!unused.jar (398ms)","chan":"stderr","logger":"task"}
{"timestamp":"2025-06-21T23:42:26.001296Z","level":"error","event":"downloading https://repo1.maven.org/maven2/org/apache/hadoop/hadoop-client-runtime/3.3.2/hadoop-client-runtime-3.3.2.jar ...","chan":"stderr","logger":"task"}
{"timestamp":"2025-06-21T23:42:32.322690Z","level":"error","event":"\t[SUCCESSFUL ] org.apache.hadoop#hadoop-client-runtime;3.3.2!hadoop-client-runtime.jar (6521ms)","chan":"stderr","logger":"task"}
{"timestamp":"2025-06-21T23:42:32.521177Z","level":"error","event":"downloading https://repo1.maven.org/maven2/org/lz4/lz4-java/1.8.0/lz4-java-1.8.0.jar ...","chan":"stderr","logger":"task"}
{"timestamp":"2025-06-21T23:42:32.801006Z","level":"error","event":"\t[SUCCESSFUL ] org.lz4#lz4-java;1.8.0!lz4-java.jar (477ms)","chan":"stderr","logger":"task"}
{"timestamp":"2025-06-21T23:42:33.012122Z","level":"error","event":"downloading https://repo1.maven.org/maven2/org/xerial/snappy/snappy-java/1.1.8.4/snappy-java-1.1.8.4.jar ...","chan":"stderr","logger":"task"}
{"timestamp":"2025-06-21T23:42:33.619046Z","level":"error","event":"\t[SUCCESSFUL ] org.xerial.snappy#snappy-java;1.1.8.4!snappy-java.jar(bundle) (810ms)","chan":"stderr","logger":"task"}
{"timestamp":"2025-06-21T23:42:33.827508Z","level":"error","event":"downloading https://repo1.maven.org/maven2/org/slf4j/slf4j-api/1.7.32/slf4j-api-1.7.32.jar ...","chan":"stderr","logger":"task"}
{"timestamp":"2025-06-21T23:42:34.038845Z","level":"error","event":"\t[SUCCESSFUL ] org.slf4j#slf4j-api;1.7.32!slf4j-api.jar (418ms)","chan":"stderr","logger":"task"}
{"timestamp":"2025-06-21T23:42:34.250273Z","level":"error","event":"downloading https://repo1.maven.org/maven2/org/apache/hadoop/hadoop-client-api/3.3.2/hadoop-client-api-3.3.2.jar ...","chan":"stderr","logger":"task"}
{"timestamp":"2025-06-21T23:42:36.870462Z","level":"error","event":"\t[SUCCESSFUL ] org.apache.hadoop#hadoop-client-api;3.3.2!hadoop-client-api.jar (2830ms)","chan":"stderr","logger":"task"}
{"timestamp":"2025-06-21T23:42:37.056821Z","level":"error","event":"downloading https://repo1.maven.org/maven2/commons-logging/commons-logging/1.1.3/commons-logging-1.1.3.jar ...","chan":"stderr","logger":"task"}
{"timestamp":"2025-06-21T23:42:37.264094Z","level":"error","event":"\t[SUCCESSFUL ] commons-logging#commons-logging;1.1.3!commons-logging.jar (392ms)","chan":"stderr","logger":"task"}
{"timestamp":"2025-06-21T23:42:37.264931Z","level":"error","event":":: resolution report :: resolve 19741ms :: artifacts dl 24845ms","chan":"stderr","logger":"task"}
{"timestamp":"2025-06-21T23:42:37.265448Z","level":"error","event":"\t:: modules in use:","chan":"stderr","logger":"task"}
{"timestamp":"2025-06-21T23:42:37.265857Z","level":"error","event":"\tcom.google.code.findbugs#jsr305;3.0.0 from central in [default]","chan":"stderr","logger":"task"}
{"timestamp":"2025-06-21T23:42:37.266154Z","level":"error","event":"\tcommons-logging#commons-logging;1.1.3 from central in [default]","chan":"stderr","logger":"task"}
{"timestamp":"2025-06-21T23:42:37.266500Z","level":"error","event":"\torg.apache.commons#commons-pool2;2.11.1 from central in [default]","chan":"stderr","logger":"task"}
{"timestamp":"2025-06-21T23:42:37.266874Z","level":"error","event":"\torg.apache.hadoop#hadoop-client-api;3.3.2 from central in [default]","chan":"stderr","logger":"task"}
{"timestamp":"2025-06-21T23:42:37.267183Z","level":"error","event":"\torg.apache.hadoop#hadoop-client-runtime;3.3.2 from central in [default]","chan":"stderr","logger":"task"}
{"timestamp":"2025-06-21T23:42:37.267496Z","level":"error","event":"\torg.apache.kafka#kafka-clients;2.8.1 from central in [default]","chan":"stderr","logger":"task"}
{"timestamp":"2025-06-21T23:42:37.267852Z","level":"error","event":"\torg.apache.spark#spark-sql-kafka-0-10_2.12;3.3.0 from central in [default]","chan":"stderr","logger":"task"}
{"timestamp":"2025-06-21T23:42:37.268370Z","level":"error","event":"\torg.apache.spark#spark-token-provider-kafka-0-10_2.12;3.3.0 from central in [default]","chan":"stderr","logger":"task"}
{"timestamp":"2025-06-21T23:42:37.269034Z","level":"error","event":"\torg.checkerframework#checker-qual;3.41.0 from central in [default]","chan":"stderr","logger":"task"}
{"timestamp":"2025-06-21T23:42:37.269502Z","level":"error","event":"\torg.lz4#lz4-java;1.8.0 from central in [default]","chan":"stderr","logger":"task"}
{"timestamp":"2025-06-21T23:42:37.269999Z","level":"error","event":"\torg.postgresql#postgresql;42.7.1 from central in [default]","chan":"stderr","logger":"task"}
{"timestamp":"2025-06-21T23:42:37.270575Z","level":"error","event":"\torg.slf4j#slf4j-api;1.7.32 from central in [default]","chan":"stderr","logger":"task"}
{"timestamp":"2025-06-21T23:42:37.271089Z","level":"error","event":"\torg.spark-project.spark#unused;1.0.0 from central in [default]","chan":"stderr","logger":"task"}
{"timestamp":"2025-06-21T23:42:37.271556Z","level":"error","event":"\torg.xerial.snappy#snappy-java;1.1.8.4 from central in [default]","chan":"stderr","logger":"task"}
{"timestamp":"2025-06-21T23:42:37.272093Z","level":"error","event":"\t---------------------------------------------------------------------","chan":"stderr","logger":"task"}
{"timestamp":"2025-06-21T23:42:37.272513Z","level":"error","event":"\t|                  |            modules            ||   artifacts   |","chan":"stderr","logger":"task"}
{"timestamp":"2025-06-21T23:42:37.272872Z","level":"error","event":"\t|       conf       | number| search|dwnlded|evicted|| number|dwnlded|","chan":"stderr","logger":"task"}
{"timestamp":"2025-06-21T23:42:37.273235Z","level":"error","event":"\t---------------------------------------------------------------------","chan":"stderr","logger":"task"}
{"timestamp":"2025-06-21T23:42:37.273549Z","level":"error","event":"\t|      default     |   14  |   14  |   14  |   0   ||   14  |   14  |","chan":"stderr","logger":"task"}
{"timestamp":"2025-06-21T23:42:37.274656Z","level":"error","event":"\t---------------------------------------------------------------------","chan":"stderr","logger":"task"}
{"timestamp":"2025-06-21T23:42:37.275334Z","level":"error","event":":: retrieving :: org.apache.spark#spark-submit-parent-880d24d8-7208-4e87-a0fe-3d951326a84f","chan":"stderr","logger":"task"}
{"timestamp":"2025-06-21T23:42:37.275711Z","level":"error","event":"\tconfs: [default]","chan":"stderr","logger":"task"}
{"timestamp":"2025-06-21T23:42:37.524238Z","level":"error","event":"\t14 artifacts copied, 0 already retrieved (57913kB/250ms)","chan":"stderr","logger":"task"}
{"timestamp":"2025-06-21T23:42:38.468045Z","level":"error","event":"25/06/21 23:42:38 WARN NativeCodeLoader: Unable to load native-hadoop library for your platform... using builtin-java classes where applicable","chan":"stderr","logger":"task"}
{"timestamp":"2025-06-21T23:42:38.892671Z","level":"error","event":"Using Spark's default log4j profile: org/apache/spark/log4j2-defaults.properties","chan":"stderr","logger":"task"}
{"timestamp":"2025-06-21T23:42:38.893984Z","level":"error","event":"Setting default log level to \"WARN\".","chan":"stderr","logger":"task"}
{"timestamp":"2025-06-21T23:42:38.894729Z","level":"error","event":"To adjust logging level use sc.setLogLevel(newLevel). For SparkR, use setLogLevel(newLevel).","chan":"stderr","logger":"task"}
{"timestamp":"2025-06-21T23:42:46.009845Z","level":"info","event":"Spark session started to preload jars...","chan":"stdout","logger":"task"}
{"timestamp":"2025-06-21T23:42:46.333346","level":"info","event":"Done. Returned value was: None","logger":"airflow.task.operators.airflow.providers.standard.operators.python.PythonOperator"}
{"timestamp":"2025-06-21T23:42:46.375851Z","level":"info","event":"Task instance in success state","chan":"stdout","logger":"task"}
{"timestamp":"2025-06-21T23:42:46.376445Z","level":"info","event":" Previous state of the Task instance: running","chan":"stdout","logger":"task"}
{"timestamp":"2025-06-21T23:42:46.376956Z","level":"info","event":"Task operator:<Task(PythonOperator): install_spark_dependencies>","chan":"stdout","logger":"task"}
