{"timestamp":"2025-06-21T15:30:11.268210","level":"info","event":"DAG bundles loaded: dags-folder, example_dags","logger":"airflow.dag_processing.bundles.manager.DagBundlesManager"}
{"timestamp":"2025-06-21T15:30:11.269116","level":"info","event":"Filling up the DagBag from /opt/airflow/dags/etl_pipeline.py","logger":"airflow.models.dagbag.DagBag"}
{"timestamp":"2025-06-21T15:30:11.765103Z","level":"info","event":"Task instance is in running state","chan":"stdout","logger":"task"}
{"timestamp":"2025-06-21T15:30:11.765933Z","level":"info","event":" Previous state of the Task instance: queued","chan":"stdout","logger":"task"}
{"timestamp":"2025-06-21T15:30:11.766411Z","level":"info","event":"Current task name:dim_product_group.producer_kafka","chan":"stdout","logger":"task"}
{"timestamp":"2025-06-21T15:30:11.766882Z","level":"info","event":"Dag name:etl_pipeline","chan":"stdout","logger":"task"}
{"timestamp":"2025-06-21T15:30:12.253315Z","level":"error","event":"WARNING: Using incubator modules: jdk.incubator.vector","chan":"stderr","logger":"task"}
{"timestamp":"2025-06-21T15:30:14.117621Z","level":"error","event":":: loading settings :: url = jar:file:/home/airflow/.local/lib/python3.12/site-packages/pyspark/jars/ivy-2.5.3.jar!/org/apache/ivy/core/settings/ivysettings.xml","chan":"stderr","logger":"task"}
{"timestamp":"2025-06-21T15:30:14.283205Z","level":"error","event":"Ivy Default Cache set to: /home/airflow/.ivy2.5.2/cache","chan":"stderr","logger":"task"}
{"timestamp":"2025-06-21T15:30:14.284124Z","level":"error","event":"The jars for the packages stored in: /home/airflow/.ivy2.5.2/jars","chan":"stderr","logger":"task"}
{"timestamp":"2025-06-21T15:30:14.290505Z","level":"error","event":"org.postgresql#postgresql added as a dependency","chan":"stderr","logger":"task"}
{"timestamp":"2025-06-21T15:30:14.291365Z","level":"error","event":"org.apache.spark#spark-sql-kafka-0-10_2.12 added as a dependency","chan":"stderr","logger":"task"}
{"timestamp":"2025-06-21T15:30:14.292076Z","level":"error","event":":: resolving dependencies :: org.apache.spark#spark-submit-parent-ad3900bb-fb61-4303-aa7f-0000f715a630;1.0","chan":"stderr","logger":"task"}
{"timestamp":"2025-06-21T15:30:14.292716Z","level":"error","event":"\tconfs: [default]","chan":"stderr","logger":"task"}
{"timestamp":"2025-06-21T15:30:14.461066Z","level":"error","event":"\tfound org.postgresql#postgresql;42.7.1 in central","chan":"stderr","logger":"task"}
{"timestamp":"2025-06-21T15:30:14.503635Z","level":"error","event":"\tfound org.checkerframework#checker-qual;3.41.0 in central","chan":"stderr","logger":"task"}
{"timestamp":"2025-06-21T15:30:14.633197Z","level":"error","event":"\tfound org.apache.spark#spark-sql-kafka-0-10_2.12;3.3.0 in central","chan":"stderr","logger":"task"}
{"timestamp":"2025-06-21T15:30:14.702642Z","level":"error","event":"\tfound org.apache.spark#spark-token-provider-kafka-0-10_2.12;3.3.0 in central","chan":"stderr","logger":"task"}
{"timestamp":"2025-06-21T15:30:14.744774Z","level":"error","event":"\tfound org.apache.kafka#kafka-clients;2.8.1 in central","chan":"stderr","logger":"task"}
{"timestamp":"2025-06-21T15:30:14.801128Z","level":"error","event":"\tfound org.lz4#lz4-java;1.8.0 in central","chan":"stderr","logger":"task"}
{"timestamp":"2025-06-21T15:30:14.845695Z","level":"error","event":"\tfound org.xerial.snappy#snappy-java;1.1.8.4 in central","chan":"stderr","logger":"task"}
{"timestamp":"2025-06-21T15:30:14.888112Z","level":"error","event":"\tfound org.slf4j#slf4j-api;1.7.32 in central","chan":"stderr","logger":"task"}
{"timestamp":"2025-06-21T15:30:14.944877Z","level":"error","event":"\tfound org.apache.hadoop#hadoop-client-runtime;3.3.2 in central","chan":"stderr","logger":"task"}
{"timestamp":"2025-06-21T15:30:14.970280Z","level":"error","event":"\tfound org.spark-project.spark#unused;1.0.0 in central","chan":"stderr","logger":"task"}
{"timestamp":"2025-06-21T15:30:15.026230Z","level":"error","event":"\tfound org.apache.hadoop#hadoop-client-api;3.3.2 in central","chan":"stderr","logger":"task"}
{"timestamp":"2025-06-21T15:30:15.070975Z","level":"error","event":"\tfound commons-logging#commons-logging;1.1.3 in central","chan":"stderr","logger":"task"}
{"timestamp":"2025-06-21T15:30:15.115146Z","level":"error","event":"\tfound com.google.code.findbugs#jsr305;3.0.0 in central","chan":"stderr","logger":"task"}
{"timestamp":"2025-06-21T15:30:15.148653Z","level":"error","event":"\tfound org.apache.commons#commons-pool2;2.11.1 in central","chan":"stderr","logger":"task"}
{"timestamp":"2025-06-21T15:30:15.225130Z","level":"error","event":":: resolution report :: resolve 909ms :: artifacts dl 24ms","chan":"stderr","logger":"task"}
{"timestamp":"2025-06-21T15:30:15.228015Z","level":"error","event":"\t:: modules in use:","chan":"stderr","logger":"task"}
{"timestamp":"2025-06-21T15:30:15.228785Z","level":"error","event":"\tcom.google.code.findbugs#jsr305;3.0.0 from central in [default]","chan":"stderr","logger":"task"}
{"timestamp":"2025-06-21T15:30:15.229203Z","level":"error","event":"\tcommons-logging#commons-logging;1.1.3 from central in [default]","chan":"stderr","logger":"task"}
{"timestamp":"2025-06-21T15:30:15.232176Z","level":"error","event":"\torg.apache.commons#commons-pool2;2.11.1 from central in [default]","chan":"stderr","logger":"task"}
{"timestamp":"2025-06-21T15:30:15.234287Z","level":"error","event":"\torg.apache.hadoop#hadoop-client-api;3.3.2 from central in [default]","chan":"stderr","logger":"task"}
{"timestamp":"2025-06-21T15:30:15.236836Z","level":"error","event":"\torg.apache.hadoop#hadoop-client-runtime;3.3.2 from central in [default]","chan":"stderr","logger":"task"}
{"timestamp":"2025-06-21T15:30:15.240804Z","level":"error","event":"\torg.apache.kafka#kafka-clients;2.8.1 from central in [default]","chan":"stderr","logger":"task"}
{"timestamp":"2025-06-21T15:30:15.241368Z","level":"error","event":"\torg.apache.spark#spark-sql-kafka-0-10_2.12;3.3.0 from central in [default]","chan":"stderr","logger":"task"}
{"timestamp":"2025-06-21T15:30:15.241791Z","level":"error","event":"\torg.apache.spark#spark-token-provider-kafka-0-10_2.12;3.3.0 from central in [default]","chan":"stderr","logger":"task"}
{"timestamp":"2025-06-21T15:30:15.249343Z","level":"error","event":"\torg.checkerframework#checker-qual;3.41.0 from central in [default]","chan":"stderr","logger":"task"}
{"timestamp":"2025-06-21T15:30:15.250146Z","level":"error","event":"\torg.lz4#lz4-java;1.8.0 from central in [default]","chan":"stderr","logger":"task"}
{"timestamp":"2025-06-21T15:30:15.250598Z","level":"error","event":"\torg.postgresql#postgresql;42.7.1 from central in [default]","chan":"stderr","logger":"task"}
{"timestamp":"2025-06-21T15:30:15.250902Z","level":"error","event":"\torg.slf4j#slf4j-api;1.7.32 from central in [default]","chan":"stderr","logger":"task"}
{"timestamp":"2025-06-21T15:30:15.251178Z","level":"error","event":"\torg.spark-project.spark#unused;1.0.0 from central in [default]","chan":"stderr","logger":"task"}
{"timestamp":"2025-06-21T15:30:15.251483Z","level":"error","event":"\torg.xerial.snappy#snappy-java;1.1.8.4 from central in [default]","chan":"stderr","logger":"task"}
{"timestamp":"2025-06-21T15:30:15.251764Z","level":"error","event":"\t---------------------------------------------------------------------","chan":"stderr","logger":"task"}
{"timestamp":"2025-06-21T15:30:15.252077Z","level":"error","event":"\t|                  |            modules            ||   artifacts   |","chan":"stderr","logger":"task"}
{"timestamp":"2025-06-21T15:30:15.252410Z","level":"error","event":"\t|       conf       | number| search|dwnlded|evicted|| number|dwnlded|","chan":"stderr","logger":"task"}
{"timestamp":"2025-06-21T15:30:15.252679Z","level":"error","event":"\t---------------------------------------------------------------------","chan":"stderr","logger":"task"}
{"timestamp":"2025-06-21T15:30:15.252933Z","level":"error","event":"\t|      default     |   14  |   0   |   0   |   0   ||   14  |   0   |","chan":"stderr","logger":"task"}
{"timestamp":"2025-06-21T15:30:15.253167Z","level":"error","event":"\t---------------------------------------------------------------------","chan":"stderr","logger":"task"}
{"timestamp":"2025-06-21T15:30:15.258221Z","level":"error","event":":: retrieving :: org.apache.spark#spark-submit-parent-ad3900bb-fb61-4303-aa7f-0000f715a630","chan":"stderr","logger":"task"}
{"timestamp":"2025-06-21T15:30:15.268706Z","level":"error","event":"\tconfs: [default]","chan":"stderr","logger":"task"}
{"timestamp":"2025-06-21T15:30:15.292611Z","level":"error","event":"\t0 artifacts copied, 14 already retrieved (0kB/35ms)","chan":"stderr","logger":"task"}
{"timestamp":"2025-06-21T15:30:15.745637Z","level":"error","event":"25/06/21 15:30:15 WARN NativeCodeLoader: Unable to load native-hadoop library for your platform... using builtin-java classes where applicable","chan":"stderr","logger":"task"}
{"timestamp":"2025-06-21T15:30:16.110721Z","level":"error","event":"Using Spark's default log4j profile: org/apache/spark/log4j2-defaults.properties","chan":"stderr","logger":"task"}
{"timestamp":"2025-06-21T15:30:16.115304Z","level":"error","event":"Setting default log level to \"WARN\".","chan":"stderr","logger":"task"}
{"timestamp":"2025-06-21T15:30:16.116188Z","level":"error","event":"To adjust logging level use sc.setLogLevel(newLevel). For SparkR, use setLogLevel(newLevel).","chan":"stderr","logger":"task"}
{"timestamp":"2025-06-21T15:30:30.995689","level":"info","event":"Thử lần 1/5 kiểm tra topic 'dim_product'...","logger":"kafka.build_kafka"}
{"timestamp":"2025-06-21T15:30:31.050669","level":"info","event":"Topic 'dim_product' đã tồn tại.","logger":"kafka.build_kafka"}
{"timestamp":"2025-06-21T15:30:31.452154","level":"info","event":"extract dim_product","logger":"dags.etl_dim_product"}
{"timestamp":"2025-06-21T15:30:31.871792","level":"info","event":"transform dim_product","logger":"dags.etl_dim_product"}
{"timestamp":"2025-06-21T15:30:33.337748","level":"info","event":"Extract và transform dim_product thành công","logger":"dags.etl_dim_product"}
{"timestamp":"2025-06-21T15:30:40.319198","level":"info","event":"Tổng số bản ghi cần gửi: 50","logger":"dags.etl_dim_product"}
{"timestamp":"2025-06-21T15:30:40.688315","level":"info","event":"Batch 1: 50 bản ghi. Đang gửi lên Kafka...","logger":"dags.etl_dim_product"}
{"timestamp":"2025-06-21T15:30:41.537609","level":"info","event":"Delivered to dim_product [1] at offset 873","logger":"kafka.build_kafka"}
{"timestamp":"2025-06-21T15:30:41.537947","level":"info","event":"Delivered to dim_product [1] at offset 874","logger":"kafka.build_kafka"}
{"timestamp":"2025-06-21T15:30:41.538108","level":"info","event":"Delivered to dim_product [1] at offset 875","logger":"kafka.build_kafka"}
{"timestamp":"2025-06-21T15:30:41.538369","level":"info","event":"Delivered to dim_product [1] at offset 876","logger":"kafka.build_kafka"}
{"timestamp":"2025-06-21T15:30:41.538481","level":"info","event":"Delivered to dim_product [1] at offset 877","logger":"kafka.build_kafka"}
{"timestamp":"2025-06-21T15:30:41.538588","level":"info","event":"Delivered to dim_product [1] at offset 878","logger":"kafka.build_kafka"}
{"timestamp":"2025-06-21T15:30:41.538664","level":"info","event":"Delivered to dim_product [1] at offset 879","logger":"kafka.build_kafka"}
{"timestamp":"2025-06-21T15:30:41.538744","level":"info","event":"Delivered to dim_product [1] at offset 880","logger":"kafka.build_kafka"}
{"timestamp":"2025-06-21T15:30:41.538814","level":"info","event":"Delivered to dim_product [1] at offset 881","logger":"kafka.build_kafka"}
{"timestamp":"2025-06-21T15:30:41.538881","level":"info","event":"Delivered to dim_product [1] at offset 882","logger":"kafka.build_kafka"}
{"timestamp":"2025-06-21T15:30:41.540330","level":"info","event":"Delivered to dim_product [2] at offset 787","logger":"kafka.build_kafka"}
{"timestamp":"2025-06-21T15:30:41.540522","level":"info","event":"Delivered to dim_product [2] at offset 788","logger":"kafka.build_kafka"}
{"timestamp":"2025-06-21T15:30:41.540607","level":"info","event":"Delivered to dim_product [2] at offset 789","logger":"kafka.build_kafka"}
{"timestamp":"2025-06-21T15:30:41.540684","level":"info","event":"Delivered to dim_product [2] at offset 790","logger":"kafka.build_kafka"}
{"timestamp":"2025-06-21T15:30:41.540758","level":"info","event":"Delivered to dim_product [2] at offset 791","logger":"kafka.build_kafka"}
{"timestamp":"2025-06-21T15:30:41.540824","level":"info","event":"Delivered to dim_product [2] at offset 792","logger":"kafka.build_kafka"}
{"timestamp":"2025-06-21T15:30:41.540889","level":"info","event":"Delivered to dim_product [2] at offset 793","logger":"kafka.build_kafka"}
{"timestamp":"2025-06-21T15:30:41.542603","level":"info","event":"Delivered to dim_product [3] at offset 990","logger":"kafka.build_kafka"}
{"timestamp":"2025-06-21T15:30:41.544070","level":"info","event":"Delivered to dim_product [3] at offset 991","logger":"kafka.build_kafka"}
{"timestamp":"2025-06-21T15:30:41.544228","level":"info","event":"Delivered to dim_product [3] at offset 992","logger":"kafka.build_kafka"}
{"timestamp":"2025-06-21T15:30:41.544318","level":"info","event":"Delivered to dim_product [3] at offset 993","logger":"kafka.build_kafka"}
{"timestamp":"2025-06-21T15:30:41.544392","level":"info","event":"Delivered to dim_product [3] at offset 994","logger":"kafka.build_kafka"}
{"timestamp":"2025-06-21T15:30:41.544478","level":"info","event":"Delivered to dim_product [3] at offset 995","logger":"kafka.build_kafka"}
{"timestamp":"2025-06-21T15:30:41.544559","level":"info","event":"Delivered to dim_product [3] at offset 996","logger":"kafka.build_kafka"}
{"timestamp":"2025-06-21T15:30:41.544636","level":"info","event":"Delivered to dim_product [3] at offset 997","logger":"kafka.build_kafka"}
{"timestamp":"2025-06-21T15:30:41.544713","level":"info","event":"Delivered to dim_product [3] at offset 998","logger":"kafka.build_kafka"}
{"timestamp":"2025-06-21T15:30:41.544790","level":"info","event":"Delivered to dim_product [3] at offset 999","logger":"kafka.build_kafka"}
{"timestamp":"2025-06-21T15:30:41.544877","level":"info","event":"Delivered to dim_product [4] at offset 775","logger":"kafka.build_kafka"}
{"timestamp":"2025-06-21T15:30:41.544955","level":"info","event":"Delivered to dim_product [4] at offset 776","logger":"kafka.build_kafka"}
{"timestamp":"2025-06-21T15:30:41.545032","level":"info","event":"Delivered to dim_product [4] at offset 777","logger":"kafka.build_kafka"}
{"timestamp":"2025-06-21T15:30:41.545110","level":"info","event":"Delivered to dim_product [4] at offset 778","logger":"kafka.build_kafka"}
{"timestamp":"2025-06-21T15:30:41.545192","level":"info","event":"Delivered to dim_product [4] at offset 779","logger":"kafka.build_kafka"}
{"timestamp":"2025-06-21T15:30:41.545268","level":"info","event":"Delivered to dim_product [4] at offset 780","logger":"kafka.build_kafka"}
{"timestamp":"2025-06-21T15:30:41.545341","level":"info","event":"Delivered to dim_product [4] at offset 781","logger":"kafka.build_kafka"}
{"timestamp":"2025-06-21T15:30:41.545752","level":"info","event":"Delivered to dim_product [4] at offset 782","logger":"kafka.build_kafka"}
{"timestamp":"2025-06-21T15:30:41.545876","level":"info","event":"Delivered to dim_product [4] at offset 783","logger":"kafka.build_kafka"}
{"timestamp":"2025-06-21T15:30:41.545962","level":"info","event":"Delivered to dim_product [4] at offset 784","logger":"kafka.build_kafka"}
{"timestamp":"2025-06-21T15:30:41.546041","level":"info","event":"Delivered to dim_product [4] at offset 785","logger":"kafka.build_kafka"}
{"timestamp":"2025-06-21T15:30:41.546122","level":"info","event":"Delivered to dim_product [4] at offset 786","logger":"kafka.build_kafka"}
{"timestamp":"2025-06-21T15:30:41.546202","level":"info","event":"Delivered to dim_product [4] at offset 787","logger":"kafka.build_kafka"}
{"timestamp":"2025-06-21T15:30:41.546286","level":"info","event":"Delivered to dim_product [4] at offset 788","logger":"kafka.build_kafka"}
{"timestamp":"2025-06-21T15:30:41.546378","level":"info","event":"Delivered to dim_product [0] at offset 883","logger":"kafka.build_kafka"}
{"timestamp":"2025-06-21T15:30:41.546459","level":"info","event":"Delivered to dim_product [0] at offset 884","logger":"kafka.build_kafka"}
{"timestamp":"2025-06-21T15:30:41.546538","level":"info","event":"Delivered to dim_product [0] at offset 885","logger":"kafka.build_kafka"}
{"timestamp":"2025-06-21T15:30:41.546618","level":"info","event":"Delivered to dim_product [0] at offset 886","logger":"kafka.build_kafka"}
{"timestamp":"2025-06-21T15:30:41.546717","level":"info","event":"Delivered to dim_product [0] at offset 887","logger":"kafka.build_kafka"}
{"timestamp":"2025-06-21T15:30:41.546797","level":"info","event":"Delivered to dim_product [0] at offset 888","logger":"kafka.build_kafka"}
{"timestamp":"2025-06-21T15:30:41.546873","level":"info","event":"Delivered to dim_product [0] at offset 889","logger":"kafka.build_kafka"}
{"timestamp":"2025-06-21T15:30:41.546948","level":"info","event":"Delivered to dim_product [0] at offset 890","logger":"kafka.build_kafka"}
{"timestamp":"2025-06-21T15:30:41.547023","level":"info","event":"Delivered to dim_product [0] at offset 891","logger":"kafka.build_kafka"}
{"timestamp":"2025-06-21T15:30:42.439078","level":"info","event":"extract dim_product","logger":"dags.etl_dim_product"}
{"timestamp":"2025-06-21T15:30:42.530050","level":"info","event":"transform dim_product","logger":"dags.etl_dim_product"}
{"timestamp":"2025-06-21T15:30:43.468129","level":"info","event":"Extract và transform dim_product thành công","logger":"dags.etl_dim_product"}
{"timestamp":"2025-06-21T15:30:44.082936","level":"info","event":"Tổng số bản ghi cần gửi: 50","logger":"dags.etl_dim_product"}
{"timestamp":"2025-06-21T15:30:44.487996","level":"info","event":"Batch 2: 50 bản ghi. Đang gửi lên Kafka...","logger":"dags.etl_dim_product"}
{"timestamp":"2025-06-21T15:30:44.791230","level":"info","event":"Delivered to dim_product [0] at offset 892","logger":"kafka.build_kafka"}
{"timestamp":"2025-06-21T15:30:44.791560","level":"info","event":"Delivered to dim_product [0] at offset 893","logger":"kafka.build_kafka"}
{"timestamp":"2025-06-21T15:30:44.791663","level":"info","event":"Delivered to dim_product [0] at offset 894","logger":"kafka.build_kafka"}
{"timestamp":"2025-06-21T15:30:44.791748","level":"info","event":"Delivered to dim_product [0] at offset 895","logger":"kafka.build_kafka"}
{"timestamp":"2025-06-21T15:30:44.791834","level":"info","event":"Delivered to dim_product [0] at offset 896","logger":"kafka.build_kafka"}
{"timestamp":"2025-06-21T15:30:44.791993","level":"info","event":"Delivered to dim_product [0] at offset 897","logger":"kafka.build_kafka"}
{"timestamp":"2025-06-21T15:30:44.792150","level":"info","event":"Delivered to dim_product [0] at offset 898","logger":"kafka.build_kafka"}
{"timestamp":"2025-06-21T15:30:44.792253","level":"info","event":"Delivered to dim_product [0] at offset 899","logger":"kafka.build_kafka"}
{"timestamp":"2025-06-21T15:30:44.792343","level":"info","event":"Delivered to dim_product [0] at offset 900","logger":"kafka.build_kafka"}
{"timestamp":"2025-06-21T15:30:44.792426","level":"info","event":"Delivered to dim_product [0] at offset 901","logger":"kafka.build_kafka"}
{"timestamp":"2025-06-21T15:30:44.792537","level":"info","event":"Delivered to dim_product [0] at offset 902","logger":"kafka.build_kafka"}
{"timestamp":"2025-06-21T15:30:44.793745","level":"info","event":"Delivered to dim_product [1] at offset 883","logger":"kafka.build_kafka"}
{"timestamp":"2025-06-21T15:30:44.794181","level":"info","event":"Delivered to dim_product [1] at offset 884","logger":"kafka.build_kafka"}
{"timestamp":"2025-06-21T15:30:44.794336","level":"info","event":"Delivered to dim_product [1] at offset 885","logger":"kafka.build_kafka"}
{"timestamp":"2025-06-21T15:30:44.794437","level":"info","event":"Delivered to dim_product [1] at offset 886","logger":"kafka.build_kafka"}
{"timestamp":"2025-06-21T15:30:44.794534","level":"info","event":"Delivered to dim_product [1] at offset 887","logger":"kafka.build_kafka"}
{"timestamp":"2025-06-21T15:30:44.794956","level":"info","event":"Delivered to dim_product [1] at offset 888","logger":"kafka.build_kafka"}
{"timestamp":"2025-06-21T15:30:44.795075","level":"info","event":"Delivered to dim_product [1] at offset 889","logger":"kafka.build_kafka"}
{"timestamp":"2025-06-21T15:30:44.795152","level":"info","event":"Delivered to dim_product [1] at offset 890","logger":"kafka.build_kafka"}
{"timestamp":"2025-06-21T15:30:44.795234","level":"info","event":"Delivered to dim_product [1] at offset 891","logger":"kafka.build_kafka"}
{"timestamp":"2025-06-21T15:30:44.795317","level":"info","event":"Delivered to dim_product [1] at offset 892","logger":"kafka.build_kafka"}
{"timestamp":"2025-06-21T15:30:44.795397","level":"info","event":"Delivered to dim_product [1] at offset 893","logger":"kafka.build_kafka"}
{"timestamp":"2025-06-21T15:30:44.795477","level":"info","event":"Delivered to dim_product [1] at offset 894","logger":"kafka.build_kafka"}
{"timestamp":"2025-06-21T15:30:44.795555","level":"info","event":"Delivered to dim_product [1] at offset 895","logger":"kafka.build_kafka"}
{"timestamp":"2025-06-21T15:30:44.797243","level":"info","event":"Delivered to dim_product [2] at offset 794","logger":"kafka.build_kafka"}
{"timestamp":"2025-06-21T15:30:44.797467","level":"info","event":"Delivered to dim_product [2] at offset 795","logger":"kafka.build_kafka"}
{"timestamp":"2025-06-21T15:30:44.797550","level":"info","event":"Delivered to dim_product [2] at offset 796","logger":"kafka.build_kafka"}
{"timestamp":"2025-06-21T15:30:44.797623","level":"info","event":"Delivered to dim_product [2] at offset 797","logger":"kafka.build_kafka"}
{"timestamp":"2025-06-21T15:30:44.797694","level":"info","event":"Delivered to dim_product [2] at offset 798","logger":"kafka.build_kafka"}
{"timestamp":"2025-06-21T15:30:44.797766","level":"info","event":"Delivered to dim_product [3] at offset 1000","logger":"kafka.build_kafka"}
{"timestamp":"2025-06-21T15:30:44.798058","level":"info","event":"Delivered to dim_product [3] at offset 1001","logger":"kafka.build_kafka"}
{"timestamp":"2025-06-21T15:30:44.800537","level":"info","event":"Delivered to dim_product [3] at offset 1002","logger":"kafka.build_kafka"}
{"timestamp":"2025-06-21T15:30:44.800676","level":"info","event":"Delivered to dim_product [3] at offset 1003","logger":"kafka.build_kafka"}
{"timestamp":"2025-06-21T15:30:44.800777","level":"info","event":"Delivered to dim_product [3] at offset 1004","logger":"kafka.build_kafka"}
{"timestamp":"2025-06-21T15:30:44.800871","level":"info","event":"Delivered to dim_product [3] at offset 1005","logger":"kafka.build_kafka"}
{"timestamp":"2025-06-21T15:30:44.800957","level":"info","event":"Delivered to dim_product [3] at offset 1006","logger":"kafka.build_kafka"}
{"timestamp":"2025-06-21T15:30:44.801042","level":"info","event":"Delivered to dim_product [3] at offset 1007","logger":"kafka.build_kafka"}
{"timestamp":"2025-06-21T15:30:44.801134","level":"info","event":"Delivered to dim_product [3] at offset 1008","logger":"kafka.build_kafka"}
{"timestamp":"2025-06-21T15:30:44.801223","level":"info","event":"Delivered to dim_product [3] at offset 1009","logger":"kafka.build_kafka"}
{"timestamp":"2025-06-21T15:30:44.801304","level":"info","event":"Delivered to dim_product [3] at offset 1010","logger":"kafka.build_kafka"}
{"timestamp":"2025-06-21T15:30:44.801382","level":"info","event":"Delivered to dim_product [3] at offset 1011","logger":"kafka.build_kafka"}
{"timestamp":"2025-06-21T15:30:44.801550","level":"info","event":"Delivered to dim_product [3] at offset 1012","logger":"kafka.build_kafka"}
{"timestamp":"2025-06-21T15:30:44.803981","level":"info","event":"Delivered to dim_product [4] at offset 789","logger":"kafka.build_kafka"}
{"timestamp":"2025-06-21T15:30:44.804317","level":"info","event":"Delivered to dim_product [4] at offset 790","logger":"kafka.build_kafka"}
{"timestamp":"2025-06-21T15:30:44.804484","level":"info","event":"Delivered to dim_product [4] at offset 791","logger":"kafka.build_kafka"}
{"timestamp":"2025-06-21T15:30:44.804569","level":"info","event":"Delivered to dim_product [4] at offset 792","logger":"kafka.build_kafka"}
{"timestamp":"2025-06-21T15:30:44.804643","level":"info","event":"Delivered to dim_product [4] at offset 793","logger":"kafka.build_kafka"}
{"timestamp":"2025-06-21T15:30:44.805329","level":"info","event":"Delivered to dim_product [4] at offset 794","logger":"kafka.build_kafka"}
{"timestamp":"2025-06-21T15:30:44.805463","level":"info","event":"Delivered to dim_product [4] at offset 795","logger":"kafka.build_kafka"}
{"timestamp":"2025-06-21T15:30:44.805695","level":"info","event":"Delivered to dim_product [4] at offset 796","logger":"kafka.build_kafka"}
{"timestamp":"2025-06-21T15:30:45.582994","level":"info","event":"extract dim_product","logger":"dags.etl_dim_product"}
{"timestamp":"2025-06-21T15:30:45.643129","level":"info","event":"transform dim_product","logger":"dags.etl_dim_product"}
{"timestamp":"2025-06-21T15:30:46.070011","level":"info","event":"Extract và transform dim_product thành công","logger":"dags.etl_dim_product"}
{"timestamp":"2025-06-21T15:30:46.635821","level":"info","event":"Tổng số bản ghi cần gửi: 50","logger":"dags.etl_dim_product"}
{"timestamp":"2025-06-21T15:30:47.061932","level":"info","event":"Batch 3: 50 bản ghi. Đang gửi lên Kafka...","logger":"dags.etl_dim_product"}
{"timestamp":"2025-06-21T15:30:47.323443","level":"info","event":"Delivered to dim_product [4] at offset 797","logger":"kafka.build_kafka"}
{"timestamp":"2025-06-21T15:30:47.323763","level":"info","event":"Delivered to dim_product [4] at offset 798","logger":"kafka.build_kafka"}
{"timestamp":"2025-06-21T15:30:47.324022","level":"info","event":"Delivered to dim_product [4] at offset 799","logger":"kafka.build_kafka"}
{"timestamp":"2025-06-21T15:30:47.324226","level":"info","event":"Delivered to dim_product [4] at offset 800","logger":"kafka.build_kafka"}
{"timestamp":"2025-06-21T15:30:47.324663","level":"info","event":"Delivered to dim_product [4] at offset 801","logger":"kafka.build_kafka"}
{"timestamp":"2025-06-21T15:30:47.324789","level":"info","event":"Delivered to dim_product [4] at offset 802","logger":"kafka.build_kafka"}
{"timestamp":"2025-06-21T15:30:47.328225","level":"info","event":"Delivered to dim_product [0] at offset 903","logger":"kafka.build_kafka"}
{"timestamp":"2025-06-21T15:30:47.328546","level":"info","event":"Delivered to dim_product [0] at offset 904","logger":"kafka.build_kafka"}
{"timestamp":"2025-06-21T15:30:47.328677","level":"info","event":"Delivered to dim_product [0] at offset 905","logger":"kafka.build_kafka"}
{"timestamp":"2025-06-21T15:30:47.328837","level":"info","event":"Delivered to dim_product [0] at offset 906","logger":"kafka.build_kafka"}
{"timestamp":"2025-06-21T15:30:47.328935","level":"info","event":"Delivered to dim_product [0] at offset 907","logger":"kafka.build_kafka"}
{"timestamp":"2025-06-21T15:30:47.329029","level":"info","event":"Delivered to dim_product [0] at offset 908","logger":"kafka.build_kafka"}
{"timestamp":"2025-06-21T15:30:47.329110","level":"info","event":"Delivered to dim_product [0] at offset 909","logger":"kafka.build_kafka"}
{"timestamp":"2025-06-21T15:30:47.329188","level":"info","event":"Delivered to dim_product [0] at offset 910","logger":"kafka.build_kafka"}
{"timestamp":"2025-06-21T15:30:47.329270","level":"info","event":"Delivered to dim_product [0] at offset 911","logger":"kafka.build_kafka"}
{"timestamp":"2025-06-21T15:30:47.329346","level":"info","event":"Delivered to dim_product [0] at offset 912","logger":"kafka.build_kafka"}
{"timestamp":"2025-06-21T15:30:47.329440","level":"info","event":"Delivered to dim_product [0] at offset 913","logger":"kafka.build_kafka"}
{"timestamp":"2025-06-21T15:30:47.332182","level":"info","event":"Delivered to dim_product [1] at offset 896","logger":"kafka.build_kafka"}
{"timestamp":"2025-06-21T15:30:47.332755","level":"info","event":"Delivered to dim_product [1] at offset 897","logger":"kafka.build_kafka"}
{"timestamp":"2025-06-21T15:30:47.333032","level":"info","event":"Delivered to dim_product [1] at offset 898","logger":"kafka.build_kafka"}
{"timestamp":"2025-06-21T15:30:47.333129","level":"info","event":"Delivered to dim_product [1] at offset 899","logger":"kafka.build_kafka"}
{"timestamp":"2025-06-21T15:30:47.333215","level":"info","event":"Delivered to dim_product [1] at offset 900","logger":"kafka.build_kafka"}
{"timestamp":"2025-06-21T15:30:47.333285","level":"info","event":"Delivered to dim_product [1] at offset 901","logger":"kafka.build_kafka"}
{"timestamp":"2025-06-21T15:30:47.333362","level":"info","event":"Delivered to dim_product [1] at offset 902","logger":"kafka.build_kafka"}
{"timestamp":"2025-06-21T15:30:47.333441","level":"info","event":"Delivered to dim_product [1] at offset 903","logger":"kafka.build_kafka"}
{"timestamp":"2025-06-21T15:30:47.333521","level":"info","event":"Delivered to dim_product [1] at offset 904","logger":"kafka.build_kafka"}
{"timestamp":"2025-06-21T15:30:47.333605","level":"info","event":"Delivered to dim_product [2] at offset 799","logger":"kafka.build_kafka"}
{"timestamp":"2025-06-21T15:30:47.333695","level":"info","event":"Delivered to dim_product [2] at offset 800","logger":"kafka.build_kafka"}
{"timestamp":"2025-06-21T15:30:47.333774","level":"info","event":"Delivered to dim_product [2] at offset 801","logger":"kafka.build_kafka"}
{"timestamp":"2025-06-21T15:30:47.333853","level":"info","event":"Delivered to dim_product [2] at offset 802","logger":"kafka.build_kafka"}
{"timestamp":"2025-06-21T15:30:47.333942","level":"info","event":"Delivered to dim_product [2] at offset 803","logger":"kafka.build_kafka"}
{"timestamp":"2025-06-21T15:30:47.334039","level":"info","event":"Delivered to dim_product [2] at offset 804","logger":"kafka.build_kafka"}
{"timestamp":"2025-06-21T15:30:47.334124","level":"info","event":"Delivered to dim_product [2] at offset 805","logger":"kafka.build_kafka"}
{"timestamp":"2025-06-21T15:30:47.334365","level":"info","event":"Delivered to dim_product [2] at offset 806","logger":"kafka.build_kafka"}
{"timestamp":"2025-06-21T15:30:47.334503","level":"info","event":"Delivered to dim_product [2] at offset 807","logger":"kafka.build_kafka"}
{"timestamp":"2025-06-21T15:30:47.334592","level":"info","event":"Delivered to dim_product [2] at offset 808","logger":"kafka.build_kafka"}
{"timestamp":"2025-06-21T15:30:47.334691","level":"info","event":"Delivered to dim_product [3] at offset 1013","logger":"kafka.build_kafka"}
{"timestamp":"2025-06-21T15:30:47.334822","level":"info","event":"Delivered to dim_product [3] at offset 1014","logger":"kafka.build_kafka"}
{"timestamp":"2025-06-21T15:30:47.334947","level":"info","event":"Delivered to dim_product [3] at offset 1015","logger":"kafka.build_kafka"}
{"timestamp":"2025-06-21T15:30:47.335040","level":"info","event":"Delivered to dim_product [3] at offset 1016","logger":"kafka.build_kafka"}
{"timestamp":"2025-06-21T15:30:47.335128","level":"info","event":"Delivered to dim_product [3] at offset 1017","logger":"kafka.build_kafka"}
{"timestamp":"2025-06-21T15:30:47.335220","level":"info","event":"Delivered to dim_product [3] at offset 1018","logger":"kafka.build_kafka"}
{"timestamp":"2025-06-21T15:30:47.335551","level":"info","event":"Delivered to dim_product [3] at offset 1019","logger":"kafka.build_kafka"}
{"timestamp":"2025-06-21T15:30:47.335744","level":"info","event":"Delivered to dim_product [3] at offset 1020","logger":"kafka.build_kafka"}
{"timestamp":"2025-06-21T15:30:47.335845","level":"info","event":"Delivered to dim_product [3] at offset 1021","logger":"kafka.build_kafka"}
{"timestamp":"2025-06-21T15:30:47.335986","level":"info","event":"Delivered to dim_product [3] at offset 1022","logger":"kafka.build_kafka"}
{"timestamp":"2025-06-21T15:30:47.336067","level":"info","event":"Delivered to dim_product [3] at offset 1023","logger":"kafka.build_kafka"}
{"timestamp":"2025-06-21T15:30:47.336142","level":"info","event":"Delivered to dim_product [3] at offset 1024","logger":"kafka.build_kafka"}
{"timestamp":"2025-06-21T15:30:47.336235","level":"info","event":"Delivered to dim_product [3] at offset 1025","logger":"kafka.build_kafka"}
{"timestamp":"2025-06-21T15:30:47.336318","level":"info","event":"Delivered to dim_product [3] at offset 1026","logger":"kafka.build_kafka"}
{"timestamp":"2025-06-21T15:30:48.109237","level":"info","event":"extract dim_product","logger":"dags.etl_dim_product"}
{"timestamp":"2025-06-21T15:30:48.276964","level":"info","event":"transform dim_product","logger":"dags.etl_dim_product"}
{"timestamp":"2025-06-21T15:30:49.420913","level":"info","event":"Extract và transform dim_product thành công","logger":"dags.etl_dim_product"}
{"timestamp":"2025-06-21T15:30:50.211182","level":"info","event":"Tổng số bản ghi cần gửi: 50","logger":"dags.etl_dim_product"}
{"timestamp":"2025-06-21T15:30:50.707072","level":"info","event":"Batch 4: 50 bản ghi. Đang gửi lên Kafka...","logger":"dags.etl_dim_product"}
{"timestamp":"2025-06-21T15:30:51.017876","level":"info","event":"Delivered to dim_product [3] at offset 1027","logger":"kafka.build_kafka"}
{"timestamp":"2025-06-21T15:30:51.018653","level":"info","event":"Delivered to dim_product [3] at offset 1028","logger":"kafka.build_kafka"}
{"timestamp":"2025-06-21T15:30:51.019022","level":"info","event":"Delivered to dim_product [3] at offset 1029","logger":"kafka.build_kafka"}
{"timestamp":"2025-06-21T15:30:51.019164","level":"info","event":"Delivered to dim_product [3] at offset 1030","logger":"kafka.build_kafka"}
{"timestamp":"2025-06-21T15:30:51.019255","level":"info","event":"Delivered to dim_product [3] at offset 1031","logger":"kafka.build_kafka"}
{"timestamp":"2025-06-21T15:30:51.019341","level":"info","event":"Delivered to dim_product [3] at offset 1032","logger":"kafka.build_kafka"}
{"timestamp":"2025-06-21T15:30:51.019457","level":"info","event":"Delivered to dim_product [3] at offset 1033","logger":"kafka.build_kafka"}
{"timestamp":"2025-06-21T15:30:51.020013","level":"info","event":"Delivered to dim_product [3] at offset 1034","logger":"kafka.build_kafka"}
{"timestamp":"2025-06-21T15:30:51.020802","level":"info","event":"Delivered to dim_product [3] at offset 1035","logger":"kafka.build_kafka"}
{"timestamp":"2025-06-21T15:30:51.020961","level":"info","event":"Delivered to dim_product [3] at offset 1036","logger":"kafka.build_kafka"}
{"timestamp":"2025-06-21T15:30:51.021043","level":"info","event":"Delivered to dim_product [3] at offset 1037","logger":"kafka.build_kafka"}
{"timestamp":"2025-06-21T15:30:51.021119","level":"info","event":"Delivered to dim_product [3] at offset 1038","logger":"kafka.build_kafka"}
{"timestamp":"2025-06-21T15:30:51.021190","level":"info","event":"Delivered to dim_product [3] at offset 1039","logger":"kafka.build_kafka"}
{"timestamp":"2025-06-21T15:30:51.021262","level":"info","event":"Delivered to dim_product [3] at offset 1040","logger":"kafka.build_kafka"}
{"timestamp":"2025-06-21T15:30:51.021333","level":"info","event":"Delivered to dim_product [3] at offset 1041","logger":"kafka.build_kafka"}
{"timestamp":"2025-06-21T15:30:51.021406","level":"info","event":"Delivered to dim_product [3] at offset 1042","logger":"kafka.build_kafka"}
{"timestamp":"2025-06-21T15:30:51.021492","level":"info","event":"Delivered to dim_product [3] at offset 1043","logger":"kafka.build_kafka"}
{"timestamp":"2025-06-21T15:30:51.021600","level":"info","event":"Delivered to dim_product [4] at offset 803","logger":"kafka.build_kafka"}
{"timestamp":"2025-06-21T15:30:51.021682","level":"info","event":"Delivered to dim_product [4] at offset 804","logger":"kafka.build_kafka"}
{"timestamp":"2025-06-21T15:30:51.021760","level":"info","event":"Delivered to dim_product [4] at offset 805","logger":"kafka.build_kafka"}
{"timestamp":"2025-06-21T15:30:51.021836","level":"info","event":"Delivered to dim_product [4] at offset 806","logger":"kafka.build_kafka"}
{"timestamp":"2025-06-21T15:30:51.025049","level":"info","event":"Delivered to dim_product [0] at offset 914","logger":"kafka.build_kafka"}
{"timestamp":"2025-06-21T15:30:51.025278","level":"info","event":"Delivered to dim_product [0] at offset 915","logger":"kafka.build_kafka"}
{"timestamp":"2025-06-21T15:30:51.025381","level":"info","event":"Delivered to dim_product [0] at offset 916","logger":"kafka.build_kafka"}
{"timestamp":"2025-06-21T15:30:51.028080","level":"info","event":"Delivered to dim_product [0] at offset 917","logger":"kafka.build_kafka"}
{"timestamp":"2025-06-21T15:30:51.028407","level":"info","event":"Delivered to dim_product [0] at offset 918","logger":"kafka.build_kafka"}
{"timestamp":"2025-06-21T15:30:51.028499","level":"info","event":"Delivered to dim_product [0] at offset 919","logger":"kafka.build_kafka"}
{"timestamp":"2025-06-21T15:30:51.028580","level":"info","event":"Delivered to dim_product [0] at offset 920","logger":"kafka.build_kafka"}
{"timestamp":"2025-06-21T15:30:51.028788","level":"info","event":"Delivered to dim_product [1] at offset 905","logger":"kafka.build_kafka"}
{"timestamp":"2025-06-21T15:30:51.028887","level":"info","event":"Delivered to dim_product [1] at offset 906","logger":"kafka.build_kafka"}
{"timestamp":"2025-06-21T15:30:51.028968","level":"info","event":"Delivered to dim_product [1] at offset 907","logger":"kafka.build_kafka"}
{"timestamp":"2025-06-21T15:30:51.029048","level":"info","event":"Delivered to dim_product [1] at offset 908","logger":"kafka.build_kafka"}
{"timestamp":"2025-06-21T15:30:51.029127","level":"info","event":"Delivered to dim_product [1] at offset 909","logger":"kafka.build_kafka"}
{"timestamp":"2025-06-21T15:30:51.029205","level":"info","event":"Delivered to dim_product [1] at offset 910","logger":"kafka.build_kafka"}
{"timestamp":"2025-06-21T15:30:51.029283","level":"info","event":"Delivered to dim_product [1] at offset 911","logger":"kafka.build_kafka"}
{"timestamp":"2025-06-21T15:30:51.029364","level":"info","event":"Delivered to dim_product [1] at offset 912","logger":"kafka.build_kafka"}
{"timestamp":"2025-06-21T15:30:51.029448","level":"info","event":"Delivered to dim_product [1] at offset 913","logger":"kafka.build_kafka"}
{"timestamp":"2025-06-21T15:30:51.029524","level":"info","event":"Delivered to dim_product [1] at offset 914","logger":"kafka.build_kafka"}
{"timestamp":"2025-06-21T15:30:51.029608","level":"info","event":"Delivered to dim_product [1] at offset 915","logger":"kafka.build_kafka"}
{"timestamp":"2025-06-21T15:30:51.029700","level":"info","event":"Delivered to dim_product [2] at offset 809","logger":"kafka.build_kafka"}
{"timestamp":"2025-06-21T15:30:51.029778","level":"info","event":"Delivered to dim_product [2] at offset 810","logger":"kafka.build_kafka"}
{"timestamp":"2025-06-21T15:30:51.029857","level":"info","event":"Delivered to dim_product [2] at offset 811","logger":"kafka.build_kafka"}
{"timestamp":"2025-06-21T15:30:51.029932","level":"info","event":"Delivered to dim_product [2] at offset 812","logger":"kafka.build_kafka"}
{"timestamp":"2025-06-21T15:30:51.030008","level":"info","event":"Delivered to dim_product [2] at offset 813","logger":"kafka.build_kafka"}
{"timestamp":"2025-06-21T15:30:51.030083","level":"info","event":"Delivered to dim_product [2] at offset 814","logger":"kafka.build_kafka"}
{"timestamp":"2025-06-21T15:30:51.030157","level":"info","event":"Delivered to dim_product [2] at offset 815","logger":"kafka.build_kafka"}
{"timestamp":"2025-06-21T15:30:51.030231","level":"info","event":"Delivered to dim_product [2] at offset 816","logger":"kafka.build_kafka"}
{"timestamp":"2025-06-21T15:30:51.030309","level":"info","event":"Delivered to dim_product [2] at offset 817","logger":"kafka.build_kafka"}
{"timestamp":"2025-06-21T15:30:51.030383","level":"info","event":"Delivered to dim_product [2] at offset 818","logger":"kafka.build_kafka"}
{"timestamp":"2025-06-21T15:30:51.030457","level":"info","event":"Delivered to dim_product [2] at offset 819","logger":"kafka.build_kafka"}
{"timestamp":"2025-06-21T15:30:51.724818","level":"info","event":"extract dim_product","logger":"dags.etl_dim_product"}
{"timestamp":"2025-06-21T15:30:51.780320","level":"info","event":"transform dim_product","logger":"dags.etl_dim_product"}
{"timestamp":"2025-06-21T15:30:52.120328","level":"info","event":"Extract và transform dim_product thành công","logger":"dags.etl_dim_product"}
{"timestamp":"2025-06-21T15:30:52.379030","level":"info","event":"Tổng số bản ghi cần gửi: 50","logger":"dags.etl_dim_product"}
{"timestamp":"2025-06-21T15:30:52.632834","level":"info","event":"Batch 5: 50 bản ghi. Đang gửi lên Kafka...","logger":"dags.etl_dim_product"}
{"timestamp":"2025-06-21T15:30:52.853173","level":"info","event":"Delivered to dim_product [0] at offset 921","logger":"kafka.build_kafka"}
{"timestamp":"2025-06-21T15:30:52.854952","level":"info","event":"Delivered to dim_product [0] at offset 922","logger":"kafka.build_kafka"}
{"timestamp":"2025-06-21T15:30:52.855742","level":"info","event":"Delivered to dim_product [0] at offset 923","logger":"kafka.build_kafka"}
{"timestamp":"2025-06-21T15:30:52.856091","level":"info","event":"Delivered to dim_product [0] at offset 924","logger":"kafka.build_kafka"}
{"timestamp":"2025-06-21T15:30:52.856287","level":"info","event":"Delivered to dim_product [0] at offset 925","logger":"kafka.build_kafka"}
{"timestamp":"2025-06-21T15:30:52.856413","level":"info","event":"Delivered to dim_product [0] at offset 926","logger":"kafka.build_kafka"}
{"timestamp":"2025-06-21T15:30:52.856513","level":"info","event":"Delivered to dim_product [0] at offset 927","logger":"kafka.build_kafka"}
{"timestamp":"2025-06-21T15:30:52.856601","level":"info","event":"Delivered to dim_product [0] at offset 928","logger":"kafka.build_kafka"}
{"timestamp":"2025-06-21T15:30:52.858388","level":"info","event":"Delivered to dim_product [1] at offset 916","logger":"kafka.build_kafka"}
{"timestamp":"2025-06-21T15:30:52.859911","level":"info","event":"Delivered to dim_product [1] at offset 917","logger":"kafka.build_kafka"}
{"timestamp":"2025-06-21T15:30:52.860184","level":"info","event":"Delivered to dim_product [1] at offset 918","logger":"kafka.build_kafka"}
{"timestamp":"2025-06-21T15:30:52.860441","level":"info","event":"Delivered to dim_product [1] at offset 919","logger":"kafka.build_kafka"}
{"timestamp":"2025-06-21T15:30:52.860733","level":"info","event":"Delivered to dim_product [1] at offset 920","logger":"kafka.build_kafka"}
{"timestamp":"2025-06-21T15:30:52.860859","level":"info","event":"Delivered to dim_product [1] at offset 921","logger":"kafka.build_kafka"}
{"timestamp":"2025-06-21T15:30:52.860997","level":"info","event":"Delivered to dim_product [1] at offset 922","logger":"kafka.build_kafka"}
{"timestamp":"2025-06-21T15:30:52.861079","level":"info","event":"Delivered to dim_product [1] at offset 923","logger":"kafka.build_kafka"}
{"timestamp":"2025-06-21T15:30:52.861155","level":"info","event":"Delivered to dim_product [1] at offset 924","logger":"kafka.build_kafka"}
{"timestamp":"2025-06-21T15:30:52.861387","level":"info","event":"Delivered to dim_product [1] at offset 925","logger":"kafka.build_kafka"}
{"timestamp":"2025-06-21T15:30:52.861572","level":"info","event":"Delivered to dim_product [1] at offset 926","logger":"kafka.build_kafka"}
{"timestamp":"2025-06-21T15:30:52.861783","level":"info","event":"Delivered to dim_product [1] at offset 927","logger":"kafka.build_kafka"}
{"timestamp":"2025-06-21T15:30:52.861909","level":"info","event":"Delivered to dim_product [1] at offset 928","logger":"kafka.build_kafka"}
{"timestamp":"2025-06-21T15:30:52.862007","level":"info","event":"Delivered to dim_product [2] at offset 820","logger":"kafka.build_kafka"}
{"timestamp":"2025-06-21T15:30:52.862525","level":"info","event":"Delivered to dim_product [2] at offset 821","logger":"kafka.build_kafka"}
{"timestamp":"2025-06-21T15:30:52.862734","level":"info","event":"Delivered to dim_product [2] at offset 822","logger":"kafka.build_kafka"}
{"timestamp":"2025-06-21T15:30:52.862826","level":"info","event":"Delivered to dim_product [2] at offset 823","logger":"kafka.build_kafka"}
{"timestamp":"2025-06-21T15:30:52.862908","level":"info","event":"Delivered to dim_product [2] at offset 824","logger":"kafka.build_kafka"}
{"timestamp":"2025-06-21T15:30:52.863117","level":"info","event":"Delivered to dim_product [2] at offset 825","logger":"kafka.build_kafka"}
{"timestamp":"2025-06-21T15:30:52.863203","level":"info","event":"Delivered to dim_product [2] at offset 826","logger":"kafka.build_kafka"}
{"timestamp":"2025-06-21T15:30:52.863278","level":"info","event":"Delivered to dim_product [2] at offset 827","logger":"kafka.build_kafka"}
{"timestamp":"2025-06-21T15:30:52.863623","level":"info","event":"Delivered to dim_product [2] at offset 828","logger":"kafka.build_kafka"}
{"timestamp":"2025-06-21T15:30:52.863818","level":"info","event":"Delivered to dim_product [3] at offset 1044","logger":"kafka.build_kafka"}
{"timestamp":"2025-06-21T15:30:52.864368","level":"info","event":"Delivered to dim_product [3] at offset 1045","logger":"kafka.build_kafka"}
{"timestamp":"2025-06-21T15:30:52.864750","level":"info","event":"Delivered to dim_product [3] at offset 1046","logger":"kafka.build_kafka"}
{"timestamp":"2025-06-21T15:30:52.864958","level":"info","event":"Delivered to dim_product [3] at offset 1047","logger":"kafka.build_kafka"}
{"timestamp":"2025-06-21T15:30:52.865209","level":"info","event":"Delivered to dim_product [3] at offset 1048","logger":"kafka.build_kafka"}
{"timestamp":"2025-06-21T15:30:52.865553","level":"info","event":"Delivered to dim_product [3] at offset 1049","logger":"kafka.build_kafka"}
{"timestamp":"2025-06-21T15:30:52.865655","level":"info","event":"Delivered to dim_product [3] at offset 1050","logger":"kafka.build_kafka"}
{"timestamp":"2025-06-21T15:30:52.865736","level":"info","event":"Delivered to dim_product [3] at offset 1051","logger":"kafka.build_kafka"}
{"timestamp":"2025-06-21T15:30:52.866000","level":"info","event":"Delivered to dim_product [3] at offset 1052","logger":"kafka.build_kafka"}
{"timestamp":"2025-06-21T15:30:52.866162","level":"info","event":"Delivered to dim_product [3] at offset 1053","logger":"kafka.build_kafka"}
{"timestamp":"2025-06-21T15:30:52.866248","level":"info","event":"Delivered to dim_product [3] at offset 1054","logger":"kafka.build_kafka"}
{"timestamp":"2025-06-21T15:30:52.866379","level":"info","event":"Delivered to dim_product [3] at offset 1055","logger":"kafka.build_kafka"}
{"timestamp":"2025-06-21T15:30:52.866474","level":"info","event":"Delivered to dim_product [3] at offset 1056","logger":"kafka.build_kafka"}
{"timestamp":"2025-06-21T15:30:52.866569","level":"info","event":"Delivered to dim_product [4] at offset 807","logger":"kafka.build_kafka"}
{"timestamp":"2025-06-21T15:30:52.866823","level":"info","event":"Delivered to dim_product [4] at offset 808","logger":"kafka.build_kafka"}
{"timestamp":"2025-06-21T15:30:52.867013","level":"info","event":"Delivered to dim_product [4] at offset 809","logger":"kafka.build_kafka"}
{"timestamp":"2025-06-21T15:30:52.867102","level":"info","event":"Delivered to dim_product [4] at offset 810","logger":"kafka.build_kafka"}
{"timestamp":"2025-06-21T15:30:52.867329","level":"info","event":"Delivered to dim_product [4] at offset 811","logger":"kafka.build_kafka"}
{"timestamp":"2025-06-21T15:30:52.867526","level":"info","event":"Delivered to dim_product [4] at offset 812","logger":"kafka.build_kafka"}
{"timestamp":"2025-06-21T15:30:52.867663","level":"info","event":"Delivered to dim_product [4] at offset 813","logger":"kafka.build_kafka"}
{"timestamp":"2025-06-21T15:30:53.571995","level":"info","event":"extract dim_product","logger":"dags.etl_dim_product"}
{"timestamp":"2025-06-21T15:30:53.679619","level":"info","event":"transform dim_product","logger":"dags.etl_dim_product"}
{"timestamp":"2025-06-21T15:30:54.187911","level":"info","event":"Extract và transform dim_product thành công","logger":"dags.etl_dim_product"}
{"timestamp":"2025-06-21T15:30:54.608418","level":"info","event":"Tổng số bản ghi cần gửi: 50","logger":"dags.etl_dim_product"}
{"timestamp":"2025-06-21T15:30:54.946177","level":"info","event":"Batch 6: 50 bản ghi. Đang gửi lên Kafka...","logger":"dags.etl_dim_product"}
{"timestamp":"2025-06-21T15:30:55.264551","level":"info","event":"Delivered to dim_product [4] at offset 814","logger":"kafka.build_kafka"}
{"timestamp":"2025-06-21T15:30:55.264812","level":"info","event":"Delivered to dim_product [4] at offset 815","logger":"kafka.build_kafka"}
{"timestamp":"2025-06-21T15:30:55.264902","level":"info","event":"Delivered to dim_product [4] at offset 816","logger":"kafka.build_kafka"}
{"timestamp":"2025-06-21T15:30:55.264978","level":"info","event":"Delivered to dim_product [4] at offset 817","logger":"kafka.build_kafka"}
{"timestamp":"2025-06-21T15:30:55.265054","level":"info","event":"Delivered to dim_product [4] at offset 818","logger":"kafka.build_kafka"}
{"timestamp":"2025-06-21T15:30:55.265123","level":"info","event":"Delivered to dim_product [4] at offset 819","logger":"kafka.build_kafka"}
{"timestamp":"2025-06-21T15:30:55.265196","level":"info","event":"Delivered to dim_product [4] at offset 820","logger":"kafka.build_kafka"}
{"timestamp":"2025-06-21T15:30:55.265265","level":"info","event":"Delivered to dim_product [4] at offset 821","logger":"kafka.build_kafka"}
{"timestamp":"2025-06-21T15:30:55.265335","level":"info","event":"Delivered to dim_product [4] at offset 822","logger":"kafka.build_kafka"}
{"timestamp":"2025-06-21T15:30:55.265402","level":"info","event":"Delivered to dim_product [4] at offset 823","logger":"kafka.build_kafka"}
{"timestamp":"2025-06-21T15:30:55.265473","level":"info","event":"Delivered to dim_product [4] at offset 824","logger":"kafka.build_kafka"}
{"timestamp":"2025-06-21T15:30:55.269442","level":"info","event":"Delivered to dim_product [0] at offset 929","logger":"kafka.build_kafka"}
{"timestamp":"2025-06-21T15:30:55.270164","level":"info","event":"Delivered to dim_product [0] at offset 930","logger":"kafka.build_kafka"}
{"timestamp":"2025-06-21T15:30:55.270289","level":"info","event":"Delivered to dim_product [0] at offset 931","logger":"kafka.build_kafka"}
{"timestamp":"2025-06-21T15:30:55.270366","level":"info","event":"Delivered to dim_product [0] at offset 932","logger":"kafka.build_kafka"}
{"timestamp":"2025-06-21T15:30:55.270475","level":"info","event":"Delivered to dim_product [0] at offset 933","logger":"kafka.build_kafka"}
{"timestamp":"2025-06-21T15:30:55.270551","level":"info","event":"Delivered to dim_product [0] at offset 934","logger":"kafka.build_kafka"}
{"timestamp":"2025-06-21T15:30:55.270661","level":"info","event":"Delivered to dim_product [0] at offset 935","logger":"kafka.build_kafka"}
{"timestamp":"2025-06-21T15:30:55.270741","level":"info","event":"Delivered to dim_product [0] at offset 936","logger":"kafka.build_kafka"}
{"timestamp":"2025-06-21T15:30:55.271099","level":"info","event":"Delivered to dim_product [0] at offset 937","logger":"kafka.build_kafka"}
{"timestamp":"2025-06-21T15:30:55.271221","level":"info","event":"Delivered to dim_product [0] at offset 938","logger":"kafka.build_kafka"}
{"timestamp":"2025-06-21T15:30:55.271312","level":"info","event":"Delivered to dim_product [0] at offset 939","logger":"kafka.build_kafka"}
{"timestamp":"2025-06-21T15:30:55.271390","level":"info","event":"Delivered to dim_product [0] at offset 940","logger":"kafka.build_kafka"}
{"timestamp":"2025-06-21T15:30:55.271626","level":"info","event":"Delivered to dim_product [1] at offset 929","logger":"kafka.build_kafka"}
{"timestamp":"2025-06-21T15:30:55.271745","level":"info","event":"Delivered to dim_product [1] at offset 930","logger":"kafka.build_kafka"}
{"timestamp":"2025-06-21T15:30:55.271822","level":"info","event":"Delivered to dim_product [1] at offset 931","logger":"kafka.build_kafka"}
{"timestamp":"2025-06-21T15:30:55.271897","level":"info","event":"Delivered to dim_product [1] at offset 932","logger":"kafka.build_kafka"}
{"timestamp":"2025-06-21T15:30:55.272170","level":"info","event":"Delivered to dim_product [1] at offset 933","logger":"kafka.build_kafka"}
{"timestamp":"2025-06-21T15:30:55.272406","level":"info","event":"Delivered to dim_product [1] at offset 934","logger":"kafka.build_kafka"}
{"timestamp":"2025-06-21T15:30:55.275839","level":"info","event":"Delivered to dim_product [1] at offset 935","logger":"kafka.build_kafka"}
{"timestamp":"2025-06-21T15:30:55.276053","level":"info","event":"Delivered to dim_product [1] at offset 936","logger":"kafka.build_kafka"}
{"timestamp":"2025-06-21T15:30:55.276138","level":"info","event":"Delivered to dim_product [1] at offset 937","logger":"kafka.build_kafka"}
{"timestamp":"2025-06-21T15:30:55.276230","level":"info","event":"Delivered to dim_product [2] at offset 829","logger":"kafka.build_kafka"}
{"timestamp":"2025-06-21T15:30:55.276300","level":"info","event":"Delivered to dim_product [2] at offset 830","logger":"kafka.build_kafka"}
{"timestamp":"2025-06-21T15:30:55.276372","level":"info","event":"Delivered to dim_product [2] at offset 831","logger":"kafka.build_kafka"}
{"timestamp":"2025-06-21T15:30:55.276521","level":"info","event":"Delivered to dim_product [2] at offset 832","logger":"kafka.build_kafka"}
{"timestamp":"2025-06-21T15:30:55.276675","level":"info","event":"Delivered to dim_product [2] at offset 833","logger":"kafka.build_kafka"}
{"timestamp":"2025-06-21T15:30:55.276956","level":"info","event":"Delivered to dim_product [2] at offset 834","logger":"kafka.build_kafka"}
{"timestamp":"2025-06-21T15:30:55.277099","level":"info","event":"Delivered to dim_product [2] at offset 835","logger":"kafka.build_kafka"}
{"timestamp":"2025-06-21T15:30:55.277166","level":"info","event":"Delivered to dim_product [2] at offset 836","logger":"kafka.build_kafka"}
{"timestamp":"2025-06-21T15:30:55.277230","level":"info","event":"Delivered to dim_product [2] at offset 837","logger":"kafka.build_kafka"}
{"timestamp":"2025-06-21T15:30:55.278718","level":"info","event":"Delivered to dim_product [3] at offset 1057","logger":"kafka.build_kafka"}
{"timestamp":"2025-06-21T15:30:55.278892","level":"info","event":"Delivered to dim_product [3] at offset 1058","logger":"kafka.build_kafka"}
{"timestamp":"2025-06-21T15:30:55.278971","level":"info","event":"Delivered to dim_product [3] at offset 1059","logger":"kafka.build_kafka"}
{"timestamp":"2025-06-21T15:30:55.279043","level":"info","event":"Delivered to dim_product [3] at offset 1060","logger":"kafka.build_kafka"}
{"timestamp":"2025-06-21T15:30:55.279124","level":"info","event":"Delivered to dim_product [3] at offset 1061","logger":"kafka.build_kafka"}
{"timestamp":"2025-06-21T15:30:55.279198","level":"info","event":"Delivered to dim_product [3] at offset 1062","logger":"kafka.build_kafka"}
{"timestamp":"2025-06-21T15:30:55.279272","level":"info","event":"Delivered to dim_product [3] at offset 1063","logger":"kafka.build_kafka"}
{"timestamp":"2025-06-21T15:30:55.279348","level":"info","event":"Delivered to dim_product [3] at offset 1064","logger":"kafka.build_kafka"}
{"timestamp":"2025-06-21T15:30:55.279427","level":"info","event":"Delivered to dim_product [3] at offset 1065","logger":"kafka.build_kafka"}
{"timestamp":"2025-06-21T15:30:56.014005","level":"info","event":"extract dim_product","logger":"dags.etl_dim_product"}
{"timestamp":"2025-06-21T15:30:56.112298","level":"info","event":"transform dim_product","logger":"dags.etl_dim_product"}
{"timestamp":"2025-06-21T15:30:56.728165","level":"info","event":"Extract và transform dim_product thành công","logger":"dags.etl_dim_product"}
{"timestamp":"2025-06-21T15:30:57.585716","level":"info","event":"Tổng số bản ghi cần gửi: 50","logger":"dags.etl_dim_product"}
{"timestamp":"2025-06-21T15:30:58.034982","level":"info","event":"Batch 7: 50 bản ghi. Đang gửi lên Kafka...","logger":"dags.etl_dim_product"}
{"timestamp":"2025-06-21T15:30:58.348853","level":"info","event":"Delivered to dim_product [1] at offset 938","logger":"kafka.build_kafka"}
{"timestamp":"2025-06-21T15:30:58.349186","level":"info","event":"Delivered to dim_product [1] at offset 939","logger":"kafka.build_kafka"}
{"timestamp":"2025-06-21T15:30:58.349276","level":"info","event":"Delivered to dim_product [1] at offset 940","logger":"kafka.build_kafka"}
{"timestamp":"2025-06-21T15:30:58.349347","level":"info","event":"Delivered to dim_product [1] at offset 941","logger":"kafka.build_kafka"}
{"timestamp":"2025-06-21T15:30:58.349419","level":"info","event":"Delivered to dim_product [1] at offset 942","logger":"kafka.build_kafka"}
{"timestamp":"2025-06-21T15:30:58.349544","level":"info","event":"Delivered to dim_product [1] at offset 943","logger":"kafka.build_kafka"}
{"timestamp":"2025-06-21T15:30:58.349636","level":"info","event":"Delivered to dim_product [1] at offset 944","logger":"kafka.build_kafka"}
{"timestamp":"2025-06-21T15:30:58.349714","level":"info","event":"Delivered to dim_product [1] at offset 945","logger":"kafka.build_kafka"}
{"timestamp":"2025-06-21T15:30:58.349790","level":"info","event":"Delivered to dim_product [1] at offset 946","logger":"kafka.build_kafka"}
{"timestamp":"2025-06-21T15:30:58.349871","level":"info","event":"Delivered to dim_product [2] at offset 838","logger":"kafka.build_kafka"}
{"timestamp":"2025-06-21T15:30:58.349943","level":"info","event":"Delivered to dim_product [2] at offset 839","logger":"kafka.build_kafka"}
{"timestamp":"2025-06-21T15:30:58.350013","level":"info","event":"Delivered to dim_product [2] at offset 840","logger":"kafka.build_kafka"}
{"timestamp":"2025-06-21T15:30:58.350148","level":"info","event":"Delivered to dim_product [2] at offset 841","logger":"kafka.build_kafka"}
{"timestamp":"2025-06-21T15:30:58.350229","level":"info","event":"Delivered to dim_product [2] at offset 842","logger":"kafka.build_kafka"}
{"timestamp":"2025-06-21T15:30:58.350311","level":"info","event":"Delivered to dim_product [2] at offset 843","logger":"kafka.build_kafka"}
{"timestamp":"2025-06-21T15:30:58.350510","level":"info","event":"Delivered to dim_product [2] at offset 844","logger":"kafka.build_kafka"}
{"timestamp":"2025-06-21T15:30:58.351128","level":"info","event":"Delivered to dim_product [3] at offset 1066","logger":"kafka.build_kafka"}
{"timestamp":"2025-06-21T15:30:58.351251","level":"info","event":"Delivered to dim_product [3] at offset 1067","logger":"kafka.build_kafka"}
{"timestamp":"2025-06-21T15:30:58.351333","level":"info","event":"Delivered to dim_product [3] at offset 1068","logger":"kafka.build_kafka"}
{"timestamp":"2025-06-21T15:30:58.351407","level":"info","event":"Delivered to dim_product [3] at offset 1069","logger":"kafka.build_kafka"}
{"timestamp":"2025-06-21T15:30:58.351480","level":"info","event":"Delivered to dim_product [3] at offset 1070","logger":"kafka.build_kafka"}
{"timestamp":"2025-06-21T15:30:58.351547","level":"info","event":"Delivered to dim_product [3] at offset 1071","logger":"kafka.build_kafka"}
{"timestamp":"2025-06-21T15:30:58.351617","level":"info","event":"Delivered to dim_product [3] at offset 1072","logger":"kafka.build_kafka"}
{"timestamp":"2025-06-21T15:30:58.351687","level":"info","event":"Delivered to dim_product [3] at offset 1073","logger":"kafka.build_kafka"}
{"timestamp":"2025-06-21T15:30:58.351755","level":"info","event":"Delivered to dim_product [3] at offset 1074","logger":"kafka.build_kafka"}
{"timestamp":"2025-06-21T15:30:58.351879","level":"info","event":"Delivered to dim_product [3] at offset 1075","logger":"kafka.build_kafka"}
{"timestamp":"2025-06-21T15:30:58.352277","level":"info","event":"Delivered to dim_product [3] at offset 1076","logger":"kafka.build_kafka"}
{"timestamp":"2025-06-21T15:30:58.352370","level":"info","event":"Delivered to dim_product [3] at offset 1077","logger":"kafka.build_kafka"}
{"timestamp":"2025-06-21T15:30:58.352436","level":"info","event":"Delivered to dim_product [3] at offset 1078","logger":"kafka.build_kafka"}
{"timestamp":"2025-06-21T15:30:58.352562","level":"info","event":"Delivered to dim_product [3] at offset 1079","logger":"kafka.build_kafka"}
{"timestamp":"2025-06-21T15:30:58.352903","level":"info","event":"Delivered to dim_product [4] at offset 825","logger":"kafka.build_kafka"}
{"timestamp":"2025-06-21T15:30:58.353011","level":"info","event":"Delivered to dim_product [4] at offset 826","logger":"kafka.build_kafka"}
{"timestamp":"2025-06-21T15:30:58.353227","level":"info","event":"Delivered to dim_product [4] at offset 827","logger":"kafka.build_kafka"}
{"timestamp":"2025-06-21T15:30:58.353431","level":"info","event":"Delivered to dim_product [4] at offset 828","logger":"kafka.build_kafka"}
{"timestamp":"2025-06-21T15:30:58.353545","level":"info","event":"Delivered to dim_product [4] at offset 829","logger":"kafka.build_kafka"}
{"timestamp":"2025-06-21T15:30:58.353622","level":"info","event":"Delivered to dim_product [4] at offset 830","logger":"kafka.build_kafka"}
{"timestamp":"2025-06-21T15:30:58.353694","level":"info","event":"Delivered to dim_product [4] at offset 831","logger":"kafka.build_kafka"}
{"timestamp":"2025-06-21T15:30:58.353768","level":"info","event":"Delivered to dim_product [4] at offset 832","logger":"kafka.build_kafka"}
{"timestamp":"2025-06-21T15:30:58.353838","level":"info","event":"Delivered to dim_product [4] at offset 833","logger":"kafka.build_kafka"}
{"timestamp":"2025-06-21T15:30:58.353909","level":"info","event":"Delivered to dim_product [4] at offset 834","logger":"kafka.build_kafka"}
{"timestamp":"2025-06-21T15:30:58.353990","level":"info","event":"Delivered to dim_product [4] at offset 835","logger":"kafka.build_kafka"}
{"timestamp":"2025-06-21T15:30:58.354071","level":"info","event":"Delivered to dim_product [0] at offset 941","logger":"kafka.build_kafka"}
{"timestamp":"2025-06-21T15:30:58.354185","level":"info","event":"Delivered to dim_product [0] at offset 942","logger":"kafka.build_kafka"}
{"timestamp":"2025-06-21T15:30:58.354268","level":"info","event":"Delivered to dim_product [0] at offset 943","logger":"kafka.build_kafka"}
{"timestamp":"2025-06-21T15:30:58.354348","level":"info","event":"Delivered to dim_product [0] at offset 944","logger":"kafka.build_kafka"}
{"timestamp":"2025-06-21T15:30:58.354430","level":"info","event":"Delivered to dim_product [0] at offset 945","logger":"kafka.build_kafka"}
{"timestamp":"2025-06-21T15:30:58.354511","level":"info","event":"Delivered to dim_product [0] at offset 946","logger":"kafka.build_kafka"}
{"timestamp":"2025-06-21T15:30:58.354587","level":"info","event":"Delivered to dim_product [0] at offset 947","logger":"kafka.build_kafka"}
{"timestamp":"2025-06-21T15:30:58.354675","level":"info","event":"Delivered to dim_product [0] at offset 948","logger":"kafka.build_kafka"}
{"timestamp":"2025-06-21T15:30:58.354769","level":"info","event":"Delivered to dim_product [0] at offset 949","logger":"kafka.build_kafka"}
{"timestamp":"2025-06-21T15:30:59.095509","level":"info","event":"extract dim_product","logger":"dags.etl_dim_product"}
{"timestamp":"2025-06-21T15:30:59.279323","level":"info","event":"transform dim_product","logger":"dags.etl_dim_product"}
{"timestamp":"2025-06-21T15:31:00.165179","level":"info","event":"Extract và transform dim_product thành công","logger":"dags.etl_dim_product"}
{"timestamp":"2025-06-21T15:31:00.715828","level":"info","event":"Tổng số bản ghi cần gửi: 50","logger":"dags.etl_dim_product"}
{"timestamp":"2025-06-21T15:31:01.037508","level":"info","event":"Batch 8: 50 bản ghi. Đang gửi lên Kafka...","logger":"dags.etl_dim_product"}
{"timestamp":"2025-06-21T15:31:01.357428","level":"info","event":"Delivered to dim_product [3] at offset 1080","logger":"kafka.build_kafka"}
{"timestamp":"2025-06-21T15:31:01.357662","level":"info","event":"Delivered to dim_product [3] at offset 1081","logger":"kafka.build_kafka"}
{"timestamp":"2025-06-21T15:31:01.357746","level":"info","event":"Delivered to dim_product [3] at offset 1082","logger":"kafka.build_kafka"}
{"timestamp":"2025-06-21T15:31:01.357819","level":"info","event":"Delivered to dim_product [3] at offset 1083","logger":"kafka.build_kafka"}
{"timestamp":"2025-06-21T15:31:01.357889","level":"info","event":"Delivered to dim_product [3] at offset 1084","logger":"kafka.build_kafka"}
{"timestamp":"2025-06-21T15:31:01.357959","level":"info","event":"Delivered to dim_product [3] at offset 1085","logger":"kafka.build_kafka"}
{"timestamp":"2025-06-21T15:31:01.358026","level":"info","event":"Delivered to dim_product [3] at offset 1086","logger":"kafka.build_kafka"}
{"timestamp":"2025-06-21T15:31:01.358091","level":"info","event":"Delivered to dim_product [3] at offset 1087","logger":"kafka.build_kafka"}
{"timestamp":"2025-06-21T15:31:01.358158","level":"info","event":"Delivered to dim_product [3] at offset 1088","logger":"kafka.build_kafka"}
{"timestamp":"2025-06-21T15:31:01.358762","level":"info","event":"Delivered to dim_product [3] at offset 1089","logger":"kafka.build_kafka"}
{"timestamp":"2025-06-21T15:31:01.359055","level":"info","event":"Delivered to dim_product [3] at offset 1090","logger":"kafka.build_kafka"}
{"timestamp":"2025-06-21T15:31:01.359162","level":"info","event":"Delivered to dim_product [3] at offset 1091","logger":"kafka.build_kafka"}
{"timestamp":"2025-06-21T15:31:01.359225","level":"info","event":"Delivered to dim_product [3] at offset 1092","logger":"kafka.build_kafka"}
{"timestamp":"2025-06-21T15:31:01.359294","level":"info","event":"Delivered to dim_product [3] at offset 1093","logger":"kafka.build_kafka"}
{"timestamp":"2025-06-21T15:31:01.365083","level":"info","event":"Delivered to dim_product [4] at offset 836","logger":"kafka.build_kafka"}
{"timestamp":"2025-06-21T15:31:01.365422","level":"info","event":"Delivered to dim_product [4] at offset 837","logger":"kafka.build_kafka"}
{"timestamp":"2025-06-21T15:31:01.365543","level":"info","event":"Delivered to dim_product [4] at offset 838","logger":"kafka.build_kafka"}
{"timestamp":"2025-06-21T15:31:01.365678","level":"info","event":"Delivered to dim_product [4] at offset 839","logger":"kafka.build_kafka"}
{"timestamp":"2025-06-21T15:31:01.365771","level":"info","event":"Delivered to dim_product [4] at offset 840","logger":"kafka.build_kafka"}
{"timestamp":"2025-06-21T15:31:01.365856","level":"info","event":"Delivered to dim_product [4] at offset 841","logger":"kafka.build_kafka"}
{"timestamp":"2025-06-21T15:31:01.366011","level":"info","event":"Delivered to dim_product [4] at offset 842","logger":"kafka.build_kafka"}
{"timestamp":"2025-06-21T15:31:01.366398","level":"info","event":"Delivered to dim_product [4] at offset 843","logger":"kafka.build_kafka"}
{"timestamp":"2025-06-21T15:31:01.366503","level":"info","event":"Delivered to dim_product [4] at offset 844","logger":"kafka.build_kafka"}
{"timestamp":"2025-06-21T15:31:01.366562","level":"info","event":"Delivered to dim_product [4] at offset 845","logger":"kafka.build_kafka"}
{"timestamp":"2025-06-21T15:31:01.366620","level":"info","event":"Delivered to dim_product [0] at offset 950","logger":"kafka.build_kafka"}
{"timestamp":"2025-06-21T15:31:01.366673","level":"info","event":"Delivered to dim_product [0] at offset 951","logger":"kafka.build_kafka"}
{"timestamp":"2025-06-21T15:31:01.366724","level":"info","event":"Delivered to dim_product [0] at offset 952","logger":"kafka.build_kafka"}
{"timestamp":"2025-06-21T15:31:01.366786","level":"info","event":"Delivered to dim_product [0] at offset 953","logger":"kafka.build_kafka"}
{"timestamp":"2025-06-21T15:31:01.366850","level":"info","event":"Delivered to dim_product [0] at offset 954","logger":"kafka.build_kafka"}
{"timestamp":"2025-06-21T15:31:01.366945","level":"info","event":"Delivered to dim_product [0] at offset 955","logger":"kafka.build_kafka"}
{"timestamp":"2025-06-21T15:31:01.367011","level":"info","event":"Delivered to dim_product [0] at offset 956","logger":"kafka.build_kafka"}
{"timestamp":"2025-06-21T15:31:01.367067","level":"info","event":"Delivered to dim_product [0] at offset 957","logger":"kafka.build_kafka"}
{"timestamp":"2025-06-21T15:31:01.367116","level":"info","event":"Delivered to dim_product [0] at offset 958","logger":"kafka.build_kafka"}
{"timestamp":"2025-06-21T15:31:01.367165","level":"info","event":"Delivered to dim_product [1] at offset 947","logger":"kafka.build_kafka"}
{"timestamp":"2025-06-21T15:31:01.367213","level":"info","event":"Delivered to dim_product [1] at offset 948","logger":"kafka.build_kafka"}
{"timestamp":"2025-06-21T15:31:01.367270","level":"info","event":"Delivered to dim_product [1] at offset 949","logger":"kafka.build_kafka"}
{"timestamp":"2025-06-21T15:31:01.367333","level":"info","event":"Delivered to dim_product [1] at offset 950","logger":"kafka.build_kafka"}
{"timestamp":"2025-06-21T15:31:01.367385","level":"info","event":"Delivered to dim_product [1] at offset 951","logger":"kafka.build_kafka"}
{"timestamp":"2025-06-21T15:31:01.367443","level":"info","event":"Delivered to dim_product [1] at offset 952","logger":"kafka.build_kafka"}
{"timestamp":"2025-06-21T15:31:01.367562","level":"info","event":"Delivered to dim_product [1] at offset 953","logger":"kafka.build_kafka"}
{"timestamp":"2025-06-21T15:31:01.367621","level":"info","event":"Delivered to dim_product [1] at offset 954","logger":"kafka.build_kafka"}
{"timestamp":"2025-06-21T15:31:01.367680","level":"info","event":"Delivered to dim_product [2] at offset 845","logger":"kafka.build_kafka"}
{"timestamp":"2025-06-21T15:31:01.367743","level":"info","event":"Delivered to dim_product [2] at offset 846","logger":"kafka.build_kafka"}
{"timestamp":"2025-06-21T15:31:01.367794","level":"info","event":"Delivered to dim_product [2] at offset 847","logger":"kafka.build_kafka"}
{"timestamp":"2025-06-21T15:31:01.367842","level":"info","event":"Delivered to dim_product [2] at offset 848","logger":"kafka.build_kafka"}
{"timestamp":"2025-06-21T15:31:01.367894","level":"info","event":"Delivered to dim_product [2] at offset 849","logger":"kafka.build_kafka"}
{"timestamp":"2025-06-21T15:31:01.367942","level":"info","event":"Delivered to dim_product [2] at offset 850","logger":"kafka.build_kafka"}
{"timestamp":"2025-06-21T15:31:01.368073","level":"info","event":"Delivered to dim_product [2] at offset 851","logger":"kafka.build_kafka"}
{"timestamp":"2025-06-21T15:31:01.368212","level":"info","event":"Delivered to dim_product [2] at offset 852","logger":"kafka.build_kafka"}
{"timestamp":"2025-06-21T15:31:01.368304","level":"info","event":"Delivered to dim_product [2] at offset 853","logger":"kafka.build_kafka"}
{"timestamp":"2025-06-21T15:31:01.225493","level":"info","event":"extract dim_product","logger":"dags.etl_dim_product"}
{"timestamp":"2025-06-21T15:31:00.023126","level":"info","event":"transform dim_product","logger":"dags.etl_dim_product"}
{"timestamp":"2025-06-21T15:31:00.367776","level":"info","event":"Extract và transform dim_product thành công","logger":"dags.etl_dim_product"}
{"timestamp":"2025-06-21T15:31:00.810193","level":"info","event":"Tổng số bản ghi cần gửi: 50","logger":"dags.etl_dim_product"}
{"timestamp":"2025-06-21T15:31:01.189522","level":"info","event":"Batch 9: 50 bản ghi. Đang gửi lên Kafka...","logger":"dags.etl_dim_product"}
{"timestamp":"2025-06-21T15:31:01.441192","level":"info","event":"Delivered to dim_product [4] at offset 846","logger":"kafka.build_kafka"}
{"timestamp":"2025-06-21T15:31:01.442240","level":"info","event":"Delivered to dim_product [4] at offset 847","logger":"kafka.build_kafka"}
{"timestamp":"2025-06-21T15:31:01.442417","level":"info","event":"Delivered to dim_product [4] at offset 848","logger":"kafka.build_kafka"}
{"timestamp":"2025-06-21T15:31:01.442540","level":"info","event":"Delivered to dim_product [4] at offset 849","logger":"kafka.build_kafka"}
{"timestamp":"2025-06-21T15:31:01.442618","level":"info","event":"Delivered to dim_product [4] at offset 850","logger":"kafka.build_kafka"}
{"timestamp":"2025-06-21T15:31:01.442686","level":"info","event":"Delivered to dim_product [4] at offset 851","logger":"kafka.build_kafka"}
{"timestamp":"2025-06-21T15:31:01.442755","level":"info","event":"Delivered to dim_product [4] at offset 852","logger":"kafka.build_kafka"}
{"timestamp":"2025-06-21T15:31:01.442838","level":"info","event":"Delivered to dim_product [4] at offset 853","logger":"kafka.build_kafka"}
{"timestamp":"2025-06-21T15:31:01.442917","level":"info","event":"Delivered to dim_product [4] at offset 854","logger":"kafka.build_kafka"}
{"timestamp":"2025-06-21T15:31:01.443219","level":"info","event":"Delivered to dim_product [4] at offset 855","logger":"kafka.build_kafka"}
{"timestamp":"2025-06-21T15:31:01.443329","level":"info","event":"Delivered to dim_product [4] at offset 856","logger":"kafka.build_kafka"}
{"timestamp":"2025-06-21T15:31:01.443419","level":"info","event":"Delivered to dim_product [0] at offset 959","logger":"kafka.build_kafka"}
{"timestamp":"2025-06-21T15:31:01.443740","level":"info","event":"Delivered to dim_product [0] at offset 960","logger":"kafka.build_kafka"}
{"timestamp":"2025-06-21T15:31:01.443915","level":"info","event":"Delivered to dim_product [0] at offset 961","logger":"kafka.build_kafka"}
{"timestamp":"2025-06-21T15:31:01.444012","level":"info","event":"Delivered to dim_product [0] at offset 962","logger":"kafka.build_kafka"}
{"timestamp":"2025-06-21T15:31:01.444098","level":"info","event":"Delivered to dim_product [0] at offset 963","logger":"kafka.build_kafka"}
{"timestamp":"2025-06-21T15:31:01.444216","level":"info","event":"Delivered to dim_product [0] at offset 964","logger":"kafka.build_kafka"}
{"timestamp":"2025-06-21T15:31:01.444317","level":"info","event":"Delivered to dim_product [0] at offset 965","logger":"kafka.build_kafka"}
{"timestamp":"2025-06-21T15:31:01.444403","level":"info","event":"Delivered to dim_product [0] at offset 966","logger":"kafka.build_kafka"}
{"timestamp":"2025-06-21T15:31:01.444485","level":"info","event":"Delivered to dim_product [0] at offset 967","logger":"kafka.build_kafka"}
{"timestamp":"2025-06-21T15:31:01.444567","level":"info","event":"Delivered to dim_product [0] at offset 968","logger":"kafka.build_kafka"}
{"timestamp":"2025-06-21T15:31:01.444654","level":"info","event":"Delivered to dim_product [0] at offset 969","logger":"kafka.build_kafka"}
{"timestamp":"2025-06-21T15:31:01.444738","level":"info","event":"Delivered to dim_product [0] at offset 970","logger":"kafka.build_kafka"}
{"timestamp":"2025-06-21T15:31:01.444824","level":"info","event":"Delivered to dim_product [0] at offset 971","logger":"kafka.build_kafka"}
{"timestamp":"2025-06-21T15:31:01.444919","level":"info","event":"Delivered to dim_product [1] at offset 955","logger":"kafka.build_kafka"}
{"timestamp":"2025-06-21T15:31:01.445005","level":"info","event":"Delivered to dim_product [1] at offset 956","logger":"kafka.build_kafka"}
{"timestamp":"2025-06-21T15:31:01.445091","level":"info","event":"Delivered to dim_product [1] at offset 957","logger":"kafka.build_kafka"}
{"timestamp":"2025-06-21T15:31:01.445190","level":"info","event":"Delivered to dim_product [1] at offset 958","logger":"kafka.build_kafka"}
{"timestamp":"2025-06-21T15:31:01.445279","level":"info","event":"Delivered to dim_product [1] at offset 959","logger":"kafka.build_kafka"}
{"timestamp":"2025-06-21T15:31:01.445363","level":"info","event":"Delivered to dim_product [1] at offset 960","logger":"kafka.build_kafka"}
{"timestamp":"2025-06-21T15:31:01.445451","level":"info","event":"Delivered to dim_product [1] at offset 961","logger":"kafka.build_kafka"}
{"timestamp":"2025-06-21T15:31:01.445542","level":"info","event":"Delivered to dim_product [1] at offset 962","logger":"kafka.build_kafka"}
{"timestamp":"2025-06-21T15:31:01.445635","level":"info","event":"Delivered to dim_product [2] at offset 854","logger":"kafka.build_kafka"}
{"timestamp":"2025-06-21T15:31:01.445724","level":"info","event":"Delivered to dim_product [2] at offset 855","logger":"kafka.build_kafka"}
{"timestamp":"2025-06-21T15:31:01.445812","level":"info","event":"Delivered to dim_product [2] at offset 856","logger":"kafka.build_kafka"}
{"timestamp":"2025-06-21T15:31:01.445919","level":"info","event":"Delivered to dim_product [2] at offset 857","logger":"kafka.build_kafka"}
{"timestamp":"2025-06-21T15:31:01.446006","level":"info","event":"Delivered to dim_product [2] at offset 858","logger":"kafka.build_kafka"}
{"timestamp":"2025-06-21T15:31:01.446089","level":"info","event":"Delivered to dim_product [2] at offset 859","logger":"kafka.build_kafka"}
{"timestamp":"2025-06-21T15:31:01.446170","level":"info","event":"Delivered to dim_product [2] at offset 860","logger":"kafka.build_kafka"}
{"timestamp":"2025-06-21T15:31:01.446253","level":"info","event":"Delivered to dim_product [2] at offset 861","logger":"kafka.build_kafka"}
{"timestamp":"2025-06-21T15:31:01.446399","level":"info","event":"Delivered to dim_product [2] at offset 862","logger":"kafka.build_kafka"}
{"timestamp":"2025-06-21T15:31:01.446508","level":"info","event":"Delivered to dim_product [2] at offset 863","logger":"kafka.build_kafka"}
{"timestamp":"2025-06-21T15:31:01.446600","level":"info","event":"Delivered to dim_product [2] at offset 864","logger":"kafka.build_kafka"}
{"timestamp":"2025-06-21T15:31:01.446681","level":"info","event":"Delivered to dim_product [2] at offset 865","logger":"kafka.build_kafka"}
{"timestamp":"2025-06-21T15:31:01.446762","level":"info","event":"Delivered to dim_product [3] at offset 1094","logger":"kafka.build_kafka"}
{"timestamp":"2025-06-21T15:31:01.446880","level":"info","event":"Delivered to dim_product [3] at offset 1095","logger":"kafka.build_kafka"}
{"timestamp":"2025-06-21T15:31:01.446969","level":"info","event":"Delivered to dim_product [3] at offset 1096","logger":"kafka.build_kafka"}
{"timestamp":"2025-06-21T15:31:01.447050","level":"info","event":"Delivered to dim_product [3] at offset 1097","logger":"kafka.build_kafka"}
{"timestamp":"2025-06-21T15:31:01.447129","level":"info","event":"Delivered to dim_product [3] at offset 1098","logger":"kafka.build_kafka"}
{"timestamp":"2025-06-21T15:31:01.447211","level":"info","event":"Delivered to dim_product [3] at offset 1099","logger":"kafka.build_kafka"}
{"timestamp":"2025-06-21T15:31:02.179149","level":"info","event":"extract dim_product","logger":"dags.etl_dim_product"}
{"timestamp":"2025-06-21T15:31:02.316606","level":"info","event":"transform dim_product","logger":"dags.etl_dim_product"}
{"timestamp":"2025-06-21T15:31:02.746129","level":"info","event":"Extract và transform dim_product thành công","logger":"dags.etl_dim_product"}
{"timestamp":"2025-06-21T15:31:03.318548","level":"info","event":"Tổng số bản ghi cần gửi: 50","logger":"dags.etl_dim_product"}
{"timestamp":"2025-06-21T15:31:03.520840","level":"info","event":"Batch 10: 50 bản ghi. Đang gửi lên Kafka...","logger":"dags.etl_dim_product"}
{"timestamp":"2025-06-21T15:31:03.777986","level":"info","event":"Delivered to dim_product [2] at offset 866","logger":"kafka.build_kafka"}
{"timestamp":"2025-06-21T15:31:03.778190","level":"info","event":"Delivered to dim_product [2] at offset 867","logger":"kafka.build_kafka"}
{"timestamp":"2025-06-21T15:31:03.778283","level":"info","event":"Delivered to dim_product [2] at offset 868","logger":"kafka.build_kafka"}
{"timestamp":"2025-06-21T15:31:03.778360","level":"info","event":"Delivered to dim_product [2] at offset 869","logger":"kafka.build_kafka"}
{"timestamp":"2025-06-21T15:31:03.778486","level":"info","event":"Delivered to dim_product [2] at offset 870","logger":"kafka.build_kafka"}
{"timestamp":"2025-06-21T15:31:03.778561","level":"info","event":"Delivered to dim_product [2] at offset 871","logger":"kafka.build_kafka"}
{"timestamp":"2025-06-21T15:31:03.778634","level":"info","event":"Delivered to dim_product [2] at offset 872","logger":"kafka.build_kafka"}
{"timestamp":"2025-06-21T15:31:03.778707","level":"info","event":"Delivered to dim_product [2] at offset 873","logger":"kafka.build_kafka"}
{"timestamp":"2025-06-21T15:31:03.778779","level":"info","event":"Delivered to dim_product [2] at offset 874","logger":"kafka.build_kafka"}
{"timestamp":"2025-06-21T15:31:03.778858","level":"info","event":"Delivered to dim_product [2] at offset 875","logger":"kafka.build_kafka"}
{"timestamp":"2025-06-21T15:31:03.778942","level":"info","event":"Delivered to dim_product [2] at offset 876","logger":"kafka.build_kafka"}
{"timestamp":"2025-06-21T15:31:03.781244","level":"info","event":"Delivered to dim_product [3] at offset 1100","logger":"kafka.build_kafka"}
{"timestamp":"2025-06-21T15:31:03.781451","level":"info","event":"Delivered to dim_product [3] at offset 1101","logger":"kafka.build_kafka"}
{"timestamp":"2025-06-21T15:31:03.781554","level":"info","event":"Delivered to dim_product [3] at offset 1102","logger":"kafka.build_kafka"}
{"timestamp":"2025-06-21T15:31:03.781672","level":"info","event":"Delivered to dim_product [3] at offset 1103","logger":"kafka.build_kafka"}
{"timestamp":"2025-06-21T15:31:03.781763","level":"info","event":"Delivered to dim_product [3] at offset 1104","logger":"kafka.build_kafka"}
{"timestamp":"2025-06-21T15:31:03.781857","level":"info","event":"Delivered to dim_product [3] at offset 1105","logger":"kafka.build_kafka"}
{"timestamp":"2025-06-21T15:31:03.781932","level":"info","event":"Delivered to dim_product [3] at offset 1106","logger":"kafka.build_kafka"}
{"timestamp":"2025-06-21T15:31:03.781994","level":"info","event":"Delivered to dim_product [3] at offset 1107","logger":"kafka.build_kafka"}
{"timestamp":"2025-06-21T15:31:03.782056","level":"info","event":"Delivered to dim_product [3] at offset 1108","logger":"kafka.build_kafka"}
{"timestamp":"2025-06-21T15:31:03.782136","level":"info","event":"Delivered to dim_product [3] at offset 1109","logger":"kafka.build_kafka"}
{"timestamp":"2025-06-21T15:31:03.782243","level":"info","event":"Delivered to dim_product [3] at offset 1110","logger":"kafka.build_kafka"}
{"timestamp":"2025-06-21T15:31:03.782322","level":"info","event":"Delivered to dim_product [3] at offset 1111","logger":"kafka.build_kafka"}
{"timestamp":"2025-06-21T15:31:03.782392","level":"info","event":"Delivered to dim_product [3] at offset 1112","logger":"kafka.build_kafka"}
{"timestamp":"2025-06-21T15:31:03.782459","level":"info","event":"Delivered to dim_product [3] at offset 1113","logger":"kafka.build_kafka"}
{"timestamp":"2025-06-21T15:31:03.782526","level":"info","event":"Delivered to dim_product [3] at offset 1114","logger":"kafka.build_kafka"}
{"timestamp":"2025-06-21T15:31:03.785104","level":"info","event":"Delivered to dim_product [4] at offset 857","logger":"kafka.build_kafka"}
{"timestamp":"2025-06-21T15:31:03.785426","level":"info","event":"Delivered to dim_product [4] at offset 858","logger":"kafka.build_kafka"}
{"timestamp":"2025-06-21T15:31:03.785527","level":"info","event":"Delivered to dim_product [4] at offset 859","logger":"kafka.build_kafka"}
{"timestamp":"2025-06-21T15:31:03.785602","level":"info","event":"Delivered to dim_product [4] at offset 860","logger":"kafka.build_kafka"}
{"timestamp":"2025-06-21T15:31:03.785711","level":"info","event":"Delivered to dim_product [4] at offset 861","logger":"kafka.build_kafka"}
{"timestamp":"2025-06-21T15:31:03.785900","level":"info","event":"Delivered to dim_product [4] at offset 862","logger":"kafka.build_kafka"}
{"timestamp":"2025-06-21T15:31:03.785967","level":"info","event":"Delivered to dim_product [4] at offset 863","logger":"kafka.build_kafka"}
{"timestamp":"2025-06-21T15:31:03.786026","level":"info","event":"Delivered to dim_product [4] at offset 864","logger":"kafka.build_kafka"}
{"timestamp":"2025-06-21T15:31:03.786074","level":"info","event":"Delivered to dim_product [4] at offset 865","logger":"kafka.build_kafka"}
{"timestamp":"2025-06-21T15:31:03.787644","level":"info","event":"Delivered to dim_product [0] at offset 972","logger":"kafka.build_kafka"}
{"timestamp":"2025-06-21T15:31:03.787909","level":"info","event":"Delivered to dim_product [0] at offset 973","logger":"kafka.build_kafka"}
{"timestamp":"2025-06-21T15:31:03.787997","level":"info","event":"Delivered to dim_product [0] at offset 974","logger":"kafka.build_kafka"}
{"timestamp":"2025-06-21T15:31:03.788071","level":"info","event":"Delivered to dim_product [0] at offset 975","logger":"kafka.build_kafka"}
{"timestamp":"2025-06-21T15:31:03.788143","level":"info","event":"Delivered to dim_product [0] at offset 976","logger":"kafka.build_kafka"}
{"timestamp":"2025-06-21T15:31:03.788219","level":"info","event":"Delivered to dim_product [0] at offset 977","logger":"kafka.build_kafka"}
{"timestamp":"2025-06-21T15:31:03.788360","level":"info","event":"Delivered to dim_product [0] at offset 978","logger":"kafka.build_kafka"}
{"timestamp":"2025-06-21T15:31:03.795694","level":"info","event":"Delivered to dim_product [1] at offset 963","logger":"kafka.build_kafka"}
{"timestamp":"2025-06-21T15:31:03.795966","level":"info","event":"Delivered to dim_product [1] at offset 964","logger":"kafka.build_kafka"}
{"timestamp":"2025-06-21T15:31:03.796044","level":"info","event":"Delivered to dim_product [1] at offset 965","logger":"kafka.build_kafka"}
{"timestamp":"2025-06-21T15:31:03.796150","level":"info","event":"Delivered to dim_product [1] at offset 966","logger":"kafka.build_kafka"}
{"timestamp":"2025-06-21T15:31:03.796209","level":"info","event":"Delivered to dim_product [1] at offset 967","logger":"kafka.build_kafka"}
{"timestamp":"2025-06-21T15:31:03.796321","level":"info","event":"Delivered to dim_product [1] at offset 968","logger":"kafka.build_kafka"}
{"timestamp":"2025-06-21T15:31:03.796385","level":"info","event":"Delivered to dim_product [1] at offset 969","logger":"kafka.build_kafka"}
{"timestamp":"2025-06-21T15:31:03.796436","level":"info","event":"Delivered to dim_product [1] at offset 970","logger":"kafka.build_kafka"}
{"timestamp":"2025-06-21T15:31:04.527452","level":"info","event":"extract dim_product","logger":"dags.etl_dim_product"}
{"timestamp":"2025-06-21T15:31:04.619627","level":"info","event":"transform dim_product","logger":"dags.etl_dim_product"}
{"timestamp":"2025-06-21T15:31:04.868914","level":"info","event":"Extract và transform dim_product thành công","logger":"dags.etl_dim_product"}
{"timestamp":"2025-06-21T15:31:31.021753Z","level":"error","event":"Server indicated the task shouldn't be running anymore. Terminating process","detail":{"detail":{"reason":"not_running","message":"TI is no longer in the running state and task should terminate","current_state":"failed"}},"logger":"task"}
{"timestamp":"2025-06-21T15:31:11.273962","level":"info","event":"Tổng số bản ghi cần gửi: 50","logger":"dags.etl_dim_product"}
{"timestamp":"2025-06-21T15:31:31.154463","level":"info","event":"Batch 11: 50 bản ghi. Đang gửi lên Kafka...","logger":"dags.etl_dim_product"}
{"timestamp":"2025-06-21T15:31:31.120858Z","level":"error","event":"\r[Stage 0:>                                                          (0 + 0) / 1]\r\r[Stage 0:>                                                          (0 + 1) / 1]\r\r                                                                                \r\r[Stage 111:>                                                        (0 + 1) / 1]\r\r                                                                                \r25/06/21 15:31:31 ERROR Utils: Aborting task","chan":"stderr","logger":"task"}
{"timestamp":"2025-06-21T15:31:31.124399Z","level":"error","event":"java.io.EOFException","chan":"stderr","logger":"task"}
{"timestamp":"2025-06-21T15:31:31.125833Z","level":"error","event":"\tat java.base/java.io.DataInputStream.readInt(DataInputStream.java:386)","chan":"stderr","logger":"task"}
{"timestamp":"2025-06-21T15:31:31.127114Z","level":"error","event":"\tat org.apache.spark.api.python.PythonRDD$.$anonfun$toLocalIteratorAndServe$2(PythonRDD.scala:255)","chan":"stderr","logger":"task"}
{"timestamp":"2025-06-21T15:31:31.129495Z","level":"error","event":"\tat scala.runtime.java8.JFunction0$mcV$sp.apply(JFunction0$mcV$sp.scala:18)","chan":"stderr","logger":"task"}
{"timestamp":"2025-06-21T15:31:31.130962Z","level":"error","event":"\tat org.apache.spark.util.Utils$.tryWithSafeFinallyAndFailureCallbacks(Utils.scala:1323)","chan":"stderr","logger":"task"}
{"timestamp":"2025-06-21T15:31:31.132513Z","level":"error","event":"\tat org.apache.spark.api.python.PythonRDD$.$anonfun$toLocalIteratorAndServe$1(PythonRDD.scala:283)","chan":"stderr","logger":"task"}
{"timestamp":"2025-06-21T15:31:31.134758Z","level":"error","event":"\tat org.apache.spark.api.python.PythonRDD$.$anonfun$toLocalIteratorAndServe$1$adapted(PythonRDD.scala:234)","chan":"stderr","logger":"task"}
{"timestamp":"2025-06-21T15:31:31.135483Z","level":"error","event":"\tat org.apache.spark.security.SocketFuncServer.handleConnection(SocketAuthServer.scala:114)","chan":"stderr","logger":"task"}
{"timestamp":"2025-06-21T15:31:31.136168Z","level":"error","event":"\tat org.apache.spark.security.SocketFuncServer.handleConnection(SocketAuthServer.scala:108)","chan":"stderr","logger":"task"}
{"timestamp":"2025-06-21T15:31:31.137426Z","level":"error","event":"\tat org.apache.spark.security.SocketAuthServer$$anon$1.$anonfun$run$4(SocketAuthServer.scala:69)","chan":"stderr","logger":"task"}
{"timestamp":"2025-06-21T15:31:31.138916Z","level":"error","event":"\tat scala.util.Try$.apply(Try.scala:217)","chan":"stderr","logger":"task"}
{"timestamp":"2025-06-21T15:31:31.139522Z","level":"error","event":"\tat org.apache.spark.security.SocketAuthServer$$anon$1.run(SocketAuthServer.scala:69)","chan":"stderr","logger":"task"}
{"timestamp":"2025-06-21T15:31:31.144763Z","level":"error","event":"Task killed!","logger":"task"}
