{"timestamp":"2025-05-10T04:10:01.199634","level":"info","event":"DAG bundles loaded: dags-folder, example_dags","logger":"airflow.dag_processing.bundles.manager.DagBundlesManager"}
{"timestamp":"2025-05-10T04:10:01.200199","level":"info","event":"Filling up the DagBag from /opt/airflow/dags/etl_pipeline.py","logger":"airflow.models.dagbag.DagBag"}
{"timestamp":"2025-05-10T04:10:01.782809Z","level":"info","event":"Task instance is in running state","chan":"stdout","logger":"task"}
{"timestamp":"2025-05-10T04:10:01.783798Z","level":"info","event":" Previous state of the Task instance: queued","chan":"stdout","logger":"task"}
{"timestamp":"2025-05-10T04:10:01.784131Z","level":"info","event":"Current task name:run_full_etl","chan":"stdout","logger":"task"}
{"timestamp":"2025-05-10T04:10:01.784380Z","level":"info","event":"Dag name:etl_pipeline","chan":"stdout","logger":"task"}
{"timestamp":"2025-05-10T04:10:01.252521","level":"warning","event":"/opt/airflow/dags/etl_dim_date.py:8: UserWarning: pandas only supports SQLAlchemy connectable (engine/connection) or database string URI or sqlite3 DBAPI2 connection. Other DBAPI2 objects are not tested. Please consider using SQLAlchemy.\n  df = pd.read_sql(\"\"\"\n","logger":"py.warnings"}
{"timestamp":"2025-05-10T04:10:01.262586","level":"info","event":"Secrets backends loaded for worker","count":1,"backend_classes":["EnvironmentVariablesBackend"],"logger":"supervisor"}
{"timestamp":"2025-05-10T04:10:01.783777","level":"info","event":"Connection Retrieved 'sqlserver_default'","logger":"airflow.hooks.base"}
{"timestamp":"2025-05-10T04:10:03.085722Z","level":"info","event":"Đã thêm dim_date 1461 bản ghi mới","chan":"stdout","logger":"task"}
{"timestamp":"2025-05-10T04:10:03.093855","level":"warning","event":"/opt/airflow/dags/etl_dim_customer.py:6: UserWarning: pandas only supports SQLAlchemy connectable (engine/connection) or database string URI or sqlite3 DBAPI2 connection. Other DBAPI2 objects are not tested. Please consider using SQLAlchemy.\n  df = pd.read_sql(\"\"\"\n","logger":"py.warnings"}
{"timestamp":"2025-05-10T04:10:03.105706","level":"info","event":"Secrets backends loaded for worker","count":1,"backend_classes":["EnvironmentVariablesBackend"],"logger":"supervisor"}
{"timestamp":"2025-05-10T04:10:03.113535","level":"info","event":"Connection Retrieved 'sqlserver_default'","logger":"airflow.hooks.base"}
{"timestamp":"2025-05-10T04:10:05.550660Z","level":"info","event":"Đã thêm dim_customer 1257 bản ghi mới","chan":"stdout","logger":"task"}
{"timestamp":"2025-05-10T04:10:05.559930","level":"warning","event":"/opt/airflow/dags/etl_dim_product.py:6: UserWarning: pandas only supports SQLAlchemy connectable (engine/connection) or database string URI or sqlite3 DBAPI2 connection. Other DBAPI2 objects are not tested. Please consider using SQLAlchemy.\n  df = pd.read_sql(\"\"\"\n","logger":"py.warnings"}
{"timestamp":"2025-05-10T04:10:05.569338","level":"info","event":"Secrets backends loaded for worker","count":1,"backend_classes":["EnvironmentVariablesBackend"],"logger":"supervisor"}
{"timestamp":"2025-05-10T04:10:05.576958","level":"info","event":"Connection Retrieved 'sqlserver_default'","logger":"airflow.hooks.base"}
{"timestamp":"2025-05-10T04:10:09.421829Z","level":"info","event":"Đã thêm dim_product 1729 bản ghi mới","chan":"stdout","logger":"task"}
{"timestamp":"2025-05-10T04:10:09.430789","level":"warning","event":"/opt/airflow/dags/etl_dim_order.py:6: UserWarning: pandas only supports SQLAlchemy connectable (engine/connection) or database string URI or sqlite3 DBAPI2 connection. Other DBAPI2 objects are not tested. Please consider using SQLAlchemy.\n  df = pd.read_sql(\"\"\"\n","logger":"py.warnings"}
{"timestamp":"2025-05-10T04:10:09.447109","level":"info","event":"Secrets backends loaded for worker","count":1,"backend_classes":["EnvironmentVariablesBackend"],"logger":"supervisor"}
{"timestamp":"2025-05-10T04:10:09.458662","level":"info","event":"Connection Retrieved 'sqlserver_default'","logger":"airflow.hooks.base"}
{"timestamp":"2025-05-10T04:10:17.250708Z","level":"info","event":"Đã thêm dim_order 9342 bản ghi mới","chan":"stdout","logger":"task"}
{"timestamp":"2025-05-10T04:10:17.258908","level":"warning","event":"/opt/airflow/dags/etl_fact_sales.py:59: UserWarning: pandas only supports SQLAlchemy connectable (engine/connection) or database string URI or sqlite3 DBAPI2 connection. Other DBAPI2 objects are not tested. Please consider using SQLAlchemy.\n  df = pd.read_sql(query, pg_conn)\n","logger":"py.warnings"}
{"timestamp":"2025-05-10T04:10:17.298767","level":"info","event":"Secrets backends loaded for worker","count":1,"backend_classes":["EnvironmentVariablesBackend"],"logger":"supervisor"}
{"timestamp":"2025-05-10T04:10:17.307006","level":"info","event":"Connection Retrieved 'sqlserver_default'","logger":"airflow.hooks.base"}
{"timestamp":"2025-05-10T04:10:17.322678","level":"warning","event":"/opt/airflow/dags/etl_fact_sales.py:13: UserWarning: pandas only supports SQLAlchemy connectable (engine/connection) or database string URI or sqlite3 DBAPI2 connection. Other DBAPI2 objects are not tested. Please consider using SQLAlchemy.\n  date_df = pd.read_sql(\"SELECT date, date_key FROM dim_date\", sql_conn)\n","logger":"py.warnings"}
{"timestamp":"2025-05-10T04:10:17.328170","level":"warning","event":"/opt/airflow/dags/etl_fact_sales.py:17: UserWarning: pandas only supports SQLAlchemy connectable (engine/connection) or database string URI or sqlite3 DBAPI2 connection. Other DBAPI2 objects are not tested. Please consider using SQLAlchemy.\n  customer_df = pd.read_sql(\"SELECT client_id, customer_key FROM dim_customer\", sql_conn)\n","logger":"py.warnings"}
{"timestamp":"2025-05-10T04:10:17.334228","level":"warning","event":"/opt/airflow/dags/etl_fact_sales.py:21: UserWarning: pandas only supports SQLAlchemy connectable (engine/connection) or database string URI or sqlite3 DBAPI2 connection. Other DBAPI2 objects are not tested. Please consider using SQLAlchemy.\n  product_df = pd.read_sql(\"SELECT product_id, product_key FROM dim_product\", sql_conn)\n","logger":"py.warnings"}
{"timestamp":"2025-05-10T04:10:17.340675","level":"warning","event":"/opt/airflow/dags/etl_fact_sales.py:25: UserWarning: pandas only supports SQLAlchemy connectable (engine/connection) or database string URI or sqlite3 DBAPI2 connection. Other DBAPI2 objects are not tested. Please consider using SQLAlchemy.\n  order_df = pd.read_sql(\"SELECT order_id, order_key FROM dim_order\", sql_conn)\n","logger":"py.warnings"}
{"timestamp":"2025-05-10T04:10:17.373925","level":"info","event":"Secrets backends loaded for worker","count":1,"backend_classes":["EnvironmentVariablesBackend"],"logger":"supervisor"}
{"timestamp":"2025-05-10T04:10:17.383669","level":"info","event":"Connection Retrieved 'sqlserver_default'","logger":"airflow.hooks.base"}
{"timestamp":"2025-05-10T04:10:26.055962Z","level":"info","event":"Đã thêm fact_sales 0 bản ghi mới, bỏ qua 9342 bản ghi trùng","chan":"stdout","logger":"task"}
{"timestamp":"2025-05-10T04:10:26.066263","level":"warning","event":"/opt/airflow/dags/etl_fact_status.py:24: UserWarning: pandas only supports SQLAlchemy connectable (engine/connection) or database string URI or sqlite3 DBAPI2 connection. Other DBAPI2 objects are not tested. Please consider using SQLAlchemy.\n  df = pd.read_sql(\"\"\"\n","logger":"py.warnings"}
{"timestamp":"2025-05-10T04:10:26.099108","level":"info","event":"Secrets backends loaded for worker","count":1,"backend_classes":["EnvironmentVariablesBackend"],"logger":"supervisor"}
{"timestamp":"2025-05-10T04:10:26.107445","level":"info","event":"Connection Retrieved 'sqlserver_default'","logger":"airflow.hooks.base"}
{"timestamp":"2025-05-10T04:10:26.123844","level":"warning","event":"/opt/airflow/dags/etl_fact_status.py:9: UserWarning: pandas only supports SQLAlchemy connectable (engine/connection) or database string URI or sqlite3 DBAPI2 connection. Other DBAPI2 objects are not tested. Please consider using SQLAlchemy.\n  date_df = pd.read_sql(\"SELECT date, date_key FROM dim_date\", sql_conn)\n","logger":"py.warnings"}
{"timestamp":"2025-05-10T04:10:26.128579","level":"warning","event":"/opt/airflow/dags/etl_fact_status.py:12: UserWarning: pandas only supports SQLAlchemy connectable (engine/connection) or database string URI or sqlite3 DBAPI2 connection. Other DBAPI2 objects are not tested. Please consider using SQLAlchemy.\n  order_df = pd.read_sql(\"SELECT order_id, order_key FROM dim_order\", sql_conn)\n","logger":"py.warnings"}
{"timestamp":"2025-05-10T04:10:26.152938","level":"info","event":"Secrets backends loaded for worker","count":1,"backend_classes":["EnvironmentVariablesBackend"],"logger":"supervisor"}
{"timestamp":"2025-05-10T04:10:26.161600","level":"info","event":"Connection Retrieved 'sqlserver_default'","logger":"airflow.hooks.base"}
{"timestamp":"2025-05-10T04:10:31.303090Z","level":"info","event":"Đã thêm fact_sales 0 bản ghi mới, bỏ qua 3731 bản ghi trùng","chan":"stdout","logger":"task"}
{"timestamp":"2025-05-10T04:10:31.304414","level":"info","event":"Done. Returned value was: None","logger":"airflow.task.operators.airflow.providers.standard.operators.python.PythonOperator"}
{"timestamp":"2025-05-10T04:10:31.330923Z","level":"info","event":"Task instance in success state","chan":"stdout","logger":"task"}
{"timestamp":"2025-05-10T04:10:31.331371Z","level":"info","event":" Previous state of the Task instance: running","chan":"stdout","logger":"task"}
{"timestamp":"2025-05-10T04:10:31.331689Z","level":"info","event":"Task operator:<Task(PythonOperator): run_full_etl>","chan":"stdout","logger":"task"}
