{"timestamp":"2025-06-21T09:30:01.073714","level":"info","event":"DAG bundles loaded: dags-folder, example_dags","logger":"airflow.dag_processing.bundles.manager.DagBundlesManager"}
{"timestamp":"2025-06-21T09:30:01.074322","level":"info","event":"Filling up the DagBag from /opt/airflow/dags/etl_pipeline.py","logger":"airflow.models.dagbag.DagBag"}
{"timestamp":"2025-06-21T09:30:01.712502Z","level":"info","event":"Task instance is in running state","chan":"stdout","logger":"task"}
{"timestamp":"2025-06-21T09:30:01.713107Z","level":"info","event":" Previous state of the Task instance: queued","chan":"stdout","logger":"task"}
{"timestamp":"2025-06-21T09:30:01.713327Z","level":"info","event":"Current task name:install_spark_dependencies","chan":"stdout","logger":"task"}
{"timestamp":"2025-06-21T09:30:01.713465Z","level":"info","event":"Dag name:etl_pipeline","chan":"stdout","logger":"task"}
{"timestamp":"2025-06-21T09:30:02.183919Z","level":"error","event":"WARNING: Using incubator modules: jdk.incubator.vector","chan":"stderr","logger":"task"}
{"timestamp":"2025-06-21T09:30:03.379559Z","level":"error","event":":: loading settings :: url = jar:file:/home/airflow/.local/lib/python3.12/site-packages/pyspark/jars/ivy-2.5.3.jar!/org/apache/ivy/core/settings/ivysettings.xml","chan":"stderr","logger":"task"}
{"timestamp":"2025-06-21T09:30:03.434810Z","level":"error","event":"Ivy Default Cache set to: /home/airflow/.ivy2.5.2/cache","chan":"stderr","logger":"task"}
{"timestamp":"2025-06-21T09:30:03.435479Z","level":"error","event":"The jars for the packages stored in: /home/airflow/.ivy2.5.2/jars","chan":"stderr","logger":"task"}
{"timestamp":"2025-06-21T09:30:03.438129Z","level":"error","event":"org.postgresql#postgresql added as a dependency","chan":"stderr","logger":"task"}
{"timestamp":"2025-06-21T09:30:03.438615Z","level":"error","event":"org.apache.spark#spark-sql-kafka-0-10_2.12 added as a dependency","chan":"stderr","logger":"task"}
{"timestamp":"2025-06-21T09:30:03.439037Z","level":"error","event":":: resolving dependencies :: org.apache.spark#spark-submit-parent-817121a6-5f64-4241-a6e3-4399960d57d5;1.0","chan":"stderr","logger":"task"}
{"timestamp":"2025-06-21T09:30:03.439423Z","level":"error","event":"\tconfs: [default]","chan":"stderr","logger":"task"}
{"timestamp":"2025-06-21T09:30:03.528580Z","level":"error","event":"\tfound org.postgresql#postgresql;42.7.1 in central","chan":"stderr","logger":"task"}
{"timestamp":"2025-06-21T09:30:03.547915Z","level":"error","event":"\tfound org.checkerframework#checker-qual;3.41.0 in central","chan":"stderr","logger":"task"}
{"timestamp":"2025-06-21T09:30:03.600553Z","level":"error","event":"\tfound org.apache.spark#spark-sql-kafka-0-10_2.12;3.3.0 in central","chan":"stderr","logger":"task"}
{"timestamp":"2025-06-21T09:30:03.636813Z","level":"error","event":"\tfound org.apache.spark#spark-token-provider-kafka-0-10_2.12;3.3.0 in central","chan":"stderr","logger":"task"}
{"timestamp":"2025-06-21T09:30:03.655711Z","level":"error","event":"\tfound org.apache.kafka#kafka-clients;2.8.1 in central","chan":"stderr","logger":"task"}
{"timestamp":"2025-06-21T09:30:03.675657Z","level":"error","event":"\tfound org.lz4#lz4-java;1.8.0 in central","chan":"stderr","logger":"task"}
{"timestamp":"2025-06-21T09:30:03.697388Z","level":"error","event":"\tfound org.xerial.snappy#snappy-java;1.1.8.4 in central","chan":"stderr","logger":"task"}
{"timestamp":"2025-06-21T09:30:03.715770Z","level":"error","event":"\tfound org.slf4j#slf4j-api;1.7.32 in central","chan":"stderr","logger":"task"}
{"timestamp":"2025-06-21T09:30:03.747204Z","level":"error","event":"\tfound org.apache.hadoop#hadoop-client-runtime;3.3.2 in central","chan":"stderr","logger":"task"}
{"timestamp":"2025-06-21T09:30:03.765259Z","level":"error","event":"\tfound org.spark-project.spark#unused;1.0.0 in central","chan":"stderr","logger":"task"}
{"timestamp":"2025-06-21T09:30:03.787758Z","level":"error","event":"\tfound org.apache.hadoop#hadoop-client-api;3.3.2 in central","chan":"stderr","logger":"task"}
{"timestamp":"2025-06-21T09:30:03.807518Z","level":"error","event":"\tfound commons-logging#commons-logging;1.1.3 in central","chan":"stderr","logger":"task"}
{"timestamp":"2025-06-21T09:30:03.820969Z","level":"error","event":"\tfound com.google.code.findbugs#jsr305;3.0.0 in central","chan":"stderr","logger":"task"}
{"timestamp":"2025-06-21T09:30:03.838422Z","level":"error","event":"\tfound org.apache.commons#commons-pool2;2.11.1 in central","chan":"stderr","logger":"task"}
{"timestamp":"2025-06-21T09:30:03.883232Z","level":"error","event":":: resolution report :: resolve 417ms :: artifacts dl 27ms","chan":"stderr","logger":"task"}
{"timestamp":"2025-06-21T09:30:03.884008Z","level":"error","event":"\t:: modules in use:","chan":"stderr","logger":"task"}
{"timestamp":"2025-06-21T09:30:03.884541Z","level":"error","event":"\tcom.google.code.findbugs#jsr305;3.0.0 from central in [default]","chan":"stderr","logger":"task"}
{"timestamp":"2025-06-21T09:30:03.885031Z","level":"error","event":"\tcommons-logging#commons-logging;1.1.3 from central in [default]","chan":"stderr","logger":"task"}
{"timestamp":"2025-06-21T09:30:03.885479Z","level":"error","event":"\torg.apache.commons#commons-pool2;2.11.1 from central in [default]","chan":"stderr","logger":"task"}
{"timestamp":"2025-06-21T09:30:03.885932Z","level":"error","event":"\torg.apache.hadoop#hadoop-client-api;3.3.2 from central in [default]","chan":"stderr","logger":"task"}
{"timestamp":"2025-06-21T09:30:03.886420Z","level":"error","event":"\torg.apache.hadoop#hadoop-client-runtime;3.3.2 from central in [default]","chan":"stderr","logger":"task"}
{"timestamp":"2025-06-21T09:30:03.886815Z","level":"error","event":"\torg.apache.kafka#kafka-clients;2.8.1 from central in [default]","chan":"stderr","logger":"task"}
{"timestamp":"2025-06-21T09:30:03.887070Z","level":"error","event":"\torg.apache.spark#spark-sql-kafka-0-10_2.12;3.3.0 from central in [default]","chan":"stderr","logger":"task"}
{"timestamp":"2025-06-21T09:30:03.887276Z","level":"error","event":"\torg.apache.spark#spark-token-provider-kafka-0-10_2.12;3.3.0 from central in [default]","chan":"stderr","logger":"task"}
{"timestamp":"2025-06-21T09:30:03.887469Z","level":"error","event":"\torg.checkerframework#checker-qual;3.41.0 from central in [default]","chan":"stderr","logger":"task"}
{"timestamp":"2025-06-21T09:30:03.887655Z","level":"error","event":"\torg.lz4#lz4-java;1.8.0 from central in [default]","chan":"stderr","logger":"task"}
{"timestamp":"2025-06-21T09:30:03.887844Z","level":"error","event":"\torg.postgresql#postgresql;42.7.1 from central in [default]","chan":"stderr","logger":"task"}
{"timestamp":"2025-06-21T09:30:03.888031Z","level":"error","event":"\torg.slf4j#slf4j-api;1.7.32 from central in [default]","chan":"stderr","logger":"task"}
{"timestamp":"2025-06-21T09:30:03.888216Z","level":"error","event":"\torg.spark-project.spark#unused;1.0.0 from central in [default]","chan":"stderr","logger":"task"}
{"timestamp":"2025-06-21T09:30:03.888397Z","level":"error","event":"\torg.xerial.snappy#snappy-java;1.1.8.4 from central in [default]","chan":"stderr","logger":"task"}
{"timestamp":"2025-06-21T09:30:03.888586Z","level":"error","event":"\t---------------------------------------------------------------------","chan":"stderr","logger":"task"}
{"timestamp":"2025-06-21T09:30:03.888778Z","level":"error","event":"\t|                  |            modules            ||   artifacts   |","chan":"stderr","logger":"task"}
{"timestamp":"2025-06-21T09:30:03.888970Z","level":"error","event":"\t|       conf       | number| search|dwnlded|evicted|| number|dwnlded|","chan":"stderr","logger":"task"}
{"timestamp":"2025-06-21T09:30:03.889178Z","level":"error","event":"\t---------------------------------------------------------------------","chan":"stderr","logger":"task"}
{"timestamp":"2025-06-21T09:30:03.889373Z","level":"error","event":"\t|      default     |   14  |   0   |   0   |   0   ||   14  |   0   |","chan":"stderr","logger":"task"}
{"timestamp":"2025-06-21T09:30:03.889617Z","level":"error","event":"\t---------------------------------------------------------------------","chan":"stderr","logger":"task"}
{"timestamp":"2025-06-21T09:30:03.892756Z","level":"error","event":":: retrieving :: org.apache.spark#spark-submit-parent-817121a6-5f64-4241-a6e3-4399960d57d5","chan":"stderr","logger":"task"}
{"timestamp":"2025-06-21T09:30:03.893520Z","level":"error","event":"\tconfs: [default]","chan":"stderr","logger":"task"}
{"timestamp":"2025-06-21T09:30:03.902230Z","level":"error","event":"\t0 artifacts copied, 14 already retrieved (0kB/9ms)","chan":"stderr","logger":"task"}
{"timestamp":"2025-06-21T09:30:04.136315Z","level":"error","event":"25/06/21 09:30:04 WARN NativeCodeLoader: Unable to load native-hadoop library for your platform... using builtin-java classes where applicable","chan":"stderr","logger":"task"}
{"timestamp":"2025-06-21T09:30:04.379176Z","level":"error","event":"Using Spark's default log4j profile: org/apache/spark/log4j2-defaults.properties","chan":"stderr","logger":"task"}
{"timestamp":"2025-06-21T09:30:04.379891Z","level":"error","event":"Setting default log level to \"WARN\".","chan":"stderr","logger":"task"}
{"timestamp":"2025-06-21T09:30:04.380448Z","level":"error","event":"To adjust logging level use sc.setLogLevel(newLevel). For SparkR, use setLogLevel(newLevel).","chan":"stderr","logger":"task"}
{"timestamp":"2025-06-21T09:30:08.857553Z","level":"info","event":"Spark session started to preload jars...","chan":"stdout","logger":"task"}
{"timestamp":"2025-06-21T09:30:09.062128Z","level":"error","event":"25/06/21 09:30:09 ERROR TransportRequestHandler: Error sending result StreamResponse[streamId=/files/org.apache.hadoop_hadoop-client-api-3.3.2.jar,byteCount=19458502,body=FileSegmentManagedBuffer[file=/home/airflow/.ivy2.5.2/jars/org.apache.hadoop_hadoop-client-api-3.3.2.jar,offset=0,length=19458502]] to /172.19.0.8:41780; closing connection","chan":"stderr","logger":"task"}
{"timestamp":"2025-06-21T09:30:09.062598Z","level":"error","event":"io.netty.channel.StacklessClosedChannelException","chan":"stderr","logger":"task"}
{"timestamp":"2025-06-21T09:30:09.062789Z","level":"error","event":"\tat io.netty.channel.AbstractChannel.close(ChannelPromise)(Unknown Source)","chan":"stderr","logger":"task"}
{"timestamp":"2025-06-21T09:30:09.362623","level":"info","event":"Done. Returned value was: None","logger":"airflow.task.operators.airflow.providers.standard.operators.python.PythonOperator"}
{"timestamp":"2025-06-21T09:30:09.382924Z","level":"info","event":"Task instance in success state","chan":"stdout","logger":"task"}
{"timestamp":"2025-06-21T09:30:09.383389Z","level":"info","event":" Previous state of the Task instance: running","chan":"stdout","logger":"task"}
{"timestamp":"2025-06-21T09:30:09.383736Z","level":"info","event":"Task operator:<Task(PythonOperator): install_spark_dependencies>","chan":"stdout","logger":"task"}
{"timestamp":"2025-06-21T09:53:00.621762","level":"info","event":"DAG bundles loaded: dags-folder, example_dags","logger":"airflow.dag_processing.bundles.manager.DagBundlesManager"}
{"timestamp":"2025-06-21T09:53:00.622553","level":"info","event":"Filling up the DagBag from /opt/airflow/dags/etl_pipeline.py","logger":"airflow.models.dagbag.DagBag"}
{"timestamp":"2025-06-21T09:53:01.442012Z","level":"info","event":"Task instance is in running state","chan":"stdout","logger":"task"}
{"timestamp":"2025-06-21T09:53:01.442496Z","level":"info","event":" Previous state of the Task instance: queued","chan":"stdout","logger":"task"}
{"timestamp":"2025-06-21T09:53:01.442792Z","level":"info","event":"Current task name:install_spark_dependencies","chan":"stdout","logger":"task"}
{"timestamp":"2025-06-21T09:53:01.443037Z","level":"info","event":"Dag name:etl_pipeline","chan":"stdout","logger":"task"}
{"timestamp":"2025-06-21T09:53:02.410924Z","level":"error","event":"WARNING: Using incubator modules: jdk.incubator.vector","chan":"stderr","logger":"task"}
{"timestamp":"2025-06-21T09:53:04.628410Z","level":"error","event":":: loading settings :: url = jar:file:/home/airflow/.local/lib/python3.12/site-packages/pyspark/jars/ivy-2.5.3.jar!/org/apache/ivy/core/settings/ivysettings.xml","chan":"stderr","logger":"task"}
{"timestamp":"2025-06-21T09:53:04.730739Z","level":"error","event":"Ivy Default Cache set to: /home/airflow/.ivy2.5.2/cache","chan":"stderr","logger":"task"}
{"timestamp":"2025-06-21T09:53:04.731505Z","level":"error","event":"The jars for the packages stored in: /home/airflow/.ivy2.5.2/jars","chan":"stderr","logger":"task"}
{"timestamp":"2025-06-21T09:53:04.735155Z","level":"error","event":"org.postgresql#postgresql added as a dependency","chan":"stderr","logger":"task"}
{"timestamp":"2025-06-21T09:53:04.735924Z","level":"error","event":"org.apache.spark#spark-sql-kafka-0-10_2.12 added as a dependency","chan":"stderr","logger":"task"}
{"timestamp":"2025-06-21T09:53:04.736764Z","level":"error","event":":: resolving dependencies :: org.apache.spark#spark-submit-parent-e5d9beed-12cb-4062-a86a-4fe0bd137d71;1.0","chan":"stderr","logger":"task"}
{"timestamp":"2025-06-21T09:53:04.737228Z","level":"error","event":"\tconfs: [default]","chan":"stderr","logger":"task"}
{"timestamp":"2025-06-21T09:53:06.418081Z","level":"error","event":"\tfound org.postgresql#postgresql;42.7.1 in central","chan":"stderr","logger":"task"}
{"timestamp":"2025-06-21T09:53:06.834441Z","level":"error","event":"\tfound org.checkerframework#checker-qual;3.41.0 in central","chan":"stderr","logger":"task"}
{"timestamp":"2025-06-21T09:53:10.021508Z","level":"error","event":"\tfound org.apache.spark#spark-sql-kafka-0-10_2.12;3.3.0 in central","chan":"stderr","logger":"task"}
{"timestamp":"2025-06-21T09:53:10.580091Z","level":"error","event":"\tfound org.apache.spark#spark-token-provider-kafka-0-10_2.12;3.3.0 in central","chan":"stderr","logger":"task"}
{"timestamp":"2025-06-21T09:53:10.975893Z","level":"error","event":"\tfound org.apache.kafka#kafka-clients;2.8.1 in central","chan":"stderr","logger":"task"}
{"timestamp":"2025-06-21T09:53:11.368214Z","level":"error","event":"\tfound org.lz4#lz4-java;1.8.0 in central","chan":"stderr","logger":"task"}
{"timestamp":"2025-06-21T09:53:11.759678Z","level":"error","event":"\tfound org.xerial.snappy#snappy-java;1.1.8.4 in central","chan":"stderr","logger":"task"}
{"timestamp":"2025-06-21T09:53:13.355021Z","level":"error","event":"\tfound org.slf4j#slf4j-api;1.7.32 in central","chan":"stderr","logger":"task"}
{"timestamp":"2025-06-21T09:53:15.690477Z","level":"error","event":"\tfound org.apache.hadoop#hadoop-client-runtime;3.3.2 in central","chan":"stderr","logger":"task"}
{"timestamp":"2025-06-21T09:53:15.718367Z","level":"error","event":"\tfound org.spark-project.spark#unused;1.0.0 in central","chan":"stderr","logger":"task"}
{"timestamp":"2025-06-21T09:53:16.190113Z","level":"error","event":"\tfound org.apache.hadoop#hadoop-client-api;3.3.2 in central","chan":"stderr","logger":"task"}
{"timestamp":"2025-06-21T09:53:19.153361Z","level":"error","event":"\tfound commons-logging#commons-logging;1.1.3 in central","chan":"stderr","logger":"task"}
{"timestamp":"2025-06-21T09:53:19.931937Z","level":"error","event":"\tfound com.google.code.findbugs#jsr305;3.0.0 in central","chan":"stderr","logger":"task"}
{"timestamp":"2025-06-21T09:53:25.370603Z","level":"error","event":"\tfound org.apache.commons#commons-pool2;2.11.1 in central","chan":"stderr","logger":"task"}
{"timestamp":"2025-06-21T09:53:25.576507Z","level":"error","event":"downloading https://repo1.maven.org/maven2/org/postgresql/postgresql/42.7.1/postgresql-42.7.1.jar ...","chan":"stderr","logger":"task"}
{"timestamp":"2025-06-21T09:53:28.112648Z","level":"error","event":"\t[SUCCESSFUL ] org.postgresql#postgresql;42.7.1!postgresql.jar (2736ms)","chan":"stderr","logger":"task"}
{"timestamp":"2025-06-21T09:53:28.302718Z","level":"error","event":"downloading https://repo1.maven.org/maven2/org/apache/spark/spark-sql-kafka-0-10_2.12/3.3.0/spark-sql-kafka-0-10_2.12-3.3.0.jar ...","chan":"stderr","logger":"task"}
{"timestamp":"2025-06-21T09:53:28.956089Z","level":"error","event":"\t[SUCCESSFUL ] org.apache.spark#spark-sql-kafka-0-10_2.12;3.3.0!spark-sql-kafka-0-10_2.12.jar (842ms)","chan":"stderr","logger":"task"}
{"timestamp":"2025-06-21T09:53:29.147230Z","level":"error","event":"downloading https://repo1.maven.org/maven2/org/checkerframework/checker-qual/3.41.0/checker-qual-3.41.0.jar ...","chan":"stderr","logger":"task"}
{"timestamp":"2025-06-21T09:53:29.612541Z","level":"error","event":"\t[SUCCESSFUL ] org.checkerframework#checker-qual;3.41.0!checker-qual.jar (656ms)","chan":"stderr","logger":"task"}
{"timestamp":"2025-06-21T09:53:29.805677Z","level":"error","event":"downloading https://repo1.maven.org/maven2/org/apache/spark/spark-token-provider-kafka-0-10_2.12/3.3.0/spark-token-provider-kafka-0-10_2.12-3.3.0.jar ...","chan":"stderr","logger":"task"}
{"timestamp":"2025-06-21T09:53:30.048872Z","level":"error","event":"\t[SUCCESSFUL ] org.apache.spark#spark-token-provider-kafka-0-10_2.12;3.3.0!spark-token-provider-kafka-0-10_2.12.jar (435ms)","chan":"stderr","logger":"task"}
{"timestamp":"2025-06-21T09:53:30.252198Z","level":"error","event":"downloading https://repo1.maven.org/maven2/org/apache/kafka/kafka-clients/2.8.1/kafka-clients-2.8.1.jar ...","chan":"stderr","logger":"task"}
{"timestamp":"2025-06-21T09:53:36.252899Z","level":"error","event":"\t[SUCCESSFUL ] org.apache.kafka#kafka-clients;2.8.1!kafka-clients.jar (6203ms)","chan":"stderr","logger":"task"}
{"timestamp":"2025-06-21T09:53:36.489744Z","level":"error","event":"downloading https://repo1.maven.org/maven2/com/google/code/findbugs/jsr305/3.0.0/jsr305-3.0.0.jar ...","chan":"stderr","logger":"task"}
{"timestamp":"2025-06-21T09:53:36.730123Z","level":"error","event":"\t[SUCCESSFUL ] com.google.code.findbugs#jsr305;3.0.0!jsr305.jar (476ms)","chan":"stderr","logger":"task"}
{"timestamp":"2025-06-21T09:53:37.012134Z","level":"error","event":"downloading https://repo1.maven.org/maven2/org/apache/commons/commons-pool2/2.11.1/commons-pool2-2.11.1.jar ...","chan":"stderr","logger":"task"}
{"timestamp":"2025-06-21T09:53:39.420592Z","level":"error","event":"\t[SUCCESSFUL ] org.apache.commons#commons-pool2;2.11.1!commons-pool2.jar (2689ms)","chan":"stderr","logger":"task"}
{"timestamp":"2025-06-21T09:53:39.622529Z","level":"error","event":"downloading https://repo1.maven.org/maven2/org/spark-project/spark/unused/1.0.0/unused-1.0.0.jar ...","chan":"stderr","logger":"task"}
{"timestamp":"2025-06-21T09:53:39.856635Z","level":"error","event":"\t[SUCCESSFUL ] org.spark-project.spark#unused;1.0.0!unused.jar (435ms)","chan":"stderr","logger":"task"}
{"timestamp":"2025-06-21T09:53:40.772544Z","level":"error","event":"downloading https://repo1.maven.org/maven2/org/apache/hadoop/hadoop-client-runtime/3.3.2/hadoop-client-runtime-3.3.2.jar ...","chan":"stderr","logger":"task"}
{"timestamp":"2025-06-21T09:55:51.518383Z","level":"error","event":"\t[SUCCESSFUL ] org.apache.hadoop#hadoop-client-runtime;3.3.2!hadoop-client-runtime.jar (131660ms)","chan":"stderr","logger":"task"}
{"timestamp":"2025-06-21T09:55:51.743200Z","level":"error","event":"downloading https://repo1.maven.org/maven2/org/lz4/lz4-java/1.8.0/lz4-java-1.8.0.jar ...","chan":"stderr","logger":"task"}
{"timestamp":"2025-06-21T09:56:06.206797Z","level":"error","event":"\t[SUCCESSFUL ] org.lz4#lz4-java;1.8.0!lz4-java.jar (14687ms)","chan":"stderr","logger":"task"}
{"timestamp":"2025-06-21T09:56:06.859061Z","level":"error","event":"downloading https://repo1.maven.org/maven2/org/xerial/snappy/snappy-java/1.1.8.4/snappy-java-1.1.8.4.jar ...","chan":"stderr","logger":"task"}
{"timestamp":"2025-06-21T09:56:52.930545Z","level":"error","event":"\t[SUCCESSFUL ] org.xerial.snappy#snappy-java;1.1.8.4!snappy-java.jar(bundle) (46723ms)","chan":"stderr","logger":"task"}
{"timestamp":"2025-06-21T09:56:48.631785Z","level":"error","event":"downloading https://repo1.maven.org/maven2/org/slf4j/slf4j-api/1.7.32/slf4j-api-1.7.32.jar ...","chan":"stderr","logger":"task"}
{"timestamp":"2025-06-21T09:56:49.518863Z","level":"error","event":"\t[SUCCESSFUL ] org.slf4j#slf4j-api;1.7.32!slf4j-api.jar (-3413ms)","chan":"stderr","logger":"task"}
{"timestamp":"2025-06-21T09:56:50.267989Z","level":"error","event":"downloading https://repo1.maven.org/maven2/org/apache/hadoop/hadoop-client-api/3.3.2/hadoop-client-api-3.3.2.jar ...","chan":"stderr","logger":"task"}
{"timestamp":"2025-06-21T09:57:55.404656Z","level":"error","event":"\t[SUCCESSFUL ] org.apache.hadoop#hadoop-client-api;3.3.2!hadoop-client-api.jar (65885ms)","chan":"stderr","logger":"task"}
{"timestamp":"2025-06-21T09:57:55.612811Z","level":"error","event":"downloading https://repo1.maven.org/maven2/commons-logging/commons-logging/1.1.3/commons-logging-1.1.3.jar ...","chan":"stderr","logger":"task"}
{"timestamp":"2025-06-21T09:57:55.859732Z","level":"error","event":"\t[SUCCESSFUL ] commons-logging#commons-logging;1.1.3!commons-logging.jar (454ms)","chan":"stderr","logger":"task"}
{"timestamp":"2025-06-21T09:57:55.860546Z","level":"error","event":":: resolution report :: resolve 20639ms :: artifacts dl 270484ms","chan":"stderr","logger":"task"}
{"timestamp":"2025-06-21T09:57:55.860995Z","level":"error","event":"\t:: modules in use:","chan":"stderr","logger":"task"}
{"timestamp":"2025-06-21T09:57:55.861570Z","level":"error","event":"\tcom.google.code.findbugs#jsr305;3.0.0 from central in [default]","chan":"stderr","logger":"task"}
{"timestamp":"2025-06-21T09:57:55.861976Z","level":"error","event":"\tcommons-logging#commons-logging;1.1.3 from central in [default]","chan":"stderr","logger":"task"}
{"timestamp":"2025-06-21T09:57:55.862405Z","level":"error","event":"\torg.apache.commons#commons-pool2;2.11.1 from central in [default]","chan":"stderr","logger":"task"}
{"timestamp":"2025-06-21T09:57:55.862765Z","level":"error","event":"\torg.apache.hadoop#hadoop-client-api;3.3.2 from central in [default]","chan":"stderr","logger":"task"}
{"timestamp":"2025-06-21T09:57:55.863094Z","level":"error","event":"\torg.apache.hadoop#hadoop-client-runtime;3.3.2 from central in [default]","chan":"stderr","logger":"task"}
{"timestamp":"2025-06-21T09:57:55.863548Z","level":"error","event":"\torg.apache.kafka#kafka-clients;2.8.1 from central in [default]","chan":"stderr","logger":"task"}
{"timestamp":"2025-06-21T09:57:55.863889Z","level":"error","event":"\torg.apache.spark#spark-sql-kafka-0-10_2.12;3.3.0 from central in [default]","chan":"stderr","logger":"task"}
{"timestamp":"2025-06-21T09:57:55.864279Z","level":"error","event":"\torg.apache.spark#spark-token-provider-kafka-0-10_2.12;3.3.0 from central in [default]","chan":"stderr","logger":"task"}
{"timestamp":"2025-06-21T09:57:55.864638Z","level":"error","event":"\torg.checkerframework#checker-qual;3.41.0 from central in [default]","chan":"stderr","logger":"task"}
{"timestamp":"2025-06-21T09:57:55.865031Z","level":"error","event":"\torg.lz4#lz4-java;1.8.0 from central in [default]","chan":"stderr","logger":"task"}
{"timestamp":"2025-06-21T09:57:55.865477Z","level":"error","event":"\torg.postgresql#postgresql;42.7.1 from central in [default]","chan":"stderr","logger":"task"}
{"timestamp":"2025-06-21T09:57:55.865801Z","level":"error","event":"\torg.slf4j#slf4j-api;1.7.32 from central in [default]","chan":"stderr","logger":"task"}
{"timestamp":"2025-06-21T09:57:55.866084Z","level":"error","event":"\torg.spark-project.spark#unused;1.0.0 from central in [default]","chan":"stderr","logger":"task"}
{"timestamp":"2025-06-21T09:57:55.866421Z","level":"error","event":"\torg.xerial.snappy#snappy-java;1.1.8.4 from central in [default]","chan":"stderr","logger":"task"}
{"timestamp":"2025-06-21T09:57:55.866898Z","level":"error","event":"\t---------------------------------------------------------------------","chan":"stderr","logger":"task"}
{"timestamp":"2025-06-21T09:57:55.867230Z","level":"error","event":"\t|                  |            modules            ||   artifacts   |","chan":"stderr","logger":"task"}
{"timestamp":"2025-06-21T09:57:55.867493Z","level":"error","event":"\t|       conf       | number| search|dwnlded|evicted|| number|dwnlded|","chan":"stderr","logger":"task"}
{"timestamp":"2025-06-21T09:57:55.867903Z","level":"error","event":"\t---------------------------------------------------------------------","chan":"stderr","logger":"task"}
{"timestamp":"2025-06-21T09:57:55.868215Z","level":"error","event":"\t|      default     |   14  |   14  |   14  |   0   ||   14  |   14  |","chan":"stderr","logger":"task"}
{"timestamp":"2025-06-21T09:57:55.868722Z","level":"error","event":"\t---------------------------------------------------------------------","chan":"stderr","logger":"task"}
{"timestamp":"2025-06-21T09:57:55.878740Z","level":"error","event":":: retrieving :: org.apache.spark#spark-submit-parent-e5d9beed-12cb-4062-a86a-4fe0bd137d71","chan":"stderr","logger":"task"}
{"timestamp":"2025-06-21T09:57:55.880630Z","level":"error","event":"\tconfs: [default]","chan":"stderr","logger":"task"}
{"timestamp":"2025-06-21T09:57:55.996792Z","level":"error","event":"\t14 artifacts copied, 0 already retrieved (57913kB/118ms)","chan":"stderr","logger":"task"}
{"timestamp":"2025-06-21T09:57:56.597597Z","level":"error","event":"25/06/21 09:57:56 WARN NativeCodeLoader: Unable to load native-hadoop library for your platform... using builtin-java classes where applicable","chan":"stderr","logger":"task"}
{"timestamp":"2025-06-21T09:57:57.002786Z","level":"error","event":"Using Spark's default log4j profile: org/apache/spark/log4j2-defaults.properties","chan":"stderr","logger":"task"}
{"timestamp":"2025-06-21T09:57:57.031663Z","level":"error","event":"Setting default log level to \"WARN\".","chan":"stderr","logger":"task"}
{"timestamp":"2025-06-21T09:57:57.032282Z","level":"error","event":"To adjust logging level use sc.setLogLevel(newLevel). For SparkR, use setLogLevel(newLevel).","chan":"stderr","logger":"task"}
{"timestamp":"2025-06-21T09:58:00.330323Z","level":"info","event":"Spark session started to preload jars...","chan":"stdout","logger":"task"}
{"timestamp":"2025-06-21T09:58:00.776060","level":"info","event":"Done. Returned value was: None","logger":"airflow.task.operators.airflow.providers.standard.operators.python.PythonOperator"}
{"timestamp":"2025-06-21T09:58:00.802706Z","level":"info","event":"Task instance in success state","chan":"stdout","logger":"task"}
{"timestamp":"2025-06-21T09:58:00.803173Z","level":"info","event":" Previous state of the Task instance: running","chan":"stdout","logger":"task"}
{"timestamp":"2025-06-21T09:58:00.803455Z","level":"info","event":"Task operator:<Task(PythonOperator): install_spark_dependencies>","chan":"stdout","logger":"task"}
