{"timestamp":"2025-06-21T11:02:09.607634","level":"info","event":"DAG bundles loaded: dags-folder, example_dags","logger":"airflow.dag_processing.bundles.manager.DagBundlesManager"}
{"timestamp":"2025-06-21T11:02:09.613250","level":"info","event":"Filling up the DagBag from /opt/airflow/dags/etl_pipeline.py","logger":"airflow.models.dagbag.DagBag"}
{"timestamp":"2025-06-21T11:02:11.835076Z","level":"info","event":"Task instance is in running state","chan":"stdout","logger":"task"}
{"timestamp":"2025-06-21T11:02:11.836952Z","level":"info","event":" Previous state of the Task instance: queued","chan":"stdout","logger":"task"}
{"timestamp":"2025-06-21T11:02:11.837966Z","level":"info","event":"Current task name:dim_date_group.consumer_kafka","chan":"stdout","logger":"task"}
{"timestamp":"2025-06-21T11:02:11.838665Z","level":"info","event":"Dag name:etl_pipeline","chan":"stdout","logger":"task"}
{"timestamp":"2025-06-21T11:02:11.883345","level":"info","event":"Secrets backends loaded for worker","count":1,"backend_classes":["EnvironmentVariablesBackend"],"logger":"supervisor"}
{"timestamp":"2025-06-21T11:02:11.920715","level":"info","event":"Connection Retrieved 'sqlserver_default'","logger":"airflow.hooks.base"}
{"timestamp":"2025-06-21T11:02:13.767782","level":"info","event":"Không có message nào mới.","logger":"dags.etl_dim_date"}
{"timestamp":"2025-06-21T11:02:14.869169","level":"info","event":"Không có message nào mới.","logger":"dags.etl_dim_date"}
{"timestamp":"2025-06-21T11:02:15.970627","level":"info","event":"Không có message nào mới.","logger":"dags.etl_dim_date"}
{"timestamp":"2025-06-21T11:02:17.073599","level":"info","event":"Không có message nào mới.","logger":"dags.etl_dim_date"}
{"timestamp":"2025-06-21T11:02:18.174490","level":"info","event":"Không có message nào mới.","logger":"dags.etl_dim_date"}
{"timestamp":"2025-06-21T11:02:19.276301","level":"info","event":"Không có message nào mới.","logger":"dags.etl_dim_date"}
{"timestamp":"2025-06-21T11:02:20.377221","level":"info","event":"Không có message nào mới.","logger":"dags.etl_dim_date"}
{"timestamp":"2025-06-21T11:02:21.478213","level":"info","event":"Không có message nào mới.","logger":"dags.etl_dim_date"}
{"timestamp":"2025-06-21T11:02:22.579188","level":"info","event":"Không có message nào mới.","logger":"dags.etl_dim_date"}
{"timestamp":"2025-06-21T11:02:23.680812","level":"info","event":"Không có message nào mới.","logger":"dags.etl_dim_date"}
{"timestamp":"2025-06-21T11:02:23.682743","level":"info","event":"Đã thêm 0 bản ghi mới vào dim_date, bỏ qua 0 bản ghi trùng","logger":"dags.etl_dim_date"}
{"timestamp":"2025-06-21T11:02:23.689976","level":"info","event":"Done. Returned value was: None","logger":"airflow.task.operators.airflow.providers.standard.operators.python.PythonOperator"}
{"timestamp":"2025-06-21T11:02:23.715561Z","level":"info","event":"Task instance in success state","chan":"stdout","logger":"task"}
{"timestamp":"2025-06-21T11:02:23.716172Z","level":"info","event":" Previous state of the Task instance: running","chan":"stdout","logger":"task"}
{"timestamp":"2025-06-21T11:02:23.716684Z","level":"info","event":"Task operator:<Task(PythonOperator): dim_date_group.consumer_kafka>","chan":"stdout","logger":"task"}
