{"timestamp":"2025-06-21T09:06:35.044834","level":"info","event":"DAG bundles loaded: dags-folder, example_dags","logger":"airflow.dag_processing.bundles.manager.DagBundlesManager"}
{"timestamp":"2025-06-21T09:06:35.046362","level":"info","event":"Filling up the DagBag from /opt/airflow/dags/etl_pipeline.py","logger":"airflow.models.dagbag.DagBag"}
{"timestamp":"2025-06-21T09:06:35.396451Z","level":"info","event":"Task instance is in running state","chan":"stdout","logger":"task"}
{"timestamp":"2025-06-21T09:06:35.397243Z","level":"info","event":" Previous state of the Task instance: queued","chan":"stdout","logger":"task"}
{"timestamp":"2025-06-21T09:06:35.397530Z","level":"info","event":"Current task name:install_spark_dependencies","chan":"stdout","logger":"task"}
{"timestamp":"2025-06-21T09:06:35.397803Z","level":"info","event":"Dag name:etl_pipeline","chan":"stdout","logger":"task"}
{"timestamp":"2025-06-21T09:06:35.866181Z","level":"error","event":"WARNING: Using incubator modules: jdk.incubator.vector","chan":"stderr","logger":"task"}
{"timestamp":"2025-06-21T09:06:36.998013Z","level":"error","event":":: loading settings :: url = jar:file:/home/airflow/.local/lib/python3.12/site-packages/pyspark/jars/ivy-2.5.3.jar!/org/apache/ivy/core/settings/ivysettings.xml","chan":"stderr","logger":"task"}
{"timestamp":"2025-06-21T09:06:37.054643Z","level":"error","event":"Ivy Default Cache set to: /home/airflow/.ivy2.5.2/cache","chan":"stderr","logger":"task"}
{"timestamp":"2025-06-21T09:06:37.055370Z","level":"error","event":"The jars for the packages stored in: /home/airflow/.ivy2.5.2/jars","chan":"stderr","logger":"task"}
{"timestamp":"2025-06-21T09:06:37.058679Z","level":"error","event":"org.postgresql#postgresql added as a dependency","chan":"stderr","logger":"task"}
{"timestamp":"2025-06-21T09:06:37.059278Z","level":"error","event":"org.apache.spark#spark-sql-kafka-0-10_2.12 added as a dependency","chan":"stderr","logger":"task"}
{"timestamp":"2025-06-21T09:06:37.059708Z","level":"error","event":":: resolving dependencies :: org.apache.spark#spark-submit-parent-1e1104ae-ae26-4aa7-87f2-222abb4cdb36;1.0","chan":"stderr","logger":"task"}
{"timestamp":"2025-06-21T09:06:37.060134Z","level":"error","event":"\tconfs: [default]","chan":"stderr","logger":"task"}
{"timestamp":"2025-06-21T09:06:37.153035Z","level":"error","event":"\tfound org.postgresql#postgresql;42.7.1 in central","chan":"stderr","logger":"task"}
{"timestamp":"2025-06-21T09:06:37.172810Z","level":"error","event":"\tfound org.checkerframework#checker-qual;3.41.0 in central","chan":"stderr","logger":"task"}
{"timestamp":"2025-06-21T09:06:37.226758Z","level":"error","event":"\tfound org.apache.spark#spark-sql-kafka-0-10_2.12;3.3.0 in central","chan":"stderr","logger":"task"}
{"timestamp":"2025-06-21T09:06:37.278293Z","level":"error","event":"\tfound org.apache.spark#spark-token-provider-kafka-0-10_2.12;3.3.0 in central","chan":"stderr","logger":"task"}
{"timestamp":"2025-06-21T09:06:37.306101Z","level":"error","event":"\tfound org.apache.kafka#kafka-clients;2.8.1 in central","chan":"stderr","logger":"task"}
{"timestamp":"2025-06-21T09:06:37.333138Z","level":"error","event":"\tfound org.lz4#lz4-java;1.8.0 in central","chan":"stderr","logger":"task"}
{"timestamp":"2025-06-21T09:06:37.354366Z","level":"error","event":"\tfound org.xerial.snappy#snappy-java;1.1.8.4 in central","chan":"stderr","logger":"task"}
{"timestamp":"2025-06-21T09:06:37.378923Z","level":"error","event":"\tfound org.slf4j#slf4j-api;1.7.32 in central","chan":"stderr","logger":"task"}
{"timestamp":"2025-06-21T09:06:41.665434Z","level":"error","event":"\tfound org.apache.hadoop#hadoop-client-runtime;3.3.2 in central","chan":"stderr","logger":"task"}
{"timestamp":"2025-06-21T09:06:42.660543Z","level":"error","event":"\tfound org.spark-project.spark#unused;1.0.0 in central","chan":"stderr","logger":"task"}
{"timestamp":"2025-06-21T09:06:43.118258Z","level":"error","event":"\tfound org.apache.hadoop#hadoop-client-api;3.3.2 in central","chan":"stderr","logger":"task"}
{"timestamp":"2025-06-21T09:06:44.791227Z","level":"error","event":"\tfound commons-logging#commons-logging;1.1.3 in central","chan":"stderr","logger":"task"}
{"timestamp":"2025-06-21T09:06:45.158482Z","level":"error","event":"\tfound com.google.code.findbugs#jsr305;3.0.0 in central","chan":"stderr","logger":"task"}
{"timestamp":"2025-06-21T09:06:49.550952Z","level":"error","event":"\tfound org.apache.commons#commons-pool2;2.11.1 in central","chan":"stderr","logger":"task"}
{"timestamp":"2025-06-21T09:06:49.749452Z","level":"error","event":"downloading https://repo1.maven.org/maven2/org/postgresql/postgresql/42.7.1/postgresql-42.7.1.jar ...","chan":"stderr","logger":"task"}
{"timestamp":"2025-06-21T09:06:51.603037Z","level":"error","event":"\t[SUCCESSFUL ] org.postgresql#postgresql;42.7.1!postgresql.jar (2031ms)","chan":"stderr","logger":"task"}
{"timestamp":"2025-06-21T09:06:51.780743Z","level":"error","event":"downloading https://repo1.maven.org/maven2/org/apache/spark/spark-sql-kafka-0-10_2.12/3.3.0/spark-sql-kafka-0-10_2.12-3.3.0.jar ...","chan":"stderr","logger":"task"}
{"timestamp":"2025-06-21T09:06:52.568406Z","level":"error","event":"\t[SUCCESSFUL ] org.apache.spark#spark-sql-kafka-0-10_2.12;3.3.0!spark-sql-kafka-0-10_2.12.jar (963ms)","chan":"stderr","logger":"task"}
{"timestamp":"2025-06-21T09:06:52.755878Z","level":"error","event":"downloading https://repo1.maven.org/maven2/org/checkerframework/checker-qual/3.41.0/checker-qual-3.41.0.jar ...","chan":"stderr","logger":"task"}
{"timestamp":"2025-06-21T09:06:53.344764Z","level":"error","event":"\t[SUCCESSFUL ] org.checkerframework#checker-qual;3.41.0!checker-qual.jar (775ms)","chan":"stderr","logger":"task"}
{"timestamp":"2025-06-21T09:06:53.545147Z","level":"error","event":"downloading https://repo1.maven.org/maven2/org/apache/spark/spark-token-provider-kafka-0-10_2.12/3.3.0/spark-token-provider-kafka-0-10_2.12-3.3.0.jar ...","chan":"stderr","logger":"task"}
{"timestamp":"2025-06-21T09:06:54.796083Z","level":"error","event":"\t[SUCCESSFUL ] org.apache.spark#spark-token-provider-kafka-0-10_2.12;3.3.0!spark-token-provider-kafka-0-10_2.12.jar (1444ms)","chan":"stderr","logger":"task"}
{"timestamp":"2025-06-21T09:06:55.056627Z","level":"error","event":"downloading https://repo1.maven.org/maven2/org/apache/kafka/kafka-clients/2.8.1/kafka-clients-2.8.1.jar ...","chan":"stderr","logger":"task"}
{"timestamp":"2025-06-21T09:07:03.944447Z","level":"error","event":"\t[SUCCESSFUL ] org.apache.kafka#kafka-clients;2.8.1!kafka-clients.jar (9132ms)","chan":"stderr","logger":"task"}
{"timestamp":"2025-06-21T09:07:04.120592Z","level":"error","event":"downloading https://repo1.maven.org/maven2/com/google/code/findbugs/jsr305/3.0.0/jsr305-3.0.0.jar ...","chan":"stderr","logger":"task"}
{"timestamp":"2025-06-21T09:07:04.354611Z","level":"error","event":"\t[SUCCESSFUL ] com.google.code.findbugs#jsr305;3.0.0!jsr305.jar (409ms)","chan":"stderr","logger":"task"}
{"timestamp":"2025-06-21T09:07:04.528558Z","level":"error","event":"downloading https://repo1.maven.org/maven2/org/apache/commons/commons-pool2/2.11.1/commons-pool2-2.11.1.jar ...","chan":"stderr","logger":"task"}
{"timestamp":"2025-06-21T09:07:05.035702Z","level":"error","event":"\t[SUCCESSFUL ] org.apache.commons#commons-pool2;2.11.1!commons-pool2.jar (680ms)","chan":"stderr","logger":"task"}
{"timestamp":"2025-06-21T09:07:05.254290Z","level":"error","event":"downloading https://repo1.maven.org/maven2/org/spark-project/spark/unused/1.0.0/unused-1.0.0.jar ...","chan":"stderr","logger":"task"}
{"timestamp":"2025-06-21T09:07:05.436748Z","level":"error","event":"\t[SUCCESSFUL ] org.spark-project.spark#unused;1.0.0!unused.jar (400ms)","chan":"stderr","logger":"task"}
{"timestamp":"2025-06-21T09:07:05.617206Z","level":"error","event":"downloading https://repo1.maven.org/maven2/org/apache/hadoop/hadoop-client-runtime/3.3.2/hadoop-client-runtime-3.3.2.jar ...","chan":"stderr","logger":"task"}
{"timestamp":"2025-06-21T09:07:57.244196Z","level":"error","event":"\t[SUCCESSFUL ] org.apache.hadoop#hadoop-client-runtime;3.3.2!hadoop-client-runtime.jar (51806ms)","chan":"stderr","logger":"task"}
{"timestamp":"2025-06-21T09:07:57.430732Z","level":"error","event":"downloading https://repo1.maven.org/maven2/org/lz4/lz4-java/1.8.0/lz4-java-1.8.0.jar ...","chan":"stderr","logger":"task"}
{"timestamp":"2025-06-21T09:07:57.904186Z","level":"error","event":"\t[SUCCESSFUL ] org.lz4#lz4-java;1.8.0!lz4-java.jar (659ms)","chan":"stderr","logger":"task"}
{"timestamp":"2025-06-21T09:07:58.090366Z","level":"error","event":"downloading https://repo1.maven.org/maven2/org/xerial/snappy/snappy-java/1.1.8.4/snappy-java-1.1.8.4.jar ...","chan":"stderr","logger":"task"}
{"timestamp":"2025-06-21T09:07:59.432498Z","level":"error","event":"\t[SUCCESSFUL ] org.xerial.snappy#snappy-java;1.1.8.4!snappy-java.jar(bundle) (1528ms)","chan":"stderr","logger":"task"}
{"timestamp":"2025-06-21T09:07:59.620933Z","level":"error","event":"downloading https://repo1.maven.org/maven2/org/slf4j/slf4j-api/1.7.32/slf4j-api-1.7.32.jar ...","chan":"stderr","logger":"task"}
{"timestamp":"2025-06-21T09:07:59.859443Z","level":"error","event":"\t[SUCCESSFUL ] org.slf4j#slf4j-api;1.7.32!slf4j-api.jar (426ms)","chan":"stderr","logger":"task"}
{"timestamp":"2025-06-21T09:08:00.045289Z","level":"error","event":"downloading https://repo1.maven.org/maven2/org/apache/hadoop/hadoop-client-api/3.3.2/hadoop-client-api-3.3.2.jar ...","chan":"stderr","logger":"task"}
{"timestamp":"2025-06-21T09:08:16.108088Z","level":"error","event":"\t[SUCCESSFUL ] org.apache.hadoop#hadoop-client-api;3.3.2!hadoop-client-api.jar (16247ms)","chan":"stderr","logger":"task"}
{"timestamp":"2025-06-21T09:08:16.303894Z","level":"error","event":"downloading https://repo1.maven.org/maven2/commons-logging/commons-logging/1.1.3/commons-logging-1.1.3.jar ...","chan":"stderr","logger":"task"}
{"timestamp":"2025-06-21T09:08:16.527359Z","level":"error","event":"\t[SUCCESSFUL ] commons-logging#commons-logging;1.1.3!commons-logging.jar (419ms)","chan":"stderr","logger":"task"}
{"timestamp":"2025-06-21T09:08:16.527863Z","level":"error","event":":: resolution report :: resolve 12509ms :: artifacts dl 86958ms","chan":"stderr","logger":"task"}
{"timestamp":"2025-06-21T09:08:16.528146Z","level":"error","event":"\t:: modules in use:","chan":"stderr","logger":"task"}
{"timestamp":"2025-06-21T09:08:16.528574Z","level":"error","event":"\tcom.google.code.findbugs#jsr305;3.0.0 from central in [default]","chan":"stderr","logger":"task"}
{"timestamp":"2025-06-21T09:08:16.528847Z","level":"error","event":"\tcommons-logging#commons-logging;1.1.3 from central in [default]","chan":"stderr","logger":"task"}
{"timestamp":"2025-06-21T09:08:16.529100Z","level":"error","event":"\torg.apache.commons#commons-pool2;2.11.1 from central in [default]","chan":"stderr","logger":"task"}
{"timestamp":"2025-06-21T09:08:16.529356Z","level":"error","event":"\torg.apache.hadoop#hadoop-client-api;3.3.2 from central in [default]","chan":"stderr","logger":"task"}
{"timestamp":"2025-06-21T09:08:16.529599Z","level":"error","event":"\torg.apache.hadoop#hadoop-client-runtime;3.3.2 from central in [default]","chan":"stderr","logger":"task"}
{"timestamp":"2025-06-21T09:08:16.529842Z","level":"error","event":"\torg.apache.kafka#kafka-clients;2.8.1 from central in [default]","chan":"stderr","logger":"task"}
{"timestamp":"2025-06-21T09:08:16.530139Z","level":"error","event":"\torg.apache.spark#spark-sql-kafka-0-10_2.12;3.3.0 from central in [default]","chan":"stderr","logger":"task"}
{"timestamp":"2025-06-21T09:08:16.530325Z","level":"error","event":"\torg.apache.spark#spark-token-provider-kafka-0-10_2.12;3.3.0 from central in [default]","chan":"stderr","logger":"task"}
{"timestamp":"2025-06-21T09:08:16.530555Z","level":"error","event":"\torg.checkerframework#checker-qual;3.41.0 from central in [default]","chan":"stderr","logger":"task"}
{"timestamp":"2025-06-21T09:08:16.530800Z","level":"error","event":"\torg.lz4#lz4-java;1.8.0 from central in [default]","chan":"stderr","logger":"task"}
{"timestamp":"2025-06-21T09:08:16.530976Z","level":"error","event":"\torg.postgresql#postgresql;42.7.1 from central in [default]","chan":"stderr","logger":"task"}
{"timestamp":"2025-06-21T09:08:16.531144Z","level":"error","event":"\torg.slf4j#slf4j-api;1.7.32 from central in [default]","chan":"stderr","logger":"task"}
{"timestamp":"2025-06-21T09:08:16.531346Z","level":"error","event":"\torg.spark-project.spark#unused;1.0.0 from central in [default]","chan":"stderr","logger":"task"}
{"timestamp":"2025-06-21T09:08:16.531555Z","level":"error","event":"\torg.xerial.snappy#snappy-java;1.1.8.4 from central in [default]","chan":"stderr","logger":"task"}
{"timestamp":"2025-06-21T09:08:16.531806Z","level":"error","event":"\t---------------------------------------------------------------------","chan":"stderr","logger":"task"}
{"timestamp":"2025-06-21T09:08:16.532118Z","level":"error","event":"\t|                  |            modules            ||   artifacts   |","chan":"stderr","logger":"task"}
{"timestamp":"2025-06-21T09:08:16.532446Z","level":"error","event":"\t|       conf       | number| search|dwnlded|evicted|| number|dwnlded|","chan":"stderr","logger":"task"}
{"timestamp":"2025-06-21T09:08:16.532662Z","level":"error","event":"\t---------------------------------------------------------------------","chan":"stderr","logger":"task"}
{"timestamp":"2025-06-21T09:08:16.532836Z","level":"error","event":"\t|      default     |   14  |   6   |   6   |   0   ||   14  |   14  |","chan":"stderr","logger":"task"}
{"timestamp":"2025-06-21T09:08:16.533001Z","level":"error","event":"\t---------------------------------------------------------------------","chan":"stderr","logger":"task"}
{"timestamp":"2025-06-21T09:08:16.533822Z","level":"error","event":":: retrieving :: org.apache.spark#spark-submit-parent-1e1104ae-ae26-4aa7-87f2-222abb4cdb36","chan":"stderr","logger":"task"}
{"timestamp":"2025-06-21T09:08:16.534070Z","level":"error","event":"\tconfs: [default]","chan":"stderr","logger":"task"}
{"timestamp":"2025-06-21T09:08:16.601670Z","level":"error","event":"\t14 artifacts copied, 0 already retrieved (57913kB/68ms)","chan":"stderr","logger":"task"}
{"timestamp":"2025-06-21T09:08:17.011684Z","level":"error","event":"25/06/21 09:08:17 WARN NativeCodeLoader: Unable to load native-hadoop library for your platform... using builtin-java classes where applicable","chan":"stderr","logger":"task"}
{"timestamp":"2025-06-21T09:08:17.262553Z","level":"error","event":"Using Spark's default log4j profile: org/apache/spark/log4j2-defaults.properties","chan":"stderr","logger":"task"}
{"timestamp":"2025-06-21T09:08:17.263478Z","level":"error","event":"Setting default log level to \"WARN\".","chan":"stderr","logger":"task"}
{"timestamp":"2025-06-21T09:08:17.264153Z","level":"error","event":"To adjust logging level use sc.setLogLevel(newLevel). For SparkR, use setLogLevel(newLevel).","chan":"stderr","logger":"task"}
{"timestamp":"2025-06-21T09:08:26.339550Z","level":"info","event":"Spark session started to preload jars...","chan":"stdout","logger":"task"}
{"timestamp":"2025-06-21T09:08:26.355927","level":"info","event":"Done. Returned value was: None","logger":"airflow.task.operators.airflow.providers.standard.operators.python.PythonOperator"}
{"timestamp":"2025-06-21T09:08:26.391178Z","level":"info","event":"Task instance in success state","chan":"stdout","logger":"task"}
{"timestamp":"2025-06-21T09:08:26.391587Z","level":"info","event":" Previous state of the Task instance: running","chan":"stdout","logger":"task"}
{"timestamp":"2025-06-21T09:08:26.391783Z","level":"info","event":"Task operator:<Task(PythonOperator): install_spark_dependencies>","chan":"stdout","logger":"task"}
