{"timestamp":"2025-06-21T09:00:01.116653","level":"info","event":"DAG bundles loaded: dags-folder, example_dags","logger":"airflow.dag_processing.bundles.manager.DagBundlesManager"}
{"timestamp":"2025-06-21T09:00:01.117197","level":"info","event":"Filling up the DagBag from /opt/airflow/dags/etl_pipeline.py","logger":"airflow.models.dagbag.DagBag"}
{"timestamp":"2025-06-21T09:00:01.460182Z","level":"info","event":"Task instance is in running state","chan":"stdout","logger":"task"}
{"timestamp":"2025-06-21T09:00:01.460784Z","level":"info","event":" Previous state of the Task instance: queued","chan":"stdout","logger":"task"}
{"timestamp":"2025-06-21T09:00:01.461056Z","level":"info","event":"Current task name:install_spark_dependencies","chan":"stdout","logger":"task"}
{"timestamp":"2025-06-21T09:00:01.461313Z","level":"info","event":"Dag name:etl_pipeline","chan":"stdout","logger":"task"}
{"timestamp":"2025-06-21T09:00:01.878715Z","level":"error","event":"WARNING: Using incubator modules: jdk.incubator.vector","chan":"stderr","logger":"task"}
{"timestamp":"2025-06-21T09:00:02.933603Z","level":"error","event":":: loading settings :: url = jar:file:/home/airflow/.local/lib/python3.12/site-packages/pyspark/jars/ivy-2.5.3.jar!/org/apache/ivy/core/settings/ivysettings.xml","chan":"stderr","logger":"task"}
{"timestamp":"2025-06-21T09:00:03.028431Z","level":"error","event":"Ivy Default Cache set to: /home/airflow/.ivy2.5.2/cache","chan":"stderr","logger":"task"}
{"timestamp":"2025-06-21T09:00:03.029079Z","level":"error","event":"The jars for the packages stored in: /home/airflow/.ivy2.5.2/jars","chan":"stderr","logger":"task"}
{"timestamp":"2025-06-21T09:00:03.035668Z","level":"error","event":"org.postgresql#postgresql added as a dependency","chan":"stderr","logger":"task"}
{"timestamp":"2025-06-21T09:00:03.036667Z","level":"error","event":"org.apache.spark#spark-sql-kafka-0-10_2.12 added as a dependency","chan":"stderr","logger":"task"}
{"timestamp":"2025-06-21T09:00:03.037201Z","level":"error","event":":: resolving dependencies :: org.apache.spark#spark-submit-parent-4efefef9-d0ea-4679-ada7-e87dbc97e974;1.0","chan":"stderr","logger":"task"}
{"timestamp":"2025-06-21T09:00:03.037557Z","level":"error","event":"\tconfs: [default]","chan":"stderr","logger":"task"}
{"timestamp":"2025-06-21T09:00:03.220136Z","level":"error","event":"You probably access the destination server through a proxy server that is not well configured.","chan":"stderr","logger":"task"}
{"timestamp":"2025-06-21T09:00:03.220789Z","level":"error","event":"You probably access the destination server through a proxy server that is not well configured.","chan":"stderr","logger":"task"}
{"timestamp":"2025-06-21T09:00:03.234839Z","level":"error","event":"You probably access the destination server through a proxy server that is not well configured.","chan":"stderr","logger":"task"}
{"timestamp":"2025-06-21T09:00:03.235548Z","level":"error","event":"You probably access the destination server through a proxy server that is not well configured.","chan":"stderr","logger":"task"}
{"timestamp":"2025-06-21T09:00:03.239471Z","level":"error","event":"You probably access the destination server through a proxy server that is not well configured.","chan":"stderr","logger":"task"}
{"timestamp":"2025-06-21T09:00:03.239918Z","level":"error","event":"You probably access the destination server through a proxy server that is not well configured.","chan":"stderr","logger":"task"}
{"timestamp":"2025-06-21T09:00:03.240500Z","level":"error","event":"You probably access the destination server through a proxy server that is not well configured.","chan":"stderr","logger":"task"}
{"timestamp":"2025-06-21T09:00:03.240966Z","level":"error","event":"You probably access the destination server through a proxy server that is not well configured.","chan":"stderr","logger":"task"}
{"timestamp":"2025-06-21T09:00:03.252102Z","level":"error","event":":: resolution report :: resolve 215ms :: artifacts dl 0ms","chan":"stderr","logger":"task"}
{"timestamp":"2025-06-21T09:00:03.252576Z","level":"error","event":"\t:: modules in use:","chan":"stderr","logger":"task"}
{"timestamp":"2025-06-21T09:00:03.252799Z","level":"error","event":"\t---------------------------------------------------------------------","chan":"stderr","logger":"task"}
{"timestamp":"2025-06-21T09:00:03.252939Z","level":"error","event":"\t|                  |            modules            ||   artifacts   |","chan":"stderr","logger":"task"}
{"timestamp":"2025-06-21T09:00:03.253100Z","level":"error","event":"\t|       conf       | number| search|dwnlded|evicted|| number|dwnlded|","chan":"stderr","logger":"task"}
{"timestamp":"2025-06-21T09:00:03.253233Z","level":"error","event":"\t---------------------------------------------------------------------","chan":"stderr","logger":"task"}
{"timestamp":"2025-06-21T09:00:03.253386Z","level":"error","event":"\t|      default     |   2   |   0   |   0   |   0   ||   0   |   0   |","chan":"stderr","logger":"task"}
{"timestamp":"2025-06-21T09:00:03.253542Z","level":"error","event":"\t---------------------------------------------------------------------","chan":"stderr","logger":"task"}
{"timestamp":"2025-06-21T09:00:03.254394Z","level":"error","event":"","chan":"stderr","logger":"task"}
{"timestamp":"2025-06-21T09:00:03.254706Z","level":"error","event":":: problems summary ::","chan":"stderr","logger":"task"}
{"timestamp":"2025-06-21T09:00:03.254931Z","level":"error","event":":::: WARNINGS","chan":"stderr","logger":"task"}
{"timestamp":"2025-06-21T09:00:03.255174Z","level":"error","event":"\tHost repo1.maven.org not found. url=https://repo1.maven.org/maven2/org/postgresql/postgresql/42.7.1/postgresql-42.7.1.pom","chan":"stderr","logger":"task"}
{"timestamp":"2025-06-21T09:00:03.255368Z","level":"error","event":"","chan":"stderr","logger":"task"}
{"timestamp":"2025-06-21T09:00:03.255525Z","level":"error","event":"\tHost repo1.maven.org not found. url=https://repo1.maven.org/maven2/org/postgresql/postgresql/42.7.1/postgresql-42.7.1.jar","chan":"stderr","logger":"task"}
{"timestamp":"2025-06-21T09:00:03.255655Z","level":"error","event":"","chan":"stderr","logger":"task"}
{"timestamp":"2025-06-21T09:00:03.255783Z","level":"error","event":"\tHost repos.spark-packages.org not found. url=https://repos.spark-packages.org/org/postgresql/postgresql/42.7.1/postgresql-42.7.1.pom","chan":"stderr","logger":"task"}
{"timestamp":"2025-06-21T09:00:03.255911Z","level":"error","event":"","chan":"stderr","logger":"task"}
{"timestamp":"2025-06-21T09:00:03.256037Z","level":"error","event":"\tHost repos.spark-packages.org not found. url=https://repos.spark-packages.org/org/postgresql/postgresql/42.7.1/postgresql-42.7.1.jar","chan":"stderr","logger":"task"}
{"timestamp":"2025-06-21T09:00:03.256162Z","level":"error","event":"","chan":"stderr","logger":"task"}
{"timestamp":"2025-06-21T09:00:03.256296Z","level":"error","event":"\t\tmodule not found: org.postgresql#postgresql;42.7.1","chan":"stderr","logger":"task"}
{"timestamp":"2025-06-21T09:00:03.256420Z","level":"error","event":"","chan":"stderr","logger":"task"}
{"timestamp":"2025-06-21T09:00:03.256584Z","level":"error","event":"\t==== local-m2-cache: tried","chan":"stderr","logger":"task"}
{"timestamp":"2025-06-21T09:00:03.256764Z","level":"error","event":"","chan":"stderr","logger":"task"}
{"timestamp":"2025-06-21T09:00:03.256922Z","level":"error","event":"\t  file:/home/airflow/.m2/repository/org/postgresql/postgresql/42.7.1/postgresql-42.7.1.pom","chan":"stderr","logger":"task"}
{"timestamp":"2025-06-21T09:00:03.257093Z","level":"error","event":"","chan":"stderr","logger":"task"}
{"timestamp":"2025-06-21T09:00:03.257303Z","level":"error","event":"\t  -- artifact org.postgresql#postgresql;42.7.1!postgresql.jar:","chan":"stderr","logger":"task"}
{"timestamp":"2025-06-21T09:00:03.257591Z","level":"error","event":"","chan":"stderr","logger":"task"}
{"timestamp":"2025-06-21T09:00:03.257898Z","level":"error","event":"\t  file:/home/airflow/.m2/repository/org/postgresql/postgresql/42.7.1/postgresql-42.7.1.jar","chan":"stderr","logger":"task"}
{"timestamp":"2025-06-21T09:00:03.258153Z","level":"error","event":"","chan":"stderr","logger":"task"}
{"timestamp":"2025-06-21T09:00:03.258440Z","level":"error","event":"\t==== local-ivy-cache: tried","chan":"stderr","logger":"task"}
{"timestamp":"2025-06-21T09:00:03.258685Z","level":"error","event":"","chan":"stderr","logger":"task"}
{"timestamp":"2025-06-21T09:00:03.258985Z","level":"error","event":"\t  /home/airflow/.ivy2.5.2/local/org.postgresql/postgresql/42.7.1/ivys/ivy.xml","chan":"stderr","logger":"task"}
{"timestamp":"2025-06-21T09:00:03.259221Z","level":"error","event":"","chan":"stderr","logger":"task"}
{"timestamp":"2025-06-21T09:00:03.259451Z","level":"error","event":"\t  -- artifact org.postgresql#postgresql;42.7.1!postgresql.jar:","chan":"stderr","logger":"task"}
{"timestamp":"2025-06-21T09:00:03.259658Z","level":"error","event":"","chan":"stderr","logger":"task"}
{"timestamp":"2025-06-21T09:00:03.259859Z","level":"error","event":"\t  /home/airflow/.ivy2.5.2/local/org.postgresql/postgresql/42.7.1/jars/postgresql.jar","chan":"stderr","logger":"task"}
{"timestamp":"2025-06-21T09:00:03.260061Z","level":"error","event":"","chan":"stderr","logger":"task"}
{"timestamp":"2025-06-21T09:00:03.260271Z","level":"error","event":"\t==== central: tried","chan":"stderr","logger":"task"}
{"timestamp":"2025-06-21T09:00:03.260472Z","level":"error","event":"","chan":"stderr","logger":"task"}
{"timestamp":"2025-06-21T09:00:03.260671Z","level":"error","event":"\t  https://repo1.maven.org/maven2/org/postgresql/postgresql/42.7.1/postgresql-42.7.1.pom","chan":"stderr","logger":"task"}
{"timestamp":"2025-06-21T09:00:03.260873Z","level":"error","event":"","chan":"stderr","logger":"task"}
{"timestamp":"2025-06-21T09:00:03.261093Z","level":"error","event":"\t  -- artifact org.postgresql#postgresql;42.7.1!postgresql.jar:","chan":"stderr","logger":"task"}
{"timestamp":"2025-06-21T09:00:03.261306Z","level":"error","event":"","chan":"stderr","logger":"task"}
{"timestamp":"2025-06-21T09:00:03.261562Z","level":"error","event":"\t  https://repo1.maven.org/maven2/org/postgresql/postgresql/42.7.1/postgresql-42.7.1.jar","chan":"stderr","logger":"task"}
{"timestamp":"2025-06-21T09:00:03.261760Z","level":"error","event":"","chan":"stderr","logger":"task"}
{"timestamp":"2025-06-21T09:00:03.261928Z","level":"error","event":"\t==== spark-packages: tried","chan":"stderr","logger":"task"}
{"timestamp":"2025-06-21T09:00:03.262119Z","level":"error","event":"","chan":"stderr","logger":"task"}
{"timestamp":"2025-06-21T09:00:03.262303Z","level":"error","event":"\t  https://repos.spark-packages.org/org/postgresql/postgresql/42.7.1/postgresql-42.7.1.pom","chan":"stderr","logger":"task"}
{"timestamp":"2025-06-21T09:00:03.262462Z","level":"error","event":"","chan":"stderr","logger":"task"}
{"timestamp":"2025-06-21T09:00:03.262618Z","level":"error","event":"\t  -- artifact org.postgresql#postgresql;42.7.1!postgresql.jar:","chan":"stderr","logger":"task"}
{"timestamp":"2025-06-21T09:00:03.262753Z","level":"error","event":"","chan":"stderr","logger":"task"}
{"timestamp":"2025-06-21T09:00:03.262905Z","level":"error","event":"\t  https://repos.spark-packages.org/org/postgresql/postgresql/42.7.1/postgresql-42.7.1.jar","chan":"stderr","logger":"task"}
{"timestamp":"2025-06-21T09:00:03.263039Z","level":"error","event":"","chan":"stderr","logger":"task"}
{"timestamp":"2025-06-21T09:00:03.263250Z","level":"error","event":"\tHost repo1.maven.org not found. url=https://repo1.maven.org/maven2/org/apache/spark/spark-sql-kafka-0-10_2.12/3.3.0/spark-sql-kafka-0-10_2.12-3.3.0.pom","chan":"stderr","logger":"task"}
{"timestamp":"2025-06-21T09:00:03.263411Z","level":"error","event":"","chan":"stderr","logger":"task"}
{"timestamp":"2025-06-21T09:00:03.263545Z","level":"error","event":"\tHost repo1.maven.org not found. url=https://repo1.maven.org/maven2/org/apache/spark/spark-sql-kafka-0-10_2.12/3.3.0/spark-sql-kafka-0-10_2.12-3.3.0.jar","chan":"stderr","logger":"task"}
{"timestamp":"2025-06-21T09:00:03.263681Z","level":"error","event":"","chan":"stderr","logger":"task"}
{"timestamp":"2025-06-21T09:00:03.263819Z","level":"error","event":"\tHost repos.spark-packages.org not found. url=https://repos.spark-packages.org/org/apache/spark/spark-sql-kafka-0-10_2.12/3.3.0/spark-sql-kafka-0-10_2.12-3.3.0.pom","chan":"stderr","logger":"task"}
{"timestamp":"2025-06-21T09:00:03.263960Z","level":"error","event":"","chan":"stderr","logger":"task"}
{"timestamp":"2025-06-21T09:00:03.264096Z","level":"error","event":"\tHost repos.spark-packages.org not found. url=https://repos.spark-packages.org/org/apache/spark/spark-sql-kafka-0-10_2.12/3.3.0/spark-sql-kafka-0-10_2.12-3.3.0.jar","chan":"stderr","logger":"task"}
{"timestamp":"2025-06-21T09:00:03.264233Z","level":"error","event":"","chan":"stderr","logger":"task"}
{"timestamp":"2025-06-21T09:00:03.264373Z","level":"error","event":"\t\tmodule not found: org.apache.spark#spark-sql-kafka-0-10_2.12;3.3.0","chan":"stderr","logger":"task"}
{"timestamp":"2025-06-21T09:00:03.264509Z","level":"error","event":"","chan":"stderr","logger":"task"}
{"timestamp":"2025-06-21T09:00:03.264653Z","level":"error","event":"\t==== local-m2-cache: tried","chan":"stderr","logger":"task"}
{"timestamp":"2025-06-21T09:00:03.264789Z","level":"error","event":"","chan":"stderr","logger":"task"}
{"timestamp":"2025-06-21T09:00:03.264924Z","level":"error","event":"\t  file:/home/airflow/.m2/repository/org/apache/spark/spark-sql-kafka-0-10_2.12/3.3.0/spark-sql-kafka-0-10_2.12-3.3.0.pom","chan":"stderr","logger":"task"}
{"timestamp":"2025-06-21T09:00:03.265064Z","level":"error","event":"","chan":"stderr","logger":"task"}
{"timestamp":"2025-06-21T09:00:03.265197Z","level":"error","event":"\t  -- artifact org.apache.spark#spark-sql-kafka-0-10_2.12;3.3.0!spark-sql-kafka-0-10_2.12.jar:","chan":"stderr","logger":"task"}
{"timestamp":"2025-06-21T09:00:03.265332Z","level":"error","event":"","chan":"stderr","logger":"task"}
{"timestamp":"2025-06-21T09:00:03.265468Z","level":"error","event":"\t  file:/home/airflow/.m2/repository/org/apache/spark/spark-sql-kafka-0-10_2.12/3.3.0/spark-sql-kafka-0-10_2.12-3.3.0.jar","chan":"stderr","logger":"task"}
{"timestamp":"2025-06-21T09:00:03.265603Z","level":"error","event":"","chan":"stderr","logger":"task"}
{"timestamp":"2025-06-21T09:00:03.265736Z","level":"error","event":"\t==== local-ivy-cache: tried","chan":"stderr","logger":"task"}
{"timestamp":"2025-06-21T09:00:03.265891Z","level":"error","event":"","chan":"stderr","logger":"task"}
{"timestamp":"2025-06-21T09:00:03.266024Z","level":"error","event":"\t  /home/airflow/.ivy2.5.2/local/org.apache.spark/spark-sql-kafka-0-10_2.12/3.3.0/ivys/ivy.xml","chan":"stderr","logger":"task"}
{"timestamp":"2025-06-21T09:00:03.266164Z","level":"error","event":"","chan":"stderr","logger":"task"}
{"timestamp":"2025-06-21T09:00:03.266308Z","level":"error","event":"\t  -- artifact org.apache.spark#spark-sql-kafka-0-10_2.12;3.3.0!spark-sql-kafka-0-10_2.12.jar:","chan":"stderr","logger":"task"}
{"timestamp":"2025-06-21T09:00:03.266447Z","level":"error","event":"","chan":"stderr","logger":"task"}
{"timestamp":"2025-06-21T09:00:03.266586Z","level":"error","event":"\t  /home/airflow/.ivy2.5.2/local/org.apache.spark/spark-sql-kafka-0-10_2.12/3.3.0/jars/spark-sql-kafka-0-10_2.12.jar","chan":"stderr","logger":"task"}
{"timestamp":"2025-06-21T09:00:03.266722Z","level":"error","event":"","chan":"stderr","logger":"task"}
{"timestamp":"2025-06-21T09:00:03.266846Z","level":"error","event":"\t==== central: tried","chan":"stderr","logger":"task"}
{"timestamp":"2025-06-21T09:00:03.266997Z","level":"error","event":"","chan":"stderr","logger":"task"}
{"timestamp":"2025-06-21T09:00:03.267188Z","level":"error","event":"\t  https://repo1.maven.org/maven2/org/apache/spark/spark-sql-kafka-0-10_2.12/3.3.0/spark-sql-kafka-0-10_2.12-3.3.0.pom","chan":"stderr","logger":"task"}
{"timestamp":"2025-06-21T09:00:03.267352Z","level":"error","event":"","chan":"stderr","logger":"task"}
{"timestamp":"2025-06-21T09:00:03.267551Z","level":"error","event":"\t  -- artifact org.apache.spark#spark-sql-kafka-0-10_2.12;3.3.0!spark-sql-kafka-0-10_2.12.jar:","chan":"stderr","logger":"task"}
{"timestamp":"2025-06-21T09:00:03.267740Z","level":"error","event":"","chan":"stderr","logger":"task"}
{"timestamp":"2025-06-21T09:00:03.267910Z","level":"error","event":"\t  https://repo1.maven.org/maven2/org/apache/spark/spark-sql-kafka-0-10_2.12/3.3.0/spark-sql-kafka-0-10_2.12-3.3.0.jar","chan":"stderr","logger":"task"}
{"timestamp":"2025-06-21T09:00:03.268139Z","level":"error","event":"","chan":"stderr","logger":"task"}
{"timestamp":"2025-06-21T09:00:03.268392Z","level":"error","event":"\t==== spark-packages: tried","chan":"stderr","logger":"task"}
{"timestamp":"2025-06-21T09:00:03.268617Z","level":"error","event":"","chan":"stderr","logger":"task"}
{"timestamp":"2025-06-21T09:00:03.268878Z","level":"error","event":"\t  https://repos.spark-packages.org/org/apache/spark/spark-sql-kafka-0-10_2.12/3.3.0/spark-sql-kafka-0-10_2.12-3.3.0.pom","chan":"stderr","logger":"task"}
{"timestamp":"2025-06-21T09:00:03.269131Z","level":"error","event":"","chan":"stderr","logger":"task"}
{"timestamp":"2025-06-21T09:00:03.269358Z","level":"error","event":"\t  -- artifact org.apache.spark#spark-sql-kafka-0-10_2.12;3.3.0!spark-sql-kafka-0-10_2.12.jar:","chan":"stderr","logger":"task"}
{"timestamp":"2025-06-21T09:00:03.269527Z","level":"error","event":"","chan":"stderr","logger":"task"}
{"timestamp":"2025-06-21T09:00:03.269684Z","level":"error","event":"\t  https://repos.spark-packages.org/org/apache/spark/spark-sql-kafka-0-10_2.12/3.3.0/spark-sql-kafka-0-10_2.12-3.3.0.jar","chan":"stderr","logger":"task"}
{"timestamp":"2025-06-21T09:00:03.269906Z","level":"error","event":"","chan":"stderr","logger":"task"}
{"timestamp":"2025-06-21T09:00:03.270204Z","level":"error","event":"\t\t::::::::::::::::::::::::::::::::::::::::::::::","chan":"stderr","logger":"task"}
{"timestamp":"2025-06-21T09:00:03.270440Z","level":"error","event":"","chan":"stderr","logger":"task"}
{"timestamp":"2025-06-21T09:00:03.270623Z","level":"error","event":"\t\t::          UNRESOLVED DEPENDENCIES         ::","chan":"stderr","logger":"task"}
{"timestamp":"2025-06-21T09:00:03.270775Z","level":"error","event":"","chan":"stderr","logger":"task"}
{"timestamp":"2025-06-21T09:00:03.270919Z","level":"error","event":"\t\t::::::::::::::::::::::::::::::::::::::::::::::","chan":"stderr","logger":"task"}
{"timestamp":"2025-06-21T09:00:03.271059Z","level":"error","event":"","chan":"stderr","logger":"task"}
{"timestamp":"2025-06-21T09:00:03.271199Z","level":"error","event":"\t\t:: org.postgresql#postgresql;42.7.1: not found","chan":"stderr","logger":"task"}
{"timestamp":"2025-06-21T09:00:03.271338Z","level":"error","event":"","chan":"stderr","logger":"task"}
{"timestamp":"2025-06-21T09:00:03.271477Z","level":"error","event":"\t\t:: org.apache.spark#spark-sql-kafka-0-10_2.12;3.3.0: not found","chan":"stderr","logger":"task"}
{"timestamp":"2025-06-21T09:00:03.271640Z","level":"error","event":"","chan":"stderr","logger":"task"}
{"timestamp":"2025-06-21T09:00:03.271785Z","level":"error","event":"\t\t::::::::::::::::::::::::::::::::::::::::::::::","chan":"stderr","logger":"task"}
{"timestamp":"2025-06-21T09:00:03.271929Z","level":"error","event":"","chan":"stderr","logger":"task"}
{"timestamp":"2025-06-21T09:00:03.272068Z","level":"error","event":"","chan":"stderr","logger":"task"}
{"timestamp":"2025-06-21T09:00:03.272206Z","level":"error","event":"","chan":"stderr","logger":"task"}
{"timestamp":"2025-06-21T09:00:03.272345Z","level":"error","event":":: USE VERBOSE OR DEBUG MESSAGE LEVEL FOR MORE DETAILS","chan":"stderr","logger":"task"}
{"timestamp":"2025-06-21T09:00:03.272485Z","level":"error","event":"Exception in thread \"main\" java.lang.RuntimeException: [unresolved dependency: org.postgresql#postgresql;42.7.1: not found, unresolved dependency: org.apache.spark#spark-sql-kafka-0-10_2.12;3.3.0: not found]","chan":"stderr","logger":"task"}
{"timestamp":"2025-06-21T09:00:03.272632Z","level":"error","event":"\tat org.apache.spark.util.MavenUtils$.resolveMavenCoordinates(MavenUtils.scala:540)","chan":"stderr","logger":"task"}
{"timestamp":"2025-06-21T09:00:03.272772Z","level":"error","event":"\tat org.apache.spark.util.DependencyUtils$.resolveMavenDependencies(DependencyUtils.scala:123)","chan":"stderr","logger":"task"}
{"timestamp":"2025-06-21T09:00:03.272953Z","level":"error","event":"\tat org.apache.spark.deploy.SparkSubmit.prepareSubmitEnvironment(SparkSubmit.scala:341)","chan":"stderr","logger":"task"}
{"timestamp":"2025-06-21T09:00:03.273121Z","level":"error","event":"\tat org.apache.spark.deploy.SparkSubmit.org$apache$spark$deploy$SparkSubmit$$runMain(SparkSubmit.scala:961)","chan":"stderr","logger":"task"}
{"timestamp":"2025-06-21T09:00:03.273278Z","level":"error","event":"\tat org.apache.spark.deploy.SparkSubmit.doRunMain$1(SparkSubmit.scala:204)","chan":"stderr","logger":"task"}
{"timestamp":"2025-06-21T09:00:03.273424Z","level":"error","event":"\tat org.apache.spark.deploy.SparkSubmit.submit(SparkSubmit.scala:227)","chan":"stderr","logger":"task"}
{"timestamp":"2025-06-21T09:00:03.273567Z","level":"error","event":"\tat org.apache.spark.deploy.SparkSubmit.doSubmit(SparkSubmit.scala:96)","chan":"stderr","logger":"task"}
{"timestamp":"2025-06-21T09:00:03.273708Z","level":"error","event":"\tat org.apache.spark.deploy.SparkSubmit$$anon$2.doSubmit(SparkSubmit.scala:1132)","chan":"stderr","logger":"task"}
{"timestamp":"2025-06-21T09:00:03.273855Z","level":"error","event":"\tat org.apache.spark.deploy.SparkSubmit$.main(SparkSubmit.scala:1141)","chan":"stderr","logger":"task"}
{"timestamp":"2025-06-21T09:00:03.273994Z","level":"error","event":"\tat org.apache.spark.deploy.SparkSubmit.main(SparkSubmit.scala)","chan":"stderr","logger":"task"}
{"timestamp":"2025-06-21T09:00:03.283091","level":"error","event":"Task failed with exception","logger":"task","error_detail":[{"exc_type":"PySparkRuntimeError","exc_value":"[JAVA_GATEWAY_EXITED] Java gateway process exited before sending its port number.","exc_notes":[],"syntax_error":null,"is_cause":false,"frames":[{"filename":"/home/airflow/.local/lib/python3.12/site-packages/airflow/sdk/execution_time/task_runner.py","lineno":825,"name":"run"},{"filename":"/home/airflow/.local/lib/python3.12/site-packages/airflow/sdk/execution_time/task_runner.py","lineno":1088,"name":"_execute_task"},{"filename":"/home/airflow/.local/lib/python3.12/site-packages/airflow/sdk/bases/operator.py","lineno":408,"name":"wrapper"},{"filename":"/home/airflow/.local/lib/python3.12/site-packages/airflow/providers/standard/operators/python.py","lineno":212,"name":"execute"},{"filename":"/home/airflow/.local/lib/python3.12/site-packages/airflow/providers/standard/operators/python.py","lineno":235,"name":"execute_callable"},{"filename":"/home/airflow/.local/lib/python3.12/site-packages/airflow/sdk/execution_time/callback_runner.py","lineno":81,"name":"run"},{"filename":"/opt/airflow/dags/spark/build_spark.py","lineno":51,"name":"install_spark_dependencies"},{"filename":"/opt/airflow/dags/spark/build_spark.py","lineno":28,"name":"get_spark"},{"filename":"/home/airflow/.local/lib/python3.12/site-packages/pyspark/sql/session.py","lineno":556,"name":"getOrCreate"},{"filename":"/home/airflow/.local/lib/python3.12/site-packages/pyspark/core/context.py","lineno":523,"name":"getOrCreate"},{"filename":"/home/airflow/.local/lib/python3.12/site-packages/pyspark/core/context.py","lineno":205,"name":"__init__"},{"filename":"/home/airflow/.local/lib/python3.12/site-packages/pyspark/core/context.py","lineno":444,"name":"_ensure_initialized"},{"filename":"/home/airflow/.local/lib/python3.12/site-packages/pyspark/java_gateway.py","lineno":111,"name":"launch_gateway"}]}]}
{"timestamp":"2025-06-21T09:00:03.310745Z","level":"info","event":"Task instance in failure state","chan":"stdout","logger":"task"}
{"timestamp":"2025-06-21T09:00:03.311268Z","level":"info","event":"Task start","chan":"stdout","logger":"task"}
{"timestamp":"2025-06-21T09:00:03.311696Z","level":"info","event":"Task:<Task(PythonOperator): install_spark_dependencies>","chan":"stdout","logger":"task"}
{"timestamp":"2025-06-21T09:00:03.311994Z","level":"info","event":"Failure caused by [JAVA_GATEWAY_EXITED] Java gateway process exited before sending its port number.","chan":"stdout","logger":"task"}
