{"timestamp":"2025-06-21T11:56:26.200951","level":"info","event":"DAG bundles loaded: dags-folder, example_dags","logger":"airflow.dag_processing.bundles.manager.DagBundlesManager"}
{"timestamp":"2025-06-21T11:56:26.201562","level":"info","event":"Filling up the DagBag from /opt/airflow/dags/etl_pipeline.py","logger":"airflow.models.dagbag.DagBag"}
{"timestamp":"2025-06-21T11:56:26.893251Z","level":"info","event":"Task instance is in running state","chan":"stdout","logger":"task"}
{"timestamp":"2025-06-21T11:56:26.894096Z","level":"info","event":" Previous state of the Task instance: queued","chan":"stdout","logger":"task"}
{"timestamp":"2025-06-21T11:56:26.894520Z","level":"info","event":"Current task name:fact_status_group.producer_kafka","chan":"stdout","logger":"task"}
{"timestamp":"2025-06-21T11:56:26.894836Z","level":"info","event":"Dag name:etl_pipeline","chan":"stdout","logger":"task"}
{"timestamp":"2025-06-21T11:56:27.634243Z","level":"error","event":"WARNING: Using incubator modules: jdk.incubator.vector","chan":"stderr","logger":"task"}
{"timestamp":"2025-06-21T11:56:29.953468Z","level":"error","event":":: loading settings :: url = jar:file:/home/airflow/.local/lib/python3.12/site-packages/pyspark/jars/ivy-2.5.3.jar!/org/apache/ivy/core/settings/ivysettings.xml","chan":"stderr","logger":"task"}
{"timestamp":"2025-06-21T11:56:30.118108Z","level":"error","event":"Ivy Default Cache set to: /home/airflow/.ivy2.5.2/cache","chan":"stderr","logger":"task"}
{"timestamp":"2025-06-21T11:56:30.121086Z","level":"error","event":"The jars for the packages stored in: /home/airflow/.ivy2.5.2/jars","chan":"stderr","logger":"task"}
{"timestamp":"2025-06-21T11:56:30.130045Z","level":"error","event":"org.postgresql#postgresql added as a dependency","chan":"stderr","logger":"task"}
{"timestamp":"2025-06-21T11:56:30.131204Z","level":"error","event":"org.apache.spark#spark-sql-kafka-0-10_2.12 added as a dependency","chan":"stderr","logger":"task"}
{"timestamp":"2025-06-21T11:56:30.132970Z","level":"error","event":":: resolving dependencies :: org.apache.spark#spark-submit-parent-81144842-0d43-4b97-8673-38b463bafd86;1.0","chan":"stderr","logger":"task"}
{"timestamp":"2025-06-21T11:56:30.133765Z","level":"error","event":"\tconfs: [default]","chan":"stderr","logger":"task"}
{"timestamp":"2025-06-21T11:56:30.346153Z","level":"error","event":"\tfound org.postgresql#postgresql;42.7.1 in central","chan":"stderr","logger":"task"}
{"timestamp":"2025-06-21T11:56:30.389644Z","level":"error","event":"\tfound org.checkerframework#checker-qual;3.41.0 in central","chan":"stderr","logger":"task"}
{"timestamp":"2025-06-21T11:56:30.483502Z","level":"error","event":"\tfound org.apache.spark#spark-sql-kafka-0-10_2.12;3.3.0 in spark-list","chan":"stderr","logger":"task"}
{"timestamp":"2025-06-21T11:56:30.564195Z","level":"error","event":"\tfound org.apache.spark#spark-token-provider-kafka-0-10_2.12;3.3.0 in central","chan":"stderr","logger":"task"}
{"timestamp":"2025-06-21T11:56:30.615352Z","level":"error","event":"\tfound org.apache.kafka#kafka-clients;2.8.1 in central","chan":"stderr","logger":"task"}
{"timestamp":"2025-06-21T11:56:30.662733Z","level":"error","event":"\tfound org.lz4#lz4-java;1.8.0 in central","chan":"stderr","logger":"task"}
{"timestamp":"2025-06-21T11:56:30.716007Z","level":"error","event":"\tfound org.xerial.snappy#snappy-java;1.1.8.4 in spark-list","chan":"stderr","logger":"task"}
{"timestamp":"2025-06-21T11:56:30.751403Z","level":"error","event":"\tfound org.slf4j#slf4j-api;1.7.32 in central","chan":"stderr","logger":"task"}
{"timestamp":"2025-06-21T11:56:30.790090Z","level":"error","event":"\tfound org.apache.hadoop#hadoop-client-runtime;3.3.2 in central","chan":"stderr","logger":"task"}
{"timestamp":"2025-06-21T11:56:30.820152Z","level":"error","event":"\tfound org.spark-project.spark#unused;1.0.0 in central","chan":"stderr","logger":"task"}
{"timestamp":"2025-06-21T11:56:30.872490Z","level":"error","event":"\tfound org.apache.hadoop#hadoop-client-api;3.3.2 in central","chan":"stderr","logger":"task"}
{"timestamp":"2025-06-21T11:56:30.911951Z","level":"error","event":"\tfound commons-logging#commons-logging;1.1.3 in central","chan":"stderr","logger":"task"}
{"timestamp":"2025-06-21T11:56:30.954535Z","level":"error","event":"\tfound com.google.code.findbugs#jsr305;3.0.0 in central","chan":"stderr","logger":"task"}
{"timestamp":"2025-06-21T11:56:30.999425Z","level":"error","event":"\tfound org.apache.commons#commons-pool2;2.11.1 in spark-list","chan":"stderr","logger":"task"}
{"timestamp":"2025-06-21T11:56:31.100892Z","level":"error","event":":: resolution report :: resolve 888ms :: artifacts dl 80ms","chan":"stderr","logger":"task"}
{"timestamp":"2025-06-21T11:56:31.102061Z","level":"error","event":"\t:: modules in use:","chan":"stderr","logger":"task"}
{"timestamp":"2025-06-21T11:56:31.102677Z","level":"error","event":"\tcom.google.code.findbugs#jsr305;3.0.0 from central in [default]","chan":"stderr","logger":"task"}
{"timestamp":"2025-06-21T11:56:31.103504Z","level":"error","event":"\tcommons-logging#commons-logging;1.1.3 from central in [default]","chan":"stderr","logger":"task"}
{"timestamp":"2025-06-21T11:56:31.104775Z","level":"error","event":"\torg.apache.commons#commons-pool2;2.11.1 from spark-list in [default]","chan":"stderr","logger":"task"}
{"timestamp":"2025-06-21T11:56:31.105243Z","level":"error","event":"\torg.apache.hadoop#hadoop-client-api;3.3.2 from central in [default]","chan":"stderr","logger":"task"}
{"timestamp":"2025-06-21T11:56:31.106060Z","level":"error","event":"\torg.apache.hadoop#hadoop-client-runtime;3.3.2 from central in [default]","chan":"stderr","logger":"task"}
{"timestamp":"2025-06-21T11:56:31.107195Z","level":"error","event":"\torg.apache.kafka#kafka-clients;2.8.1 from central in [default]","chan":"stderr","logger":"task"}
{"timestamp":"2025-06-21T11:56:31.107738Z","level":"error","event":"\torg.apache.spark#spark-sql-kafka-0-10_2.12;3.3.0 from spark-list in [default]","chan":"stderr","logger":"task"}
{"timestamp":"2025-06-21T11:56:31.108814Z","level":"error","event":"\torg.apache.spark#spark-token-provider-kafka-0-10_2.12;3.3.0 from central in [default]","chan":"stderr","logger":"task"}
{"timestamp":"2025-06-21T11:56:31.109423Z","level":"error","event":"\torg.checkerframework#checker-qual;3.41.0 from central in [default]","chan":"stderr","logger":"task"}
{"timestamp":"2025-06-21T11:56:31.109842Z","level":"error","event":"\torg.lz4#lz4-java;1.8.0 from central in [default]","chan":"stderr","logger":"task"}
{"timestamp":"2025-06-21T11:56:31.110158Z","level":"error","event":"\torg.postgresql#postgresql;42.7.1 from central in [default]","chan":"stderr","logger":"task"}
{"timestamp":"2025-06-21T11:56:31.110438Z","level":"error","event":"\torg.slf4j#slf4j-api;1.7.32 from central in [default]","chan":"stderr","logger":"task"}
{"timestamp":"2025-06-21T11:56:31.110685Z","level":"error","event":"\torg.spark-project.spark#unused;1.0.0 from central in [default]","chan":"stderr","logger":"task"}
{"timestamp":"2025-06-21T11:56:31.110940Z","level":"error","event":"\torg.xerial.snappy#snappy-java;1.1.8.4 from spark-list in [default]","chan":"stderr","logger":"task"}
{"timestamp":"2025-06-21T11:56:31.111912Z","level":"error","event":"\t---------------------------------------------------------------------","chan":"stderr","logger":"task"}
{"timestamp":"2025-06-21T11:56:31.112359Z","level":"error","event":"\t|                  |            modules            ||   artifacts   |","chan":"stderr","logger":"task"}
{"timestamp":"2025-06-21T11:56:31.114731Z","level":"error","event":"\t|       conf       | number| search|dwnlded|evicted|| number|dwnlded|","chan":"stderr","logger":"task"}
{"timestamp":"2025-06-21T11:56:31.115468Z","level":"error","event":"\t---------------------------------------------------------------------","chan":"stderr","logger":"task"}
{"timestamp":"2025-06-21T11:56:31.115879Z","level":"error","event":"\t|      default     |   14  |   0   |   0   |   0   ||   14  |   0   |","chan":"stderr","logger":"task"}
{"timestamp":"2025-06-21T11:56:31.116257Z","level":"error","event":"\t---------------------------------------------------------------------","chan":"stderr","logger":"task"}
{"timestamp":"2025-06-21T11:56:31.123463Z","level":"error","event":":: retrieving :: org.apache.spark#spark-submit-parent-81144842-0d43-4b97-8673-38b463bafd86","chan":"stderr","logger":"task"}
{"timestamp":"2025-06-21T11:56:31.124440Z","level":"error","event":"\tconfs: [default]","chan":"stderr","logger":"task"}
{"timestamp":"2025-06-21T11:56:31.140379Z","level":"error","event":"\t0 artifacts copied, 14 already retrieved (0kB/17ms)","chan":"stderr","logger":"task"}
{"timestamp":"2025-06-21T11:56:31.655191Z","level":"error","event":"25/06/21 11:56:31 WARN NativeCodeLoader: Unable to load native-hadoop library for your platform... using builtin-java classes where applicable","chan":"stderr","logger":"task"}
{"timestamp":"2025-06-21T11:56:32.239521Z","level":"error","event":"Using Spark's default log4j profile: org/apache/spark/log4j2-defaults.properties","chan":"stderr","logger":"task"}
{"timestamp":"2025-06-21T11:56:32.241546Z","level":"error","event":"Setting default log level to \"WARN\".","chan":"stderr","logger":"task"}
{"timestamp":"2025-06-21T11:56:32.242340Z","level":"error","event":"To adjust logging level use sc.setLogLevel(newLevel). For SparkR, use setLogLevel(newLevel).","chan":"stderr","logger":"task"}
{"timestamp":"2025-06-21T11:56:34.592760Z","level":"error","event":"25/06/21 11:56:34 WARN Utils: Service 'SparkUI' could not bind on port 4050. Attempting port 4051.","chan":"stderr","logger":"task"}
{"timestamp":"2025-06-21T11:56:39.954750","level":"info","event":"Thử lần 1/5 kiểm tra topic 'fact_status'...","logger":"kafka.build_kafka"}
{"timestamp":"2025-06-21T11:56:40.008838","level":"info","event":"Topic 'fact_status' đã tồn tại.","logger":"kafka.build_kafka"}
{"timestamp":"2025-06-21T11:56:40.310076","level":"info","event":"extract fact_status","logger":"dags.etl_fact_status"}
{"timestamp":"2025-06-21T11:56:41.907292","level":"info","event":"pivot để chuyển từ dòng thành cột theo trạng thái","logger":"dags.etl_fact_status"}
{"timestamp":"2025-06-21T11:56:42.887657","level":"info","event":"transform fact_status","logger":"dags.etl_fact_status"}
{"timestamp":"2025-06-21T11:56:42.887914","level":"info","event":"Mapping dimension keys cho fact_status","logger":"dags.etl_fact_status"}
{"timestamp":"2025-06-21T11:56:42.891139","level":"info","event":"Secrets backends loaded for worker","count":1,"backend_classes":["EnvironmentVariablesBackend"],"logger":"supervisor"}
{"timestamp":"2025-06-21T11:56:42.937539","level":"info","event":"Connection Retrieved 'sqlserver_default'","logger":"airflow.hooks.base"}
{"timestamp":"2025-06-21T11:56:43.083457","level":"warning","event":"/opt/airflow/dags/etl_fact_status.py:34: UserWarning: pandas only supports SQLAlchemy connectable (engine/connection) or database string URI or sqlite3 DBAPI2 connection. Other DBAPI2 objects are not tested. Please consider using SQLAlchemy.\n  date_df = pd.read_sql(\"SELECT date, date_key FROM dim_date\", sql_conn)\n","logger":"py.warnings"}
{"timestamp":"2025-06-21T11:56:43.107783","level":"warning","event":"/opt/airflow/dags/etl_fact_status.py:37: UserWarning: pandas only supports SQLAlchemy connectable (engine/connection) or database string URI or sqlite3 DBAPI2 connection. Other DBAPI2 objects are not tested. Please consider using SQLAlchemy.\n  order_df = pd.read_sql(\"SELECT order_item_id, order_key FROM dim_order\", sql_conn)\n","logger":"py.warnings"}
{"timestamp":"2025-06-21T11:56:43.160522","level":"info","event":"Secrets backends loaded for worker","count":1,"backend_classes":["EnvironmentVariablesBackend"],"logger":"supervisor"}
{"timestamp":"2025-06-21T11:56:43.169969","level":"info","event":"Connection Retrieved 'sqlserver_default'","logger":"airflow.hooks.base"}
{"timestamp":"2025-06-21T11:56:43.417556","level":"info","event":"Lọc bản ghi thiếu dimension keys","logger":"dags.etl_fact_status"}
{"timestamp":"2025-06-21T11:56:43.437728","level":"info","event":"Extract và transform fact_status thành công","logger":"dags.etl_fact_status"}
{"timestamp":"2025-06-21T11:56:46.740848","level":"info","event":"Đã hết dữ liệu để push lên Kafka.","logger":"dags.etl_fact_status"}
{"timestamp":"2025-06-21T11:56:46.741069","level":"info","event":"Đã đẩy 0 bản ghi lên Kafka.","logger":"dags.etl_fact_status"}
{"timestamp":"2025-06-21T11:56:47.728689","level":"info","event":"Done. Returned value was: None","logger":"airflow.task.operators.airflow.providers.standard.operators.python.PythonOperator"}
{"timestamp":"2025-06-21T11:56:47.757301Z","level":"info","event":"Task instance in success state","chan":"stdout","logger":"task"}
{"timestamp":"2025-06-21T11:56:47.758139Z","level":"info","event":" Previous state of the Task instance: running","chan":"stdout","logger":"task"}
{"timestamp":"2025-06-21T11:56:47.758644Z","level":"info","event":"Task operator:<Task(PythonOperator): fact_status_group.producer_kafka>","chan":"stdout","logger":"task"}
{"timestamp":"2025-06-21T11:56:48.193589Z","level":"error","event":"\r[Stage 0:>                                                          (0 + 0) / 1]\r\r[Stage 0:>                                                          (0 + 1) / 1]","chan":"stderr","logger":"task"}
