{"timestamp":"2025-06-21T15:37:08.307695","level":"info","event":"DAG bundles loaded: dags-folder, example_dags","logger":"airflow.dag_processing.bundles.manager.DagBundlesManager"}
{"timestamp":"2025-06-21T15:37:08.311683","level":"info","event":"Filling up the DagBag from /opt/airflow/dags/etl_pipeline.py","logger":"airflow.models.dagbag.DagBag"}
{"timestamp":"2025-06-21T15:37:08.844552Z","level":"info","event":"Task instance is in running state","chan":"stdout","logger":"task"}
{"timestamp":"2025-06-21T15:37:08.845597Z","level":"info","event":" Previous state of the Task instance: queued","chan":"stdout","logger":"task"}
{"timestamp":"2025-06-21T15:37:08.846051Z","level":"info","event":"Current task name:fact_status_group.consumer_kafka","chan":"stdout","logger":"task"}
{"timestamp":"2025-06-21T15:37:08.846509Z","level":"info","event":"Dag name:etl_pipeline","chan":"stdout","logger":"task"}
{"timestamp":"2025-06-21T15:37:08.816411","level":"info","event":"Secrets backends loaded for worker","count":1,"backend_classes":["EnvironmentVariablesBackend"],"logger":"supervisor"}
{"timestamp":"2025-06-21T15:37:08.845857","level":"info","event":"Connection Retrieved 'sqlserver_default'","logger":"airflow.hooks.base"}
{"timestamp":"2025-06-21T15:37:10.136314Z","level":"info","event":"Không có message nào mới.","chan":"stdout","logger":"task"}
{"timestamp":"2025-06-21T15:37:11.237170Z","level":"info","event":"Không có message nào mới.","chan":"stdout","logger":"task"}
{"timestamp":"2025-06-21T15:37:12.338158Z","level":"info","event":"Không có message nào mới.","chan":"stdout","logger":"task"}
{"timestamp":"2025-06-21T15:37:36.317716Z","level":"info","event":"Không có message nào mới.","chan":"stdout","logger":"task"}
{"timestamp":"2025-06-21T15:37:37.419642Z","level":"info","event":"Không có message nào mới.","chan":"stdout","logger":"task"}
{"timestamp":"2025-06-21T15:37:38.524246Z","level":"info","event":"Không có message nào mới.","chan":"stdout","logger":"task"}
{"timestamp":"2025-06-21T15:37:39.625303Z","level":"info","event":"Không có message nào mới.","chan":"stdout","logger":"task"}
{"timestamp":"2025-06-21T15:37:40.727573Z","level":"info","event":"Không có message nào mới.","chan":"stdout","logger":"task"}
{"timestamp":"2025-06-21T15:37:41.828013Z","level":"info","event":"Không có message nào mới.","chan":"stdout","logger":"task"}
{"timestamp":"2025-06-21T15:37:42.931828Z","level":"info","event":"Không có message nào mới.","chan":"stdout","logger":"task"}
{"timestamp":"2025-06-21T15:37:42.931984","level":"info","event":"Đã thêm fact_status 566 bản ghi mới, bỏ qua 8776 bản ghi trùng","logger":"dags.etl_fact_status"}
{"timestamp":"2025-06-21T15:37:42.943534","level":"info","event":"Done. Returned value was: None","logger":"airflow.task.operators.airflow.providers.standard.operators.python.PythonOperator"}
{"timestamp":"2025-06-21T15:37:42.974562Z","level":"info","event":"Task instance in success state","chan":"stdout","logger":"task"}
{"timestamp":"2025-06-21T15:37:42.975510Z","level":"info","event":" Previous state of the Task instance: running","chan":"stdout","logger":"task"}
{"timestamp":"2025-06-21T15:37:42.976174Z","level":"info","event":"Task operator:<Task(PythonOperator): fact_status_group.consumer_kafka>","chan":"stdout","logger":"task"}
