{"timestamp":"2025-06-17T20:56:25.446800","level":"info","event":"DAG bundles loaded: dags-folder, example_dags","logger":"airflow.dag_processing.bundles.manager.DagBundlesManager"}
{"timestamp":"2025-06-17T20:56:25.450447","level":"info","event":"Filling up the DagBag from /opt/airflow/dags/etl_pipeline.py","logger":"airflow.models.dagbag.DagBag"}
{"timestamp":"2025-06-17T20:56:25.910882Z","level":"info","event":"Task instance is in running state","chan":"stdout","logger":"task"}
{"timestamp":"2025-06-17T20:56:25.911924Z","level":"info","event":" Previous state of the Task instance: queued","chan":"stdout","logger":"task"}
{"timestamp":"2025-06-17T20:56:25.912330Z","level":"info","event":"Current task name:dim_customer_group.send_to_kafka","chan":"stdout","logger":"task"}
{"timestamp":"2025-06-17T20:56:27.271466Z","level":"info","event":"Dag name:etl_pipeline","chan":"stdout","logger":"task"}
{"timestamp":"2025-06-17T20:56:28.052071Z","level":"error","event":"WARNING: Using incubator modules: jdk.incubator.vector","chan":"stderr","logger":"task"}
{"timestamp":"2025-06-17T20:56:30.052676Z","level":"error","event":":: loading settings :: url = jar:file:/home/airflow/.local/lib/python3.12/site-packages/pyspark/jars/ivy-2.5.3.jar!/org/apache/ivy/core/settings/ivysettings.xml","chan":"stderr","logger":"task"}
{"timestamp":"2025-06-17T20:56:30.257769Z","level":"error","event":"Ivy Default Cache set to: /home/airflow/.ivy2.5.2/cache","chan":"stderr","logger":"task"}
{"timestamp":"2025-06-17T20:56:30.258497Z","level":"error","event":"The jars for the packages stored in: /home/airflow/.ivy2.5.2/jars","chan":"stderr","logger":"task"}
{"timestamp":"2025-06-17T20:56:30.263580Z","level":"error","event":"org.postgresql#postgresql added as a dependency","chan":"stderr","logger":"task"}
{"timestamp":"2025-06-17T20:56:30.264446Z","level":"error","event":"org.apache.spark#spark-sql-kafka-0-10_2.12 added as a dependency","chan":"stderr","logger":"task"}
{"timestamp":"2025-06-17T20:56:30.265447Z","level":"error","event":":: resolving dependencies :: org.apache.spark#spark-submit-parent-5376bfef-5c07-4565-b5ac-6ff2c205b9da;1.0","chan":"stderr","logger":"task"}
{"timestamp":"2025-06-17T20:56:30.265886Z","level":"error","event":"\tconfs: [default]","chan":"stderr","logger":"task"}
{"timestamp":"2025-06-17T20:56:30.596976Z","level":"error","event":"\tfound org.postgresql#postgresql;42.7.1 in central","chan":"stderr","logger":"task"}
{"timestamp":"2025-06-17T20:56:30.662650Z","level":"error","event":"\tfound org.checkerframework#checker-qual;3.41.0 in central","chan":"stderr","logger":"task"}
{"timestamp":"2025-06-17T20:56:30.882764Z","level":"error","event":"\tfound org.apache.spark#spark-sql-kafka-0-10_2.12;3.3.0 in central","chan":"stderr","logger":"task"}
{"timestamp":"2025-06-17T20:56:30.941929Z","level":"error","event":"\tfound org.apache.spark#spark-token-provider-kafka-0-10_2.12;3.3.0 in central","chan":"stderr","logger":"task"}
{"timestamp":"2025-06-17T20:56:30.968612Z","level":"error","event":"\tfound org.apache.kafka#kafka-clients;2.8.1 in central","chan":"stderr","logger":"task"}
{"timestamp":"2025-06-17T20:56:30.995176Z","level":"error","event":"\tfound org.lz4#lz4-java;1.8.0 in central","chan":"stderr","logger":"task"}
{"timestamp":"2025-06-17T20:56:31.017812Z","level":"error","event":"\tfound org.xerial.snappy#snappy-java;1.1.8.4 in central","chan":"stderr","logger":"task"}
{"timestamp":"2025-06-17T20:56:31.040799Z","level":"error","event":"\tfound org.slf4j#slf4j-api;1.7.32 in central","chan":"stderr","logger":"task"}
{"timestamp":"2025-06-17T20:56:31.074818Z","level":"error","event":"\tfound org.apache.hadoop#hadoop-client-runtime;3.3.2 in central","chan":"stderr","logger":"task"}
{"timestamp":"2025-06-17T20:56:31.093529Z","level":"error","event":"\tfound org.spark-project.spark#unused;1.0.0 in central","chan":"stderr","logger":"task"}
{"timestamp":"2025-06-17T20:56:31.123466Z","level":"error","event":"\tfound org.apache.hadoop#hadoop-client-api;3.3.2 in central","chan":"stderr","logger":"task"}
{"timestamp":"2025-06-17T20:56:31.150750Z","level":"error","event":"\tfound commons-logging#commons-logging;1.1.3 in central","chan":"stderr","logger":"task"}
{"timestamp":"2025-06-17T20:56:31.169267Z","level":"error","event":"\tfound com.google.code.findbugs#jsr305;3.0.0 in central","chan":"stderr","logger":"task"}
{"timestamp":"2025-06-17T20:56:31.183783Z","level":"error","event":"\tfound org.apache.commons#commons-pool2;2.11.1 in central","chan":"stderr","logger":"task"}
{"timestamp":"2025-06-17T20:56:31.209713Z","level":"error","event":":: resolution report :: resolve 931ms :: artifacts dl 13ms","chan":"stderr","logger":"task"}
{"timestamp":"2025-06-17T20:56:31.210511Z","level":"error","event":"\t:: modules in use:","chan":"stderr","logger":"task"}
{"timestamp":"2025-06-17T20:56:31.211062Z","level":"error","event":"\tcom.google.code.findbugs#jsr305;3.0.0 from central in [default]","chan":"stderr","logger":"task"}
{"timestamp":"2025-06-17T20:56:31.211433Z","level":"error","event":"\tcommons-logging#commons-logging;1.1.3 from central in [default]","chan":"stderr","logger":"task"}
{"timestamp":"2025-06-17T20:56:31.211695Z","level":"error","event":"\torg.apache.commons#commons-pool2;2.11.1 from central in [default]","chan":"stderr","logger":"task"}
{"timestamp":"2025-06-17T20:56:31.211935Z","level":"error","event":"\torg.apache.hadoop#hadoop-client-api;3.3.2 from central in [default]","chan":"stderr","logger":"task"}
{"timestamp":"2025-06-17T20:56:31.212154Z","level":"error","event":"\torg.apache.hadoop#hadoop-client-runtime;3.3.2 from central in [default]","chan":"stderr","logger":"task"}
{"timestamp":"2025-06-17T20:56:31.212366Z","level":"error","event":"\torg.apache.kafka#kafka-clients;2.8.1 from central in [default]","chan":"stderr","logger":"task"}
{"timestamp":"2025-06-17T20:56:31.212575Z","level":"error","event":"\torg.apache.spark#spark-sql-kafka-0-10_2.12;3.3.0 from central in [default]","chan":"stderr","logger":"task"}
{"timestamp":"2025-06-17T20:56:31.212799Z","level":"error","event":"\torg.apache.spark#spark-token-provider-kafka-0-10_2.12;3.3.0 from central in [default]","chan":"stderr","logger":"task"}
{"timestamp":"2025-06-17T20:56:31.213021Z","level":"error","event":"\torg.checkerframework#checker-qual;3.41.0 from central in [default]","chan":"stderr","logger":"task"}
{"timestamp":"2025-06-17T20:56:31.213225Z","level":"error","event":"\torg.lz4#lz4-java;1.8.0 from central in [default]","chan":"stderr","logger":"task"}
{"timestamp":"2025-06-17T20:56:31.213424Z","level":"error","event":"\torg.postgresql#postgresql;42.7.1 from central in [default]","chan":"stderr","logger":"task"}
{"timestamp":"2025-06-17T20:56:31.213618Z","level":"error","event":"\torg.slf4j#slf4j-api;1.7.32 from central in [default]","chan":"stderr","logger":"task"}
{"timestamp":"2025-06-17T20:56:31.213854Z","level":"error","event":"\torg.spark-project.spark#unused;1.0.0 from central in [default]","chan":"stderr","logger":"task"}
{"timestamp":"2025-06-17T20:56:31.214071Z","level":"error","event":"\torg.xerial.snappy#snappy-java;1.1.8.4 from central in [default]","chan":"stderr","logger":"task"}
{"timestamp":"2025-06-17T20:56:31.214275Z","level":"error","event":"\t---------------------------------------------------------------------","chan":"stderr","logger":"task"}
{"timestamp":"2025-06-17T20:56:31.214472Z","level":"error","event":"\t|                  |            modules            ||   artifacts   |","chan":"stderr","logger":"task"}
{"timestamp":"2025-06-17T20:56:31.214671Z","level":"error","event":"\t|       conf       | number| search|dwnlded|evicted|| number|dwnlded|","chan":"stderr","logger":"task"}
{"timestamp":"2025-06-17T20:56:31.214869Z","level":"error","event":"\t---------------------------------------------------------------------","chan":"stderr","logger":"task"}
{"timestamp":"2025-06-17T20:56:31.215142Z","level":"error","event":"\t|      default     |   14  |   0   |   0   |   0   ||   14  |   0   |","chan":"stderr","logger":"task"}
{"timestamp":"2025-06-17T20:56:31.215340Z","level":"error","event":"\t---------------------------------------------------------------------","chan":"stderr","logger":"task"}
{"timestamp":"2025-06-17T20:56:31.217195Z","level":"error","event":":: retrieving :: org.apache.spark#spark-submit-parent-5376bfef-5c07-4565-b5ac-6ff2c205b9da","chan":"stderr","logger":"task"}
{"timestamp":"2025-06-17T20:56:31.217783Z","level":"error","event":"\tconfs: [default]","chan":"stderr","logger":"task"}
{"timestamp":"2025-06-17T20:56:31.230353Z","level":"error","event":"\t0 artifacts copied, 14 already retrieved (0kB/12ms)","chan":"stderr","logger":"task"}
{"timestamp":"2025-06-17T20:56:31.563629Z","level":"error","event":"25/06/17 20:56:31 WARN NativeCodeLoader: Unable to load native-hadoop library for your platform... using builtin-java classes where applicable","chan":"stderr","logger":"task"}
{"timestamp":"2025-06-17T20:56:31.893168Z","level":"error","event":"Using Spark's default log4j profile: org/apache/spark/log4j2-defaults.properties","chan":"stderr","logger":"task"}
{"timestamp":"2025-06-17T20:56:31.894132Z","level":"error","event":"Setting default log level to \"WARN\".","chan":"stderr","logger":"task"}
{"timestamp":"2025-06-17T20:56:31.894768Z","level":"error","event":"To adjust logging level use sc.setLogLevel(newLevel). For SparkR, use setLogLevel(newLevel).","chan":"stderr","logger":"task"}
{"timestamp":"2025-06-17T20:56:53.321192Z","level":"info","event":"Tổng số bản ghi cần gửi: 1257","chan":"stdout","logger":"task"}
{"timestamp":"2025-06-17T20:56:53.414711Z","level":"info","event":"Topic 'dim_customer' đã tồn tại.","chan":"stdout","logger":"task"}
{"timestamp":"2025-06-17T20:56:53.440071Z","level":"info","event":"Đang gửi batch 1 với 100 bản ghi","chan":"stdout","logger":"task"}
{"timestamp":"2025-06-17T20:56:53.440691","level":"error","event":"Task failed with exception","logger":"task","error_detail":[{"exc_type":"TypeError","exc_value":"'float' object cannot be interpreted as an integer","exc_notes":[],"syntax_error":null,"is_cause":false,"frames":[{"filename":"/home/airflow/.local/lib/python3.12/site-packages/airflow/sdk/execution_time/task_runner.py","lineno":825,"name":"run"},{"filename":"/home/airflow/.local/lib/python3.12/site-packages/airflow/sdk/execution_time/task_runner.py","lineno":1088,"name":"_execute_task"},{"filename":"/home/airflow/.local/lib/python3.12/site-packages/airflow/sdk/bases/operator.py","lineno":408,"name":"wrapper"},{"filename":"/home/airflow/.local/lib/python3.12/site-packages/airflow/providers/standard/operators/python.py","lineno":212,"name":"execute"},{"filename":"/home/airflow/.local/lib/python3.12/site-packages/airflow/providers/standard/operators/python.py","lineno":235,"name":"execute_callable"},{"filename":"/home/airflow/.local/lib/python3.12/site-packages/airflow/sdk/execution_time/callback_runner.py","lineno":81,"name":"run"},{"filename":"/opt/airflow/dags/etl_pipeline.py","lineno":45,"name":"<lambda>"},{"filename":"/opt/airflow/dags/etl_dim_customer.py","lineno":139,"name":"send_customer_to_kafka"}]}]}
{"timestamp":"2025-06-17T20:56:53.442458Z","level":"info","event":"Task instance in failure state","chan":"stdout","logger":"task"}
{"timestamp":"2025-06-17T20:56:53.442675Z","level":"info","event":"Task start","chan":"stdout","logger":"task"}
{"timestamp":"2025-06-17T20:56:53.442851Z","level":"info","event":"Task:<Task(PythonOperator): dim_customer_group.send_to_kafka>","chan":"stdout","logger":"task"}
{"timestamp":"2025-06-17T20:56:53.443028Z","level":"info","event":"Failure caused by 'float' object cannot be interpreted as an integer","chan":"stdout","logger":"task"}
{"timestamp":"2025-06-17T20:56:53.992768Z","level":"error","event":"\r[Stage 0:>                                                          (0 + 1) / 1]","chan":"stderr","logger":"task"}
