{"timestamp":"2025-06-21T11:00:01.928234","level":"info","event":"DAG bundles loaded: dags-folder, example_dags","logger":"airflow.dag_processing.bundles.manager.DagBundlesManager"}
{"timestamp":"2025-06-21T11:00:01.929681","level":"info","event":"Filling up the DagBag from /opt/airflow/dags/etl_pipeline.py","logger":"airflow.models.dagbag.DagBag"}
{"timestamp":"2025-06-21T11:00:02.986483Z","level":"info","event":"Task instance is in running state","chan":"stdout","logger":"task"}
{"timestamp":"2025-06-21T11:00:02.987196Z","level":"info","event":" Previous state of the Task instance: queued","chan":"stdout","logger":"task"}
{"timestamp":"2025-06-21T11:00:02.987499Z","level":"info","event":"Current task name:install_spark_dependencies","chan":"stdout","logger":"task"}
{"timestamp":"2025-06-21T11:00:02.987765Z","level":"info","event":"Dag name:etl_pipeline","chan":"stdout","logger":"task"}
{"timestamp":"2025-06-21T11:00:04.102984Z","level":"error","event":"WARNING: Using incubator modules: jdk.incubator.vector","chan":"stderr","logger":"task"}
{"timestamp":"2025-06-21T11:00:06.027085Z","level":"error","event":":: loading settings :: url = jar:file:/home/airflow/.local/lib/python3.12/site-packages/pyspark/jars/ivy-2.5.3.jar!/org/apache/ivy/core/settings/ivysettings.xml","chan":"stderr","logger":"task"}
{"timestamp":"2025-06-21T11:00:06.139775Z","level":"error","event":"Ivy Default Cache set to: /home/airflow/.ivy2.5.2/cache","chan":"stderr","logger":"task"}
{"timestamp":"2025-06-21T11:00:06.140564Z","level":"error","event":"The jars for the packages stored in: /home/airflow/.ivy2.5.2/jars","chan":"stderr","logger":"task"}
{"timestamp":"2025-06-21T11:00:06.145340Z","level":"error","event":"org.postgresql#postgresql added as a dependency","chan":"stderr","logger":"task"}
{"timestamp":"2025-06-21T11:00:06.146005Z","level":"error","event":"org.apache.spark#spark-sql-kafka-0-10_2.12 added as a dependency","chan":"stderr","logger":"task"}
{"timestamp":"2025-06-21T11:00:06.146655Z","level":"error","event":":: resolving dependencies :: org.apache.spark#spark-submit-parent-5c01a7ed-879b-4099-bfb5-840fdaab26c2;1.0","chan":"stderr","logger":"task"}
{"timestamp":"2025-06-21T11:00:06.147120Z","level":"error","event":"\tconfs: [default]","chan":"stderr","logger":"task"}
{"timestamp":"2025-06-21T11:00:06.316754Z","level":"error","event":"\tfound org.postgresql#postgresql;42.7.1 in central","chan":"stderr","logger":"task"}
{"timestamp":"2025-06-21T11:00:06.348912Z","level":"error","event":"\tfound org.checkerframework#checker-qual;3.41.0 in central","chan":"stderr","logger":"task"}
{"timestamp":"2025-06-21T11:00:06.434782Z","level":"error","event":"\tfound org.apache.spark#spark-sql-kafka-0-10_2.12;3.3.0 in spark-list","chan":"stderr","logger":"task"}
{"timestamp":"2025-06-21T11:00:06.499870Z","level":"error","event":"\tfound org.apache.spark#spark-token-provider-kafka-0-10_2.12;3.3.0 in central","chan":"stderr","logger":"task"}
{"timestamp":"2025-06-21T11:00:06.555493Z","level":"error","event":"\tfound org.apache.kafka#kafka-clients;2.8.1 in central","chan":"stderr","logger":"task"}
{"timestamp":"2025-06-21T11:00:06.601021Z","level":"error","event":"\tfound org.lz4#lz4-java;1.8.0 in central","chan":"stderr","logger":"task"}
{"timestamp":"2025-06-21T11:00:06.648518Z","level":"error","event":"\tfound org.xerial.snappy#snappy-java;1.1.8.4 in central","chan":"stderr","logger":"task"}
{"timestamp":"2025-06-21T11:00:06.683023Z","level":"error","event":"\tfound org.slf4j#slf4j-api;1.7.32 in central","chan":"stderr","logger":"task"}
{"timestamp":"2025-06-21T11:00:06.728490Z","level":"error","event":"\tfound org.apache.hadoop#hadoop-client-runtime;3.3.2 in central","chan":"stderr","logger":"task"}
{"timestamp":"2025-06-21T11:00:06.753679Z","level":"error","event":"\tfound org.spark-project.spark#unused;1.0.0 in central","chan":"stderr","logger":"task"}
{"timestamp":"2025-06-21T11:00:06.789943Z","level":"error","event":"\tfound org.apache.hadoop#hadoop-client-api;3.3.2 in central","chan":"stderr","logger":"task"}
{"timestamp":"2025-06-21T11:00:06.818884Z","level":"error","event":"\tfound commons-logging#commons-logging;1.1.3 in central","chan":"stderr","logger":"task"}
{"timestamp":"2025-06-21T11:00:06.840118Z","level":"error","event":"\tfound com.google.code.findbugs#jsr305;3.0.0 in central","chan":"stderr","logger":"task"}
{"timestamp":"2025-06-21T11:00:06.861780Z","level":"error","event":"\tfound org.apache.commons#commons-pool2;2.11.1 in spark-list","chan":"stderr","logger":"task"}
{"timestamp":"2025-06-21T11:00:06.915937Z","level":"error","event":":: resolution report :: resolve 733ms :: artifacts dl 36ms","chan":"stderr","logger":"task"}
{"timestamp":"2025-06-21T11:00:06.917142Z","level":"error","event":"\t:: modules in use:","chan":"stderr","logger":"task"}
{"timestamp":"2025-06-21T11:00:06.917829Z","level":"error","event":"\tcom.google.code.findbugs#jsr305;3.0.0 from central in [default]","chan":"stderr","logger":"task"}
{"timestamp":"2025-06-21T11:00:06.918285Z","level":"error","event":"\tcommons-logging#commons-logging;1.1.3 from central in [default]","chan":"stderr","logger":"task"}
{"timestamp":"2025-06-21T11:00:06.918614Z","level":"error","event":"\torg.apache.commons#commons-pool2;2.11.1 from spark-list in [default]","chan":"stderr","logger":"task"}
{"timestamp":"2025-06-21T11:00:06.918956Z","level":"error","event":"\torg.apache.hadoop#hadoop-client-api;3.3.2 from central in [default]","chan":"stderr","logger":"task"}
{"timestamp":"2025-06-21T11:00:06.919289Z","level":"error","event":"\torg.apache.hadoop#hadoop-client-runtime;3.3.2 from central in [default]","chan":"stderr","logger":"task"}
{"timestamp":"2025-06-21T11:00:06.919613Z","level":"error","event":"\torg.apache.kafka#kafka-clients;2.8.1 from central in [default]","chan":"stderr","logger":"task"}
{"timestamp":"2025-06-21T11:00:06.919914Z","level":"error","event":"\torg.apache.spark#spark-sql-kafka-0-10_2.12;3.3.0 from spark-list in [default]","chan":"stderr","logger":"task"}
{"timestamp":"2025-06-21T11:00:06.920141Z","level":"error","event":"\torg.apache.spark#spark-token-provider-kafka-0-10_2.12;3.3.0 from central in [default]","chan":"stderr","logger":"task"}
{"timestamp":"2025-06-21T11:00:06.920412Z","level":"error","event":"\torg.checkerframework#checker-qual;3.41.0 from central in [default]","chan":"stderr","logger":"task"}
{"timestamp":"2025-06-21T11:00:06.920695Z","level":"error","event":"\torg.lz4#lz4-java;1.8.0 from central in [default]","chan":"stderr","logger":"task"}
{"timestamp":"2025-06-21T11:00:06.920965Z","level":"error","event":"\torg.postgresql#postgresql;42.7.1 from central in [default]","chan":"stderr","logger":"task"}
{"timestamp":"2025-06-21T11:00:06.921222Z","level":"error","event":"\torg.slf4j#slf4j-api;1.7.32 from central in [default]","chan":"stderr","logger":"task"}
{"timestamp":"2025-06-21T11:00:06.921488Z","level":"error","event":"\torg.spark-project.spark#unused;1.0.0 from central in [default]","chan":"stderr","logger":"task"}
{"timestamp":"2025-06-21T11:00:06.922091Z","level":"error","event":"\torg.xerial.snappy#snappy-java;1.1.8.4 from central in [default]","chan":"stderr","logger":"task"}
{"timestamp":"2025-06-21T11:00:06.922726Z","level":"error","event":"\t---------------------------------------------------------------------","chan":"stderr","logger":"task"}
{"timestamp":"2025-06-21T11:00:06.923070Z","level":"error","event":"\t|                  |            modules            ||   artifacts   |","chan":"stderr","logger":"task"}
{"timestamp":"2025-06-21T11:00:06.923374Z","level":"error","event":"\t|       conf       | number| search|dwnlded|evicted|| number|dwnlded|","chan":"stderr","logger":"task"}
{"timestamp":"2025-06-21T11:00:06.923657Z","level":"error","event":"\t---------------------------------------------------------------------","chan":"stderr","logger":"task"}
{"timestamp":"2025-06-21T11:00:06.923904Z","level":"error","event":"\t|      default     |   14  |   0   |   0   |   0   ||   14  |   0   |","chan":"stderr","logger":"task"}
{"timestamp":"2025-06-21T11:00:06.924196Z","level":"error","event":"\t---------------------------------------------------------------------","chan":"stderr","logger":"task"}
{"timestamp":"2025-06-21T11:00:06.926495Z","level":"error","event":":: retrieving :: org.apache.spark#spark-submit-parent-5c01a7ed-879b-4099-bfb5-840fdaab26c2","chan":"stderr","logger":"task"}
{"timestamp":"2025-06-21T11:00:06.927044Z","level":"error","event":"\tconfs: [default]","chan":"stderr","logger":"task"}
{"timestamp":"2025-06-21T11:00:06.937482Z","level":"error","event":"\t0 artifacts copied, 14 already retrieved (0kB/11ms)","chan":"stderr","logger":"task"}
{"timestamp":"2025-06-21T11:00:07.347807Z","level":"error","event":"25/06/21 11:00:07 WARN NativeCodeLoader: Unable to load native-hadoop library for your platform... using builtin-java classes where applicable","chan":"stderr","logger":"task"}
{"timestamp":"2025-06-21T11:00:07.666330Z","level":"error","event":"Using Spark's default log4j profile: org/apache/spark/log4j2-defaults.properties","chan":"stderr","logger":"task"}
{"timestamp":"2025-06-21T11:00:07.667226Z","level":"error","event":"Setting default log level to \"WARN\".","chan":"stderr","logger":"task"}
{"timestamp":"2025-06-21T11:00:07.667641Z","level":"error","event":"To adjust logging level use sc.setLogLevel(newLevel). For SparkR, use setLogLevel(newLevel).","chan":"stderr","logger":"task"}
{"timestamp":"2025-06-21T11:00:13.138712Z","level":"info","event":"Spark session started to preload jars...","chan":"stdout","logger":"task"}
{"timestamp":"2025-06-21T11:00:13.347457","level":"info","event":"Done. Returned value was: None","logger":"airflow.task.operators.airflow.providers.standard.operators.python.PythonOperator"}
{"timestamp":"2025-06-21T11:00:13.376469Z","level":"info","event":"Task instance in success state","chan":"stdout","logger":"task"}
{"timestamp":"2025-06-21T11:00:13.377234Z","level":"info","event":" Previous state of the Task instance: running","chan":"stdout","logger":"task"}
{"timestamp":"2025-06-21T11:00:13.377756Z","level":"info","event":"Task operator:<Task(PythonOperator): install_spark_dependencies>","chan":"stdout","logger":"task"}
