{"timestamp":"2025-06-20T22:06:12.796513","level":"info","event":"DAG bundles loaded: dags-folder, example_dags","logger":"airflow.dag_processing.bundles.manager.DagBundlesManager"}
{"timestamp":"2025-06-20T22:06:12.797336","level":"info","event":"Filling up the DagBag from /opt/airflow/dags/etl_pipeline.py","logger":"airflow.models.dagbag.DagBag"}
{"timestamp":"2025-06-20T22:06:13.346736Z","level":"info","event":"Task instance is in running state","chan":"stdout","logger":"task"}
{"timestamp":"2025-06-20T22:06:13.348011Z","level":"info","event":" Previous state of the Task instance: queued","chan":"stdout","logger":"task"}
{"timestamp":"2025-06-20T22:06:13.348796Z","level":"info","event":"Current task name:dim_order_group.producer_kafka","chan":"stdout","logger":"task"}
{"timestamp":"2025-06-20T22:06:13.349274Z","level":"info","event":"Dag name:etl_pipeline","chan":"stdout","logger":"task"}
{"timestamp":"2025-06-20T22:06:14.239738Z","level":"error","event":"WARNING: Using incubator modules: jdk.incubator.vector","chan":"stderr","logger":"task"}
{"timestamp":"2025-06-20T22:06:17.054032Z","level":"error","event":":: loading settings :: url = jar:file:/home/airflow/.local/lib/python3.12/site-packages/pyspark/jars/ivy-2.5.3.jar!/org/apache/ivy/core/settings/ivysettings.xml","chan":"stderr","logger":"task"}
{"timestamp":"2025-06-20T22:06:17.222175Z","level":"error","event":"Ivy Default Cache set to: /home/airflow/.ivy2.5.2/cache","chan":"stderr","logger":"task"}
{"timestamp":"2025-06-20T22:06:17.222712Z","level":"error","event":"The jars for the packages stored in: /home/airflow/.ivy2.5.2/jars","chan":"stderr","logger":"task"}
{"timestamp":"2025-06-20T22:06:17.229163Z","level":"error","event":"org.postgresql#postgresql added as a dependency","chan":"stderr","logger":"task"}
{"timestamp":"2025-06-20T22:06:17.229822Z","level":"error","event":"org.apache.spark#spark-sql-kafka-0-10_2.12 added as a dependency","chan":"stderr","logger":"task"}
{"timestamp":"2025-06-20T22:06:17.231002Z","level":"error","event":":: resolving dependencies :: org.apache.spark#spark-submit-parent-75773432-e357-48b3-8f89-b7ce351627d8;1.0","chan":"stderr","logger":"task"}
{"timestamp":"2025-06-20T22:06:17.231390Z","level":"error","event":"\tconfs: [default]","chan":"stderr","logger":"task"}
{"timestamp":"2025-06-20T22:06:17.410107Z","level":"error","event":"\tfound org.postgresql#postgresql;42.7.1 in central","chan":"stderr","logger":"task"}
{"timestamp":"2025-06-20T22:06:17.450705Z","level":"error","event":"\tfound org.checkerframework#checker-qual;3.41.0 in central","chan":"stderr","logger":"task"}
{"timestamp":"2025-06-20T22:06:17.565625Z","level":"error","event":"\tfound org.apache.spark#spark-sql-kafka-0-10_2.12;3.3.0 in spark-list","chan":"stderr","logger":"task"}
{"timestamp":"2025-06-20T22:06:17.679098Z","level":"error","event":"\tfound org.apache.spark#spark-token-provider-kafka-0-10_2.12;3.3.0 in central","chan":"stderr","logger":"task"}
{"timestamp":"2025-06-20T22:06:17.717474Z","level":"error","event":"\tfound org.apache.kafka#kafka-clients;2.8.1 in central","chan":"stderr","logger":"task"}
{"timestamp":"2025-06-20T22:06:17.755070Z","level":"error","event":"\tfound org.lz4#lz4-java;1.8.0 in central","chan":"stderr","logger":"task"}
{"timestamp":"2025-06-20T22:06:17.789114Z","level":"error","event":"\tfound org.xerial.snappy#snappy-java;1.1.8.4 in central","chan":"stderr","logger":"task"}
{"timestamp":"2025-06-20T22:06:17.820849Z","level":"error","event":"\tfound org.slf4j#slf4j-api;1.7.32 in central","chan":"stderr","logger":"task"}
{"timestamp":"2025-06-20T22:06:17.863552Z","level":"error","event":"\tfound org.apache.hadoop#hadoop-client-runtime;3.3.2 in central","chan":"stderr","logger":"task"}
{"timestamp":"2025-06-20T22:06:17.897826Z","level":"error","event":"\tfound org.spark-project.spark#unused;1.0.0 in central","chan":"stderr","logger":"task"}
{"timestamp":"2025-06-20T22:06:17.976848Z","level":"error","event":"\tfound org.apache.hadoop#hadoop-client-api;3.3.2 in central","chan":"stderr","logger":"task"}
{"timestamp":"2025-06-20T22:06:18.048616Z","level":"error","event":"\tfound commons-logging#commons-logging;1.1.3 in central","chan":"stderr","logger":"task"}
{"timestamp":"2025-06-20T22:06:18.094690Z","level":"error","event":"\tfound com.google.code.findbugs#jsr305;3.0.0 in central","chan":"stderr","logger":"task"}
{"timestamp":"2025-06-20T22:06:18.138926Z","level":"error","event":"\tfound org.apache.commons#commons-pool2;2.11.1 in central","chan":"stderr","logger":"task"}
{"timestamp":"2025-06-20T22:06:18.211407Z","level":"error","event":":: resolution report :: resolve 935ms :: artifacts dl 46ms","chan":"stderr","logger":"task"}
{"timestamp":"2025-06-20T22:06:18.212210Z","level":"error","event":"\t:: modules in use:","chan":"stderr","logger":"task"}
{"timestamp":"2025-06-20T22:06:18.212752Z","level":"error","event":"\tcom.google.code.findbugs#jsr305;3.0.0 from central in [default]","chan":"stderr","logger":"task"}
{"timestamp":"2025-06-20T22:06:18.213127Z","level":"error","event":"\tcommons-logging#commons-logging;1.1.3 from central in [default]","chan":"stderr","logger":"task"}
{"timestamp":"2025-06-20T22:06:18.213573Z","level":"error","event":"\torg.apache.commons#commons-pool2;2.11.1 from central in [default]","chan":"stderr","logger":"task"}
{"timestamp":"2025-06-20T22:06:18.213874Z","level":"error","event":"\torg.apache.hadoop#hadoop-client-api;3.3.2 from central in [default]","chan":"stderr","logger":"task"}
{"timestamp":"2025-06-20T22:06:18.214118Z","level":"error","event":"\torg.apache.hadoop#hadoop-client-runtime;3.3.2 from central in [default]","chan":"stderr","logger":"task"}
{"timestamp":"2025-06-20T22:06:18.214512Z","level":"error","event":"\torg.apache.kafka#kafka-clients;2.8.1 from central in [default]","chan":"stderr","logger":"task"}
{"timestamp":"2025-06-20T22:06:18.215443Z","level":"error","event":"\torg.apache.spark#spark-sql-kafka-0-10_2.12;3.3.0 from spark-list in [default]","chan":"stderr","logger":"task"}
{"timestamp":"2025-06-20T22:06:18.215977Z","level":"error","event":"\torg.apache.spark#spark-token-provider-kafka-0-10_2.12;3.3.0 from central in [default]","chan":"stderr","logger":"task"}
{"timestamp":"2025-06-20T22:06:18.216480Z","level":"error","event":"\torg.checkerframework#checker-qual;3.41.0 from central in [default]","chan":"stderr","logger":"task"}
{"timestamp":"2025-06-20T22:06:18.216921Z","level":"error","event":"\torg.lz4#lz4-java;1.8.0 from central in [default]","chan":"stderr","logger":"task"}
{"timestamp":"2025-06-20T22:06:18.217214Z","level":"error","event":"\torg.postgresql#postgresql;42.7.1 from central in [default]","chan":"stderr","logger":"task"}
{"timestamp":"2025-06-20T22:06:18.217440Z","level":"error","event":"\torg.slf4j#slf4j-api;1.7.32 from central in [default]","chan":"stderr","logger":"task"}
{"timestamp":"2025-06-20T22:06:18.217656Z","level":"error","event":"\torg.spark-project.spark#unused;1.0.0 from central in [default]","chan":"stderr","logger":"task"}
{"timestamp":"2025-06-20T22:06:18.217865Z","level":"error","event":"\torg.xerial.snappy#snappy-java;1.1.8.4 from central in [default]","chan":"stderr","logger":"task"}
{"timestamp":"2025-06-20T22:06:18.218066Z","level":"error","event":"\t---------------------------------------------------------------------","chan":"stderr","logger":"task"}
{"timestamp":"2025-06-20T22:06:18.218264Z","level":"error","event":"\t|                  |            modules            ||   artifacts   |","chan":"stderr","logger":"task"}
{"timestamp":"2025-06-20T22:06:18.218463Z","level":"error","event":"\t|       conf       | number| search|dwnlded|evicted|| number|dwnlded|","chan":"stderr","logger":"task"}
{"timestamp":"2025-06-20T22:06:18.218661Z","level":"error","event":"\t---------------------------------------------------------------------","chan":"stderr","logger":"task"}
{"timestamp":"2025-06-20T22:06:18.218853Z","level":"error","event":"\t|      default     |   14  |   0   |   0   |   0   ||   14  |   0   |","chan":"stderr","logger":"task"}
{"timestamp":"2025-06-20T22:06:18.219051Z","level":"error","event":"\t---------------------------------------------------------------------","chan":"stderr","logger":"task"}
{"timestamp":"2025-06-20T22:06:18.220980Z","level":"error","event":"","chan":"stderr","logger":"task"}
{"timestamp":"2025-06-20T22:06:18.221878Z","level":"error","event":":: problems summary ::","chan":"stderr","logger":"task"}
{"timestamp":"2025-06-20T22:06:18.222533Z","level":"error","event":":::: ERRORS","chan":"stderr","logger":"task"}
{"timestamp":"2025-06-20T22:06:18.222998Z","level":"error","event":"\tunknown resolver null","chan":"stderr","logger":"task"}
{"timestamp":"2025-06-20T22:06:18.223369Z","level":"error","event":"","chan":"stderr","logger":"task"}
{"timestamp":"2025-06-20T22:06:18.223629Z","level":"error","event":"\tunknown resolver null","chan":"stderr","logger":"task"}
{"timestamp":"2025-06-20T22:06:18.223895Z","level":"error","event":"","chan":"stderr","logger":"task"}
{"timestamp":"2025-06-20T22:06:18.224372Z","level":"error","event":"","chan":"stderr","logger":"task"}
{"timestamp":"2025-06-20T22:06:18.224787Z","level":"error","event":":: USE VERBOSE OR DEBUG MESSAGE LEVEL FOR MORE DETAILS","chan":"stderr","logger":"task"}
{"timestamp":"2025-06-20T22:06:18.225317Z","level":"error","event":":: retrieving :: org.apache.spark#spark-submit-parent-75773432-e357-48b3-8f89-b7ce351627d8","chan":"stderr","logger":"task"}
{"timestamp":"2025-06-20T22:06:18.225881Z","level":"error","event":"\tconfs: [default]","chan":"stderr","logger":"task"}
{"timestamp":"2025-06-20T22:06:18.233272Z","level":"error","event":"\t0 artifacts copied, 14 already retrieved (0kB/10ms)","chan":"stderr","logger":"task"}
{"timestamp":"2025-06-20T22:06:18.551034Z","level":"error","event":"25/06/20 22:06:18 WARN NativeCodeLoader: Unable to load native-hadoop library for your platform... using builtin-java classes where applicable","chan":"stderr","logger":"task"}
{"timestamp":"2025-06-20T22:06:18.823240Z","level":"error","event":"Using Spark's default log4j profile: org/apache/spark/log4j2-defaults.properties","chan":"stderr","logger":"task"}
{"timestamp":"2025-06-20T22:06:18.824070Z","level":"error","event":"Setting default log level to \"WARN\".","chan":"stderr","logger":"task"}
{"timestamp":"2025-06-20T22:06:18.824538Z","level":"error","event":"To adjust logging level use sc.setLogLevel(newLevel). For SparkR, use setLogLevel(newLevel).","chan":"stderr","logger":"task"}
{"timestamp":"2025-06-20T22:06:20.812535Z","level":"error","event":"25/06/20 22:06:20 WARN Utils: Service 'SparkUI' could not bind on port 4040. Attempting port 4041.","chan":"stderr","logger":"task"}
{"timestamp":"2025-06-20T22:06:45.594922","level":"info","event":"Đã tạo topic: dim_order","logger":"kafka.build_kafka"}
{"timestamp":"2025-06-20T22:06:45.636317","level":"info","event":"extract_dim_order","logger":"dags.etl_dim_order"}
{"timestamp":"2025-06-20T22:06:50.425545","level":"info","event":"transform dim_order","logger":"dags.etl_dim_order"}
{"timestamp":"2025-06-20T22:06:50.933845","level":"info","event":"Extract và transform dim_order thành công","logger":"dags.etl_dim_order"}
{"timestamp":"2025-06-20T22:07:08.751300Z","level":"error","event":"\r[Stage 0:>                                                          (0 + 0) / 1]\r25/06/20 22:07:08 WARN TaskSchedulerImpl: Initial job has not accepted any resources; check your cluster UI to ensure that workers are registered and have sufficient resources","chan":"stderr","logger":"task"}
{"timestamp":"2025-06-20T22:07:38.791968Z","level":"error","event":"25/06/20 22:07:25 WARN TaskSchedulerImpl: Initial job has not accepted any resources; check your cluster UI to ensure that workers are registered and have sufficient resources","chan":"stderr","logger":"task"}
{"timestamp":"2025-06-20T22:07:38.793866Z","level":"error","event":"25/06/20 22:07:37 WARN TaskSchedulerImpl: Initial job has not accepted any resources; check your cluster UI to ensure that workers are registered and have sufficient resources","chan":"stderr","logger":"task"}
{"timestamp":"2025-06-20T22:07:55.356667","level":"info","event":"Tổng số bản ghi cần gửi: 50","logger":"dags.etl_dim_order"}
{"timestamp":"2025-06-20T22:07:57.419375","level":"info","event":"Batch 1: 50 bản ghi. Đang gửi lên Kafka...","logger":"dags.etl_dim_order"}
{"timestamp":"2025-06-20T22:07:58.363760","level":"info","event":"Delivered to dim_order [0] at offset 0","logger":"kafka.build_kafka"}
{"timestamp":"2025-06-20T22:07:58.363956","level":"info","event":"Delivered to dim_order [0] at offset 1","logger":"kafka.build_kafka"}
{"timestamp":"2025-06-20T22:07:58.364018","level":"info","event":"Delivered to dim_order [0] at offset 2","logger":"kafka.build_kafka"}
{"timestamp":"2025-06-20T22:07:58.364061","level":"info","event":"Delivered to dim_order [0] at offset 3","logger":"kafka.build_kafka"}
{"timestamp":"2025-06-20T22:07:58.364102","level":"info","event":"Delivered to dim_order [0] at offset 4","logger":"kafka.build_kafka"}
{"timestamp":"2025-06-20T22:07:58.364141","level":"info","event":"Delivered to dim_order [0] at offset 5","logger":"kafka.build_kafka"}
{"timestamp":"2025-06-20T22:07:58.364179","level":"info","event":"Delivered to dim_order [0] at offset 6","logger":"kafka.build_kafka"}
{"timestamp":"2025-06-20T22:07:58.364223","level":"info","event":"Delivered to dim_order [0] at offset 7","logger":"kafka.build_kafka"}
{"timestamp":"2025-06-20T22:07:58.364279","level":"info","event":"Delivered to dim_order [0] at offset 8","logger":"kafka.build_kafka"}
{"timestamp":"2025-06-20T22:07:58.364338","level":"info","event":"Delivered to dim_order [0] at offset 9","logger":"kafka.build_kafka"}
{"timestamp":"2025-06-20T22:07:58.364400","level":"info","event":"Delivered to dim_order [0] at offset 10","logger":"kafka.build_kafka"}
{"timestamp":"2025-06-20T22:07:58.364465","level":"info","event":"Delivered to dim_order [0] at offset 11","logger":"kafka.build_kafka"}
{"timestamp":"2025-06-20T22:07:58.364533","level":"info","event":"Delivered to dim_order [0] at offset 12","logger":"kafka.build_kafka"}
{"timestamp":"2025-06-20T22:07:58.366339","level":"info","event":"Delivered to dim_order [1] at offset 0","logger":"kafka.build_kafka"}
{"timestamp":"2025-06-20T22:07:58.366596","level":"info","event":"Delivered to dim_order [1] at offset 1","logger":"kafka.build_kafka"}
{"timestamp":"2025-06-20T22:07:58.366666","level":"info","event":"Delivered to dim_order [1] at offset 2","logger":"kafka.build_kafka"}
{"timestamp":"2025-06-20T22:07:58.366718","level":"info","event":"Delivered to dim_order [1] at offset 3","logger":"kafka.build_kafka"}
{"timestamp":"2025-06-20T22:07:58.366774","level":"info","event":"Delivered to dim_order [1] at offset 4","logger":"kafka.build_kafka"}
{"timestamp":"2025-06-20T22:07:58.366852","level":"info","event":"Delivered to dim_order [1] at offset 5","logger":"kafka.build_kafka"}
{"timestamp":"2025-06-20T22:07:58.366911","level":"info","event":"Delivered to dim_order [1] at offset 6","logger":"kafka.build_kafka"}
{"timestamp":"2025-06-20T22:07:58.368638","level":"info","event":"Delivered to dim_order [2] at offset 0","logger":"kafka.build_kafka"}
{"timestamp":"2025-06-20T22:07:58.368779","level":"info","event":"Delivered to dim_order [2] at offset 1","logger":"kafka.build_kafka"}
{"timestamp":"2025-06-20T22:07:58.368849","level":"info","event":"Delivered to dim_order [2] at offset 2","logger":"kafka.build_kafka"}
{"timestamp":"2025-06-20T22:07:58.368919","level":"info","event":"Delivered to dim_order [2] at offset 3","logger":"kafka.build_kafka"}
{"timestamp":"2025-06-20T22:07:58.368986","level":"info","event":"Delivered to dim_order [2] at offset 4","logger":"kafka.build_kafka"}
{"timestamp":"2025-06-20T22:07:58.369046","level":"info","event":"Delivered to dim_order [2] at offset 5","logger":"kafka.build_kafka"}
{"timestamp":"2025-06-20T22:07:58.369100","level":"info","event":"Delivered to dim_order [2] at offset 6","logger":"kafka.build_kafka"}
{"timestamp":"2025-06-20T22:07:58.369141","level":"info","event":"Delivered to dim_order [2] at offset 7","logger":"kafka.build_kafka"}
{"timestamp":"2025-06-20T22:07:58.369181","level":"info","event":"Delivered to dim_order [2] at offset 8","logger":"kafka.build_kafka"}
{"timestamp":"2025-06-20T22:07:58.369219","level":"info","event":"Delivered to dim_order [2] at offset 9","logger":"kafka.build_kafka"}
{"timestamp":"2025-06-20T22:07:58.370427","level":"info","event":"Delivered to dim_order [3] at offset 0","logger":"kafka.build_kafka"}
{"timestamp":"2025-06-20T22:07:58.370567","level":"info","event":"Delivered to dim_order [3] at offset 1","logger":"kafka.build_kafka"}
{"timestamp":"2025-06-20T22:07:58.370617","level":"info","event":"Delivered to dim_order [3] at offset 2","logger":"kafka.build_kafka"}
{"timestamp":"2025-06-20T22:07:58.370676","level":"info","event":"Delivered to dim_order [3] at offset 3","logger":"kafka.build_kafka"}
{"timestamp":"2025-06-20T22:07:58.370801","level":"info","event":"Delivered to dim_order [3] at offset 4","logger":"kafka.build_kafka"}
{"timestamp":"2025-06-20T22:07:58.370845","level":"info","event":"Delivered to dim_order [3] at offset 5","logger":"kafka.build_kafka"}
{"timestamp":"2025-06-20T22:07:58.370886","level":"info","event":"Delivered to dim_order [3] at offset 6","logger":"kafka.build_kafka"}
{"timestamp":"2025-06-20T22:07:58.370925","level":"info","event":"Delivered to dim_order [3] at offset 7","logger":"kafka.build_kafka"}
{"timestamp":"2025-06-20T22:07:58.372014","level":"info","event":"Delivered to dim_order [4] at offset 0","logger":"kafka.build_kafka"}
{"timestamp":"2025-06-20T22:07:58.372110","level":"info","event":"Delivered to dim_order [4] at offset 1","logger":"kafka.build_kafka"}
{"timestamp":"2025-06-20T22:07:58.372159","level":"info","event":"Delivered to dim_order [4] at offset 2","logger":"kafka.build_kafka"}
{"timestamp":"2025-06-20T22:07:58.372201","level":"info","event":"Delivered to dim_order [4] at offset 3","logger":"kafka.build_kafka"}
{"timestamp":"2025-06-20T22:07:58.372241","level":"info","event":"Delivered to dim_order [4] at offset 4","logger":"kafka.build_kafka"}
{"timestamp":"2025-06-20T22:07:58.372283","level":"info","event":"Delivered to dim_order [4] at offset 5","logger":"kafka.build_kafka"}
{"timestamp":"2025-06-20T22:07:58.372322","level":"info","event":"Delivered to dim_order [4] at offset 6","logger":"kafka.build_kafka"}
{"timestamp":"2025-06-20T22:07:58.372360","level":"info","event":"Delivered to dim_order [4] at offset 7","logger":"kafka.build_kafka"}
{"timestamp":"2025-06-20T22:07:58.372398","level":"info","event":"Delivered to dim_order [4] at offset 8","logger":"kafka.build_kafka"}
{"timestamp":"2025-06-20T22:07:58.372436","level":"info","event":"Delivered to dim_order [4] at offset 9","logger":"kafka.build_kafka"}
{"timestamp":"2025-06-20T22:07:58.372474","level":"info","event":"Delivered to dim_order [4] at offset 10","logger":"kafka.build_kafka"}
{"timestamp":"2025-06-20T22:07:58.372513","level":"info","event":"Delivered to dim_order [4] at offset 11","logger":"kafka.build_kafka"}
{"timestamp":"2025-06-20T22:07:58.372572","level":"error","event":"Lỗi trong quá trình gửi Kafka: name 'records' is not defined","logger":"dags.etl_dim_order"}
{"timestamp":"2025-06-20T22:07:58.644760","level":"info","event":"Done. Returned value was: None","logger":"airflow.task.operators.airflow.providers.standard.operators.python.PythonOperator"}
{"timestamp":"2025-06-20T22:07:58.684017Z","level":"info","event":"Task instance in success state","chan":"stdout","logger":"task"}
{"timestamp":"2025-06-20T22:07:58.684671Z","level":"info","event":" Previous state of the Task instance: running","chan":"stdout","logger":"task"}
{"timestamp":"2025-06-20T22:07:58.685169Z","level":"info","event":"Task operator:<Task(PythonOperator): dim_order_group.producer_kafka>","chan":"stdout","logger":"task"}
{"timestamp":"2025-06-20T22:07:59.198040Z","level":"error","event":"\r[Stage 0:>                                                          (0 + 1) / 1]\r\r                                                                                \r\r[Stage 4:>                                                          (0 + 1) / 1]\r\r                                                                                \r\r[Stage 7:>                                                          (0 + 1) / 1]","chan":"stderr","logger":"task"}
