{"timestamp":"2025-06-22T00:31:58.311153","level":"info","event":"DAG bundles loaded: dags-folder, example_dags","logger":"airflow.dag_processing.bundles.manager.DagBundlesManager"}
{"timestamp":"2025-06-22T00:31:58.311961","level":"info","event":"Filling up the DagBag from /opt/airflow/dags/etl_pipeline.py","logger":"airflow.models.dagbag.DagBag"}
{"timestamp":"2025-06-22T00:31:58.998021Z","level":"info","event":"Task instance is in running state","chan":"stdout","logger":"task"}
{"timestamp":"2025-06-22T00:31:58.999753Z","level":"info","event":" Previous state of the Task instance: queued","chan":"stdout","logger":"task"}
{"timestamp":"2025-06-22T00:31:59.000427Z","level":"info","event":"Current task name:dim_order_group.producer_kafka","chan":"stdout","logger":"task"}
{"timestamp":"2025-06-22T00:31:59.000907Z","level":"info","event":"Dag name:etl_pipeline","chan":"stdout","logger":"task"}
{"timestamp":"2025-06-22T00:31:59.523978Z","level":"error","event":"WARNING: Using incubator modules: jdk.incubator.vector","chan":"stderr","logger":"task"}
{"timestamp":"2025-06-22T00:32:02.002635Z","level":"error","event":":: loading settings :: url = jar:file:/home/airflow/.local/lib/python3.12/site-packages/pyspark/jars/ivy-2.5.3.jar!/org/apache/ivy/core/settings/ivysettings.xml","chan":"stderr","logger":"task"}
{"timestamp":"2025-06-22T00:32:02.149518Z","level":"error","event":"Ivy Default Cache set to: /home/airflow/.ivy2.5.2/cache","chan":"stderr","logger":"task"}
{"timestamp":"2025-06-22T00:32:02.150132Z","level":"error","event":"The jars for the packages stored in: /home/airflow/.ivy2.5.2/jars","chan":"stderr","logger":"task"}
{"timestamp":"2025-06-22T00:32:02.156533Z","level":"error","event":"org.postgresql#postgresql added as a dependency","chan":"stderr","logger":"task"}
{"timestamp":"2025-06-22T00:32:02.157251Z","level":"error","event":"org.apache.spark#spark-sql-kafka-0-10_2.12 added as a dependency","chan":"stderr","logger":"task"}
{"timestamp":"2025-06-22T00:32:02.157693Z","level":"error","event":":: resolving dependencies :: org.apache.spark#spark-submit-parent-0e7c298c-c6b6-46d3-b7cf-2d10ab4419e7;1.0","chan":"stderr","logger":"task"}
{"timestamp":"2025-06-22T00:32:02.158104Z","level":"error","event":"\tconfs: [default]","chan":"stderr","logger":"task"}
{"timestamp":"2025-06-22T00:32:02.371638Z","level":"error","event":"\tfound org.postgresql#postgresql;42.7.1 in spark-list","chan":"stderr","logger":"task"}
{"timestamp":"2025-06-22T00:32:02.398560Z","level":"error","event":"\tfound org.checkerframework#checker-qual;3.41.0 in central","chan":"stderr","logger":"task"}
{"timestamp":"2025-06-22T00:32:02.466739Z","level":"error","event":"\tfound org.apache.spark#spark-sql-kafka-0-10_2.12;3.3.0 in central","chan":"stderr","logger":"task"}
{"timestamp":"2025-06-22T00:32:02.526810Z","level":"error","event":"\tfound org.apache.spark#spark-token-provider-kafka-0-10_2.12;3.3.0 in central","chan":"stderr","logger":"task"}
{"timestamp":"2025-06-22T00:32:02.563048Z","level":"error","event":"\tfound org.apache.kafka#kafka-clients;2.8.1 in central","chan":"stderr","logger":"task"}
{"timestamp":"2025-06-22T00:32:01.815876Z","level":"error","event":"\tfound org.lz4#lz4-java;1.8.0 in central","chan":"stderr","logger":"task"}
{"timestamp":"2025-06-22T00:32:01.846725Z","level":"error","event":"\tfound org.xerial.snappy#snappy-java;1.1.8.4 in central","chan":"stderr","logger":"task"}
{"timestamp":"2025-06-22T00:32:01.872567Z","level":"error","event":"\tfound org.slf4j#slf4j-api;1.7.32 in spark-list","chan":"stderr","logger":"task"}
{"timestamp":"2025-06-22T00:32:01.909857Z","level":"error","event":"\tfound org.apache.hadoop#hadoop-client-runtime;3.3.2 in central","chan":"stderr","logger":"task"}
{"timestamp":"2025-06-22T00:32:01.932511Z","level":"error","event":"\tfound org.spark-project.spark#unused;1.0.0 in central","chan":"stderr","logger":"task"}
{"timestamp":"2025-06-22T00:32:01.966595Z","level":"error","event":"\tfound org.apache.hadoop#hadoop-client-api;3.3.2 in central","chan":"stderr","logger":"task"}
{"timestamp":"2025-06-22T00:32:01.991157Z","level":"error","event":"\tfound commons-logging#commons-logging;1.1.3 in central","chan":"stderr","logger":"task"}
{"timestamp":"2025-06-22T00:32:02.009245Z","level":"error","event":"\tfound com.google.code.findbugs#jsr305;3.0.0 in central","chan":"stderr","logger":"task"}
{"timestamp":"2025-06-22T00:32:02.030344Z","level":"error","event":"\tfound org.apache.commons#commons-pool2;2.11.1 in central","chan":"stderr","logger":"task"}
{"timestamp":"2025-06-22T00:32:02.089815Z","level":"error","event":":: resolution report :: resolve -91ms :: artifacts dl 23ms","chan":"stderr","logger":"task"}
{"timestamp":"2025-06-22T00:32:02.090464Z","level":"error","event":"\t:: modules in use:","chan":"stderr","logger":"task"}
{"timestamp":"2025-06-22T00:32:02.090885Z","level":"error","event":"\tcom.google.code.findbugs#jsr305;3.0.0 from central in [default]","chan":"stderr","logger":"task"}
{"timestamp":"2025-06-22T00:32:02.091178Z","level":"error","event":"\tcommons-logging#commons-logging;1.1.3 from central in [default]","chan":"stderr","logger":"task"}
{"timestamp":"2025-06-22T00:32:02.091428Z","level":"error","event":"\torg.apache.commons#commons-pool2;2.11.1 from central in [default]","chan":"stderr","logger":"task"}
{"timestamp":"2025-06-22T00:32:02.091710Z","level":"error","event":"\torg.apache.hadoop#hadoop-client-api;3.3.2 from central in [default]","chan":"stderr","logger":"task"}
{"timestamp":"2025-06-22T00:32:02.092054Z","level":"error","event":"\torg.apache.hadoop#hadoop-client-runtime;3.3.2 from central in [default]","chan":"stderr","logger":"task"}
{"timestamp":"2025-06-22T00:32:02.092527Z","level":"error","event":"\torg.apache.kafka#kafka-clients;2.8.1 from central in [default]","chan":"stderr","logger":"task"}
{"timestamp":"2025-06-22T00:32:02.092889Z","level":"error","event":"\torg.apache.spark#spark-sql-kafka-0-10_2.12;3.3.0 from central in [default]","chan":"stderr","logger":"task"}
{"timestamp":"2025-06-22T00:32:02.093372Z","level":"error","event":"\torg.apache.spark#spark-token-provider-kafka-0-10_2.12;3.3.0 from central in [default]","chan":"stderr","logger":"task"}
{"timestamp":"2025-06-22T00:32:00.691502Z","level":"error","event":"\torg.checkerframework#checker-qual;3.41.0 from central in [default]","chan":"stderr","logger":"task"}
{"timestamp":"2025-06-22T00:32:00.692419Z","level":"error","event":"\torg.lz4#lz4-java;1.8.0 from central in [default]","chan":"stderr","logger":"task"}
{"timestamp":"2025-06-22T00:32:00.692898Z","level":"error","event":"\torg.postgresql#postgresql;42.7.1 from spark-list in [default]","chan":"stderr","logger":"task"}
{"timestamp":"2025-06-22T00:32:00.693293Z","level":"error","event":"\torg.slf4j#slf4j-api;1.7.32 from spark-list in [default]","chan":"stderr","logger":"task"}
{"timestamp":"2025-06-22T00:32:00.693643Z","level":"error","event":"\torg.spark-project.spark#unused;1.0.0 from central in [default]","chan":"stderr","logger":"task"}
{"timestamp":"2025-06-22T00:32:00.693975Z","level":"error","event":"\torg.xerial.snappy#snappy-java;1.1.8.4 from central in [default]","chan":"stderr","logger":"task"}
{"timestamp":"2025-06-22T00:32:00.694460Z","level":"error","event":"\t---------------------------------------------------------------------","chan":"stderr","logger":"task"}
{"timestamp":"2025-06-22T00:32:00.694925Z","level":"error","event":"\t|                  |            modules            ||   artifacts   |","chan":"stderr","logger":"task"}
{"timestamp":"2025-06-22T00:32:00.695330Z","level":"error","event":"\t|       conf       | number| search|dwnlded|evicted|| number|dwnlded|","chan":"stderr","logger":"task"}
{"timestamp":"2025-06-22T00:32:00.695727Z","level":"error","event":"\t---------------------------------------------------------------------","chan":"stderr","logger":"task"}
{"timestamp":"2025-06-22T00:32:00.696049Z","level":"error","event":"\t|      default     |   14  |   0   |   0   |   0   ||   14  |   0   |","chan":"stderr","logger":"task"}
{"timestamp":"2025-06-22T00:32:00.696377Z","level":"error","event":"\t---------------------------------------------------------------------","chan":"stderr","logger":"task"}
{"timestamp":"2025-06-22T00:32:00.699914Z","level":"error","event":":: retrieving :: org.apache.spark#spark-submit-parent-0e7c298c-c6b6-46d3-b7cf-2d10ab4419e7","chan":"stderr","logger":"task"}
{"timestamp":"2025-06-22T00:32:00.700644Z","level":"error","event":"\tconfs: [default]","chan":"stderr","logger":"task"}
{"timestamp":"2025-06-22T00:32:00.711300Z","level":"error","event":"\t0 artifacts copied, 14 already retrieved (0kB/12ms)","chan":"stderr","logger":"task"}
{"timestamp":"2025-06-22T00:32:01.020297Z","level":"error","event":"25/06/22 00:32:01 WARN NativeCodeLoader: Unable to load native-hadoop library for your platform... using builtin-java classes where applicable","chan":"stderr","logger":"task"}
{"timestamp":"2025-06-22T00:32:01.342173Z","level":"error","event":"Using Spark's default log4j profile: org/apache/spark/log4j2-defaults.properties","chan":"stderr","logger":"task"}
{"timestamp":"2025-06-22T00:32:01.360922Z","level":"error","event":"Setting default log level to \"WARN\".","chan":"stderr","logger":"task"}
{"timestamp":"2025-06-22T00:32:01.361809Z","level":"error","event":"To adjust logging level use sc.setLogLevel(newLevel). For SparkR, use setLogLevel(newLevel).","chan":"stderr","logger":"task"}
{"timestamp":"2025-06-22T00:32:07.965491","level":"info","event":"Thử lần 1/3 kiểm tra topic 'dim_order'...","logger":"kafka.build_kafka"}
{"timestamp":"2025-06-22T00:32:08.020441","level":"info","event":"Topic 'dim_order' đã tồn tại.","logger":"kafka.build_kafka"}
{"timestamp":"2025-06-22T00:32:08.122495","level":"info","event":"extract_dim_order","logger":"dags.etl_dim_order"}
{"timestamp":"2025-06-22T00:32:09.795663","level":"info","event":"transform dim_order","logger":"dags.etl_dim_order"}
{"timestamp":"2025-06-22T00:32:10.120198","level":"info","event":"Extract và transform dim_order thành công","logger":"dags.etl_dim_order"}
{"timestamp":"2025-06-22T00:32:12.695670","level":"info","event":"Tổng số bản ghi cần gửi: 5000","logger":"dags.etl_dim_order"}
{"timestamp":"2025-06-22T00:32:12.924169","level":"info","event":"Batch 1: 5000 bản ghi. Đang gửi lên Kafka...","logger":"dags.etl_dim_order"}
{"timestamp":"2025-06-22T00:32:13.853605","level":"info","event":"extract_dim_order","logger":"dags.etl_dim_order"}
{"timestamp":"2025-06-22T00:32:13.888402","level":"info","event":"transform dim_order","logger":"dags.etl_dim_order"}
{"timestamp":"2025-06-22T00:32:13.936638","level":"info","event":"Extract và transform dim_order thành công","logger":"dags.etl_dim_order"}
{"timestamp":"2025-06-22T00:32:14.207758","level":"info","event":"Tổng số bản ghi cần gửi: 4342","logger":"dags.etl_dim_order"}
{"timestamp":"2025-06-22T00:32:14.370338","level":"info","event":"Batch 2: 4342 bản ghi. Đang gửi lên Kafka...","logger":"dags.etl_dim_order"}
{"timestamp":"2025-06-22T00:32:14.829132","level":"info","event":"extract_dim_order","logger":"dags.etl_dim_order"}
{"timestamp":"2025-06-22T00:32:14.864759","level":"info","event":"transform dim_order","logger":"dags.etl_dim_order"}
{"timestamp":"2025-06-22T00:32:14.900859","level":"info","event":"Extract và transform dim_order thành công","logger":"dags.etl_dim_order"}
{"timestamp":"2025-06-22T00:32:14.983234","level":"info","event":"Đã hết dữ liệu để push lên Kafka.","logger":"dags.etl_dim_order"}
{"timestamp":"2025-06-22T00:32:14.983535","level":"info","event":"Đã đẩy 9342 bản ghi lên Kafka.","logger":"dags.etl_dim_order"}
{"timestamp":"2025-06-22T00:32:15.555135","level":"info","event":"Done. Returned value was: None","logger":"airflow.task.operators.airflow.providers.standard.operators.python.PythonOperator"}
{"timestamp":"2025-06-22T00:32:15.575022Z","level":"info","event":"Task instance in success state","chan":"stdout","logger":"task"}
{"timestamp":"2025-06-22T00:32:15.575588Z","level":"info","event":" Previous state of the Task instance: running","chan":"stdout","logger":"task"}
{"timestamp":"2025-06-22T00:32:15.576007Z","level":"info","event":"Task operator:<Task(PythonOperator): dim_order_group.producer_kafka>","chan":"stdout","logger":"task"}
