{"timestamp":"2025-06-21T09:41:43.277861","level":"info","event":"DAG bundles loaded: dags-folder, example_dags","logger":"airflow.dag_processing.bundles.manager.DagBundlesManager"}
{"timestamp":"2025-06-21T09:41:43.278568","level":"info","event":"Filling up the DagBag from /opt/airflow/dags/etl_pipeline.py","logger":"airflow.models.dagbag.DagBag"}
{"timestamp":"2025-06-21T09:41:43.703765Z","level":"info","event":"Task instance is in running state","chan":"stdout","logger":"task"}
{"timestamp":"2025-06-21T09:41:43.704423Z","level":"info","event":" Previous state of the Task instance: queued","chan":"stdout","logger":"task"}
{"timestamp":"2025-06-21T09:41:43.704844Z","level":"info","event":"Current task name:dim_date_group.producer_kafka","chan":"stdout","logger":"task"}
{"timestamp":"2025-06-21T09:41:43.705222Z","level":"info","event":"Dag name:etl_pipeline","chan":"stdout","logger":"task"}
{"timestamp":"2025-06-21T09:41:44.161995Z","level":"error","event":"WARNING: Using incubator modules: jdk.incubator.vector","chan":"stderr","logger":"task"}
{"timestamp":"2025-06-21T09:41:46.063954Z","level":"error","event":":: loading settings :: url = jar:file:/home/airflow/.local/lib/python3.12/site-packages/pyspark/jars/ivy-2.5.3.jar!/org/apache/ivy/core/settings/ivysettings.xml","chan":"stderr","logger":"task"}
{"timestamp":"2025-06-21T09:41:46.183753Z","level":"error","event":"Ivy Default Cache set to: /home/airflow/.ivy2.5.2/cache","chan":"stderr","logger":"task"}
{"timestamp":"2025-06-21T09:41:46.184834Z","level":"error","event":"The jars for the packages stored in: /home/airflow/.ivy2.5.2/jars","chan":"stderr","logger":"task"}
{"timestamp":"2025-06-21T09:41:46.192829Z","level":"error","event":"org.postgresql#postgresql added as a dependency","chan":"stderr","logger":"task"}
{"timestamp":"2025-06-21T09:41:46.193845Z","level":"error","event":"org.apache.spark#spark-sql-kafka-0-10_2.12 added as a dependency","chan":"stderr","logger":"task"}
{"timestamp":"2025-06-21T09:41:46.195282Z","level":"error","event":":: resolving dependencies :: org.apache.spark#spark-submit-parent-59a8d705-7fba-46cb-b1a2-5a0c45f039fb;1.0","chan":"stderr","logger":"task"}
{"timestamp":"2025-06-21T09:41:46.195994Z","level":"error","event":"\tconfs: [default]","chan":"stderr","logger":"task"}
{"timestamp":"2025-06-21T09:41:46.393051Z","level":"error","event":"\tfound org.postgresql#postgresql;42.7.1 in central","chan":"stderr","logger":"task"}
{"timestamp":"2025-06-21T09:41:46.428761Z","level":"error","event":"\tfound org.checkerframework#checker-qual;3.41.0 in central","chan":"stderr","logger":"task"}
{"timestamp":"2025-06-21T09:41:46.550813Z","level":"error","event":"\tfound org.apache.spark#spark-sql-kafka-0-10_2.12;3.3.0 in central","chan":"stderr","logger":"task"}
{"timestamp":"2025-06-21T09:41:46.668800Z","level":"error","event":"\tfound org.apache.spark#spark-token-provider-kafka-0-10_2.12;3.3.0 in central","chan":"stderr","logger":"task"}
{"timestamp":"2025-06-21T09:41:46.723475Z","level":"error","event":"\tfound org.apache.kafka#kafka-clients;2.8.1 in central","chan":"stderr","logger":"task"}
{"timestamp":"2025-06-21T09:41:46.778961Z","level":"error","event":"\tfound org.lz4#lz4-java;1.8.0 in central","chan":"stderr","logger":"task"}
{"timestamp":"2025-06-21T09:41:46.826485Z","level":"error","event":"\tfound org.xerial.snappy#snappy-java;1.1.8.4 in central","chan":"stderr","logger":"task"}
{"timestamp":"2025-06-21T09:41:46.862404Z","level":"error","event":"\tfound org.slf4j#slf4j-api;1.7.32 in central","chan":"stderr","logger":"task"}
{"timestamp":"2025-06-21T09:41:46.916533Z","level":"error","event":"\tfound org.apache.hadoop#hadoop-client-runtime;3.3.2 in central","chan":"stderr","logger":"task"}
{"timestamp":"2025-06-21T09:41:46.945345Z","level":"error","event":"\tfound org.spark-project.spark#unused;1.0.0 in central","chan":"stderr","logger":"task"}
{"timestamp":"2025-06-21T09:41:47.017957Z","level":"error","event":"\tfound org.apache.hadoop#hadoop-client-api;3.3.2 in central","chan":"stderr","logger":"task"}
{"timestamp":"2025-06-21T09:41:47.071368Z","level":"error","event":"\tfound commons-logging#commons-logging;1.1.3 in central","chan":"stderr","logger":"task"}
{"timestamp":"2025-06-21T09:41:47.151268Z","level":"error","event":"\tfound com.google.code.findbugs#jsr305;3.0.0 in central","chan":"stderr","logger":"task"}
{"timestamp":"2025-06-21T09:41:47.229681Z","level":"error","event":"\tfound org.apache.commons#commons-pool2;2.11.1 in central","chan":"stderr","logger":"task"}
{"timestamp":"2025-06-21T09:41:47.379424Z","level":"error","event":":: resolution report :: resolve 1073ms :: artifacts dl 111ms","chan":"stderr","logger":"task"}
{"timestamp":"2025-06-21T09:41:47.380340Z","level":"error","event":"\t:: modules in use:","chan":"stderr","logger":"task"}
{"timestamp":"2025-06-21T09:41:47.381406Z","level":"error","event":"\tcom.google.code.findbugs#jsr305;3.0.0 from central in [default]","chan":"stderr","logger":"task"}
{"timestamp":"2025-06-21T09:41:47.382710Z","level":"error","event":"\tcommons-logging#commons-logging;1.1.3 from central in [default]","chan":"stderr","logger":"task"}
{"timestamp":"2025-06-21T09:41:47.384526Z","level":"error","event":"\torg.apache.commons#commons-pool2;2.11.1 from central in [default]","chan":"stderr","logger":"task"}
{"timestamp":"2025-06-21T09:41:47.385459Z","level":"error","event":"\torg.apache.hadoop#hadoop-client-api;3.3.2 from central in [default]","chan":"stderr","logger":"task"}
{"timestamp":"2025-06-21T09:41:47.386227Z","level":"error","event":"\torg.apache.hadoop#hadoop-client-runtime;3.3.2 from central in [default]","chan":"stderr","logger":"task"}
{"timestamp":"2025-06-21T09:41:47.386902Z","level":"error","event":"\torg.apache.kafka#kafka-clients;2.8.1 from central in [default]","chan":"stderr","logger":"task"}
{"timestamp":"2025-06-21T09:41:47.387353Z","level":"error","event":"\torg.apache.spark#spark-sql-kafka-0-10_2.12;3.3.0 from central in [default]","chan":"stderr","logger":"task"}
{"timestamp":"2025-06-21T09:41:47.392531Z","level":"error","event":"\torg.apache.spark#spark-token-provider-kafka-0-10_2.12;3.3.0 from central in [default]","chan":"stderr","logger":"task"}
{"timestamp":"2025-06-21T09:41:47.404990Z","level":"error","event":"\torg.checkerframework#checker-qual;3.41.0 from central in [default]","chan":"stderr","logger":"task"}
{"timestamp":"2025-06-21T09:41:47.409132Z","level":"error","event":"\torg.lz4#lz4-java;1.8.0 from central in [default]","chan":"stderr","logger":"task"}
{"timestamp":"2025-06-21T09:41:47.409644Z","level":"error","event":"\torg.postgresql#postgresql;42.7.1 from central in [default]","chan":"stderr","logger":"task"}
{"timestamp":"2025-06-21T09:41:47.410748Z","level":"error","event":"\torg.slf4j#slf4j-api;1.7.32 from central in [default]","chan":"stderr","logger":"task"}
{"timestamp":"2025-06-21T09:41:47.411685Z","level":"error","event":"\torg.spark-project.spark#unused;1.0.0 from central in [default]","chan":"stderr","logger":"task"}
{"timestamp":"2025-06-21T09:41:47.412251Z","level":"error","event":"\torg.xerial.snappy#snappy-java;1.1.8.4 from central in [default]","chan":"stderr","logger":"task"}
{"timestamp":"2025-06-21T09:41:47.412590Z","level":"error","event":"\t---------------------------------------------------------------------","chan":"stderr","logger":"task"}
{"timestamp":"2025-06-21T09:41:47.412855Z","level":"error","event":"\t|                  |            modules            ||   artifacts   |","chan":"stderr","logger":"task"}
{"timestamp":"2025-06-21T09:41:47.413115Z","level":"error","event":"\t|       conf       | number| search|dwnlded|evicted|| number|dwnlded|","chan":"stderr","logger":"task"}
{"timestamp":"2025-06-21T09:41:47.413592Z","level":"error","event":"\t---------------------------------------------------------------------","chan":"stderr","logger":"task"}
{"timestamp":"2025-06-21T09:41:47.414036Z","level":"error","event":"\t|      default     |   14  |   0   |   0   |   0   ||   14  |   0   |","chan":"stderr","logger":"task"}
{"timestamp":"2025-06-21T09:41:47.414433Z","level":"error","event":"\t---------------------------------------------------------------------","chan":"stderr","logger":"task"}
{"timestamp":"2025-06-21T09:41:47.414882Z","level":"error","event":":: retrieving :: org.apache.spark#spark-submit-parent-59a8d705-7fba-46cb-b1a2-5a0c45f039fb","chan":"stderr","logger":"task"}
{"timestamp":"2025-06-21T09:41:47.415202Z","level":"error","event":"\tconfs: [default]","chan":"stderr","logger":"task"}
{"timestamp":"2025-06-21T09:41:47.425899Z","level":"error","event":"\t0 artifacts copied, 14 already retrieved (0kB/16ms)","chan":"stderr","logger":"task"}
{"timestamp":"2025-06-21T09:41:47.945612Z","level":"error","event":"25/06/21 09:41:47 WARN NativeCodeLoader: Unable to load native-hadoop library for your platform... using builtin-java classes where applicable","chan":"stderr","logger":"task"}
{"timestamp":"2025-06-21T09:41:48.358958Z","level":"error","event":"Using Spark's default log4j profile: org/apache/spark/log4j2-defaults.properties","chan":"stderr","logger":"task"}
{"timestamp":"2025-06-21T09:41:48.431460Z","level":"error","event":"Setting default log level to \"WARN\".","chan":"stderr","logger":"task"}
{"timestamp":"2025-06-21T09:41:48.432121Z","level":"error","event":"To adjust logging level use sc.setLogLevel(newLevel). For SparkR, use setLogLevel(newLevel).","chan":"stderr","logger":"task"}
{"timestamp":"2025-06-21T09:42:01.209429","level":"info","event":"Thử lần 1/5 kiểm tra topic 'dim_date'...","logger":"kafka.build_kafka"}
{"timestamp":"2025-06-21T09:42:06.210375","level":"warning","event":"⚠Lỗi khi kiểm tra/tạo topic 'dim_date': KafkaError{code=_TRANSPORT,val=-195,str=\"Failed to get metadata: Local: Broker transport failure\"}","logger":"kafka.build_kafka"}
{"timestamp":"2025-06-21T09:42:06.210554","level":"info","event":"Đợi 3 giây rồi thử lại...","logger":"kafka.build_kafka"}
{"timestamp":"2025-06-21T09:42:09.211445","level":"info","event":"Thử lần 2/5 kiểm tra topic 'dim_date'...","logger":"kafka.build_kafka"}
{"timestamp":"2025-06-21T09:42:09.213591Z","level":"error","event":"%3|1750498929.213|FAIL|rdkafka#producer-2| [thrd:kafka:9092/bootstrap]: kafka:9092/bootstrap: Failed to resolve 'kafka:9092': Temporary failure in name resolution (after 8006ms in state CONNECT)","chan":"stderr","logger":"task"}
{"timestamp":"2025-06-21T09:42:09.214661Z","level":"error","event":"%3|1750498929.213|FAIL|rdkafka#producer-1| [thrd:kafka:9092/bootstrap]: kafka:9092/bootstrap: Failed to resolve 'kafka:9092': Temporary failure in name resolution (after 8014ms in state CONNECT)","chan":"stderr","logger":"task"}
{"timestamp":"2025-06-21T09:42:14.212796","level":"warning","event":"⚠Lỗi khi kiểm tra/tạo topic 'dim_date': KafkaError{code=_TRANSPORT,val=-195,str=\"Failed to get metadata: Local: Broker transport failure\"}","logger":"kafka.build_kafka"}
{"timestamp":"2025-06-21T09:42:14.213109","level":"info","event":"Đợi 3 giây rồi thử lại...","logger":"kafka.build_kafka"}
{"timestamp":"2025-06-21T09:42:17.213528","level":"info","event":"Thử lần 3/5 kiểm tra topic 'dim_date'...","logger":"kafka.build_kafka"}
{"timestamp":"2025-06-21T09:42:18.266690Z","level":"error","event":"%3|1750498938.266|FAIL|rdkafka#producer-1| [thrd:kafka:9092/bootstrap]: kafka:9092/bootstrap: Failed to resolve 'kafka:9092': Temporary failure in name resolution (after 8003ms in state CONNECT, 1 identical error(s) suppressed)","chan":"stderr","logger":"task"}
{"timestamp":"2025-06-21T09:42:18.268149Z","level":"error","event":"%3|1750498938.268|FAIL|rdkafka#producer-2| [thrd:kafka:9092/bootstrap]: kafka:9092/bootstrap: Failed to resolve 'kafka:9092': Temporary failure in name resolution (after 8002ms in state CONNECT, 1 identical error(s) suppressed)","chan":"stderr","logger":"task"}
{"timestamp":"2025-06-21T09:42:22.215229","level":"warning","event":"⚠Lỗi khi kiểm tra/tạo topic 'dim_date': KafkaError{code=_TRANSPORT,val=-195,str=\"Failed to get metadata: Local: Broker transport failure\"}","logger":"kafka.build_kafka"}
{"timestamp":"2025-06-21T09:42:22.215416","level":"info","event":"Đợi 3 giây rồi thử lại...","logger":"kafka.build_kafka"}
{"timestamp":"2025-06-21T09:42:25.215895","level":"info","event":"Thử lần 4/5 kiểm tra topic 'dim_date'...","logger":"kafka.build_kafka"}
{"timestamp":"2025-06-21T09:42:28.635984","level":"warning","event":"⚠Lỗi khi kiểm tra/tạo topic 'dim_date': KafkaError{code=_TRANSPORT,val=-195,str=\"Failed to get metadata: Local: Broker transport failure\"}","logger":"kafka.build_kafka"}
{"timestamp":"2025-06-21T09:42:28.636241","level":"info","event":"Đợi 3 giây rồi thử lại...","logger":"kafka.build_kafka"}
{"timestamp":"2025-06-21T09:42:31.636993","level":"info","event":"Thử lần 5/5 kiểm tra topic 'dim_date'...","logger":"kafka.build_kafka"}
{"timestamp":"2025-06-21T09:42:36.638371","level":"warning","event":"⚠Lỗi khi kiểm tra/tạo topic 'dim_date': KafkaError{code=_TRANSPORT,val=-195,str=\"Failed to get metadata: Local: Broker transport failure\"}","logger":"kafka.build_kafka"}
{"timestamp":"2025-06-21T09:42:36.638678","level":"error","event":"Thử 5 lần nhưng vẫn lỗi khi kiểm tra/tạo topic 'dim_date'.","logger":"kafka.build_kafka"}
{"timestamp":"2025-06-21T09:42:36.639017","level":"error","event":"Task failed with exception","logger":"task","error_detail":[{"exc_type":"KafkaException","exc_value":"KafkaError{code=_TRANSPORT,val=-195,str=\"Failed to get metadata: Local: Broker transport failure\"}","exc_notes":[],"syntax_error":null,"is_cause":false,"frames":[{"filename":"/home/airflow/.local/lib/python3.12/site-packages/airflow/sdk/execution_time/task_runner.py","lineno":825,"name":"run"},{"filename":"/home/airflow/.local/lib/python3.12/site-packages/airflow/sdk/execution_time/task_runner.py","lineno":1088,"name":"_execute_task"},{"filename":"/home/airflow/.local/lib/python3.12/site-packages/airflow/sdk/bases/operator.py","lineno":408,"name":"wrapper"},{"filename":"/home/airflow/.local/lib/python3.12/site-packages/airflow/providers/standard/operators/python.py","lineno":212,"name":"execute"},{"filename":"/home/airflow/.local/lib/python3.12/site-packages/airflow/providers/standard/operators/python.py","lineno":235,"name":"execute_callable"},{"filename":"/home/airflow/.local/lib/python3.12/site-packages/airflow/sdk/execution_time/callback_runner.py","lineno":81,"name":"run"},{"filename":"/opt/airflow/dags/etl_dim_date.py","lineno":52,"name":"producer_date_kafka"},{"filename":"/opt/airflow/dags/kafka/build_kafka.py","lineno":98,"name":"ensure_topic_exists"},{"filename":"/opt/airflow/dags/kafka/build_kafka.py","lineno":76,"name":"ensure_topic_exists"},{"filename":"/home/airflow/.local/lib/python3.12/site-packages/confluent_kafka/admin/__init__.py","lineno":639,"name":"list_topics"}]}]}
{"timestamp":"2025-06-21T09:42:36.777591Z","level":"info","event":"Task instance in failure state","chan":"stdout","logger":"task"}
{"timestamp":"2025-06-21T09:42:36.778222Z","level":"info","event":"Task start","chan":"stdout","logger":"task"}
{"timestamp":"2025-06-21T09:42:36.781221Z","level":"info","event":"Task:<Task(PythonOperator): dim_date_group.producer_kafka>","chan":"stdout","logger":"task"}
{"timestamp":"2025-06-21T09:42:36.788954Z","level":"info","event":"Failure caused by KafkaError{code=_TRANSPORT,val=-195,str=\"Failed to get metadata: Local: Broker transport failure\"}","chan":"stdout","logger":"task"}
{"timestamp":"2025-06-21T11:17:10.338583","level":"info","event":"DAG bundles loaded: dags-folder, example_dags","logger":"airflow.dag_processing.bundles.manager.DagBundlesManager"}
{"timestamp":"2025-06-21T11:17:10.340214","level":"info","event":"Filling up the DagBag from /opt/airflow/dags/etl_pipeline.py","logger":"airflow.models.dagbag.DagBag"}
{"timestamp":"2025-06-21T11:17:11.579377Z","level":"info","event":"Task instance is in running state","chan":"stdout","logger":"task"}
{"timestamp":"2025-06-21T11:17:11.580275Z","level":"info","event":" Previous state of the Task instance: queued","chan":"stdout","logger":"task"}
{"timestamp":"2025-06-21T11:17:11.580812Z","level":"info","event":"Current task name:dim_date_group.producer_kafka","chan":"stdout","logger":"task"}
{"timestamp":"2025-06-21T11:17:11.581605Z","level":"info","event":"Dag name:etl_pipeline","chan":"stdout","logger":"task"}
{"timestamp":"2025-06-21T11:17:12.138510Z","level":"error","event":"WARNING: Using incubator modules: jdk.incubator.vector","chan":"stderr","logger":"task"}
{"timestamp":"2025-06-21T11:17:15.821325Z","level":"error","event":":: loading settings :: url = jar:file:/home/airflow/.local/lib/python3.12/site-packages/pyspark/jars/ivy-2.5.3.jar!/org/apache/ivy/core/settings/ivysettings.xml","chan":"stderr","logger":"task"}
{"timestamp":"2025-06-21T11:17:15.888042Z","level":"error","event":"Server indicated the task shouldn't be running anymore. Terminating process","detail":{"detail":{"reason":"not_running","message":"TI is no longer in the running state and task should terminate","current_state":"failed"}},"logger":"task"}
{"timestamp":"2025-06-21T11:17:15.946278Z","level":"error","event":"Task killed!","logger":"task"}
{"timestamp":"2025-06-21T11:17:16.010089Z","level":"error","event":"Ivy Default Cache set to: /home/airflow/.ivy2.5.2/cache","chan":"stderr","logger":"task"}
{"timestamp":"2025-06-21T11:17:16.011601Z","level":"error","event":"The jars for the packages stored in: /home/airflow/.ivy2.5.2/jars","chan":"stderr","logger":"task"}
{"timestamp":"2025-06-21T11:17:16.021500Z","level":"error","event":"org.postgresql#postgresql added as a dependency","chan":"stderr","logger":"task"}
{"timestamp":"2025-06-21T11:17:16.022561Z","level":"error","event":"org.apache.spark#spark-sql-kafka-0-10_2.12 added as a dependency","chan":"stderr","logger":"task"}
{"timestamp":"2025-06-21T11:17:16.023734Z","level":"error","event":":: resolving dependencies :: org.apache.spark#spark-submit-parent-cad16441-889e-4e0c-a3ba-10f7f35b0076;1.0","chan":"stderr","logger":"task"}
{"timestamp":"2025-06-21T11:17:16.024503Z","level":"error","event":"\tconfs: [default]","chan":"stderr","logger":"task"}
{"timestamp":"2025-06-21T11:17:16.239119Z","level":"error","event":"\tfound org.postgresql#postgresql;42.7.1 in central","chan":"stderr","logger":"task"}
{"timestamp":"2025-06-21T11:17:16.304279Z","level":"error","event":"\tfound org.checkerframework#checker-qual;3.41.0 in central","chan":"stderr","logger":"task"}
{"timestamp":"2025-06-21T11:17:16.429634Z","level":"error","event":"\tfound org.apache.spark#spark-sql-kafka-0-10_2.12;3.3.0 in spark-list","chan":"stderr","logger":"task"}
{"timestamp":"2025-06-21T11:17:16.550826Z","level":"error","event":"\tfound org.apache.spark#spark-token-provider-kafka-0-10_2.12;3.3.0 in central","chan":"stderr","logger":"task"}
{"timestamp":"2025-06-21T11:17:16.628604Z","level":"error","event":"\tfound org.apache.kafka#kafka-clients;2.8.1 in central","chan":"stderr","logger":"task"}
{"timestamp":"2025-06-21T11:17:16.731009Z","level":"error","event":"\tfound org.lz4#lz4-java;1.8.0 in central","chan":"stderr","logger":"task"}
{"timestamp":"2025-06-21T11:17:16.849467Z","level":"error","event":"\tfound org.xerial.snappy#snappy-java;1.1.8.4 in central","chan":"stderr","logger":"task"}
{"timestamp":"2025-06-21T11:17:16.925519Z","level":"error","event":"\tfound org.slf4j#slf4j-api;1.7.32 in central","chan":"stderr","logger":"task"}
{"timestamp":"2025-06-21T11:17:16.997183Z","level":"error","event":"\tfound org.apache.hadoop#hadoop-client-runtime;3.3.2 in central","chan":"stderr","logger":"task"}
{"timestamp":"2025-06-21T11:17:17.028276Z","level":"error","event":"\tfound org.spark-project.spark#unused;1.0.0 in central","chan":"stderr","logger":"task"}
{"timestamp":"2025-06-21T11:17:17.098885Z","level":"error","event":"\tfound org.apache.hadoop#hadoop-client-api;3.3.2 in central","chan":"stderr","logger":"task"}
{"timestamp":"2025-06-21T11:17:17.155896Z","level":"error","event":"\tfound commons-logging#commons-logging;1.1.3 in central","chan":"stderr","logger":"task"}
{"timestamp":"2025-06-21T11:17:17.208215Z","level":"error","event":"\tfound com.google.code.findbugs#jsr305;3.0.0 in central","chan":"stderr","logger":"task"}
{"timestamp":"2025-06-21T11:17:17.241185Z","level":"error","event":"\tfound org.apache.commons#commons-pool2;2.11.1 in spark-list","chan":"stderr","logger":"task"}
{"timestamp":"2025-06-21T11:17:17.384040Z","level":"error","event":":: resolution report :: resolve 1275ms :: artifacts dl 83ms","chan":"stderr","logger":"task"}
{"timestamp":"2025-06-21T11:17:17.386750Z","level":"error","event":"\t:: modules in use:","chan":"stderr","logger":"task"}
{"timestamp":"2025-06-21T11:17:17.387626Z","level":"error","event":"\tcom.google.code.findbugs#jsr305;3.0.0 from central in [default]","chan":"stderr","logger":"task"}
{"timestamp":"2025-06-21T11:17:17.390558Z","level":"error","event":"\tcommons-logging#commons-logging;1.1.3 from central in [default]","chan":"stderr","logger":"task"}
{"timestamp":"2025-06-21T11:17:17.391629Z","level":"error","event":"\torg.apache.commons#commons-pool2;2.11.1 from spark-list in [default]","chan":"stderr","logger":"task"}
{"timestamp":"2025-06-21T11:17:17.394129Z","level":"error","event":"\torg.apache.hadoop#hadoop-client-api;3.3.2 from central in [default]","chan":"stderr","logger":"task"}
{"timestamp":"2025-06-21T11:17:17.399500Z","level":"error","event":"\torg.apache.hadoop#hadoop-client-runtime;3.3.2 from central in [default]","chan":"stderr","logger":"task"}
{"timestamp":"2025-06-21T11:17:17.400532Z","level":"error","event":"\torg.apache.kafka#kafka-clients;2.8.1 from central in [default]","chan":"stderr","logger":"task"}
{"timestamp":"2025-06-21T11:17:17.404776Z","level":"error","event":"\torg.apache.spark#spark-sql-kafka-0-10_2.12;3.3.0 from spark-list in [default]","chan":"stderr","logger":"task"}
{"timestamp":"2025-06-21T11:17:17.406717Z","level":"error","event":"\torg.apache.spark#spark-token-provider-kafka-0-10_2.12;3.3.0 from central in [default]","chan":"stderr","logger":"task"}
{"timestamp":"2025-06-21T11:17:17.408392Z","level":"error","event":"\torg.checkerframework#checker-qual;3.41.0 from central in [default]","chan":"stderr","logger":"task"}
{"timestamp":"2025-06-21T11:17:17.409782Z","level":"error","event":"\torg.lz4#lz4-java;1.8.0 from central in [default]","chan":"stderr","logger":"task"}
{"timestamp":"2025-06-21T11:17:17.411430Z","level":"error","event":"\torg.postgresql#postgresql;42.7.1 from central in [default]","chan":"stderr","logger":"task"}
{"timestamp":"2025-06-21T11:17:17.416067Z","level":"error","event":"\torg.slf4j#slf4j-api;1.7.32 from central in [default]","chan":"stderr","logger":"task"}
{"timestamp":"2025-06-21T11:17:17.418664Z","level":"error","event":"\torg.spark-project.spark#unused;1.0.0 from central in [default]","chan":"stderr","logger":"task"}
{"timestamp":"2025-06-21T11:17:17.420685Z","level":"error","event":"\torg.xerial.snappy#snappy-java;1.1.8.4 from central in [default]","chan":"stderr","logger":"task"}
{"timestamp":"2025-06-21T11:17:17.423406Z","level":"error","event":"\t---------------------------------------------------------------------","chan":"stderr","logger":"task"}
{"timestamp":"2025-06-21T11:17:17.424278Z","level":"error","event":"\t|                  |            modules            ||   artifacts   |","chan":"stderr","logger":"task"}
{"timestamp":"2025-06-21T11:17:17.424898Z","level":"error","event":"\t|       conf       | number| search|dwnlded|evicted|| number|dwnlded|","chan":"stderr","logger":"task"}
{"timestamp":"2025-06-21T11:17:17.425392Z","level":"error","event":"\t---------------------------------------------------------------------","chan":"stderr","logger":"task"}
{"timestamp":"2025-06-21T11:17:17.429353Z","level":"error","event":"\t|      default     |   14  |   0   |   0   |   0   ||   14  |   0   |","chan":"stderr","logger":"task"}
{"timestamp":"2025-06-21T11:17:17.431650Z","level":"error","event":"\t---------------------------------------------------------------------","chan":"stderr","logger":"task"}
{"timestamp":"2025-06-21T11:17:17.432560Z","level":"error","event":":: retrieving :: org.apache.spark#spark-submit-parent-cad16441-889e-4e0c-a3ba-10f7f35b0076","chan":"stderr","logger":"task"}
{"timestamp":"2025-06-21T11:17:17.433108Z","level":"error","event":"\tconfs: [default]","chan":"stderr","logger":"task"}
{"timestamp":"2025-06-21T11:17:17.437913Z","level":"error","event":"\t0 artifacts copied, 14 already retrieved (0kB/40ms)","chan":"stderr","logger":"task"}
{"timestamp":"2025-06-21T11:17:18.004900Z","level":"error","event":"25/06/21 11:17:18 WARN NativeCodeLoader: Unable to load native-hadoop library for your platform... using builtin-java classes where applicable","chan":"stderr","logger":"task"}
{"timestamp":"2025-06-21T11:17:18.337310Z","level":"error","event":"Using Spark's default log4j profile: org/apache/spark/log4j2-defaults.properties","chan":"stderr","logger":"task"}
{"timestamp":"2025-06-21T11:17:18.338538Z","level":"error","event":"Setting default log level to \"WARN\".","chan":"stderr","logger":"task"}
{"timestamp":"2025-06-21T11:17:18.339484Z","level":"error","event":"To adjust logging level use sc.setLogLevel(newLevel). For SparkR, use setLogLevel(newLevel).","chan":"stderr","logger":"task"}
