{"timestamp":"2025-06-17T20:40:29.833268","level":"info","event":"DAG bundles loaded: dags-folder, example_dags","logger":"airflow.dag_processing.bundles.manager.DagBundlesManager"}
{"timestamp":"2025-06-17T20:40:29.834240","level":"info","event":"Filling up the DagBag from /opt/airflow/dags/etl_pipeline.py","logger":"airflow.models.dagbag.DagBag"}
{"timestamp":"2025-06-17T20:40:30.118555Z","level":"info","event":"Task instance is in running state","chan":"stdout","logger":"task"}
{"timestamp":"2025-06-17T20:40:30.119404Z","level":"info","event":" Previous state of the Task instance: queued","chan":"stdout","logger":"task"}
{"timestamp":"2025-06-17T20:40:30.119819Z","level":"info","event":"Current task name:dim_customer_group.send_to_kafka","chan":"stdout","logger":"task"}
{"timestamp":"2025-06-17T20:40:30.120151Z","level":"info","event":"Dag name:etl_pipeline","chan":"stdout","logger":"task"}
{"timestamp":"2025-06-17T20:40:30.619493Z","level":"error","event":"WARNING: Using incubator modules: jdk.incubator.vector","chan":"stderr","logger":"task"}
{"timestamp":"2025-06-17T20:40:32.737935Z","level":"error","event":":: loading settings :: url = jar:file:/home/airflow/.local/lib/python3.12/site-packages/pyspark/jars/ivy-2.5.3.jar!/org/apache/ivy/core/settings/ivysettings.xml","chan":"stderr","logger":"task"}
{"timestamp":"2025-06-17T20:40:32.811158Z","level":"error","event":"Ivy Default Cache set to: /home/airflow/.ivy2.5.2/cache","chan":"stderr","logger":"task"}
{"timestamp":"2025-06-17T20:40:32.812074Z","level":"error","event":"The jars for the packages stored in: /home/airflow/.ivy2.5.2/jars","chan":"stderr","logger":"task"}
{"timestamp":"2025-06-17T20:40:32.816866Z","level":"error","event":"org.postgresql#postgresql added as a dependency","chan":"stderr","logger":"task"}
{"timestamp":"2025-06-17T20:40:32.818225Z","level":"error","event":":: resolving dependencies :: org.apache.spark#spark-submit-parent-4f5be88c-765a-4a2f-b261-dcb4ae862929;1.0","chan":"stderr","logger":"task"}
{"timestamp":"2025-06-17T20:40:32.818950Z","level":"error","event":"\tconfs: [default]","chan":"stderr","logger":"task"}
{"timestamp":"2025-06-17T20:40:32.958882Z","level":"error","event":"\tfound org.postgresql#postgresql;42.7.1 in central","chan":"stderr","logger":"task"}
{"timestamp":"2025-06-17T20:40:32.989028Z","level":"error","event":"\tfound org.checkerframework#checker-qual;3.41.0 in central","chan":"stderr","logger":"task"}
{"timestamp":"2025-06-17T20:40:33.007337Z","level":"error","event":":: resolution report :: resolve 183ms :: artifacts dl 6ms","chan":"stderr","logger":"task"}
{"timestamp":"2025-06-17T20:40:33.007948Z","level":"error","event":"\t:: modules in use:","chan":"stderr","logger":"task"}
{"timestamp":"2025-06-17T20:40:33.008440Z","level":"error","event":"\torg.checkerframework#checker-qual;3.41.0 from central in [default]","chan":"stderr","logger":"task"}
{"timestamp":"2025-06-17T20:40:33.008831Z","level":"error","event":"\torg.postgresql#postgresql;42.7.1 from central in [default]","chan":"stderr","logger":"task"}
{"timestamp":"2025-06-17T20:40:33.009205Z","level":"error","event":"\t---------------------------------------------------------------------","chan":"stderr","logger":"task"}
{"timestamp":"2025-06-17T20:40:33.009500Z","level":"error","event":"\t|                  |            modules            ||   artifacts   |","chan":"stderr","logger":"task"}
{"timestamp":"2025-06-17T20:40:33.009752Z","level":"error","event":"\t|       conf       | number| search|dwnlded|evicted|| number|dwnlded|","chan":"stderr","logger":"task"}
{"timestamp":"2025-06-17T20:40:33.009951Z","level":"error","event":"\t---------------------------------------------------------------------","chan":"stderr","logger":"task"}
{"timestamp":"2025-06-17T20:40:33.010131Z","level":"error","event":"\t|      default     |   2   |   0   |   0   |   0   ||   2   |   0   |","chan":"stderr","logger":"task"}
{"timestamp":"2025-06-17T20:40:33.010352Z","level":"error","event":"\t---------------------------------------------------------------------","chan":"stderr","logger":"task"}
{"timestamp":"2025-06-17T20:40:33.012017Z","level":"error","event":":: retrieving :: org.apache.spark#spark-submit-parent-4f5be88c-765a-4a2f-b261-dcb4ae862929","chan":"stderr","logger":"task"}
{"timestamp":"2025-06-17T20:40:33.012511Z","level":"error","event":"\tconfs: [default]","chan":"stderr","logger":"task"}
{"timestamp":"2025-06-17T20:40:33.017116Z","level":"error","event":"\t0 artifacts copied, 2 already retrieved (0kB/5ms)","chan":"stderr","logger":"task"}
{"timestamp":"2025-06-17T20:40:33.231409Z","level":"error","event":"25/06/17 20:40:33 WARN NativeCodeLoader: Unable to load native-hadoop library for your platform... using builtin-java classes where applicable","chan":"stderr","logger":"task"}
{"timestamp":"2025-06-17T20:40:33.429725Z","level":"error","event":"Using Spark's default log4j profile: org/apache/spark/log4j2-defaults.properties","chan":"stderr","logger":"task"}
{"timestamp":"2025-06-17T20:40:33.430452Z","level":"error","event":"Setting default log level to \"WARN\".","chan":"stderr","logger":"task"}
{"timestamp":"2025-06-17T20:40:33.430854Z","level":"error","event":"To adjust logging level use sc.setLogLevel(newLevel). For SparkR, use setLogLevel(newLevel).","chan":"stderr","logger":"task"}
{"timestamp":"2025-06-17T20:40:48.767436Z","level":"info","event":"Tổng số bản ghi cần gửi: 1257","chan":"stdout","logger":"task"}
{"timestamp":"2025-06-17T20:40:48.841196Z","level":"info","event":"Topic 'dim_customer' đã tồn tại.","chan":"stdout","logger":"task"}
{"timestamp":"2025-06-17T20:40:48.867900Z","level":"info","event":"Đang gửi batch 1 với 100 bản ghi","chan":"stdout","logger":"task"}
{"timestamp":"2025-06-17T20:40:48.868415","level":"error","event":"Task failed with exception","logger":"task","error_detail":[{"exc_type":"TypeError","exc_value":"'float' object cannot be interpreted as an integer","exc_notes":[],"syntax_error":null,"is_cause":false,"frames":[{"filename":"/home/airflow/.local/lib/python3.12/site-packages/airflow/sdk/execution_time/task_runner.py","lineno":825,"name":"run"},{"filename":"/home/airflow/.local/lib/python3.12/site-packages/airflow/sdk/execution_time/task_runner.py","lineno":1088,"name":"_execute_task"},{"filename":"/home/airflow/.local/lib/python3.12/site-packages/airflow/sdk/bases/operator.py","lineno":408,"name":"wrapper"},{"filename":"/home/airflow/.local/lib/python3.12/site-packages/airflow/providers/standard/operators/python.py","lineno":212,"name":"execute"},{"filename":"/home/airflow/.local/lib/python3.12/site-packages/airflow/providers/standard/operators/python.py","lineno":235,"name":"execute_callable"},{"filename":"/home/airflow/.local/lib/python3.12/site-packages/airflow/sdk/execution_time/callback_runner.py","lineno":81,"name":"run"},{"filename":"/opt/airflow/dags/etl_pipeline.py","lineno":45,"name":"<lambda>"},{"filename":"/opt/airflow/dags/etl_dim_customer.py","lineno":128,"name":"send_customer_to_kafka"}]}]}
{"timestamp":"2025-06-17T20:40:48.939123Z","level":"info","event":"Task instance in failure state","chan":"stdout","logger":"task"}
{"timestamp":"2025-06-17T20:40:48.939656Z","level":"info","event":"Task start","chan":"stdout","logger":"task"}
{"timestamp":"2025-06-17T20:40:48.940034Z","level":"info","event":"Task:<Task(PythonOperator): dim_customer_group.send_to_kafka>","chan":"stdout","logger":"task"}
{"timestamp":"2025-06-17T20:40:48.940360Z","level":"info","event":"Failure caused by 'float' object cannot be interpreted as an integer","chan":"stdout","logger":"task"}
{"timestamp":"2025-06-17T20:40:49.469987Z","level":"error","event":"\r[Stage 0:>                                                          (0 + 1) / 1]\r\r[Stage 0:===========================================================(1 + 0) / 1]","chan":"stderr","logger":"task"}
