{"timestamp":"2025-06-21T11:00:16.138340","level":"info","event":"DAG bundles loaded: dags-folder, example_dags","logger":"airflow.dag_processing.bundles.manager.DagBundlesManager"}
{"timestamp":"2025-06-21T11:00:16.139458","level":"info","event":"Filling up the DagBag from /opt/airflow/dags/etl_pipeline.py","logger":"airflow.models.dagbag.DagBag"}
{"timestamp":"2025-06-21T11:00:16.538910Z","level":"info","event":"Task instance is in running state","chan":"stdout","logger":"task"}
{"timestamp":"2025-06-21T11:00:16.539624Z","level":"info","event":" Previous state of the Task instance: queued","chan":"stdout","logger":"task"}
{"timestamp":"2025-06-21T11:00:16.540002Z","level":"info","event":"Current task name:dim_date_group.producer_kafka","chan":"stdout","logger":"task"}
{"timestamp":"2025-06-21T11:00:16.540311Z","level":"info","event":"Dag name:etl_pipeline","chan":"stdout","logger":"task"}
{"timestamp":"2025-06-21T11:00:18.303203Z","level":"error","event":"WARNING: Using incubator modules: jdk.incubator.vector","chan":"stderr","logger":"task"}
{"timestamp":"2025-06-21T11:00:22.077015Z","level":"error","event":":: loading settings :: url = jar:file:/home/airflow/.local/lib/python3.12/site-packages/pyspark/jars/ivy-2.5.3.jar!/org/apache/ivy/core/settings/ivysettings.xml","chan":"stderr","logger":"task"}
{"timestamp":"2025-06-21T11:00:22.178574Z","level":"error","event":"Ivy Default Cache set to: /home/airflow/.ivy2.5.2/cache","chan":"stderr","logger":"task"}
{"timestamp":"2025-06-21T11:00:22.179499Z","level":"error","event":"The jars for the packages stored in: /home/airflow/.ivy2.5.2/jars","chan":"stderr","logger":"task"}
{"timestamp":"2025-06-21T11:00:22.184169Z","level":"error","event":"org.postgresql#postgresql added as a dependency","chan":"stderr","logger":"task"}
{"timestamp":"2025-06-21T11:00:22.184926Z","level":"error","event":"org.apache.spark#spark-sql-kafka-0-10_2.12 added as a dependency","chan":"stderr","logger":"task"}
{"timestamp":"2025-06-21T11:00:22.185444Z","level":"error","event":":: resolving dependencies :: org.apache.spark#spark-submit-parent-8e1058da-a057-4ed7-804f-ab20e64a0121;1.0","chan":"stderr","logger":"task"}
{"timestamp":"2025-06-21T11:00:22.185797Z","level":"error","event":"\tconfs: [default]","chan":"stderr","logger":"task"}
{"timestamp":"2025-06-21T11:00:22.343289Z","level":"error","event":"\tfound org.postgresql#postgresql;42.7.1 in central","chan":"stderr","logger":"task"}
{"timestamp":"2025-06-21T11:00:22.377846Z","level":"error","event":"\tfound org.checkerframework#checker-qual;3.41.0 in central","chan":"stderr","logger":"task"}
{"timestamp":"2025-06-21T11:00:22.460896Z","level":"error","event":"\tfound org.apache.spark#spark-sql-kafka-0-10_2.12;3.3.0 in spark-list","chan":"stderr","logger":"task"}
{"timestamp":"2025-06-21T11:00:22.524319Z","level":"error","event":"\tfound org.apache.spark#spark-token-provider-kafka-0-10_2.12;3.3.0 in central","chan":"stderr","logger":"task"}
{"timestamp":"2025-06-21T11:00:22.555580Z","level":"error","event":"\tfound org.apache.kafka#kafka-clients;2.8.1 in central","chan":"stderr","logger":"task"}
{"timestamp":"2025-06-21T11:00:22.585728Z","level":"error","event":"\tfound org.lz4#lz4-java;1.8.0 in central","chan":"stderr","logger":"task"}
{"timestamp":"2025-06-21T11:00:22.613800Z","level":"error","event":"\tfound org.xerial.snappy#snappy-java;1.1.8.4 in central","chan":"stderr","logger":"task"}
{"timestamp":"2025-06-21T11:00:22.657750Z","level":"error","event":"\tfound org.slf4j#slf4j-api;1.7.32 in central","chan":"stderr","logger":"task"}
{"timestamp":"2025-06-21T11:00:22.705880Z","level":"error","event":"\tfound org.apache.hadoop#hadoop-client-runtime;3.3.2 in central","chan":"stderr","logger":"task"}
{"timestamp":"2025-06-21T11:00:22.742549Z","level":"error","event":"\tfound org.spark-project.spark#unused;1.0.0 in central","chan":"stderr","logger":"task"}
{"timestamp":"2025-06-21T11:00:22.804369Z","level":"error","event":"\tfound org.apache.hadoop#hadoop-client-api;3.3.2 in central","chan":"stderr","logger":"task"}
{"timestamp":"2025-06-21T11:00:22.845528Z","level":"error","event":"\tfound commons-logging#commons-logging;1.1.3 in central","chan":"stderr","logger":"task"}
{"timestamp":"2025-06-21T11:00:22.869063Z","level":"error","event":"\tfound com.google.code.findbugs#jsr305;3.0.0 in central","chan":"stderr","logger":"task"}
{"timestamp":"2025-06-21T11:00:22.897828Z","level":"error","event":"\tfound org.apache.commons#commons-pool2;2.11.1 in spark-list","chan":"stderr","logger":"task"}
{"timestamp":"2025-06-21T11:00:22.942783Z","level":"error","event":":: resolution report :: resolve 728ms :: artifacts dl 29ms","chan":"stderr","logger":"task"}
{"timestamp":"2025-06-21T11:00:22.943494Z","level":"error","event":"\t:: modules in use:","chan":"stderr","logger":"task"}
{"timestamp":"2025-06-21T11:00:22.944047Z","level":"error","event":"\tcom.google.code.findbugs#jsr305;3.0.0 from central in [default]","chan":"stderr","logger":"task"}
{"timestamp":"2025-06-21T11:00:22.944397Z","level":"error","event":"\tcommons-logging#commons-logging;1.1.3 from central in [default]","chan":"stderr","logger":"task"}
{"timestamp":"2025-06-21T11:00:22.944718Z","level":"error","event":"\torg.apache.commons#commons-pool2;2.11.1 from spark-list in [default]","chan":"stderr","logger":"task"}
{"timestamp":"2025-06-21T11:00:22.945038Z","level":"error","event":"\torg.apache.hadoop#hadoop-client-api;3.3.2 from central in [default]","chan":"stderr","logger":"task"}
{"timestamp":"2025-06-21T11:00:22.945276Z","level":"error","event":"\torg.apache.hadoop#hadoop-client-runtime;3.3.2 from central in [default]","chan":"stderr","logger":"task"}
{"timestamp":"2025-06-21T11:00:22.945482Z","level":"error","event":"\torg.apache.kafka#kafka-clients;2.8.1 from central in [default]","chan":"stderr","logger":"task"}
{"timestamp":"2025-06-21T11:00:22.945774Z","level":"error","event":"\torg.apache.spark#spark-sql-kafka-0-10_2.12;3.3.0 from spark-list in [default]","chan":"stderr","logger":"task"}
{"timestamp":"2025-06-21T11:00:22.946159Z","level":"error","event":"\torg.apache.spark#spark-token-provider-kafka-0-10_2.12;3.3.0 from central in [default]","chan":"stderr","logger":"task"}
{"timestamp":"2025-06-21T11:00:22.946469Z","level":"error","event":"\torg.checkerframework#checker-qual;3.41.0 from central in [default]","chan":"stderr","logger":"task"}
{"timestamp":"2025-06-21T11:00:22.946755Z","level":"error","event":"\torg.lz4#lz4-java;1.8.0 from central in [default]","chan":"stderr","logger":"task"}
{"timestamp":"2025-06-21T11:00:22.947055Z","level":"error","event":"\torg.postgresql#postgresql;42.7.1 from central in [default]","chan":"stderr","logger":"task"}
{"timestamp":"2025-06-21T11:00:22.947311Z","level":"error","event":"\torg.slf4j#slf4j-api;1.7.32 from central in [default]","chan":"stderr","logger":"task"}
{"timestamp":"2025-06-21T11:00:22.947701Z","level":"error","event":"\torg.spark-project.spark#unused;1.0.0 from central in [default]","chan":"stderr","logger":"task"}
{"timestamp":"2025-06-21T11:00:22.948079Z","level":"error","event":"\torg.xerial.snappy#snappy-java;1.1.8.4 from central in [default]","chan":"stderr","logger":"task"}
{"timestamp":"2025-06-21T11:00:22.948398Z","level":"error","event":"\t---------------------------------------------------------------------","chan":"stderr","logger":"task"}
{"timestamp":"2025-06-21T11:00:22.948719Z","level":"error","event":"\t|                  |            modules            ||   artifacts   |","chan":"stderr","logger":"task"}
{"timestamp":"2025-06-21T11:00:22.949046Z","level":"error","event":"\t|       conf       | number| search|dwnlded|evicted|| number|dwnlded|","chan":"stderr","logger":"task"}
{"timestamp":"2025-06-21T11:00:22.949368Z","level":"error","event":"\t---------------------------------------------------------------------","chan":"stderr","logger":"task"}
{"timestamp":"2025-06-21T11:00:22.949679Z","level":"error","event":"\t|      default     |   14  |   0   |   0   |   0   ||   14  |   0   |","chan":"stderr","logger":"task"}
{"timestamp":"2025-06-21T11:00:22.949975Z","level":"error","event":"\t---------------------------------------------------------------------","chan":"stderr","logger":"task"}
{"timestamp":"2025-06-21T11:00:22.951713Z","level":"error","event":":: retrieving :: org.apache.spark#spark-submit-parent-8e1058da-a057-4ed7-804f-ab20e64a0121","chan":"stderr","logger":"task"}
{"timestamp":"2025-06-21T11:00:22.952319Z","level":"error","event":"\tconfs: [default]","chan":"stderr","logger":"task"}
{"timestamp":"2025-06-21T11:00:22.964060Z","level":"error","event":"\t0 artifacts copied, 14 already retrieved (0kB/10ms)","chan":"stderr","logger":"task"}
{"timestamp":"2025-06-21T11:00:23.299687Z","level":"error","event":"25/06/21 11:00:23 WARN NativeCodeLoader: Unable to load native-hadoop library for your platform... using builtin-java classes where applicable","chan":"stderr","logger":"task"}
{"timestamp":"2025-06-21T11:00:23.641786Z","level":"error","event":"Using Spark's default log4j profile: org/apache/spark/log4j2-defaults.properties","chan":"stderr","logger":"task"}
{"timestamp":"2025-06-21T11:00:23.642784Z","level":"error","event":"Setting default log level to \"WARN\".","chan":"stderr","logger":"task"}
{"timestamp":"2025-06-21T11:00:23.643304Z","level":"error","event":"To adjust logging level use sc.setLogLevel(newLevel). For SparkR, use setLogLevel(newLevel).","chan":"stderr","logger":"task"}
{"timestamp":"2025-06-21T11:00:25.676728Z","level":"error","event":"25/06/21 11:00:25 WARN Utils: Service 'SparkUI' could not bind on port 4050. Attempting port 4051.","chan":"stderr","logger":"task"}
{"timestamp":"2025-06-21T11:00:25.677845Z","level":"error","event":"25/06/21 11:00:25 WARN Utils: Service 'SparkUI' could not bind on port 4051. Attempting port 4052.","chan":"stderr","logger":"task"}
{"timestamp":"2025-06-21T11:00:33.371385","level":"info","event":"Thử lần 1/5 kiểm tra topic 'dim_date'...","logger":"kafka.build_kafka"}
{"timestamp":"2025-06-21T11:00:33.383344","level":"info","event":"Topic 'dim_date' đã tồn tại.","logger":"kafka.build_kafka"}
{"timestamp":"2025-06-21T11:00:33.601169","level":"info","event":"extract dim_date","logger":"dags.etl_dim_date"}
{"timestamp":"2025-06-21T11:00:36.473716","level":"info","event":"transform dim_date","logger":"dags.etl_dim_date"}
{"timestamp":"2025-06-21T11:00:36.473981","level":"info","event":"Extract và transform dim_date thành công","logger":"dags.etl_dim_date"}
{"timestamp":"2025-06-21T11:00:42.993112","level":"info","event":"Tổng số bản ghi cần gửi: 50","logger":"dags.etl_dim_date"}
{"timestamp":"2025-06-21T11:00:43.479583","level":"info","event":"Batch 1: 50 bản ghi. Đang gửi lên Kafka...","logger":"dags.etl_dim_date"}
{"timestamp":"2025-06-21T11:00:57.619633","level":"error","event":"Lỗi trong quá trình gửi Kafka: KafkaError{code=_VALUE_SERIALIZATION,val=-161,str=\"[Errno -3] Temporary failure in name resolution\"}","logger":"dags.etl_dim_date"}
{"timestamp":"2025-06-21T11:02:02.529834","level":"info","event":"Done. Returned value was: None","logger":"airflow.task.operators.airflow.providers.standard.operators.python.PythonOperator"}
{"timestamp":"2025-06-21T11:02:04.495099Z","level":"info","event":"Task instance in success state","chan":"stdout","logger":"task"}
{"timestamp":"2025-06-21T11:02:04.496970Z","level":"info","event":" Previous state of the Task instance: running","chan":"stdout","logger":"task"}
{"timestamp":"2025-06-21T11:02:04.498805Z","level":"info","event":"Task operator:<Task(PythonOperator): dim_date_group.producer_kafka>","chan":"stdout","logger":"task"}
{"timestamp":"2025-06-21T11:02:04.504243Z","level":"error","event":"\r[Stage 0:>                                                          (0 + 0) / 1]\r\r[Stage 0:>                                                          (0 + 1) / 1]\r\r                                                                                \r\r[Stage 7:>                                                          (0 + 1) / 1]","chan":"stderr","logger":"task"}
