{"timestamp":"2025-06-17T21:06:20.258301","level":"info","event":"DAG bundles loaded: dags-folder, example_dags","logger":"airflow.dag_processing.bundles.manager.DagBundlesManager"}
{"timestamp":"2025-06-17T21:06:20.258828","level":"info","event":"Filling up the DagBag from /opt/airflow/dags/etl_pipeline.py","logger":"airflow.models.dagbag.DagBag"}
{"timestamp":"2025-06-17T21:06:20.741429Z","level":"info","event":"Task instance is in running state","chan":"stdout","logger":"task"}
{"timestamp":"2025-06-17T21:06:20.742195Z","level":"info","event":" Previous state of the Task instance: queued","chan":"stdout","logger":"task"}
{"timestamp":"2025-06-17T21:06:20.742573Z","level":"info","event":"Current task name:dim_customer_group.send_to_kafka","chan":"stdout","logger":"task"}
{"timestamp":"2025-06-17T21:06:20.742940Z","level":"info","event":"Dag name:etl_pipeline","chan":"stdout","logger":"task"}
{"timestamp":"2025-06-17T21:06:21.397228Z","level":"error","event":"WARNING: Using incubator modules: jdk.incubator.vector","chan":"stderr","logger":"task"}
{"timestamp":"2025-06-17T21:06:22.684524Z","level":"error","event":":: loading settings :: url = jar:file:/home/airflow/.local/lib/python3.12/site-packages/pyspark/jars/ivy-2.5.3.jar!/org/apache/ivy/core/settings/ivysettings.xml","chan":"stderr","logger":"task"}
{"timestamp":"2025-06-17T21:06:22.744641Z","level":"error","event":"Ivy Default Cache set to: /home/airflow/.ivy2.5.2/cache","chan":"stderr","logger":"task"}
{"timestamp":"2025-06-17T21:06:22.745491Z","level":"error","event":"The jars for the packages stored in: /home/airflow/.ivy2.5.2/jars","chan":"stderr","logger":"task"}
{"timestamp":"2025-06-17T21:06:22.748827Z","level":"error","event":"org.postgresql#postgresql added as a dependency","chan":"stderr","logger":"task"}
{"timestamp":"2025-06-17T21:06:22.749826Z","level":"error","event":"org.apache.spark#spark-sql-kafka-0-10_2.12 added as a dependency","chan":"stderr","logger":"task"}
{"timestamp":"2025-06-17T21:06:22.750309Z","level":"error","event":":: resolving dependencies :: org.apache.spark#spark-submit-parent-79c742e5-a57a-4693-bb62-b38933c48832;1.0","chan":"stderr","logger":"task"}
{"timestamp":"2025-06-17T21:06:22.750743Z","level":"error","event":"\tconfs: [default]","chan":"stderr","logger":"task"}
{"timestamp":"2025-06-17T21:06:22.883815Z","level":"error","event":"\tfound org.postgresql#postgresql;42.7.1 in central","chan":"stderr","logger":"task"}
{"timestamp":"2025-06-17T21:06:22.905728Z","level":"error","event":"\tfound org.checkerframework#checker-qual;3.41.0 in central","chan":"stderr","logger":"task"}
{"timestamp":"2025-06-17T21:06:22.966311Z","level":"error","event":"\tfound org.apache.spark#spark-sql-kafka-0-10_2.12;3.3.0 in central","chan":"stderr","logger":"task"}
{"timestamp":"2025-06-17T21:06:23.008472Z","level":"error","event":"\tfound org.apache.spark#spark-token-provider-kafka-0-10_2.12;3.3.0 in central","chan":"stderr","logger":"task"}
{"timestamp":"2025-06-17T21:06:23.207716Z","level":"error","event":"\tfound org.apache.kafka#kafka-clients;2.8.1 in central","chan":"stderr","logger":"task"}
{"timestamp":"2025-06-17T21:06:23.232498Z","level":"error","event":"\tfound org.lz4#lz4-java;1.8.0 in central","chan":"stderr","logger":"task"}
{"timestamp":"2025-06-17T21:06:23.255189Z","level":"error","event":"\tfound org.xerial.snappy#snappy-java;1.1.8.4 in central","chan":"stderr","logger":"task"}
{"timestamp":"2025-06-17T21:06:23.272292Z","level":"error","event":"\tfound org.slf4j#slf4j-api;1.7.32 in central","chan":"stderr","logger":"task"}
{"timestamp":"2025-06-17T21:06:23.298412Z","level":"error","event":"\tfound org.apache.hadoop#hadoop-client-runtime;3.3.2 in central","chan":"stderr","logger":"task"}
{"timestamp":"2025-06-17T21:06:23.313435Z","level":"error","event":"\tfound org.spark-project.spark#unused;1.0.0 in central","chan":"stderr","logger":"task"}
{"timestamp":"2025-06-17T21:06:23.339821Z","level":"error","event":"\tfound org.apache.hadoop#hadoop-client-api;3.3.2 in central","chan":"stderr","logger":"task"}
{"timestamp":"2025-06-17T21:06:23.359677Z","level":"error","event":"\tfound commons-logging#commons-logging;1.1.3 in central","chan":"stderr","logger":"task"}
{"timestamp":"2025-06-17T21:06:23.375091Z","level":"error","event":"\tfound com.google.code.findbugs#jsr305;3.0.0 in central","chan":"stderr","logger":"task"}
{"timestamp":"2025-06-17T21:06:23.387986Z","level":"error","event":"\tfound org.apache.commons#commons-pool2;2.11.1 in central","chan":"stderr","logger":"task"}
{"timestamp":"2025-06-17T21:06:23.417395Z","level":"error","event":":: resolution report :: resolve 650ms :: artifacts dl 17ms","chan":"stderr","logger":"task"}
{"timestamp":"2025-06-17T21:06:23.418165Z","level":"error","event":"\t:: modules in use:","chan":"stderr","logger":"task"}
{"timestamp":"2025-06-17T21:06:23.418812Z","level":"error","event":"\tcom.google.code.findbugs#jsr305;3.0.0 from central in [default]","chan":"stderr","logger":"task"}
{"timestamp":"2025-06-17T21:06:23.419167Z","level":"error","event":"\tcommons-logging#commons-logging;1.1.3 from central in [default]","chan":"stderr","logger":"task"}
{"timestamp":"2025-06-17T21:06:23.419481Z","level":"error","event":"\torg.apache.commons#commons-pool2;2.11.1 from central in [default]","chan":"stderr","logger":"task"}
{"timestamp":"2025-06-17T21:06:23.419756Z","level":"error","event":"\torg.apache.hadoop#hadoop-client-api;3.3.2 from central in [default]","chan":"stderr","logger":"task"}
{"timestamp":"2025-06-17T21:06:23.420001Z","level":"error","event":"\torg.apache.hadoop#hadoop-client-runtime;3.3.2 from central in [default]","chan":"stderr","logger":"task"}
{"timestamp":"2025-06-17T21:06:23.420357Z","level":"error","event":"\torg.apache.kafka#kafka-clients;2.8.1 from central in [default]","chan":"stderr","logger":"task"}
{"timestamp":"2025-06-17T21:06:23.420728Z","level":"error","event":"\torg.apache.spark#spark-sql-kafka-0-10_2.12;3.3.0 from central in [default]","chan":"stderr","logger":"task"}
{"timestamp":"2025-06-17T21:06:23.421049Z","level":"error","event":"\torg.apache.spark#spark-token-provider-kafka-0-10_2.12;3.3.0 from central in [default]","chan":"stderr","logger":"task"}
{"timestamp":"2025-06-17T21:06:23.421355Z","level":"error","event":"\torg.checkerframework#checker-qual;3.41.0 from central in [default]","chan":"stderr","logger":"task"}
{"timestamp":"2025-06-17T21:06:23.421633Z","level":"error","event":"\torg.lz4#lz4-java;1.8.0 from central in [default]","chan":"stderr","logger":"task"}
{"timestamp":"2025-06-17T21:06:23.421877Z","level":"error","event":"\torg.postgresql#postgresql;42.7.1 from central in [default]","chan":"stderr","logger":"task"}
{"timestamp":"2025-06-17T21:06:23.422107Z","level":"error","event":"\torg.slf4j#slf4j-api;1.7.32 from central in [default]","chan":"stderr","logger":"task"}
{"timestamp":"2025-06-17T21:06:23.422337Z","level":"error","event":"\torg.spark-project.spark#unused;1.0.0 from central in [default]","chan":"stderr","logger":"task"}
{"timestamp":"2025-06-17T21:06:23.422565Z","level":"error","event":"\torg.xerial.snappy#snappy-java;1.1.8.4 from central in [default]","chan":"stderr","logger":"task"}
{"timestamp":"2025-06-17T21:06:23.422792Z","level":"error","event":"\t---------------------------------------------------------------------","chan":"stderr","logger":"task"}
{"timestamp":"2025-06-17T21:06:23.423021Z","level":"error","event":"\t|                  |            modules            ||   artifacts   |","chan":"stderr","logger":"task"}
{"timestamp":"2025-06-17T21:06:23.423251Z","level":"error","event":"\t|       conf       | number| search|dwnlded|evicted|| number|dwnlded|","chan":"stderr","logger":"task"}
{"timestamp":"2025-06-17T21:06:23.423505Z","level":"error","event":"\t---------------------------------------------------------------------","chan":"stderr","logger":"task"}
{"timestamp":"2025-06-17T21:06:23.423743Z","level":"error","event":"\t|      default     |   14  |   0   |   0   |   0   ||   14  |   0   |","chan":"stderr","logger":"task"}
{"timestamp":"2025-06-17T21:06:23.423956Z","level":"error","event":"\t---------------------------------------------------------------------","chan":"stderr","logger":"task"}
{"timestamp":"2025-06-17T21:06:23.424502Z","level":"error","event":":: retrieving :: org.apache.spark#spark-submit-parent-79c742e5-a57a-4693-bb62-b38933c48832","chan":"stderr","logger":"task"}
{"timestamp":"2025-06-17T21:06:23.424936Z","level":"error","event":"\tconfs: [default]","chan":"stderr","logger":"task"}
{"timestamp":"2025-06-17T21:06:23.431185Z","level":"error","event":"\t0 artifacts copied, 14 already retrieved (0kB/7ms)","chan":"stderr","logger":"task"}
{"timestamp":"2025-06-17T21:06:23.620543Z","level":"error","event":"25/06/17 21:06:23 WARN NativeCodeLoader: Unable to load native-hadoop library for your platform... using builtin-java classes where applicable","chan":"stderr","logger":"task"}
{"timestamp":"2025-06-17T21:06:23.795713Z","level":"error","event":"Using Spark's default log4j profile: org/apache/spark/log4j2-defaults.properties","chan":"stderr","logger":"task"}
{"timestamp":"2025-06-17T21:06:23.796584Z","level":"error","event":"Setting default log level to \"WARN\".","chan":"stderr","logger":"task"}
{"timestamp":"2025-06-17T21:06:23.797121Z","level":"error","event":"To adjust logging level use sc.setLogLevel(newLevel). For SparkR, use setLogLevel(newLevel).","chan":"stderr","logger":"task"}
{"timestamp":"2025-06-17T21:06:38.153024Z","level":"info","event":"Tổng số bản ghi cần gửi: 1257","chan":"stdout","logger":"task"}
{"timestamp":"2025-06-17T21:06:38.227607Z","level":"info","event":"Topic 'dim_customer' đã tồn tại.","chan":"stdout","logger":"task"}
{"timestamp":"2025-06-17T21:06:38.254763Z","level":"info","event":"Đang gửi batch 1 với 100 bản ghi","chan":"stdout","logger":"task"}
{"timestamp":"2025-06-17T21:06:38.256413","level":"error","event":"Task failed with exception","logger":"task","error_detail":[{"exc_type":"TypeError","exc_value":"'float' object cannot be interpreted as an integer","exc_notes":[],"syntax_error":null,"is_cause":false,"frames":[{"filename":"/home/airflow/.local/lib/python3.12/site-packages/airflow/sdk/execution_time/task_runner.py","lineno":825,"name":"run"},{"filename":"/home/airflow/.local/lib/python3.12/site-packages/airflow/sdk/execution_time/task_runner.py","lineno":1088,"name":"_execute_task"},{"filename":"/home/airflow/.local/lib/python3.12/site-packages/airflow/sdk/bases/operator.py","lineno":408,"name":"wrapper"},{"filename":"/home/airflow/.local/lib/python3.12/site-packages/airflow/providers/standard/operators/python.py","lineno":212,"name":"execute"},{"filename":"/home/airflow/.local/lib/python3.12/site-packages/airflow/providers/standard/operators/python.py","lineno":235,"name":"execute_callable"},{"filename":"/home/airflow/.local/lib/python3.12/site-packages/airflow/sdk/execution_time/callback_runner.py","lineno":81,"name":"run"},{"filename":"/opt/airflow/dags/etl_pipeline.py","lineno":45,"name":"<lambda>"},{"filename":"/opt/airflow/dags/etl_dim_customer.py","lineno":139,"name":"send_customer_to_kafka"}]}]}
{"timestamp":"2025-06-17T21:06:38.257518Z","level":"info","event":"Task instance in failure state","chan":"stdout","logger":"task"}
{"timestamp":"2025-06-17T21:06:38.257766Z","level":"info","event":"Task start","chan":"stdout","logger":"task"}
{"timestamp":"2025-06-17T21:06:38.258050Z","level":"info","event":"Task:<Task(PythonOperator): dim_customer_group.send_to_kafka>","chan":"stdout","logger":"task"}
{"timestamp":"2025-06-17T21:06:38.258295Z","level":"info","event":"Failure caused by 'float' object cannot be interpreted as an integer","chan":"stdout","logger":"task"}
{"timestamp":"2025-06-17T21:06:38.770092Z","level":"error","event":"\r[Stage 0:>                                                          (0 + 1) / 1]","chan":"stderr","logger":"task"}
